[0.035s] Invoking command in '/home/mewert/Desktop/luna/build/my_octomap_pkg': CMAKE_PREFIX_PATH=${CMAKE_PREFIX_PATH}:/home/mewert/Desktop/luna/install/open_cv_pkg:/opt/ros/humble /usr/bin/cmake /home/mewert/Desktop/luna/src/my_octomap_pkg -DAMENT_CMAKE_SYMLINK_INSTALL=1 -DCMAKE_INSTALL_PREFIX=/home/mewert/Desktop/luna/install/my_octomap_pkg
[0.663s] -- The C compiler identification is GNU 11.4.0
[0.663s] -- The CXX compiler identification is GNU 11.4.0
[0.663s] -- Detecting C compiler ABI info
[0.663s] -- Detecting C compiler ABI info - done
[0.663s] -- Check for working C compiler: /usr/bin/cc - skipped
[0.663s] -- Detecting C compile features
[0.664s] -- Detecting C compile features - done
[0.664s] -- Detecting CXX compiler ABI info
[0.664s] -- Detecting CXX compiler ABI info - done
[0.664s] -- Check for working CXX compiler: /usr/bin/c++ - skipped
[0.665s] -- Detecting CXX compile features
[0.665s] -- Detecting CXX compile features - done
[0.665s] -- Found ament_cmake: 1.3.10 (/opt/ros/humble/share/ament_cmake/cmake)
[2.011s] -- Found Python3: /usr/bin/python3 (found version "3.10.12") found components: Interpreter 
[2.148s] -- Override CMake install command with custom implementation using symlinks instead of copying resources
[2.192s] -- Found ament_lint_auto: 0.12.11 (/opt/ros/humble/share/ament_lint_auto/cmake)
[2.362s] -- Added test 'cppcheck' to perform static code analysis on C / C++ code
[2.362s] -- Configured cppcheck include dirs: $<BUILD_INTERFACE:/home/mewert/Desktop/luna/src/my_octomap_pkg/include>
[2.362s] -- Configured cppcheck exclude dirs and/or files: 
[2.376s] -- Added test 'flake8' to check Python code syntax and style conventions
[2.376s] -- Added test 'lint_cmake' to check CMake code style
[2.377s] -- Added test 'pep257' to check Python code against some of the docstring style conventions in PEP 257
[2.377s] -- Added test 'uncrustify' to check C / C++ code style
[2.377s] -- Configured uncrustify additional arguments: 
[2.377s] -- Added test 'xmllint' to check XML markup files
[2.377s] -- Configuring done
[2.377s] -- Generating done
[2.377s] -- Build files have been written to: /home/mewert/Desktop/luna/build/my_octomap_pkg
[2.399s] Invoked command in '/home/mewert/Desktop/luna/build/my_octomap_pkg' returned '0': CMAKE_PREFIX_PATH=${CMAKE_PREFIX_PATH}:/home/mewert/Desktop/luna/install/open_cv_pkg:/opt/ros/humble /usr/bin/cmake /home/mewert/Desktop/luna/src/my_octomap_pkg -DAMENT_CMAKE_SYMLINK_INSTALL=1 -DCMAKE_INSTALL_PREFIX=/home/mewert/Desktop/luna/install/my_octomap_pkg
[2.404s] Invoking command in '/home/mewert/Desktop/luna/build/my_octomap_pkg': CMAKE_PREFIX_PATH=${CMAKE_PREFIX_PATH}:/home/mewert/Desktop/luna/install/open_cv_pkg:/opt/ros/humble /usr/bin/cmake --build /home/mewert/Desktop/luna/build/my_octomap_pkg -- -j6 -l6
[2.484s] [ 50%] [32mBuilding CXX object CMakeFiles/octomap_launch.dir/src/octomap_launch.cpp.o[0m
[2.523s] [100%] [32m[1mLinking CXX executable octomap_launch[0m
[2.590s] [100%] Built target octomap_launch
[2.612s] Invoked command in '/home/mewert/Desktop/luna/build/my_octomap_pkg' returned '0': CMAKE_PREFIX_PATH=${CMAKE_PREFIX_PATH}:/home/mewert/Desktop/luna/install/open_cv_pkg:/opt/ros/humble /usr/bin/cmake --build /home/mewert/Desktop/luna/build/my_octomap_pkg -- -j6 -l6
[2.644s] Invoking command in '/home/mewert/Desktop/luna/build/my_octomap_pkg': CMAKE_PREFIX_PATH=${CMAKE_PREFIX_PATH}:/home/mewert/Desktop/luna/install/open_cv_pkg:/opt/ros/humble /usr/bin/cmake --install /home/mewert/Desktop/luna/build/my_octomap_pkg
[2.653s] -- Install configuration: ""
[2.654s] -- Execute custom install script
[2.654s] -- Symlinking: /home/mewert/Desktop/luna/install/my_octomap_pkg/lib/my_octomap_pkg/octomap_launch
[2.668s] -- Symlinking: /home/mewert/Desktop/luna/install/my_octomap_pkg/share/ament_index/resource_index/package_run_dependencies/my_octomap_pkg
[2.680s] -- Symlinking: /home/mewert/Desktop/luna/install/my_octomap_pkg/share/ament_index/resource_index/parent_prefix_path/my_octomap_pkg
[2.698s] -- Symlinking: /home/mewert/Desktop/luna/install/my_octomap_pkg/share/my_octomap_pkg/environment/ament_prefix_path.sh
[2.710s] -- Symlinking: /home/mewert/Desktop/luna/install/my_octomap_pkg/share/my_octomap_pkg/environment/ament_prefix_path.dsv
[2.721s] -- Symlinking: /home/mewert/Desktop/luna/install/my_octomap_pkg/share/my_octomap_pkg/environment/path.sh
[2.735s] -- Symlinking: /home/mewert/Desktop/luna/install/my_octomap_pkg/share/my_octomap_pkg/environment/path.dsv
[2.747s] -- Symlinking: /home/mewert/Desktop/luna/install/my_octomap_pkg/share/my_octomap_pkg/local_setup.bash
[2.759s] -- Symlinking: /home/mewert/Desktop/luna/install/my_octomap_pkg/share/my_octomap_pkg/local_setup.sh
[2.770s] -- Symlinking: /home/mewert/Desktop/luna/install/my_octomap_pkg/share/my_octomap_pkg/local_setup.zsh
[2.781s] -- Symlinking: /home/mewert/Desktop/luna/install/my_octomap_pkg/share/my_octomap_pkg/local_setup.dsv
[2.792s] -- Symlinking: /home/mewert/Desktop/luna/install/my_octomap_pkg/share/my_octomap_pkg/package.dsv
[2.806s] -- Symlinking: /home/mewert/Desktop/luna/install/my_octomap_pkg/share/ament_index/resource_index/packages/my_octomap_pkg
[2.820s] -- Symlinking: /home/mewert/Desktop/luna/install/my_octomap_pkg/share/my_octomap_pkg/cmake/my_octomap_pkgConfig.cmake
[2.832s] -- Symlinking: /home/mewert/Desktop/luna/install/my_octomap_pkg/share/my_octomap_pkg/cmake/my_octomap_pkgConfig-version.cmake
[2.844s] -- Symlinking: /home/mewert/Desktop/luna/install/my_octomap_pkg/share/my_octomap_pkg/package.xml
[2.860s] Invoked command in '/home/mewert/Desktop/luna/build/my_octomap_pkg' returned '0': CMAKE_PREFIX_PATH=${CMAKE_PREFIX_PATH}:/home/mewert/Desktop/luna/install/open_cv_pkg:/opt/ros/humble /usr/bin/cmake --install /home/mewert/Desktop/luna/build/my_octomap_pkg
