[0.239s] DEBUG:colcon:Command line arguments: ['/usr/bin/colcon', 'build', '--symlink-install']
[0.239s] DEBUG:colcon:Parsed command line arguments: Namespace(log_base=None, log_level=None, verb_name='build', build_base='build', install_base='install', merge_install=False, symlink_install=True, test_result_base=None, continue_on_error=False, executor='parallel', parallel_workers=6, event_handlers=None, ignore_user_meta=False, metas=['./colcon.meta'], base_paths=['.'], packages_ignore=None, packages_ignore_regex=None, paths=None, packages_up_to=None, packages_up_to_regex=None, packages_above=None, packages_above_and_dependencies=None, packages_above_depth=None, packages_select_by_dep=None, packages_skip_by_dep=None, packages_skip_up_to=None, packages_select_build_failed=False, packages_skip_build_finished=False, packages_select_test_failures=False, packages_skip_test_passed=False, packages_select=None, packages_skip=None, packages_select_regex=None, packages_skip_regex=None, packages_start=None, packages_end=None, allow_overriding=[], cmake_args=None, cmake_target=None, cmake_target_skip_unavailable=False, cmake_clean_cache=False, cmake_clean_first=False, cmake_force_configure=False, ament_cmake_args=None, catkin_cmake_args=None, catkin_skip_building_tests=False, verb_parser=<colcon_defaults.argument_parser.defaults.DefaultArgumentsDecorator object at 0x75e3819f4ca0>, verb_extension=<colcon_core.verb.build.BuildVerb object at 0x75e3819f4790>, main=<bound method BuildVerb.main of <colcon_core.verb.build.BuildVerb object at 0x75e3819f4790>>)
[0.695s] Level 1:colcon.colcon_core.package_discovery:discover_packages(colcon_meta) check parameters
[0.696s] Level 1:colcon.colcon_core.package_discovery:discover_packages(recursive) check parameters
[0.696s] Level 1:colcon.colcon_core.package_discovery:discover_packages(ignore) check parameters
[0.696s] Level 1:colcon.colcon_core.package_discovery:discover_packages(path) check parameters
[0.696s] Level 1:colcon.colcon_core.package_discovery:discover_packages(colcon_meta) discover
[0.696s] Level 1:colcon.colcon_core.package_discovery:discover_packages(recursive) discover
[0.696s] INFO:colcon.colcon_core.package_discovery:Crawling recursively for packages in '/home/mewert/Desktop/luna'
[0.696s] Level 1:colcon.colcon_core.package_identification:_identify(.) by extensions ['ignore', 'ignore_ament_install']
[0.696s] Level 1:colcon.colcon_core.package_identification:_identify(.) by extension 'ignore'
[0.696s] Level 1:colcon.colcon_core.package_identification:_identify(.) by extension 'ignore_ament_install'
[0.696s] Level 1:colcon.colcon_core.package_identification:_identify(.) by extensions ['colcon_pkg']
[0.696s] Level 1:colcon.colcon_core.package_identification:_identify(.) by extension 'colcon_pkg'
[0.696s] Level 1:colcon.colcon_core.package_identification:_identify(.) by extensions ['colcon_meta']
[0.696s] Level 1:colcon.colcon_core.package_identification:_identify(.) by extension 'colcon_meta'
[0.696s] Level 1:colcon.colcon_core.package_identification:_identify(.) by extensions ['ros']
[0.696s] Level 1:colcon.colcon_core.package_identification:_identify(.) by extension 'ros'
[0.714s] Level 1:colcon.colcon_core.package_identification:_identify(.) by extensions ['cmake', 'python']
[0.714s] Level 1:colcon.colcon_core.package_identification:_identify(.) by extension 'cmake'
[0.714s] Level 1:colcon.colcon_core.package_identification:_identify(.) by extension 'python'
[0.714s] Level 1:colcon.colcon_core.package_identification:_identify(.) by extensions ['python_setup_py']
[0.714s] Level 1:colcon.colcon_core.package_identification:_identify(.) by extension 'python_setup_py'
[0.714s] Level 1:colcon.colcon_core.package_identification:_identify(build) by extensions ['ignore', 'ignore_ament_install']
[0.714s] Level 1:colcon.colcon_core.package_identification:_identify(build) by extension 'ignore'
[0.714s] Level 1:colcon.colcon_core.package_identification:_identify(build) ignored
[0.714s] Level 1:colcon.colcon_core.package_identification:_identify(diagnostics) by extensions ['ignore', 'ignore_ament_install']
[0.714s] Level 1:colcon.colcon_core.package_identification:_identify(diagnostics) by extension 'ignore'
[0.715s] Level 1:colcon.colcon_core.package_identification:_identify(diagnostics) by extension 'ignore_ament_install'
[0.715s] Level 1:colcon.colcon_core.package_identification:_identify(diagnostics) by extensions ['colcon_pkg']
[0.715s] Level 1:colcon.colcon_core.package_identification:_identify(diagnostics) by extension 'colcon_pkg'
[0.715s] Level 1:colcon.colcon_core.package_identification:_identify(diagnostics) by extensions ['colcon_meta']
[0.715s] Level 1:colcon.colcon_core.package_identification:_identify(diagnostics) by extension 'colcon_meta'
[0.715s] Level 1:colcon.colcon_core.package_identification:_identify(diagnostics) by extensions ['ros']
[0.715s] Level 1:colcon.colcon_core.package_identification:_identify(diagnostics) by extension 'ros'
[0.715s] Level 1:colcon.colcon_core.package_identification:_identify(diagnostics) by extensions ['cmake', 'python']
[0.715s] Level 1:colcon.colcon_core.package_identification:_identify(diagnostics) by extension 'cmake'
[0.715s] Level 1:colcon.colcon_core.package_identification:_identify(diagnostics) by extension 'python'
[0.715s] Level 1:colcon.colcon_core.package_identification:_identify(diagnostics) by extensions ['python_setup_py']
[0.715s] Level 1:colcon.colcon_core.package_identification:_identify(diagnostics) by extension 'python_setup_py'
[0.715s] Level 1:colcon.colcon_core.package_identification:_identify(diagnostics/diagnostic_aggregator) by extensions ['ignore', 'ignore_ament_install']
[0.715s] Level 1:colcon.colcon_core.package_identification:_identify(diagnostics/diagnostic_aggregator) by extension 'ignore'
[0.715s] Level 1:colcon.colcon_core.package_identification:_identify(diagnostics/diagnostic_aggregator) by extension 'ignore_ament_install'
[0.715s] Level 1:colcon.colcon_core.package_identification:_identify(diagnostics/diagnostic_aggregator) by extensions ['colcon_pkg']
[0.715s] Level 1:colcon.colcon_core.package_identification:_identify(diagnostics/diagnostic_aggregator) by extension 'colcon_pkg'
[0.715s] Level 1:colcon.colcon_core.package_identification:_identify(diagnostics/diagnostic_aggregator) by extensions ['colcon_meta']
[0.715s] Level 1:colcon.colcon_core.package_identification:_identify(diagnostics/diagnostic_aggregator) by extension 'colcon_meta'
[0.715s] Level 1:colcon.colcon_core.package_identification:_identify(diagnostics/diagnostic_aggregator) by extensions ['ros']
[0.715s] Level 1:colcon.colcon_core.package_identification:_identify(diagnostics/diagnostic_aggregator) by extension 'ros'
[0.722s] DEBUG:colcon.colcon_core.package_identification:Package 'diagnostics/diagnostic_aggregator' with type 'ros.ament_cmake' and name 'diagnostic_aggregator'
[0.722s] Level 1:colcon.colcon_core.package_identification:_identify(diagnostics/diagnostic_common_diagnostics) by extensions ['ignore', 'ignore_ament_install']
[0.722s] Level 1:colcon.colcon_core.package_identification:_identify(diagnostics/diagnostic_common_diagnostics) by extension 'ignore'
[0.722s] Level 1:colcon.colcon_core.package_identification:_identify(diagnostics/diagnostic_common_diagnostics) by extension 'ignore_ament_install'
[0.722s] Level 1:colcon.colcon_core.package_identification:_identify(diagnostics/diagnostic_common_diagnostics) by extensions ['colcon_pkg']
[0.722s] Level 1:colcon.colcon_core.package_identification:_identify(diagnostics/diagnostic_common_diagnostics) by extension 'colcon_pkg'
[0.722s] Level 1:colcon.colcon_core.package_identification:_identify(diagnostics/diagnostic_common_diagnostics) by extensions ['colcon_meta']
[0.723s] Level 1:colcon.colcon_core.package_identification:_identify(diagnostics/diagnostic_common_diagnostics) by extension 'colcon_meta'
[0.723s] Level 1:colcon.colcon_core.package_identification:_identify(diagnostics/diagnostic_common_diagnostics) by extensions ['ros']
[0.723s] Level 1:colcon.colcon_core.package_identification:_identify(diagnostics/diagnostic_common_diagnostics) by extension 'ros'
[0.724s] DEBUG:colcon.colcon_core.package_identification:Package 'diagnostics/diagnostic_common_diagnostics' with type 'ros.ament_cmake' and name 'diagnostic_common_diagnostics'
[0.724s] Level 1:colcon.colcon_core.package_identification:_identify(diagnostics/diagnostic_updater) by extensions ['ignore', 'ignore_ament_install']
[0.724s] Level 1:colcon.colcon_core.package_identification:_identify(diagnostics/diagnostic_updater) by extension 'ignore'
[0.724s] Level 1:colcon.colcon_core.package_identification:_identify(diagnostics/diagnostic_updater) by extension 'ignore_ament_install'
[0.724s] Level 1:colcon.colcon_core.package_identification:_identify(diagnostics/diagnostic_updater) by extensions ['colcon_pkg']
[0.724s] Level 1:colcon.colcon_core.package_identification:_identify(diagnostics/diagnostic_updater) by extension 'colcon_pkg'
[0.724s] Level 1:colcon.colcon_core.package_identification:_identify(diagnostics/diagnostic_updater) by extensions ['colcon_meta']
[0.724s] Level 1:colcon.colcon_core.package_identification:_identify(diagnostics/diagnostic_updater) by extension 'colcon_meta'
[0.724s] Level 1:colcon.colcon_core.package_identification:_identify(diagnostics/diagnostic_updater) by extensions ['ros']
[0.724s] Level 1:colcon.colcon_core.package_identification:_identify(diagnostics/diagnostic_updater) by extension 'ros'
[0.725s] DEBUG:colcon.colcon_core.package_identification:Package 'diagnostics/diagnostic_updater' with type 'ros.ament_cmake' and name 'diagnostic_updater'
[0.726s] Level 1:colcon.colcon_core.package_identification:_identify(diagnostics/diagnostics) by extensions ['ignore', 'ignore_ament_install']
[0.726s] Level 1:colcon.colcon_core.package_identification:_identify(diagnostics/diagnostics) by extension 'ignore'
[0.726s] Level 1:colcon.colcon_core.package_identification:_identify(diagnostics/diagnostics) by extension 'ignore_ament_install'
[0.726s] Level 1:colcon.colcon_core.package_identification:_identify(diagnostics/diagnostics) by extensions ['colcon_pkg']
[0.726s] Level 1:colcon.colcon_core.package_identification:_identify(diagnostics/diagnostics) by extension 'colcon_pkg'
[0.726s] Level 1:colcon.colcon_core.package_identification:_identify(diagnostics/diagnostics) by extensions ['colcon_meta']
[0.726s] Level 1:colcon.colcon_core.package_identification:_identify(diagnostics/diagnostics) by extension 'colcon_meta'
[0.726s] Level 1:colcon.colcon_core.package_identification:_identify(diagnostics/diagnostics) by extensions ['ros']
[0.726s] Level 1:colcon.colcon_core.package_identification:_identify(diagnostics/diagnostics) by extension 'ros'
[0.727s] DEBUG:colcon.colcon_core.package_identification:Package 'diagnostics/diagnostics' with type 'ros.ament_cmake' and name 'diagnostics'
[0.727s] Level 1:colcon.colcon_core.package_identification:_identify(diagnostics/self_test) by extensions ['ignore', 'ignore_ament_install']
[0.727s] Level 1:colcon.colcon_core.package_identification:_identify(diagnostics/self_test) by extension 'ignore'
[0.727s] Level 1:colcon.colcon_core.package_identification:_identify(diagnostics/self_test) by extension 'ignore_ament_install'
[0.727s] Level 1:colcon.colcon_core.package_identification:_identify(diagnostics/self_test) by extensions ['colcon_pkg']
[0.727s] Level 1:colcon.colcon_core.package_identification:_identify(diagnostics/self_test) by extension 'colcon_pkg'
[0.727s] Level 1:colcon.colcon_core.package_identification:_identify(diagnostics/self_test) by extensions ['colcon_meta']
[0.727s] Level 1:colcon.colcon_core.package_identification:_identify(diagnostics/self_test) by extension 'colcon_meta'
[0.727s] Level 1:colcon.colcon_core.package_identification:_identify(diagnostics/self_test) by extensions ['ros']
[0.727s] Level 1:colcon.colcon_core.package_identification:_identify(diagnostics/self_test) by extension 'ros'
[0.728s] DEBUG:colcon.colcon_core.package_identification:Package 'diagnostics/self_test' with type 'ros.ament_cmake' and name 'self_test'
[0.728s] Level 1:colcon.colcon_core.package_identification:_identify(install) by extensions ['ignore', 'ignore_ament_install']
[0.729s] Level 1:colcon.colcon_core.package_identification:_identify(install) by extension 'ignore'
[0.729s] Level 1:colcon.colcon_core.package_identification:_identify(install) ignored
[0.729s] Level 1:colcon.colcon_core.package_identification:_identify(log) by extensions ['ignore', 'ignore_ament_install']
[0.729s] Level 1:colcon.colcon_core.package_identification:_identify(log) by extension 'ignore'
[0.729s] Level 1:colcon.colcon_core.package_identification:_identify(log) ignored
[0.729s] Level 1:colcon.colcon_core.package_identification:_identify(src) by extensions ['ignore', 'ignore_ament_install']
[0.729s] Level 1:colcon.colcon_core.package_identification:_identify(src) by extension 'ignore'
[0.729s] Level 1:colcon.colcon_core.package_identification:_identify(src) by extension 'ignore_ament_install'
[0.729s] Level 1:colcon.colcon_core.package_identification:_identify(src) by extensions ['colcon_pkg']
[0.729s] Level 1:colcon.colcon_core.package_identification:_identify(src) by extension 'colcon_pkg'
[0.729s] Level 1:colcon.colcon_core.package_identification:_identify(src) by extensions ['colcon_meta']
[0.729s] Level 1:colcon.colcon_core.package_identification:_identify(src) by extension 'colcon_meta'
[0.729s] Level 1:colcon.colcon_core.package_identification:_identify(src) by extensions ['ros']
[0.729s] Level 1:colcon.colcon_core.package_identification:_identify(src) by extension 'ros'
[0.729s] Level 1:colcon.colcon_core.package_identification:_identify(src) by extensions ['cmake', 'python']
[0.729s] Level 1:colcon.colcon_core.package_identification:_identify(src) by extension 'cmake'
[0.730s] Level 1:colcon.colcon_core.package_identification:_identify(src) by extension 'python'
[0.730s] Level 1:colcon.colcon_core.package_identification:_identify(src) by extensions ['python_setup_py']
[0.730s] Level 1:colcon.colcon_core.package_identification:_identify(src) by extension 'python_setup_py'
[0.730s] Level 1:colcon.colcon_core.package_identification:_identify(src/open_cv_pkg) by extensions ['ignore', 'ignore_ament_install']
[0.730s] Level 1:colcon.colcon_core.package_identification:_identify(src/open_cv_pkg) by extension 'ignore'
[0.730s] Level 1:colcon.colcon_core.package_identification:_identify(src/open_cv_pkg) by extension 'ignore_ament_install'
[0.730s] Level 1:colcon.colcon_core.package_identification:_identify(src/open_cv_pkg) by extensions ['colcon_pkg']
[0.730s] Level 1:colcon.colcon_core.package_identification:_identify(src/open_cv_pkg) by extension 'colcon_pkg'
[0.730s] Level 1:colcon.colcon_core.package_identification:_identify(src/open_cv_pkg) by extensions ['colcon_meta']
[0.730s] Level 1:colcon.colcon_core.package_identification:_identify(src/open_cv_pkg) by extension 'colcon_meta'
[0.730s] Level 1:colcon.colcon_core.package_identification:_identify(src/open_cv_pkg) by extensions ['ros']
[0.730s] Level 1:colcon.colcon_core.package_identification:_identify(src/open_cv_pkg) by extension 'ros'
[0.731s] DEBUG:colcon.colcon_core.package_identification:Package 'src/open_cv_pkg' with type 'ros.ament_python' and name 'open_cv_pkg'
[0.731s] Level 1:colcon.colcon_core.package_identification:_identify(src/pointcloud_to_grid) by extensions ['ignore', 'ignore_ament_install']
[0.731s] Level 1:colcon.colcon_core.package_identification:_identify(src/pointcloud_to_grid) by extension 'ignore'
[0.732s] Level 1:colcon.colcon_core.package_identification:_identify(src/pointcloud_to_grid) by extension 'ignore_ament_install'
[0.732s] Level 1:colcon.colcon_core.package_identification:_identify(src/pointcloud_to_grid) by extensions ['colcon_pkg']
[0.732s] Level 1:colcon.colcon_core.package_identification:_identify(src/pointcloud_to_grid) by extension 'colcon_pkg'
[0.732s] Level 1:colcon.colcon_core.package_identification:_identify(src/pointcloud_to_grid) by extensions ['colcon_meta']
[0.732s] Level 1:colcon.colcon_core.package_identification:_identify(src/pointcloud_to_grid) by extension 'colcon_meta'
[0.732s] Level 1:colcon.colcon_core.package_identification:_identify(src/pointcloud_to_grid) by extensions ['ros']
[0.732s] Level 1:colcon.colcon_core.package_identification:_identify(src/pointcloud_to_grid) by extension 'ros'
[0.734s] DEBUG:colcon.colcon_core.package_identification:Package 'src/pointcloud_to_grid' with type 'ros.ament_cmake' and name 'pointcloud_to_grid'
[0.734s] Level 1:colcon.colcon_core.package_identification:_identify(src/realsense-ros) by extensions ['ignore', 'ignore_ament_install']
[0.734s] Level 1:colcon.colcon_core.package_identification:_identify(src/realsense-ros) by extension 'ignore'
[0.734s] Level 1:colcon.colcon_core.package_identification:_identify(src/realsense-ros) by extension 'ignore_ament_install'
[0.734s] Level 1:colcon.colcon_core.package_identification:_identify(src/realsense-ros) by extensions ['colcon_pkg']
[0.734s] Level 1:colcon.colcon_core.package_identification:_identify(src/realsense-ros) by extension 'colcon_pkg'
[0.734s] Level 1:colcon.colcon_core.package_identification:_identify(src/realsense-ros) by extensions ['colcon_meta']
[0.734s] Level 1:colcon.colcon_core.package_identification:_identify(src/realsense-ros) by extension 'colcon_meta'
[0.734s] Level 1:colcon.colcon_core.package_identification:_identify(src/realsense-ros) by extensions ['ros']
[0.734s] Level 1:colcon.colcon_core.package_identification:_identify(src/realsense-ros) by extension 'ros'
[0.734s] Level 1:colcon.colcon_core.package_identification:_identify(src/realsense-ros) by extensions ['cmake', 'python']
[0.734s] Level 1:colcon.colcon_core.package_identification:_identify(src/realsense-ros) by extension 'cmake'
[0.734s] Level 1:colcon.colcon_core.package_identification:_identify(src/realsense-ros) by extension 'python'
[0.735s] Level 1:colcon.colcon_core.package_identification:_identify(src/realsense-ros) by extensions ['python_setup_py']
[0.735s] Level 1:colcon.colcon_core.package_identification:_identify(src/realsense-ros) by extension 'python_setup_py'
[0.735s] Level 1:colcon.colcon_core.package_identification:_identify(src/realsense-ros/realsense2_camera) by extensions ['ignore', 'ignore_ament_install']
[0.735s] Level 1:colcon.colcon_core.package_identification:_identify(src/realsense-ros/realsense2_camera) by extension 'ignore'
[0.735s] Level 1:colcon.colcon_core.package_identification:_identify(src/realsense-ros/realsense2_camera) by extension 'ignore_ament_install'
[0.735s] Level 1:colcon.colcon_core.package_identification:_identify(src/realsense-ros/realsense2_camera) by extensions ['colcon_pkg']
[0.735s] Level 1:colcon.colcon_core.package_identification:_identify(src/realsense-ros/realsense2_camera) by extension 'colcon_pkg'
[0.735s] Level 1:colcon.colcon_core.package_identification:_identify(src/realsense-ros/realsense2_camera) by extensions ['colcon_meta']
[0.735s] Level 1:colcon.colcon_core.package_identification:_identify(src/realsense-ros/realsense2_camera) by extension 'colcon_meta'
[0.735s] Level 1:colcon.colcon_core.package_identification:_identify(src/realsense-ros/realsense2_camera) by extensions ['ros']
[0.735s] Level 1:colcon.colcon_core.package_identification:_identify(src/realsense-ros/realsense2_camera) by extension 'ros'
[0.743s] DEBUG:colcon.colcon_core.package_identification:Package 'src/realsense-ros/realsense2_camera' with type 'ros.ament_cmake' and name 'realsense2_camera'
[0.743s] Level 1:colcon.colcon_core.package_identification:_identify(src/realsense-ros/realsense2_camera_msgs) by extensions ['ignore', 'ignore_ament_install']
[0.743s] Level 1:colcon.colcon_core.package_identification:_identify(src/realsense-ros/realsense2_camera_msgs) by extension 'ignore'
[0.743s] Level 1:colcon.colcon_core.package_identification:_identify(src/realsense-ros/realsense2_camera_msgs) by extension 'ignore_ament_install'
[0.743s] Level 1:colcon.colcon_core.package_identification:_identify(src/realsense-ros/realsense2_camera_msgs) by extensions ['colcon_pkg']
[0.743s] Level 1:colcon.colcon_core.package_identification:_identify(src/realsense-ros/realsense2_camera_msgs) by extension 'colcon_pkg'
[0.743s] Level 1:colcon.colcon_core.package_identification:_identify(src/realsense-ros/realsense2_camera_msgs) by extensions ['colcon_meta']
[0.743s] Level 1:colcon.colcon_core.package_identification:_identify(src/realsense-ros/realsense2_camera_msgs) by extension 'colcon_meta'
[0.743s] Level 1:colcon.colcon_core.package_identification:_identify(src/realsense-ros/realsense2_camera_msgs) by extensions ['ros']
[0.743s] Level 1:colcon.colcon_core.package_identification:_identify(src/realsense-ros/realsense2_camera_msgs) by extension 'ros'
[0.744s] DEBUG:colcon.colcon_core.package_identification:Package 'src/realsense-ros/realsense2_camera_msgs' with type 'ros.ament_cmake' and name 'realsense2_camera_msgs'
[0.745s] Level 1:colcon.colcon_core.package_identification:_identify(src/realsense-ros/realsense2_description) by extensions ['ignore', 'ignore_ament_install']
[0.745s] Level 1:colcon.colcon_core.package_identification:_identify(src/realsense-ros/realsense2_description) by extension 'ignore'
[0.745s] Level 1:colcon.colcon_core.package_identification:_identify(src/realsense-ros/realsense2_description) by extension 'ignore_ament_install'
[0.745s] Level 1:colcon.colcon_core.package_identification:_identify(src/realsense-ros/realsense2_description) by extensions ['colcon_pkg']
[0.745s] Level 1:colcon.colcon_core.package_identification:_identify(src/realsense-ros/realsense2_description) by extension 'colcon_pkg'
[0.745s] Level 1:colcon.colcon_core.package_identification:_identify(src/realsense-ros/realsense2_description) by extensions ['colcon_meta']
[0.745s] Level 1:colcon.colcon_core.package_identification:_identify(src/realsense-ros/realsense2_description) by extension 'colcon_meta'
[0.745s] Level 1:colcon.colcon_core.package_identification:_identify(src/realsense-ros/realsense2_description) by extensions ['ros']
[0.745s] Level 1:colcon.colcon_core.package_identification:_identify(src/realsense-ros/realsense2_description) by extension 'ros'
[0.746s] DEBUG:colcon.colcon_core.package_identification:Package 'src/realsense-ros/realsense2_description' with type 'ros.ament_cmake' and name 'realsense2_description'
[0.746s] Level 1:colcon.colcon_core.package_identification:_identify(src/realsense-ros/scripts) by extensions ['ignore', 'ignore_ament_install']
[0.746s] Level 1:colcon.colcon_core.package_identification:_identify(src/realsense-ros/scripts) by extension 'ignore'
[0.747s] Level 1:colcon.colcon_core.package_identification:_identify(src/realsense-ros/scripts) by extension 'ignore_ament_install'
[0.747s] Level 1:colcon.colcon_core.package_identification:_identify(src/realsense-ros/scripts) by extensions ['colcon_pkg']
[0.747s] Level 1:colcon.colcon_core.package_identification:_identify(src/realsense-ros/scripts) by extension 'colcon_pkg'
[0.747s] Level 1:colcon.colcon_core.package_identification:_identify(src/realsense-ros/scripts) by extensions ['colcon_meta']
[0.747s] Level 1:colcon.colcon_core.package_identification:_identify(src/realsense-ros/scripts) by extension 'colcon_meta'
[0.747s] Level 1:colcon.colcon_core.package_identification:_identify(src/realsense-ros/scripts) by extensions ['ros']
[0.747s] Level 1:colcon.colcon_core.package_identification:_identify(src/realsense-ros/scripts) by extension 'ros'
[0.747s] Level 1:colcon.colcon_core.package_identification:_identify(src/realsense-ros/scripts) by extensions ['cmake', 'python']
[0.747s] Level 1:colcon.colcon_core.package_identification:_identify(src/realsense-ros/scripts) by extension 'cmake'
[0.747s] Level 1:colcon.colcon_core.package_identification:_identify(src/realsense-ros/scripts) by extension 'python'
[0.747s] Level 1:colcon.colcon_core.package_identification:_identify(src/realsense-ros/scripts) by extensions ['python_setup_py']
[0.747s] Level 1:colcon.colcon_core.package_identification:_identify(src/realsense-ros/scripts) by extension 'python_setup_py'
[0.747s] Level 1:colcon.colcon_core.package_discovery:discover_packages(recursive) using defaults
[0.747s] Level 1:colcon.colcon_core.package_discovery:discover_packages(ignore) discover
[0.747s] Level 1:colcon.colcon_core.package_discovery:discover_packages(ignore) using defaults
[0.747s] Level 1:colcon.colcon_core.package_discovery:discover_packages(path) discover
[0.747s] Level 1:colcon.colcon_core.package_discovery:discover_packages(path) using defaults
[0.791s] Level 1:colcon.colcon_core.package_discovery:discover_packages(prefix_path) check parameters
[0.791s] Level 1:colcon.colcon_core.package_discovery:discover_packages(prefix_path) discover
[0.796s] DEBUG:colcon.colcon_installed_package_information.package_discovery:Found 12 installed packages in /home/mewert/Desktop/luna/install
[0.799s] DEBUG:colcon.colcon_installed_package_information.package_discovery:Found 278 installed packages in /opt/ros/humble
[0.802s] Level 1:colcon.colcon_core.package_discovery:discover_packages(prefix_path) using defaults
[0.913s] Level 5:colcon.colcon_core.verb:set package 'diagnostic_aggregator' build argument 'cmake_args' from command line to 'None'
[0.913s] Level 5:colcon.colcon_core.verb:set package 'diagnostic_aggregator' build argument 'cmake_target' from command line to 'None'
[0.913s] Level 5:colcon.colcon_core.verb:set package 'diagnostic_aggregator' build argument 'cmake_target_skip_unavailable' from command line to 'False'
[0.913s] Level 5:colcon.colcon_core.verb:set package 'diagnostic_aggregator' build argument 'cmake_clean_cache' from command line to 'False'
[0.913s] Level 5:colcon.colcon_core.verb:set package 'diagnostic_aggregator' build argument 'cmake_clean_first' from command line to 'False'
[0.913s] Level 5:colcon.colcon_core.verb:set package 'diagnostic_aggregator' build argument 'cmake_force_configure' from command line to 'False'
[0.913s] Level 5:colcon.colcon_core.verb:set package 'diagnostic_aggregator' build argument 'ament_cmake_args' from command line to 'None'
[0.913s] Level 5:colcon.colcon_core.verb:set package 'diagnostic_aggregator' build argument 'catkin_cmake_args' from command line to 'None'
[0.913s] Level 5:colcon.colcon_core.verb:set package 'diagnostic_aggregator' build argument 'catkin_skip_building_tests' from command line to 'False'
[0.913s] DEBUG:colcon.colcon_core.verb:Building package 'diagnostic_aggregator' with the following arguments: {'ament_cmake_args': None, 'build_base': '/home/mewert/Desktop/luna/build/diagnostic_aggregator', 'catkin_cmake_args': None, 'catkin_skip_building_tests': False, 'cmake_args': None, 'cmake_clean_cache': False, 'cmake_clean_first': False, 'cmake_force_configure': False, 'cmake_target': None, 'cmake_target_skip_unavailable': False, 'install_base': '/home/mewert/Desktop/luna/install/diagnostic_aggregator', 'merge_install': False, 'path': '/home/mewert/Desktop/luna/diagnostics/diagnostic_aggregator', 'symlink_install': True, 'test_result_base': None}
[0.914s] Level 5:colcon.colcon_core.verb:set package 'diagnostic_updater' build argument 'cmake_args' from command line to 'None'
[0.914s] Level 5:colcon.colcon_core.verb:set package 'diagnostic_updater' build argument 'cmake_target' from command line to 'None'
[0.914s] Level 5:colcon.colcon_core.verb:set package 'diagnostic_updater' build argument 'cmake_target_skip_unavailable' from command line to 'False'
[0.914s] Level 5:colcon.colcon_core.verb:set package 'diagnostic_updater' build argument 'cmake_clean_cache' from command line to 'False'
[0.914s] Level 5:colcon.colcon_core.verb:set package 'diagnostic_updater' build argument 'cmake_clean_first' from command line to 'False'
[0.914s] Level 5:colcon.colcon_core.verb:set package 'diagnostic_updater' build argument 'cmake_force_configure' from command line to 'False'
[0.914s] Level 5:colcon.colcon_core.verb:set package 'diagnostic_updater' build argument 'ament_cmake_args' from command line to 'None'
[0.914s] Level 5:colcon.colcon_core.verb:set package 'diagnostic_updater' build argument 'catkin_cmake_args' from command line to 'None'
[0.914s] Level 5:colcon.colcon_core.verb:set package 'diagnostic_updater' build argument 'catkin_skip_building_tests' from command line to 'False'
[0.914s] DEBUG:colcon.colcon_core.verb:Building package 'diagnostic_updater' with the following arguments: {'ament_cmake_args': None, 'build_base': '/home/mewert/Desktop/luna/build/diagnostic_updater', 'catkin_cmake_args': None, 'catkin_skip_building_tests': False, 'cmake_args': None, 'cmake_clean_cache': False, 'cmake_clean_first': False, 'cmake_force_configure': False, 'cmake_target': None, 'cmake_target_skip_unavailable': False, 'install_base': '/home/mewert/Desktop/luna/install/diagnostic_updater', 'merge_install': False, 'path': '/home/mewert/Desktop/luna/diagnostics/diagnostic_updater', 'symlink_install': True, 'test_result_base': None}
[0.915s] Level 5:colcon.colcon_core.verb:set package 'open_cv_pkg' build argument 'cmake_args' from command line to 'None'
[0.915s] Level 5:colcon.colcon_core.verb:set package 'open_cv_pkg' build argument 'cmake_target' from command line to 'None'
[0.915s] Level 5:colcon.colcon_core.verb:set package 'open_cv_pkg' build argument 'cmake_target_skip_unavailable' from command line to 'False'
[0.915s] Level 5:colcon.colcon_core.verb:set package 'open_cv_pkg' build argument 'cmake_clean_cache' from command line to 'False'
[0.915s] Level 5:colcon.colcon_core.verb:set package 'open_cv_pkg' build argument 'cmake_clean_first' from command line to 'False'
[0.915s] Level 5:colcon.colcon_core.verb:set package 'open_cv_pkg' build argument 'cmake_force_configure' from command line to 'False'
[0.915s] Level 5:colcon.colcon_core.verb:set package 'open_cv_pkg' build argument 'ament_cmake_args' from command line to 'None'
[0.915s] Level 5:colcon.colcon_core.verb:set package 'open_cv_pkg' build argument 'catkin_cmake_args' from command line to 'None'
[0.915s] Level 5:colcon.colcon_core.verb:set package 'open_cv_pkg' build argument 'catkin_skip_building_tests' from command line to 'False'
[0.915s] DEBUG:colcon.colcon_core.verb:Building package 'open_cv_pkg' with the following arguments: {'ament_cmake_args': None, 'build_base': '/home/mewert/Desktop/luna/build/open_cv_pkg', 'catkin_cmake_args': None, 'catkin_skip_building_tests': False, 'cmake_args': None, 'cmake_clean_cache': False, 'cmake_clean_first': False, 'cmake_force_configure': False, 'cmake_target': None, 'cmake_target_skip_unavailable': False, 'install_base': '/home/mewert/Desktop/luna/install/open_cv_pkg', 'merge_install': False, 'path': '/home/mewert/Desktop/luna/src/open_cv_pkg', 'symlink_install': True, 'test_result_base': None}
[0.915s] Level 5:colcon.colcon_core.verb:set package 'pointcloud_to_grid' build argument 'cmake_args' from command line to 'None'
[0.915s] Level 5:colcon.colcon_core.verb:set package 'pointcloud_to_grid' build argument 'cmake_target' from command line to 'None'
[0.915s] Level 5:colcon.colcon_core.verb:set package 'pointcloud_to_grid' build argument 'cmake_target_skip_unavailable' from command line to 'False'
[0.915s] Level 5:colcon.colcon_core.verb:set package 'pointcloud_to_grid' build argument 'cmake_clean_cache' from command line to 'False'
[0.915s] Level 5:colcon.colcon_core.verb:set package 'pointcloud_to_grid' build argument 'cmake_clean_first' from command line to 'False'
[0.915s] Level 5:colcon.colcon_core.verb:set package 'pointcloud_to_grid' build argument 'cmake_force_configure' from command line to 'False'
[0.915s] Level 5:colcon.colcon_core.verb:set package 'pointcloud_to_grid' build argument 'ament_cmake_args' from command line to 'None'
[0.915s] Level 5:colcon.colcon_core.verb:set package 'pointcloud_to_grid' build argument 'catkin_cmake_args' from command line to 'None'
[0.916s] Level 5:colcon.colcon_core.verb:set package 'pointcloud_to_grid' build argument 'catkin_skip_building_tests' from command line to 'False'
[0.916s] DEBUG:colcon.colcon_core.verb:Building package 'pointcloud_to_grid' with the following arguments: {'ament_cmake_args': None, 'build_base': '/home/mewert/Desktop/luna/build/pointcloud_to_grid', 'catkin_cmake_args': None, 'catkin_skip_building_tests': False, 'cmake_args': None, 'cmake_clean_cache': False, 'cmake_clean_first': False, 'cmake_force_configure': False, 'cmake_target': None, 'cmake_target_skip_unavailable': False, 'install_base': '/home/mewert/Desktop/luna/install/pointcloud_to_grid', 'merge_install': False, 'path': '/home/mewert/Desktop/luna/src/pointcloud_to_grid', 'symlink_install': True, 'test_result_base': None}
[0.916s] Level 5:colcon.colcon_core.verb:set package 'realsense2_camera_msgs' build argument 'cmake_args' from command line to 'None'
[0.916s] Level 5:colcon.colcon_core.verb:set package 'realsense2_camera_msgs' build argument 'cmake_target' from command line to 'None'
[0.916s] Level 5:colcon.colcon_core.verb:set package 'realsense2_camera_msgs' build argument 'cmake_target_skip_unavailable' from command line to 'False'
[0.916s] Level 5:colcon.colcon_core.verb:set package 'realsense2_camera_msgs' build argument 'cmake_clean_cache' from command line to 'False'
[0.916s] Level 5:colcon.colcon_core.verb:set package 'realsense2_camera_msgs' build argument 'cmake_clean_first' from command line to 'False'
[0.916s] Level 5:colcon.colcon_core.verb:set package 'realsense2_camera_msgs' build argument 'cmake_force_configure' from command line to 'False'
[0.916s] Level 5:colcon.colcon_core.verb:set package 'realsense2_camera_msgs' build argument 'ament_cmake_args' from command line to 'None'
[0.916s] Level 5:colcon.colcon_core.verb:set package 'realsense2_camera_msgs' build argument 'catkin_cmake_args' from command line to 'None'
[0.916s] Level 5:colcon.colcon_core.verb:set package 'realsense2_camera_msgs' build argument 'catkin_skip_building_tests' from command line to 'False'
[0.916s] DEBUG:colcon.colcon_core.verb:Building package 'realsense2_camera_msgs' with the following arguments: {'ament_cmake_args': None, 'build_base': '/home/mewert/Desktop/luna/build/realsense2_camera_msgs', 'catkin_cmake_args': None, 'catkin_skip_building_tests': False, 'cmake_args': None, 'cmake_clean_cache': False, 'cmake_clean_first': False, 'cmake_force_configure': False, 'cmake_target': None, 'cmake_target_skip_unavailable': False, 'install_base': '/home/mewert/Desktop/luna/install/realsense2_camera_msgs', 'merge_install': False, 'path': '/home/mewert/Desktop/luna/src/realsense-ros/realsense2_camera_msgs', 'symlink_install': True, 'test_result_base': None}
[0.917s] Level 5:colcon.colcon_core.verb:set package 'diagnostic_common_diagnostics' build argument 'cmake_args' from command line to 'None'
[0.917s] Level 5:colcon.colcon_core.verb:set package 'diagnostic_common_diagnostics' build argument 'cmake_target' from command line to 'None'
[0.917s] Level 5:colcon.colcon_core.verb:set package 'diagnostic_common_diagnostics' build argument 'cmake_target_skip_unavailable' from command line to 'False'
[0.917s] Level 5:colcon.colcon_core.verb:set package 'diagnostic_common_diagnostics' build argument 'cmake_clean_cache' from command line to 'False'
[0.917s] Level 5:colcon.colcon_core.verb:set package 'diagnostic_common_diagnostics' build argument 'cmake_clean_first' from command line to 'False'
[0.917s] Level 5:colcon.colcon_core.verb:set package 'diagnostic_common_diagnostics' build argument 'cmake_force_configure' from command line to 'False'
[0.917s] Level 5:colcon.colcon_core.verb:set package 'diagnostic_common_diagnostics' build argument 'ament_cmake_args' from command line to 'None'
[0.917s] Level 5:colcon.colcon_core.verb:set package 'diagnostic_common_diagnostics' build argument 'catkin_cmake_args' from command line to 'None'
[0.917s] Level 5:colcon.colcon_core.verb:set package 'diagnostic_common_diagnostics' build argument 'catkin_skip_building_tests' from command line to 'False'
[0.917s] DEBUG:colcon.colcon_core.verb:Building package 'diagnostic_common_diagnostics' with the following arguments: {'ament_cmake_args': None, 'build_base': '/home/mewert/Desktop/luna/build/diagnostic_common_diagnostics', 'catkin_cmake_args': None, 'catkin_skip_building_tests': False, 'cmake_args': None, 'cmake_clean_cache': False, 'cmake_clean_first': False, 'cmake_force_configure': False, 'cmake_target': None, 'cmake_target_skip_unavailable': False, 'install_base': '/home/mewert/Desktop/luna/install/diagnostic_common_diagnostics', 'merge_install': False, 'path': '/home/mewert/Desktop/luna/diagnostics/diagnostic_common_diagnostics', 'symlink_install': True, 'test_result_base': None}
[0.917s] Level 5:colcon.colcon_core.verb:set package 'realsense2_camera' build argument 'cmake_args' from command line to 'None'
[0.917s] Level 5:colcon.colcon_core.verb:set package 'realsense2_camera' build argument 'cmake_target' from command line to 'None'
[0.917s] Level 5:colcon.colcon_core.verb:set package 'realsense2_camera' build argument 'cmake_target_skip_unavailable' from command line to 'False'
[0.917s] Level 5:colcon.colcon_core.verb:set package 'realsense2_camera' build argument 'cmake_clean_cache' from command line to 'False'
[0.917s] Level 5:colcon.colcon_core.verb:set package 'realsense2_camera' build argument 'cmake_clean_first' from command line to 'False'
[0.917s] Level 5:colcon.colcon_core.verb:set package 'realsense2_camera' build argument 'cmake_force_configure' from command line to 'False'
[0.917s] Level 5:colcon.colcon_core.verb:set package 'realsense2_camera' build argument 'ament_cmake_args' from command line to 'None'
[0.918s] Level 5:colcon.colcon_core.verb:set package 'realsense2_camera' build argument 'catkin_cmake_args' from command line to 'None'
[0.918s] Level 5:colcon.colcon_core.verb:set package 'realsense2_camera' build argument 'catkin_skip_building_tests' from command line to 'False'
[0.918s] DEBUG:colcon.colcon_core.verb:Building package 'realsense2_camera' with the following arguments: {'ament_cmake_args': None, 'build_base': '/home/mewert/Desktop/luna/build/realsense2_camera', 'catkin_cmake_args': None, 'catkin_skip_building_tests': False, 'cmake_args': None, 'cmake_clean_cache': False, 'cmake_clean_first': False, 'cmake_force_configure': False, 'cmake_target': None, 'cmake_target_skip_unavailable': False, 'install_base': '/home/mewert/Desktop/luna/install/realsense2_camera', 'merge_install': False, 'path': '/home/mewert/Desktop/luna/src/realsense-ros/realsense2_camera', 'symlink_install': True, 'test_result_base': None}
[0.918s] Level 5:colcon.colcon_core.verb:set package 'realsense2_description' build argument 'cmake_args' from command line to 'None'
[0.918s] Level 5:colcon.colcon_core.verb:set package 'realsense2_description' build argument 'cmake_target' from command line to 'None'
[0.918s] Level 5:colcon.colcon_core.verb:set package 'realsense2_description' build argument 'cmake_target_skip_unavailable' from command line to 'False'
[0.918s] Level 5:colcon.colcon_core.verb:set package 'realsense2_description' build argument 'cmake_clean_cache' from command line to 'False'
[0.918s] Level 5:colcon.colcon_core.verb:set package 'realsense2_description' build argument 'cmake_clean_first' from command line to 'False'
[0.918s] Level 5:colcon.colcon_core.verb:set package 'realsense2_description' build argument 'cmake_force_configure' from command line to 'False'
[0.918s] Level 5:colcon.colcon_core.verb:set package 'realsense2_description' build argument 'ament_cmake_args' from command line to 'None'
[0.918s] Level 5:colcon.colcon_core.verb:set package 'realsense2_description' build argument 'catkin_cmake_args' from command line to 'None'
[0.918s] Level 5:colcon.colcon_core.verb:set package 'realsense2_description' build argument 'catkin_skip_building_tests' from command line to 'False'
[0.918s] DEBUG:colcon.colcon_core.verb:Building package 'realsense2_description' with the following arguments: {'ament_cmake_args': None, 'build_base': '/home/mewert/Desktop/luna/build/realsense2_description', 'catkin_cmake_args': None, 'catkin_skip_building_tests': False, 'cmake_args': None, 'cmake_clean_cache': False, 'cmake_clean_first': False, 'cmake_force_configure': False, 'cmake_target': None, 'cmake_target_skip_unavailable': False, 'install_base': '/home/mewert/Desktop/luna/install/realsense2_description', 'merge_install': False, 'path': '/home/mewert/Desktop/luna/src/realsense-ros/realsense2_description', 'symlink_install': True, 'test_result_base': None}
[0.919s] Level 5:colcon.colcon_core.verb:set package 'self_test' build argument 'cmake_args' from command line to 'None'
[0.919s] Level 5:colcon.colcon_core.verb:set package 'self_test' build argument 'cmake_target' from command line to 'None'
[0.919s] Level 5:colcon.colcon_core.verb:set package 'self_test' build argument 'cmake_target_skip_unavailable' from command line to 'False'
[0.919s] Level 5:colcon.colcon_core.verb:set package 'self_test' build argument 'cmake_clean_cache' from command line to 'False'
[0.919s] Level 5:colcon.colcon_core.verb:set package 'self_test' build argument 'cmake_clean_first' from command line to 'False'
[0.919s] Level 5:colcon.colcon_core.verb:set package 'self_test' build argument 'cmake_force_configure' from command line to 'False'
[0.919s] Level 5:colcon.colcon_core.verb:set package 'self_test' build argument 'ament_cmake_args' from command line to 'None'
[0.919s] Level 5:colcon.colcon_core.verb:set package 'self_test' build argument 'catkin_cmake_args' from command line to 'None'
[0.919s] Level 5:colcon.colcon_core.verb:set package 'self_test' build argument 'catkin_skip_building_tests' from command line to 'False'
[0.919s] DEBUG:colcon.colcon_core.verb:Building package 'self_test' with the following arguments: {'ament_cmake_args': None, 'build_base': '/home/mewert/Desktop/luna/build/self_test', 'catkin_cmake_args': None, 'catkin_skip_building_tests': False, 'cmake_args': None, 'cmake_clean_cache': False, 'cmake_clean_first': False, 'cmake_force_configure': False, 'cmake_target': None, 'cmake_target_skip_unavailable': False, 'install_base': '/home/mewert/Desktop/luna/install/self_test', 'merge_install': False, 'path': '/home/mewert/Desktop/luna/diagnostics/self_test', 'symlink_install': True, 'test_result_base': None}
[0.919s] Level 5:colcon.colcon_core.verb:set package 'diagnostics' build argument 'cmake_args' from command line to 'None'
[0.919s] Level 5:colcon.colcon_core.verb:set package 'diagnostics' build argument 'cmake_target' from command line to 'None'
[0.919s] Level 5:colcon.colcon_core.verb:set package 'diagnostics' build argument 'cmake_target_skip_unavailable' from command line to 'False'
[0.919s] Level 5:colcon.colcon_core.verb:set package 'diagnostics' build argument 'cmake_clean_cache' from command line to 'False'
[0.919s] Level 5:colcon.colcon_core.verb:set package 'diagnostics' build argument 'cmake_clean_first' from command line to 'False'
[0.919s] Level 5:colcon.colcon_core.verb:set package 'diagnostics' build argument 'cmake_force_configure' from command line to 'False'
[0.919s] Level 5:colcon.colcon_core.verb:set package 'diagnostics' build argument 'ament_cmake_args' from command line to 'None'
[0.919s] Level 5:colcon.colcon_core.verb:set package 'diagnostics' build argument 'catkin_cmake_args' from command line to 'None'
[0.920s] Level 5:colcon.colcon_core.verb:set package 'diagnostics' build argument 'catkin_skip_building_tests' from command line to 'False'
[0.920s] DEBUG:colcon.colcon_core.verb:Building package 'diagnostics' with the following arguments: {'ament_cmake_args': None, 'build_base': '/home/mewert/Desktop/luna/build/diagnostics', 'catkin_cmake_args': None, 'catkin_skip_building_tests': False, 'cmake_args': None, 'cmake_clean_cache': False, 'cmake_clean_first': False, 'cmake_force_configure': False, 'cmake_target': None, 'cmake_target_skip_unavailable': False, 'install_base': '/home/mewert/Desktop/luna/install/diagnostics', 'merge_install': False, 'path': '/home/mewert/Desktop/luna/diagnostics/diagnostics', 'symlink_install': True, 'test_result_base': None}
[0.920s] INFO:colcon.colcon_core.executor:Executing jobs using 'parallel' executor
[0.922s] DEBUG:colcon.colcon_parallel_executor.executor.parallel:run_until_complete
[0.922s] INFO:colcon.colcon_ros.task.ament_cmake.build:Building ROS package in '/home/mewert/Desktop/luna/diagnostics/diagnostic_updater' with build type 'ament_cmake'
[0.923s] INFO:colcon.colcon_cmake.task.cmake.build:Building CMake package in '/home/mewert/Desktop/luna/diagnostics/diagnostic_updater'
[0.930s] INFO:colcon.colcon_core.plugin_system:Skipping extension 'colcon_core.shell.bat': Not used on non-Windows systems
[0.930s] INFO:colcon.colcon_core.shell:Skip shell extension 'powershell' for command environment: Not usable outside of PowerShell
[0.930s] DEBUG:colcon.colcon_core.shell:Skip shell extension 'dsv' for command environment
[0.936s] INFO:colcon.colcon_ros.task.ament_cmake.build:Building ROS package in '/home/mewert/Desktop/luna/src/realsense-ros/realsense2_camera_msgs' with build type 'ament_cmake'
[0.936s] INFO:colcon.colcon_cmake.task.cmake.build:Building CMake package in '/home/mewert/Desktop/luna/src/realsense-ros/realsense2_camera_msgs'
[0.937s] INFO:colcon.colcon_core.shell:Skip shell extension 'powershell' for command environment: Not usable outside of PowerShell
[0.937s] DEBUG:colcon.colcon_core.shell:Skip shell extension 'dsv' for command environment
[0.943s] INFO:colcon.colcon_ros.task.ament_cmake.build:Building ROS package in '/home/mewert/Desktop/luna/diagnostics/diagnostic_aggregator' with build type 'ament_cmake'
[0.943s] INFO:colcon.colcon_cmake.task.cmake.build:Building CMake package in '/home/mewert/Desktop/luna/diagnostics/diagnostic_aggregator'
[0.943s] INFO:colcon.colcon_core.shell:Skip shell extension 'powershell' for command environment: Not usable outside of PowerShell
[0.943s] DEBUG:colcon.colcon_core.shell:Skip shell extension 'dsv' for command environment
[0.948s] INFO:colcon.colcon_ros.task.ament_python.build:Building ROS package in '/home/mewert/Desktop/luna/src/open_cv_pkg' with build type 'ament_python'
[0.948s] Level 1:colcon.colcon_core.shell:create_environment_hook('open_cv_pkg', 'ament_prefix_path')
[0.949s] INFO:colcon.colcon_core.shell:Creating environment hook '/home/mewert/Desktop/luna/install/open_cv_pkg/share/open_cv_pkg/hook/ament_prefix_path.ps1'
[0.951s] INFO:colcon.colcon_core.shell:Creating environment descriptor '/home/mewert/Desktop/luna/install/open_cv_pkg/share/open_cv_pkg/hook/ament_prefix_path.dsv'
[0.952s] INFO:colcon.colcon_core.shell:Creating environment hook '/home/mewert/Desktop/luna/install/open_cv_pkg/share/open_cv_pkg/hook/ament_prefix_path.sh'
[0.954s] INFO:colcon.colcon_core.shell:Skip shell extension 'powershell' for command environment: Not usable outside of PowerShell
[0.954s] DEBUG:colcon.colcon_core.shell:Skip shell extension 'dsv' for command environment
[0.959s] INFO:colcon.colcon_ros.task.ament_cmake.build:Building ROS package in '/home/mewert/Desktop/luna/src/pointcloud_to_grid' with build type 'ament_cmake'
[0.960s] INFO:colcon.colcon_cmake.task.cmake.build:Building CMake package in '/home/mewert/Desktop/luna/src/pointcloud_to_grid'
[0.960s] INFO:colcon.colcon_core.shell:Skip shell extension 'powershell' for command environment: Not usable outside of PowerShell
[0.960s] DEBUG:colcon.colcon_core.shell:Skip shell extension 'dsv' for command environment
[0.970s] DEBUG:colcon.colcon_core.event_handler.log_command:Invoking command in '/home/mewert/Desktop/luna/build/diagnostic_updater': CMAKE_PREFIX_PATH=${CMAKE_PREFIX_PATH}:/home/mewert/Desktop/luna/install/open_cv_pkg:/opt/ros/humble /usr/bin/cmake --build /home/mewert/Desktop/luna/build/diagnostic_updater -- -j6 -l6
[0.978s] DEBUG:colcon.colcon_core.event_handler.log_command:Invoking command in '/home/mewert/Desktop/luna/build/realsense2_camera_msgs': CMAKE_PREFIX_PATH=${CMAKE_PREFIX_PATH}:/home/mewert/Desktop/luna/install/open_cv_pkg:/opt/ros/humble /usr/bin/cmake --build /home/mewert/Desktop/luna/build/realsense2_camera_msgs -- -j6 -l6
[0.982s] DEBUG:colcon.colcon_core.event_handler.log_command:Invoking command in '/home/mewert/Desktop/luna/build/diagnostic_aggregator': CMAKE_PREFIX_PATH=${CMAKE_PREFIX_PATH}:/home/mewert/Desktop/luna/install/open_cv_pkg:/opt/ros/humble /usr/bin/cmake --build /home/mewert/Desktop/luna/build/diagnostic_aggregator -- -j6 -l6
[2.323s] INFO:colcon.colcon_core.task.python.build:Building Python package in '/home/mewert/Desktop/luna/src/open_cv_pkg'
[2.324s] INFO:colcon.colcon_core.shell:Skip shell extension 'powershell' for command environment: Not usable outside of PowerShell
[2.324s] DEBUG:colcon.colcon_core.shell:Skip shell extension 'dsv' for command environment
[2.535s] DEBUG:colcon.colcon_core.event_handler.log_command:Invoking command in '/home/mewert/Desktop/luna/build/pointcloud_to_grid': CMAKE_PREFIX_PATH=${CMAKE_PREFIX_PATH}:/home/mewert/Desktop/luna/install/open_cv_pkg:/opt/ros/humble /usr/bin/cmake --build /home/mewert/Desktop/luna/build/pointcloud_to_grid -- -j6 -l6
[7.078s] DEBUG:colcon.colcon_core.event_handler.log_command:Invoking command in '/home/mewert/Desktop/luna/build/open_cv_pkg': PYTHONPATH=/home/mewert/Desktop/luna/build/open_cv_pkg/prefix_override:/usr/lib/python3/dist-packages/colcon_core/task/python/colcon_distutils_commands:/home/mewert/Desktop/luna/install/open_cv_pkg/lib/python3.10/site-packages:${PYTHONPATH} /usr/bin/python3 -W ignore:setup.py install is deprecated setup.py develop --editable --build-directory /home/mewert/Desktop/luna/build/open_cv_pkg/build --no-deps symlink_data
[12.904s] Level 1:colcon.colcon_core.shell:create_environment_hook('open_cv_pkg', 'pythonpath_develop')
[12.905s] INFO:colcon.colcon_core.shell:Creating environment hook '/home/mewert/Desktop/luna/build/open_cv_pkg/share/open_cv_pkg/hook/pythonpath_develop.ps1'
[12.905s] INFO:colcon.colcon_core.shell:Creating environment descriptor '/home/mewert/Desktop/luna/build/open_cv_pkg/share/open_cv_pkg/hook/pythonpath_develop.dsv'
[12.906s] INFO:colcon.colcon_core.shell:Creating environment hook '/home/mewert/Desktop/luna/build/open_cv_pkg/share/open_cv_pkg/hook/pythonpath_develop.sh'
[12.907s] DEBUG:colcon.colcon_core.event_handler.log_command:Invoked command in '/home/mewert/Desktop/luna/build/open_cv_pkg' returned '0': PYTHONPATH=/home/mewert/Desktop/luna/build/open_cv_pkg/prefix_override:/usr/lib/python3/dist-packages/colcon_core/task/python/colcon_distutils_commands:/home/mewert/Desktop/luna/install/open_cv_pkg/lib/python3.10/site-packages:${PYTHONPATH} /usr/bin/python3 -W ignore:setup.py install is deprecated setup.py develop --editable --build-directory /home/mewert/Desktop/luna/build/open_cv_pkg/build --no-deps symlink_data
[12.922s] Level 1:colcon.colcon_core.environment:checking '/home/mewert/Desktop/luna/install/open_cv_pkg' for CMake module files
[12.946s] Level 1:colcon.colcon_core.environment:checking '/home/mewert/Desktop/luna/install/open_cv_pkg' for CMake config files
[12.954s] Level 1:colcon.colcon_core.environment:checking '/home/mewert/Desktop/luna/install/open_cv_pkg/lib'
[12.955s] Level 1:colcon.colcon_core.environment:checking '/home/mewert/Desktop/luna/install/open_cv_pkg/bin'
[12.955s] Level 1:colcon.colcon_core.environment:checking '/home/mewert/Desktop/luna/install/open_cv_pkg/lib/pkgconfig/open_cv_pkg.pc'
[12.988s] Level 1:colcon.colcon_core.environment:checking '/home/mewert/Desktop/luna/install/open_cv_pkg/lib/python3.10/site-packages'
[12.988s] Level 1:colcon.colcon_core.shell:create_environment_hook('open_cv_pkg', 'pythonpath')
[12.989s] INFO:colcon.colcon_core.shell:Creating environment hook '/home/mewert/Desktop/luna/install/open_cv_pkg/share/open_cv_pkg/hook/pythonpath.ps1'
[12.990s] INFO:colcon.colcon_core.shell:Creating environment descriptor '/home/mewert/Desktop/luna/install/open_cv_pkg/share/open_cv_pkg/hook/pythonpath.dsv'
[13.008s] INFO:colcon.colcon_core.shell:Creating environment hook '/home/mewert/Desktop/luna/install/open_cv_pkg/share/open_cv_pkg/hook/pythonpath.sh'
[13.009s] Level 1:colcon.colcon_core.environment:checking '/home/mewert/Desktop/luna/install/open_cv_pkg/bin'
[13.009s] Level 1:colcon.colcon_core.environment:create_environment_scripts_only(open_cv_pkg)
[13.010s] INFO:colcon.colcon_core.shell:Creating package script '/home/mewert/Desktop/luna/install/open_cv_pkg/share/open_cv_pkg/package.ps1'
[13.012s] INFO:colcon.colcon_core.shell:Creating package descriptor '/home/mewert/Desktop/luna/install/open_cv_pkg/share/open_cv_pkg/package.dsv'
[13.023s] INFO:colcon.colcon_core.shell:Creating package script '/home/mewert/Desktop/luna/install/open_cv_pkg/share/open_cv_pkg/package.sh'
[13.025s] INFO:colcon.colcon_core.shell:Creating package script '/home/mewert/Desktop/luna/install/open_cv_pkg/share/open_cv_pkg/package.bash'
[13.027s] INFO:colcon.colcon_core.shell:Creating package script '/home/mewert/Desktop/luna/install/open_cv_pkg/share/open_cv_pkg/package.zsh'
[13.040s] Level 1:colcon.colcon_core.environment:create_file_with_runtime_dependencies(/home/mewert/Desktop/luna/install/open_cv_pkg/share/colcon-core/packages/open_cv_pkg)
[21.849s] DEBUG:colcon.colcon_core.event_handler.log_command:Invoked command in '/home/mewert/Desktop/luna/build/realsense2_camera_msgs' returned '0': CMAKE_PREFIX_PATH=${CMAKE_PREFIX_PATH}:/home/mewert/Desktop/luna/install/open_cv_pkg:/opt/ros/humble /usr/bin/cmake --build /home/mewert/Desktop/luna/build/realsense2_camera_msgs -- -j6 -l6
[24.078s] DEBUG:colcon.colcon_core.event_handler.log_command:Invoking command in '/home/mewert/Desktop/luna/build/realsense2_camera_msgs': CMAKE_PREFIX_PATH=${CMAKE_PREFIX_PATH}:/home/mewert/Desktop/luna/install/open_cv_pkg:/opt/ros/humble /usr/bin/cmake --install /home/mewert/Desktop/luna/build/realsense2_camera_msgs
[24.872s] Level 1:colcon.colcon_core.environment:create_environment_scripts_only(realsense2_camera_msgs)
[24.873s] Level 1:colcon.colcon_core.environment:checking '/home/mewert/Desktop/luna/install/realsense2_camera_msgs' for CMake module files
[24.874s] Level 1:colcon.colcon_core.environment:checking '/home/mewert/Desktop/luna/install/realsense2_camera_msgs' for CMake config files
[24.875s] Level 1:colcon.colcon_core.shell:create_environment_hook('realsense2_camera_msgs', 'cmake_prefix_path')
[24.875s] INFO:colcon.colcon_core.shell:Creating environment hook '/home/mewert/Desktop/luna/install/realsense2_camera_msgs/share/realsense2_camera_msgs/hook/cmake_prefix_path.ps1'
[24.879s] INFO:colcon.colcon_core.shell:Creating environment descriptor '/home/mewert/Desktop/luna/install/realsense2_camera_msgs/share/realsense2_camera_msgs/hook/cmake_prefix_path.dsv'
[24.880s] DEBUG:colcon.colcon_core.event_handler.log_command:Invoked command in '/home/mewert/Desktop/luna/build/realsense2_camera_msgs' returned '0': CMAKE_PREFIX_PATH=${CMAKE_PREFIX_PATH}:/home/mewert/Desktop/luna/install/open_cv_pkg:/opt/ros/humble /usr/bin/cmake --install /home/mewert/Desktop/luna/build/realsense2_camera_msgs
[24.882s] INFO:colcon.colcon_core.shell:Creating environment hook '/home/mewert/Desktop/luna/install/realsense2_camera_msgs/share/realsense2_camera_msgs/hook/cmake_prefix_path.sh'
[24.883s] Level 1:colcon.colcon_core.environment:checking '/home/mewert/Desktop/luna/install/realsense2_camera_msgs/lib'
[24.883s] Level 1:colcon.colcon_core.shell:create_environment_hook('realsense2_camera_msgs', 'ld_library_path_lib')
[24.883s] INFO:colcon.colcon_core.shell:Creating environment hook '/home/mewert/Desktop/luna/install/realsense2_camera_msgs/share/realsense2_camera_msgs/hook/ld_library_path_lib.ps1'
[24.888s] INFO:colcon.colcon_core.shell:Creating environment descriptor '/home/mewert/Desktop/luna/install/realsense2_camera_msgs/share/realsense2_camera_msgs/hook/ld_library_path_lib.dsv'
[24.907s] INFO:colcon.colcon_core.shell:Creating environment hook '/home/mewert/Desktop/luna/install/realsense2_camera_msgs/share/realsense2_camera_msgs/hook/ld_library_path_lib.sh'
[24.908s] Level 1:colcon.colcon_core.environment:checking '/home/mewert/Desktop/luna/install/realsense2_camera_msgs/bin'
[24.908s] Level 1:colcon.colcon_core.environment:checking '/home/mewert/Desktop/luna/install/realsense2_camera_msgs/lib/pkgconfig/realsense2_camera_msgs.pc'
[24.908s] Level 1:colcon.colcon_core.environment:checking '/home/mewert/Desktop/luna/install/realsense2_camera_msgs/lib/python3.10/site-packages'
[24.909s] Level 1:colcon.colcon_core.environment:checking '/home/mewert/Desktop/luna/install/realsense2_camera_msgs/bin'
[24.909s] INFO:colcon.colcon_core.shell:Creating package script '/home/mewert/Desktop/luna/install/realsense2_camera_msgs/share/realsense2_camera_msgs/package.ps1'
[24.910s] INFO:colcon.colcon_core.shell:Creating package descriptor '/home/mewert/Desktop/luna/install/realsense2_camera_msgs/share/realsense2_camera_msgs/package.dsv'
[24.910s] INFO:colcon.colcon_core.shell:Creating package script '/home/mewert/Desktop/luna/install/realsense2_camera_msgs/share/realsense2_camera_msgs/package.sh'
[24.911s] INFO:colcon.colcon_core.shell:Creating package script '/home/mewert/Desktop/luna/install/realsense2_camera_msgs/share/realsense2_camera_msgs/package.bash'
[24.912s] INFO:colcon.colcon_core.shell:Creating package script '/home/mewert/Desktop/luna/install/realsense2_camera_msgs/share/realsense2_camera_msgs/package.zsh'
[24.912s] Level 1:colcon.colcon_core.environment:create_file_with_runtime_dependencies(/home/mewert/Desktop/luna/install/realsense2_camera_msgs/share/colcon-core/packages/realsense2_camera_msgs)
[26.828s] Level 1:colcon.colcon_core.environment:create_environment_scripts_only(realsense2_camera_msgs)
[26.829s] Level 1:colcon.colcon_core.environment:checking '/home/mewert/Desktop/luna/install/realsense2_camera_msgs' for CMake module files
[26.830s] Level 1:colcon.colcon_core.environment:checking '/home/mewert/Desktop/luna/install/realsense2_camera_msgs' for CMake config files
[26.831s] Level 1:colcon.colcon_core.shell:create_environment_hook('realsense2_camera_msgs', 'cmake_prefix_path')
[26.832s] INFO:colcon.colcon_core.shell:Creating environment hook '/home/mewert/Desktop/luna/install/realsense2_camera_msgs/share/realsense2_camera_msgs/hook/cmake_prefix_path.ps1'
[26.832s] INFO:colcon.colcon_core.shell:Creating environment descriptor '/home/mewert/Desktop/luna/install/realsense2_camera_msgs/share/realsense2_camera_msgs/hook/cmake_prefix_path.dsv'
[26.852s] INFO:colcon.colcon_core.shell:Creating environment hook '/home/mewert/Desktop/luna/install/realsense2_camera_msgs/share/realsense2_camera_msgs/hook/cmake_prefix_path.sh'
[26.854s] Level 1:colcon.colcon_core.environment:checking '/home/mewert/Desktop/luna/install/realsense2_camera_msgs/lib'
[26.854s] Level 1:colcon.colcon_core.shell:create_environment_hook('realsense2_camera_msgs', 'ld_library_path_lib')
[26.863s] INFO:colcon.colcon_core.shell:Creating environment hook '/home/mewert/Desktop/luna/install/realsense2_camera_msgs/share/realsense2_camera_msgs/hook/ld_library_path_lib.ps1'
[26.864s] INFO:colcon.colcon_core.shell:Creating environment descriptor '/home/mewert/Desktop/luna/install/realsense2_camera_msgs/share/realsense2_camera_msgs/hook/ld_library_path_lib.dsv'
[26.865s] INFO:colcon.colcon_core.shell:Creating environment hook '/home/mewert/Desktop/luna/install/realsense2_camera_msgs/share/realsense2_camera_msgs/hook/ld_library_path_lib.sh'
[26.866s] Level 1:colcon.colcon_core.environment:checking '/home/mewert/Desktop/luna/install/realsense2_camera_msgs/bin'
[26.866s] Level 1:colcon.colcon_core.environment:checking '/home/mewert/Desktop/luna/install/realsense2_camera_msgs/lib/pkgconfig/realsense2_camera_msgs.pc'
[26.866s] Level 1:colcon.colcon_core.environment:checking '/home/mewert/Desktop/luna/install/realsense2_camera_msgs/lib/python3.10/site-packages'
[26.866s] Level 1:colcon.colcon_core.environment:checking '/home/mewert/Desktop/luna/install/realsense2_camera_msgs/bin'
[26.867s] INFO:colcon.colcon_core.shell:Creating package script '/home/mewert/Desktop/luna/install/realsense2_camera_msgs/share/realsense2_camera_msgs/package.ps1'
[26.868s] INFO:colcon.colcon_core.shell:Creating package descriptor '/home/mewert/Desktop/luna/install/realsense2_camera_msgs/share/realsense2_camera_msgs/package.dsv'
[26.872s] INFO:colcon.colcon_core.shell:Creating package script '/home/mewert/Desktop/luna/install/realsense2_camera_msgs/share/realsense2_camera_msgs/package.sh'
[26.875s] INFO:colcon.colcon_core.shell:Creating package script '/home/mewert/Desktop/luna/install/realsense2_camera_msgs/share/realsense2_camera_msgs/package.bash'
[26.876s] INFO:colcon.colcon_core.shell:Creating package script '/home/mewert/Desktop/luna/install/realsense2_camera_msgs/share/realsense2_camera_msgs/package.zsh'
[26.888s] Level 1:colcon.colcon_core.environment:create_file_with_runtime_dependencies(/home/mewert/Desktop/luna/install/realsense2_camera_msgs/share/colcon-core/packages/realsense2_camera_msgs)
[26.890s] INFO:colcon.colcon_ros.task.ament_cmake.build:Building ROS package in '/home/mewert/Desktop/luna/src/realsense-ros/realsense2_description' with build type 'ament_cmake'
[26.890s] INFO:colcon.colcon_cmake.task.cmake.build:Building CMake package in '/home/mewert/Desktop/luna/src/realsense-ros/realsense2_description'
[26.891s] INFO:colcon.colcon_core.shell:Skip shell extension 'powershell' for command environment: Not usable outside of PowerShell
[26.891s] DEBUG:colcon.colcon_core.shell:Skip shell extension 'dsv' for command environment
[26.994s] DEBUG:colcon.colcon_core.event_handler.log_command:Invoking command in '/home/mewert/Desktop/luna/build/realsense2_description': CMAKE_PREFIX_PATH=/home/mewert/Desktop/luna/install/realsense2_camera_msgs:/home/mewert/Desktop/luna/install/diagnostics:/home/mewert/Desktop/luna/install/self_test:/home/mewert/Desktop/luna/install/realsense2_description:/home/mewert/Desktop/luna/install/realsense2_camera:/home/mewert/Desktop/luna/install/pointcloud_to_grid:/home/mewert/Desktop/luna/install/my_pointcloud_pkg:/home/mewert/Desktop/luna/install/my_octomap_pkg:/home/mewert/Desktop/luna/install/diagnostic_common_diagnostics:/home/mewert/Desktop/luna/install/diagnostic_updater:/home/mewert/Desktop/luna/install/diagnostic_aggregator:/home/mewert/Desktop/luna/install/open_cv_pkg:/opt/ros/humble LD_LIBRARY_PATH=/home/mewert/Desktop/luna/install/realsense2_camera_msgs/lib:/home/mewert/Desktop/luna/install/realsense2_camera/lib:/home/mewert/Desktop/luna/install/diagnostic_updater/lib:/home/mewert/Desktop/luna/install/diagnostic_aggregator/lib:/opt/ros/humble/opt/rviz_ogre_vendor/lib:/opt/ros/humble/lib/x86_64-linux-gnu:/opt/ros/humble/lib /usr/bin/cmake --build /home/mewert/Desktop/luna/build/realsense2_description -- -j6 -l6
[27.185s] DEBUG:colcon.colcon_core.event_handler.log_command:Invoked command in '/home/mewert/Desktop/luna/build/realsense2_description' returned '0': CMAKE_PREFIX_PATH=/home/mewert/Desktop/luna/install/realsense2_camera_msgs:/home/mewert/Desktop/luna/install/diagnostics:/home/mewert/Desktop/luna/install/self_test:/home/mewert/Desktop/luna/install/realsense2_description:/home/mewert/Desktop/luna/install/realsense2_camera:/home/mewert/Desktop/luna/install/pointcloud_to_grid:/home/mewert/Desktop/luna/install/my_pointcloud_pkg:/home/mewert/Desktop/luna/install/my_octomap_pkg:/home/mewert/Desktop/luna/install/diagnostic_common_diagnostics:/home/mewert/Desktop/luna/install/diagnostic_updater:/home/mewert/Desktop/luna/install/diagnostic_aggregator:/home/mewert/Desktop/luna/install/open_cv_pkg:/opt/ros/humble LD_LIBRARY_PATH=/home/mewert/Desktop/luna/install/realsense2_camera_msgs/lib:/home/mewert/Desktop/luna/install/realsense2_camera/lib:/home/mewert/Desktop/luna/install/diagnostic_updater/lib:/home/mewert/Desktop/luna/install/diagnostic_aggregator/lib:/opt/ros/humble/opt/rviz_ogre_vendor/lib:/opt/ros/humble/lib/x86_64-linux-gnu:/opt/ros/humble/lib /usr/bin/cmake --build /home/mewert/Desktop/luna/build/realsense2_description -- -j6 -l6
[27.417s] DEBUG:colcon.colcon_core.event_handler.log_command:Invoking command in '/home/mewert/Desktop/luna/build/realsense2_description': CMAKE_PREFIX_PATH=/home/mewert/Desktop/luna/install/realsense2_camera_msgs:/home/mewert/Desktop/luna/install/diagnostics:/home/mewert/Desktop/luna/install/self_test:/home/mewert/Desktop/luna/install/realsense2_description:/home/mewert/Desktop/luna/install/realsense2_camera:/home/mewert/Desktop/luna/install/pointcloud_to_grid:/home/mewert/Desktop/luna/install/my_pointcloud_pkg:/home/mewert/Desktop/luna/install/my_octomap_pkg:/home/mewert/Desktop/luna/install/diagnostic_common_diagnostics:/home/mewert/Desktop/luna/install/diagnostic_updater:/home/mewert/Desktop/luna/install/diagnostic_aggregator:/home/mewert/Desktop/luna/install/open_cv_pkg:/opt/ros/humble LD_LIBRARY_PATH=/home/mewert/Desktop/luna/install/realsense2_camera_msgs/lib:/home/mewert/Desktop/luna/install/realsense2_camera/lib:/home/mewert/Desktop/luna/install/diagnostic_updater/lib:/home/mewert/Desktop/luna/install/diagnostic_aggregator/lib:/opt/ros/humble/opt/rviz_ogre_vendor/lib:/opt/ros/humble/lib/x86_64-linux-gnu:/opt/ros/humble/lib /usr/bin/cmake --install /home/mewert/Desktop/luna/build/realsense2_description
[27.604s] Level 1:colcon.colcon_core.environment:create_environment_scripts_only(realsense2_description)
[27.607s] DEBUG:colcon.colcon_core.event_handler.log_command:Invoked command in '/home/mewert/Desktop/luna/build/realsense2_description' returned '0': CMAKE_PREFIX_PATH=/home/mewert/Desktop/luna/install/realsense2_camera_msgs:/home/mewert/Desktop/luna/install/diagnostics:/home/mewert/Desktop/luna/install/self_test:/home/mewert/Desktop/luna/install/realsense2_description:/home/mewert/Desktop/luna/install/realsense2_camera:/home/mewert/Desktop/luna/install/pointcloud_to_grid:/home/mewert/Desktop/luna/install/my_pointcloud_pkg:/home/mewert/Desktop/luna/install/my_octomap_pkg:/home/mewert/Desktop/luna/install/diagnostic_common_diagnostics:/home/mewert/Desktop/luna/install/diagnostic_updater:/home/mewert/Desktop/luna/install/diagnostic_aggregator:/home/mewert/Desktop/luna/install/open_cv_pkg:/opt/ros/humble LD_LIBRARY_PATH=/home/mewert/Desktop/luna/install/realsense2_camera_msgs/lib:/home/mewert/Desktop/luna/install/realsense2_camera/lib:/home/mewert/Desktop/luna/install/diagnostic_updater/lib:/home/mewert/Desktop/luna/install/diagnostic_aggregator/lib:/opt/ros/humble/opt/rviz_ogre_vendor/lib:/opt/ros/humble/lib/x86_64-linux-gnu:/opt/ros/humble/lib /usr/bin/cmake --install /home/mewert/Desktop/luna/build/realsense2_description
[27.609s] Level 1:colcon.colcon_core.environment:checking '/home/mewert/Desktop/luna/install/realsense2_description' for CMake module files
[27.611s] Level 1:colcon.colcon_core.environment:checking '/home/mewert/Desktop/luna/install/realsense2_description' for CMake config files
[27.611s] Level 1:colcon.colcon_core.shell:create_environment_hook('realsense2_description', 'cmake_prefix_path')
[27.612s] INFO:colcon.colcon_core.shell:Creating environment hook '/home/mewert/Desktop/luna/install/realsense2_description/share/realsense2_description/hook/cmake_prefix_path.ps1'
[27.612s] INFO:colcon.colcon_core.shell:Creating environment descriptor '/home/mewert/Desktop/luna/install/realsense2_description/share/realsense2_description/hook/cmake_prefix_path.dsv'
[27.613s] INFO:colcon.colcon_core.shell:Creating environment hook '/home/mewert/Desktop/luna/install/realsense2_description/share/realsense2_description/hook/cmake_prefix_path.sh'
[27.613s] Level 1:colcon.colcon_core.environment:checking '/home/mewert/Desktop/luna/install/realsense2_description/bin'
[27.614s] Level 1:colcon.colcon_core.environment:checking '/home/mewert/Desktop/luna/install/realsense2_description/lib/pkgconfig/realsense2_description.pc'
[27.614s] Level 1:colcon.colcon_core.environment:checking '/home/mewert/Desktop/luna/install/realsense2_description/lib/python3.10/site-packages'
[27.614s] Level 1:colcon.colcon_core.environment:checking '/home/mewert/Desktop/luna/install/realsense2_description/bin'
[27.615s] INFO:colcon.colcon_core.shell:Creating package script '/home/mewert/Desktop/luna/install/realsense2_description/share/realsense2_description/package.ps1'
[27.615s] INFO:colcon.colcon_core.shell:Creating package descriptor '/home/mewert/Desktop/luna/install/realsense2_description/share/realsense2_description/package.dsv'
[27.616s] INFO:colcon.colcon_core.shell:Creating package script '/home/mewert/Desktop/luna/install/realsense2_description/share/realsense2_description/package.sh'
[27.616s] INFO:colcon.colcon_core.shell:Creating package script '/home/mewert/Desktop/luna/install/realsense2_description/share/realsense2_description/package.bash'
[27.617s] INFO:colcon.colcon_core.shell:Creating package script '/home/mewert/Desktop/luna/install/realsense2_description/share/realsense2_description/package.zsh'
[27.617s] Level 1:colcon.colcon_core.environment:create_file_with_runtime_dependencies(/home/mewert/Desktop/luna/install/realsense2_description/share/colcon-core/packages/realsense2_description)
[27.909s] Level 1:colcon.colcon_core.environment:create_environment_scripts_only(realsense2_description)
[27.910s] Level 1:colcon.colcon_core.environment:checking '/home/mewert/Desktop/luna/install/realsense2_description' for CMake module files
[27.911s] Level 1:colcon.colcon_core.environment:checking '/home/mewert/Desktop/luna/install/realsense2_description' for CMake config files
[27.911s] Level 1:colcon.colcon_core.shell:create_environment_hook('realsense2_description', 'cmake_prefix_path')
[27.911s] INFO:colcon.colcon_core.shell:Creating environment hook '/home/mewert/Desktop/luna/install/realsense2_description/share/realsense2_description/hook/cmake_prefix_path.ps1'
[27.912s] INFO:colcon.colcon_core.shell:Creating environment descriptor '/home/mewert/Desktop/luna/install/realsense2_description/share/realsense2_description/hook/cmake_prefix_path.dsv'
[27.913s] INFO:colcon.colcon_core.shell:Creating environment hook '/home/mewert/Desktop/luna/install/realsense2_description/share/realsense2_description/hook/cmake_prefix_path.sh'
[27.913s] Level 1:colcon.colcon_core.environment:checking '/home/mewert/Desktop/luna/install/realsense2_description/bin'
[27.913s] Level 1:colcon.colcon_core.environment:checking '/home/mewert/Desktop/luna/install/realsense2_description/lib/pkgconfig/realsense2_description.pc'
[27.914s] Level 1:colcon.colcon_core.environment:checking '/home/mewert/Desktop/luna/install/realsense2_description/lib/python3.10/site-packages'
[27.914s] Level 1:colcon.colcon_core.environment:checking '/home/mewert/Desktop/luna/install/realsense2_description/bin'
[27.914s] INFO:colcon.colcon_core.shell:Creating package script '/home/mewert/Desktop/luna/install/realsense2_description/share/realsense2_description/package.ps1'
[27.915s] INFO:colcon.colcon_core.shell:Creating package descriptor '/home/mewert/Desktop/luna/install/realsense2_description/share/realsense2_description/package.dsv'
[27.916s] INFO:colcon.colcon_core.shell:Creating package script '/home/mewert/Desktop/luna/install/realsense2_description/share/realsense2_description/package.sh'
[27.916s] INFO:colcon.colcon_core.shell:Creating package script '/home/mewert/Desktop/luna/install/realsense2_description/share/realsense2_description/package.bash'
[27.917s] INFO:colcon.colcon_core.shell:Creating package script '/home/mewert/Desktop/luna/install/realsense2_description/share/realsense2_description/package.zsh'
[27.917s] Level 1:colcon.colcon_core.environment:create_file_with_runtime_dependencies(/home/mewert/Desktop/luna/install/realsense2_description/share/colcon-core/packages/realsense2_description)
[55.521s] DEBUG:colcon.colcon_parallel_executor.executor.parallel:run_until_complete was interrupted
[55.537s] DEBUG:colcon.colcon_parallel_executor.executor.parallel:run_until_complete again
[55.588s] DEBUG:colcon.colcon_core.event_handler.log_command:Invoked command in '/home/mewert/Desktop/luna/build/diagnostic_updater' returned '-2': CMAKE_PREFIX_PATH=${CMAKE_PREFIX_PATH}:/home/mewert/Desktop/luna/install/open_cv_pkg:/opt/ros/humble /usr/bin/cmake --build /home/mewert/Desktop/luna/build/diagnostic_updater -- -j6 -l6
[55.606s] DEBUG:colcon.colcon_core.event_handler.log_command:Invoked command in '/home/mewert/Desktop/luna/build/diagnostic_aggregator' returned '-2': CMAKE_PREFIX_PATH=${CMAKE_PREFIX_PATH}:/home/mewert/Desktop/luna/install/open_cv_pkg:/opt/ros/humble /usr/bin/cmake --build /home/mewert/Desktop/luna/build/diagnostic_aggregator -- -j6 -l6
[55.673s] Level 1:colcon.colcon_core.environment:create_environment_scripts_only(diagnostic_updater)
[55.675s] Level 1:colcon.colcon_core.environment:checking '/home/mewert/Desktop/luna/install/diagnostic_updater' for CMake module files
[55.676s] Level 1:colcon.colcon_core.environment:checking '/home/mewert/Desktop/luna/install/diagnostic_updater' for CMake config files
[55.676s] Level 1:colcon.colcon_core.shell:create_environment_hook('diagnostic_updater', 'cmake_prefix_path')
[55.677s] INFO:colcon.colcon_core.shell:Creating environment hook '/home/mewert/Desktop/luna/install/diagnostic_updater/share/diagnostic_updater/hook/cmake_prefix_path.ps1'
[55.678s] INFO:colcon.colcon_core.shell:Creating environment descriptor '/home/mewert/Desktop/luna/install/diagnostic_updater/share/diagnostic_updater/hook/cmake_prefix_path.dsv'
[55.679s] INFO:colcon.colcon_core.shell:Creating environment hook '/home/mewert/Desktop/luna/install/diagnostic_updater/share/diagnostic_updater/hook/cmake_prefix_path.sh'
[55.680s] Level 1:colcon.colcon_core.environment:checking '/home/mewert/Desktop/luna/install/diagnostic_updater/lib'
[55.680s] Level 1:colcon.colcon_core.shell:create_environment_hook('diagnostic_updater', 'ld_library_path_lib')
[55.680s] INFO:colcon.colcon_core.shell:Creating environment hook '/home/mewert/Desktop/luna/install/diagnostic_updater/share/diagnostic_updater/hook/ld_library_path_lib.ps1'
[55.680s] INFO:colcon.colcon_core.shell:Creating environment descriptor '/home/mewert/Desktop/luna/install/diagnostic_updater/share/diagnostic_updater/hook/ld_library_path_lib.dsv'
[55.681s] INFO:colcon.colcon_core.shell:Creating environment hook '/home/mewert/Desktop/luna/install/diagnostic_updater/share/diagnostic_updater/hook/ld_library_path_lib.sh'
[55.681s] Level 1:colcon.colcon_core.environment:checking '/home/mewert/Desktop/luna/install/diagnostic_updater/bin'
[55.681s] Level 1:colcon.colcon_core.environment:checking '/home/mewert/Desktop/luna/install/diagnostic_updater/lib/pkgconfig/diagnostic_updater.pc'
[55.682s] Level 1:colcon.colcon_core.environment:checking '/home/mewert/Desktop/luna/install/diagnostic_updater/lib/python3.10/site-packages'
[55.682s] Level 1:colcon.colcon_core.environment:checking '/home/mewert/Desktop/luna/install/diagnostic_updater/bin'
[55.683s] INFO:colcon.colcon_core.shell:Creating package script '/home/mewert/Desktop/luna/install/diagnostic_updater/share/diagnostic_updater/package.ps1'
[55.683s] INFO:colcon.colcon_core.shell:Creating package descriptor '/home/mewert/Desktop/luna/install/diagnostic_updater/share/diagnostic_updater/package.dsv'
[55.684s] INFO:colcon.colcon_core.shell:Creating package script '/home/mewert/Desktop/luna/install/diagnostic_updater/share/diagnostic_updater/package.sh'
[55.684s] INFO:colcon.colcon_core.shell:Creating package script '/home/mewert/Desktop/luna/install/diagnostic_updater/share/diagnostic_updater/package.bash'
[55.685s] INFO:colcon.colcon_core.shell:Creating package script '/home/mewert/Desktop/luna/install/diagnostic_updater/share/diagnostic_updater/package.zsh'
[55.685s] Level 1:colcon.colcon_core.environment:create_file_with_runtime_dependencies(/home/mewert/Desktop/luna/install/diagnostic_updater/share/colcon-core/packages/diagnostic_updater)
[55.701s] DEBUG:colcon.colcon_parallel_executor.executor.parallel:run_until_complete finished
[55.701s] DEBUG:colcon.colcon_parallel_executor.executor.parallel:closing loop
[55.704s] DEBUG:colcon.colcon_parallel_executor.executor.parallel:loop closed
[55.707s] DEBUG:colcon.colcon_core.event_reactor:joining thread
[55.810s] INFO:colcon.colcon_core.plugin_system:Skipping extension 'colcon_notification.desktop_notification.terminal_notifier': Not used on non-Darwin systems
[55.810s] INFO:colcon.colcon_core.plugin_system:Skipping extension 'colcon_notification.desktop_notification.win32': Not used on non-Windows systems
[55.810s] INFO:colcon.colcon_notification.desktop_notification:Sending desktop notification using 'notify2'
[55.830s] DEBUG:colcon.colcon_core.event_reactor:joined thread
[55.833s] INFO:colcon.colcon_core.shell:Creating prefix script '/home/mewert/Desktop/luna/install/local_setup.ps1'
[55.836s] INFO:colcon.colcon_core.shell:Creating prefix util module '/home/mewert/Desktop/luna/install/_local_setup_util_ps1.py'
[55.838s] INFO:colcon.colcon_core.shell:Creating prefix chain script '/home/mewert/Desktop/luna/install/setup.ps1'
[55.841s] INFO:colcon.colcon_core.shell:Creating prefix script '/home/mewert/Desktop/luna/install/local_setup.sh'
[55.842s] INFO:colcon.colcon_core.shell:Creating prefix util module '/home/mewert/Desktop/luna/install/_local_setup_util_sh.py'
[55.843s] INFO:colcon.colcon_core.shell:Creating prefix chain script '/home/mewert/Desktop/luna/install/setup.sh'
[55.846s] INFO:colcon.colcon_core.shell:Creating prefix script '/home/mewert/Desktop/luna/install/local_setup.bash'
[55.847s] INFO:colcon.colcon_core.shell:Creating prefix chain script '/home/mewert/Desktop/luna/install/setup.bash'
[55.849s] INFO:colcon.colcon_core.shell:Creating prefix script '/home/mewert/Desktop/luna/install/local_setup.zsh'
[55.850s] INFO:colcon.colcon_core.shell:Creating prefix chain script '/home/mewert/Desktop/luna/install/setup.zsh'
