[0.097s] Invoking command in '/home/mewert/Desktop/luna/build/my_pointcloud_pkg': CMAKE_PREFIX_PATH=${CMAKE_PREFIX_PATH}:/home/mewert/Desktop/luna/install/open_cv_pkg:/opt/ros/humble /usr/bin/cmake /home/mewert/Desktop/luna/src/my_pointcloud_pkg -DAMENT_CMAKE_SYMLINK_INSTALL=1 -DCMAKE_INSTALL_PREFIX=/home/mewert/Desktop/luna/install/my_pointcloud_pkg
[1.368s] -- The C compiler identification is GNU 11.4.0
[1.368s] -- The CXX compiler identification is GNU 11.4.0
[1.368s] -- Detecting C compiler ABI info
[1.368s] -- Detecting C compiler ABI info - done
[1.369s] -- Check for working C compiler: /usr/bin/cc - skipped
[1.369s] -- Detecting C compile features
[1.369s] -- Detecting C compile features - done
[1.369s] -- Detecting CXX compiler ABI info
[1.369s] -- Detecting CXX compiler ABI info - done
[1.369s] -- Check for working CXX compiler: /usr/bin/c++ - skipped
[1.369s] -- Detecting CXX compile features
[1.369s] -- Detecting CXX compile features - done
[1.369s] -- Found ament_cmake: 1.3.10 (/opt/ros/humble/share/ament_cmake/cmake)
[3.187s] -- Found Python3: /usr/bin/python3 (found version "3.10.12") found components: Interpreter 
[3.326s] -- Override CMake install command with custom implementation using symlinks instead of copying resources
[3.378s] -- Found ament_lint_auto: 0.12.11 (/opt/ros/humble/share/ament_lint_auto/cmake)
[3.545s] -- Added test 'cppcheck' to perform static code analysis on C / C++ code
[3.546s] -- Configured cppcheck include dirs: $<BUILD_INTERFACE:/home/mewert/Desktop/luna/src/my_pointcloud_pkg/include>
[3.546s] -- Configured cppcheck exclude dirs and/or files: 
[3.547s] -- Added test 'lint_cmake' to check CMake code style
[3.549s] -- Added test 'uncrustify' to check C / C++ code style
[3.550s] -- Configured uncrustify additional arguments: 
[3.552s] -- Added test 'xmllint' to check XML markup files
[3.553s] -- Configuring done
[3.562s] -- Generating done
[3.564s] -- Build files have been written to: /home/mewert/Desktop/luna/build/my_pointcloud_pkg
[3.590s] Invoked command in '/home/mewert/Desktop/luna/build/my_pointcloud_pkg' returned '0': CMAKE_PREFIX_PATH=${CMAKE_PREFIX_PATH}:/home/mewert/Desktop/luna/install/open_cv_pkg:/opt/ros/humble /usr/bin/cmake /home/mewert/Desktop/luna/src/my_pointcloud_pkg -DAMENT_CMAKE_SYMLINK_INSTALL=1 -DCMAKE_INSTALL_PREFIX=/home/mewert/Desktop/luna/install/my_pointcloud_pkg
[3.593s] Invoking command in '/home/mewert/Desktop/luna/build/my_pointcloud_pkg': CMAKE_PREFIX_PATH=${CMAKE_PREFIX_PATH}:/home/mewert/Desktop/luna/install/open_cv_pkg:/opt/ros/humble /usr/bin/cmake --build /home/mewert/Desktop/luna/build/my_pointcloud_pkg -- -j6 -l6
[3.649s] [35m[1mConsolidate compiler generated dependencies of target pointcloud_detection[0m
[3.665s] [100%] Built target pointcloud_detection
[3.687s] Invoked command in '/home/mewert/Desktop/luna/build/my_pointcloud_pkg' returned '0': CMAKE_PREFIX_PATH=${CMAKE_PREFIX_PATH}:/home/mewert/Desktop/luna/install/open_cv_pkg:/opt/ros/humble /usr/bin/cmake --build /home/mewert/Desktop/luna/build/my_pointcloud_pkg -- -j6 -l6
[3.733s] Invoking command in '/home/mewert/Desktop/luna/build/my_pointcloud_pkg': CMAKE_PREFIX_PATH=${CMAKE_PREFIX_PATH}:/home/mewert/Desktop/luna/install/open_cv_pkg:/opt/ros/humble /usr/bin/cmake --install /home/mewert/Desktop/luna/build/my_pointcloud_pkg
[3.734s] -- Install configuration: ""
[3.735s] -- Execute custom install script
[3.735s] -- Up-to-date symlink: /home/mewert/Desktop/luna/install/my_pointcloud_pkg/lib/my_pointcloud_pkg/pointcloud_detection
[3.739s] -- Up-to-date symlink: /home/mewert/Desktop/luna/install/my_pointcloud_pkg/share/ament_index/resource_index/package_run_dependencies/my_pointcloud_pkg
[3.739s] -- Up-to-date symlink: /home/mewert/Desktop/luna/install/my_pointcloud_pkg/share/ament_index/resource_index/parent_prefix_path/my_pointcloud_pkg
[3.739s] -- Up-to-date symlink: /home/mewert/Desktop/luna/install/my_pointcloud_pkg/share/my_pointcloud_pkg/environment/ament_prefix_path.sh
[3.739s] -- Up-to-date symlink: /home/mewert/Desktop/luna/install/my_pointcloud_pkg/share/my_pointcloud_pkg/environment/ament_prefix_path.dsv
[3.740s] -- Up-to-date symlink: /home/mewert/Desktop/luna/install/my_pointcloud_pkg/share/my_pointcloud_pkg/environment/path.sh
[3.740s] -- Up-to-date symlink: /home/mewert/Desktop/luna/install/my_pointcloud_pkg/share/my_pointcloud_pkg/environment/path.dsv
[3.740s] -- Up-to-date symlink: /home/mewert/Desktop/luna/install/my_pointcloud_pkg/share/my_pointcloud_pkg/local_setup.bash
[3.740s] -- Up-to-date symlink: /home/mewert/Desktop/luna/install/my_pointcloud_pkg/share/my_pointcloud_pkg/local_setup.sh
[3.740s] -- Up-to-date symlink: /home/mewert/Desktop/luna/install/my_pointcloud_pkg/share/my_pointcloud_pkg/local_setup.zsh
[3.740s] -- Up-to-date symlink: /home/mewert/Desktop/luna/install/my_pointcloud_pkg/share/my_pointcloud_pkg/local_setup.dsv
[3.740s] -- Symlinking: /home/mewert/Desktop/luna/install/my_pointcloud_pkg/share/my_pointcloud_pkg/package.dsv
[3.751s] -- Up-to-date symlink: /home/mewert/Desktop/luna/install/my_pointcloud_pkg/share/ament_index/resource_index/packages/my_pointcloud_pkg
[3.751s] -- Up-to-date symlink: /home/mewert/Desktop/luna/install/my_pointcloud_pkg/share/my_pointcloud_pkg/cmake/my_pointcloud_pkgConfig.cmake
[3.751s] -- Up-to-date symlink: /home/mewert/Desktop/luna/install/my_pointcloud_pkg/share/my_pointcloud_pkg/cmake/my_pointcloud_pkgConfig-version.cmake
[3.751s] -- Up-to-date symlink: /home/mewert/Desktop/luna/install/my_pointcloud_pkg/share/my_pointcloud_pkg/package.xml
[3.756s] Invoked command in '/home/mewert/Desktop/luna/build/my_pointcloud_pkg' returned '0': CMAKE_PREFIX_PATH=${CMAKE_PREFIX_PATH}:/home/mewert/Desktop/luna/install/open_cv_pkg:/opt/ros/humble /usr/bin/cmake --install /home/mewert/Desktop/luna/build/my_pointcloud_pkg
