[0.043s] Invoking command in '/home/mewert/Desktop/luna/build/diagnostic_updater': CMAKE_PREFIX_PATH=${CMAKE_PREFIX_PATH}:/home/mewert/Desktop/luna/install/open_cv_pkg:/opt/ros/humble /usr/bin/cmake --build /home/mewert/Desktop/luna/build/diagnostic_updater -- -j6 -l6
[1.001s] [ 14%] Built target diagnostic_updater
[1.001s] [ 28%] Built target gtest_main
[1.001s] [ 28%] Built target ament_cmake_python_symlink_diagnostic_updater
[1.001s] [ 42%] Built target gtest
[1.001s] [ 57%] Built target example
[1.001s] [ 71%] Built target status_msg_test
[1.002s] [ 85%] Built target diagnostic_status_wrapper_test
[1.002s] [100%] Built target diagnostic_updater_test
[1.083s] running egg_info
[1.092s] writing diagnostic_updater.egg-info/PKG-INFO
[1.092s] writing dependency_links to diagnostic_updater.egg-info/dependency_links.txt
[1.092s] writing top-level names to diagnostic_updater.egg-info/top_level.txt
[1.093s] reading manifest file 'diagnostic_updater.egg-info/SOURCES.txt'
[1.232s] [100%] Built target ament_cmake_python_build_diagnostic_updater_egg
[1.252s] Invoked command in '/home/mewert/Desktop/luna/build/diagnostic_updater' returned '0': CMAKE_PREFIX_PATH=${CMAKE_PREFIX_PATH}:/home/mewert/Desktop/luna/install/open_cv_pkg:/opt/ros/humble /usr/bin/cmake --build /home/mewert/Desktop/luna/build/diagnostic_updater -- -j6 -l6
[1.417s] Invoking command in '/home/mewert/Desktop/luna/build/diagnostic_updater': CMAKE_PREFIX_PATH=${CMAKE_PREFIX_PATH}:/home/mewert/Desktop/luna/install/open_cv_pkg:/opt/ros/humble /usr/bin/cmake --install /home/mewert/Desktop/luna/build/diagnostic_updater
[1.432s] -- Install configuration: ""
[1.432s] -- Execute custom install script
[1.433s] -- Up-to-date symlink: /home/mewert/Desktop/luna/install/diagnostic_updater/share/diagnostic_updater/environment/pythonpath.sh
[1.433s] -- Up-to-date symlink: /home/mewert/Desktop/luna/install/diagnostic_updater/share/diagnostic_updater/environment/pythonpath.dsv
[1.434s] -- Up-to-date symlink: /home/mewert/Desktop/luna/install/diagnostic_updater/local/lib/python3.10/dist-packages/diagnostic_updater-4.3.1-py3.10.egg-info/PKG-INFO
[1.434s] -- Up-to-date symlink: /home/mewert/Desktop/luna/install/diagnostic_updater/local/lib/python3.10/dist-packages/diagnostic_updater-4.3.1-py3.10.egg-info/SOURCES.txt
[1.435s] -- Up-to-date symlink: /home/mewert/Desktop/luna/install/diagnostic_updater/local/lib/python3.10/dist-packages/diagnostic_updater-4.3.1-py3.10.egg-info/dependency_links.txt
[1.435s] -- Up-to-date symlink: /home/mewert/Desktop/luna/install/diagnostic_updater/local/lib/python3.10/dist-packages/diagnostic_updater-4.3.1-py3.10.egg-info/top_level.txt
[1.446s] -- Up-to-date symlink: /home/mewert/Desktop/luna/install/diagnostic_updater/local/lib/python3.10/dist-packages/diagnostic_updater/__init__.py
[1.446s] -- Up-to-date symlink: /home/mewert/Desktop/luna/install/diagnostic_updater/local/lib/python3.10/dist-packages/diagnostic_updater/_diagnostic_status_wrapper.py
[1.447s] -- Up-to-date symlink: /home/mewert/Desktop/luna/install/diagnostic_updater/local/lib/python3.10/dist-packages/diagnostic_updater/_diagnostic_updater.py
[1.447s] -- Up-to-date symlink: /home/mewert/Desktop/luna/install/diagnostic_updater/local/lib/python3.10/dist-packages/diagnostic_updater/_publisher.py
[1.447s] -- Up-to-date symlink: /home/mewert/Desktop/luna/install/diagnostic_updater/local/lib/python3.10/dist-packages/diagnostic_updater/_update_functions.py
[1.447s] -- Up-to-date symlink: /home/mewert/Desktop/luna/install/diagnostic_updater/local/lib/python3.10/dist-packages/diagnostic_updater/example.py
[1.447s] -- Up-to-date symlink: /home/mewert/Desktop/luna/install/diagnostic_updater/lib/diagnostic_updater/example.py
[1.447s] -- Up-to-date symlink: /home/mewert/Desktop/luna/install/diagnostic_updater/lib/diagnostic_updater/example
[1.447s] -- Up-to-date symlink: /home/mewert/Desktop/luna/install/diagnostic_updater/include/diagnostic_updater/diagnostic_status_wrapper.hpp
[1.447s] -- Up-to-date symlink: /home/mewert/Desktop/luna/install/diagnostic_updater/include/diagnostic_updater/diagnostic_updater.hpp
[1.447s] -- Up-to-date symlink: /home/mewert/Desktop/luna/install/diagnostic_updater/include/diagnostic_updater/publisher.hpp
[1.447s] -- Up-to-date symlink: /home/mewert/Desktop/luna/install/diagnostic_updater/include/diagnostic_updater/update_functions.hpp
[1.447s] -- Up-to-date symlink: /home/mewert/Desktop/luna/install/diagnostic_updater/share/diagnostic_updater/environment/library_path.sh
[1.447s] -- Up-to-date symlink: /home/mewert/Desktop/luna/install/diagnostic_updater/share/diagnostic_updater/environment/library_path.dsv
[1.447s] -- Up-to-date symlink: /home/mewert/Desktop/luna/install/diagnostic_updater/share/ament_index/resource_index/package_run_dependencies/diagnostic_updater
[1.447s] -- Up-to-date symlink: /home/mewert/Desktop/luna/install/diagnostic_updater/share/ament_index/resource_index/parent_prefix_path/diagnostic_updater
[1.457s] -- Up-to-date symlink: /home/mewert/Desktop/luna/install/diagnostic_updater/share/diagnostic_updater/environment/ament_prefix_path.sh
[1.457s] -- Up-to-date symlink: /home/mewert/Desktop/luna/install/diagnostic_updater/share/diagnostic_updater/environment/ament_prefix_path.dsv
[1.457s] -- Up-to-date symlink: /home/mewert/Desktop/luna/install/diagnostic_updater/share/diagnostic_updater/environment/path.sh
[1.457s] -- Up-to-date symlink: /home/mewert/Desktop/luna/install/diagnostic_updater/share/diagnostic_updater/environment/path.dsv
[1.457s] -- Up-to-date symlink: /home/mewert/Desktop/luna/install/diagnostic_updater/share/diagnostic_updater/local_setup.bash
[1.457s] -- Up-to-date symlink: /home/mewert/Desktop/luna/install/diagnostic_updater/share/diagnostic_updater/local_setup.sh
[1.458s] -- Up-to-date symlink: /home/mewert/Desktop/luna/install/diagnostic_updater/share/diagnostic_updater/local_setup.zsh
[1.458s] -- Up-to-date symlink: /home/mewert/Desktop/luna/install/diagnostic_updater/share/diagnostic_updater/local_setup.dsv
[1.458s] -- Symlinking: /home/mewert/Desktop/luna/install/diagnostic_updater/share/diagnostic_updater/package.dsv
[1.475s] -- Up-to-date symlink: /home/mewert/Desktop/luna/install/diagnostic_updater/share/ament_index/resource_index/packages/diagnostic_updater
[1.475s] -- Up-to-date symlink: /home/mewert/Desktop/luna/install/diagnostic_updater/share/diagnostic_updater/cmake/ament_cmake_export_targets-extras.cmake
[1.475s] -- Up-to-date symlink: /home/mewert/Desktop/luna/install/diagnostic_updater/share/diagnostic_updater/cmake/ament_cmake_export_include_directories-extras.cmake
[1.475s] -- Up-to-date symlink: /home/mewert/Desktop/luna/install/diagnostic_updater/share/diagnostic_updater/cmake/ament_cmake_export_libraries-extras.cmake
[1.475s] -- Up-to-date symlink: /home/mewert/Desktop/luna/install/diagnostic_updater/share/diagnostic_updater/cmake/ament_cmake_export_dependencies-extras.cmake
[1.475s] -- Up-to-date symlink: /home/mewert/Desktop/luna/install/diagnostic_updater/share/diagnostic_updater/cmake/diagnostic_updaterConfig.cmake
[1.476s] -- Up-to-date symlink: /home/mewert/Desktop/luna/install/diagnostic_updater/share/diagnostic_updater/cmake/diagnostic_updaterConfig-version.cmake
[1.476s] -- Up-to-date symlink: /home/mewert/Desktop/luna/install/diagnostic_updater/share/diagnostic_updater/package.xml
[1.476s] -- Up-to-date: /home/mewert/Desktop/luna/install/diagnostic_updater/lib/libdiagnostic_updater.so
[1.551s] Listing '/home/mewert/Desktop/luna/install/diagnostic_updater/local/lib/python3.10/dist-packages/diagnostic_updater'...
[1.552s] -- Up-to-date: /home/mewert/Desktop/luna/install/diagnostic_updater/share/diagnostic_updater/cmake/diagnostic_updaterTargetsExport.cmake
[1.553s] -- Up-to-date: /home/mewert/Desktop/luna/install/diagnostic_updater/share/diagnostic_updater/cmake/diagnostic_updaterTargetsExport-noconfig.cmake
[1.569s] Invoked command in '/home/mewert/Desktop/luna/build/diagnostic_updater' returned '0': CMAKE_PREFIX_PATH=${CMAKE_PREFIX_PATH}:/home/mewert/Desktop/luna/install/open_cv_pkg:/opt/ros/humble /usr/bin/cmake --install /home/mewert/Desktop/luna/build/diagnostic_updater
