[0.708s] Invoking command in '/home/mewert/Desktop/luna/build/open_cv_pkg': PYTHONPATH=/home/mewert/Desktop/luna/build/open_cv_pkg/prefix_override:/usr/lib/python3/dist-packages/colcon_core/task/python/colcon_distutils_commands:/home/mewert/Desktop/luna/install/open_cv_pkg/lib/python3.10/site-packages:${PYTHONPATH} /usr/bin/python3 -W ignore:setup.py install is deprecated setup.py develop --editable --build-directory /home/mewert/Desktop/luna/build/open_cv_pkg/build --no-deps symlink_data
[1.003s] running develop
[1.003s] /usr/lib/python3/dist-packages/setuptools/command/easy_install.py:158: EasyInstallDeprecationWarning: easy_install command is deprecated. Use build and pip and other standards-based tools.
[1.003s]   warnings.warn(
[1.175s] running egg_info
[1.175s] creating open_cv_pkg.egg-info
[1.176s] writing open_cv_pkg.egg-info/PKG-INFO
[1.176s] writing dependency_links to open_cv_pkg.egg-info/dependency_links.txt
[1.176s] writing entry points to open_cv_pkg.egg-info/entry_points.txt
[1.176s] writing requirements to open_cv_pkg.egg-info/requires.txt
[1.176s] writing top-level names to open_cv_pkg.egg-info/top_level.txt
[1.176s] writing manifest file 'open_cv_pkg.egg-info/SOURCES.txt'
[1.178s] reading manifest file 'open_cv_pkg.egg-info/SOURCES.txt'
[1.180s] writing manifest file 'open_cv_pkg.egg-info/SOURCES.txt'
[1.181s] running build_ext
[1.182s] Creating /home/mewert/Desktop/luna/install/open_cv_pkg/lib/python3.10/site-packages/open-cv-pkg.egg-link (link to .)
[1.182s] Installing main script to /home/mewert/Desktop/luna/install/open_cv_pkg/lib/open_cv_pkg
[1.182s] 
[1.182s] Installed /home/mewert/Desktop/luna/build/open_cv_pkg
[1.183s] running symlink_data
[1.183s] creating /home/mewert/Desktop/luna/install/open_cv_pkg/share/ament_index
[1.183s] creating /home/mewert/Desktop/luna/install/open_cv_pkg/share/ament_index/resource_index
[1.183s] creating /home/mewert/Desktop/luna/install/open_cv_pkg/share/ament_index/resource_index/packages
[1.183s] symbolically linking /home/mewert/Desktop/luna/build/open_cv_pkg/resource/open_cv_pkg -> /home/mewert/Desktop/luna/install/open_cv_pkg/share/ament_index/resource_index/packages
[1.183s] symbolically linking /home/mewert/Desktop/luna/build/open_cv_pkg/package.xml -> /home/mewert/Desktop/luna/install/open_cv_pkg/share/open_cv_pkg
[1.226s] Invoked command in '/home/mewert/Desktop/luna/build/open_cv_pkg' returned '0': PYTHONPATH=/home/mewert/Desktop/luna/build/open_cv_pkg/prefix_override:/usr/lib/python3/dist-packages/colcon_core/task/python/colcon_distutils_commands:/home/mewert/Desktop/luna/install/open_cv_pkg/lib/python3.10/site-packages:${PYTHONPATH} /usr/bin/python3 -W ignore:setup.py install is deprecated setup.py develop --editable --build-directory /home/mewert/Desktop/luna/build/open_cv_pkg/build --no-deps symlink_data
