[0.012s] Invoking command in '/home/mewert/Desktop/luna/build/realsense2_camera': CMAKE_PREFIX_PATH=/home/mewert/Desktop/luna/install/realsense2_camera_msgs:/home/mewert/Desktop/luna/install/realsense2_description:/home/mewert/Desktop/luna/install/realsense2_camera:/home/mewert/Desktop/Luna/install/realsense2_description:/home/mewert/Desktop/Luna/install/realsense2_camera_msgs:/home/mewert/Desktop/Luna/install/diagnostic_updater:/home/mewert/Desktop/luna/install/open_cv_pkg:/home/mewert/Desktop/Luna/install/realsense_camera_node:/home/mewert/Desktop/Luna/install/realsense_bag_player:/home/mewert/Desktop/Luna/install/example_controller:/opt/ros/humble LD_LIBRARY_PATH=/home/mewert/Desktop/luna/install/realsense2_camera_msgs/lib:/home/mewert/Desktop/luna/install/realsense2_camera/lib:/home/mewert/Desktop/Luna/install/realsense2_camera_msgs/lib:/home/mewert/Desktop/Luna/install/diagnostic_updater/lib:/opt/ros/humble/opt/rviz_ogre_vendor/lib:/opt/ros/humble/lib/x86_64-linux-gnu:/opt/ros/humble/lib /usr/bin/cmake /home/mewert/Desktop/luna/src/realsense-ros/realsense2_camera -DAMENT_CMAKE_SYMLINK_INSTALL=1 -DCMAKE_INSTALL_PREFIX=/home/mewert/Desktop/luna/install/realsense2_camera
[0.080s] -- The C compiler identification is GNU 11.4.0
[0.151s] -- The CXX compiler identification is GNU 11.4.0
[0.160s] -- Detecting C compiler ABI info
[0.241s] -- Detecting C compiler ABI info - done
[0.251s] -- Check for working C compiler: /usr/bin/cc - skipped
[0.252s] -- Detecting C compile features
[0.252s] -- Detecting C compile features - done
[0.256s] -- Detecting CXX compiler ABI info
[0.352s] -- Detecting CXX compiler ABI info - done
[0.363s] -- Check for working CXX compiler: /usr/bin/c++ - skipped
[0.363s] -- Detecting CXX compile features
[0.363s] -- Detecting CXX compile features - done
[0.364s] -- Create Release Build.
[0.366s] -- Found ament_cmake: 1.3.10 (/opt/ros/humble/share/ament_cmake/cmake)
[0.533s] -- Found Python3: /usr/bin/python3 (found version "3.10.12") found components: Interpreter 
[0.600s] -- Override CMake install command with custom implementation using symlinks instead of copying resources
[0.626s] -- Found builtin_interfaces: 1.2.1 (/opt/ros/humble/share/builtin_interfaces/cmake)
[0.659s] -- Found rosidl_generator_c: 3.1.5 (/opt/ros/humble/share/rosidl_generator_c/cmake)
[0.664s] -- Found rosidl_adapter: 3.1.5 (/opt/ros/humble/share/rosidl_adapter/cmake)
[0.672s] -- Found rosidl_generator_cpp: 3.1.5 (/opt/ros/humble/share/rosidl_generator_cpp/cmake)
[0.686s] -- Using all available rosidl_typesupport_c: rosidl_typesupport_fastrtps_c;rosidl_typesupport_introspection_c
[0.705s] -- Using all available rosidl_typesupport_cpp: rosidl_typesupport_fastrtps_cpp;rosidl_typesupport_introspection_cpp
[0.725s] -- Found cv_bridge: 3.2.1 (/opt/ros/humble/share/cv_bridge/cmake)
[0.806s] -- Found image_transport: 3.1.9 (/opt/ros/humble/share/image_transport/cmake)
[0.863s] -- Found rmw_implementation_cmake: 6.1.2 (/opt/ros/humble/share/rmw_implementation_cmake/cmake)
[0.866s] -- Found rmw_fastrtps_cpp: 6.2.7 (/opt/ros/humble/share/rmw_fastrtps_cpp/cmake)
[0.978s] -- Found OpenSSL: /usr/lib/x86_64-linux-gnu/libcrypto.so (found version "3.0.2")  
[1.008s] -- Found FastRTPS: /opt/ros/humble/include  
[1.058s] -- Using RMW implementation 'rmw_fastrtps_cpp' as default
[1.070s] -- Looking for pthread.h
[1.154s] -- Looking for pthread.h - found
[1.155s] -- Performing Test CMAKE_HAVE_LIBC_PTHREAD
[1.239s] -- Performing Test CMAKE_HAVE_LIBC_PTHREAD - Success
[1.240s] -- Found Threads: TRUE  
[1.331s] -- Found rclcpp_components: 16.0.10 (/opt/ros/humble/share/rclcpp_components/cmake)
[1.356s] -- Found realsense2_camera_msgs: 4.55.1 (/home/mewert/Desktop/luna/install/realsense2_camera_msgs/share/realsense2_camera_msgs/cmake)
[1.389s] -- Found nav_msgs: 4.2.4 (/opt/ros/humble/share/nav_msgs/cmake)
[1.415s] -- Found tf2_ros: 0.25.8 (/opt/ros/humble/share/tf2_ros/cmake)
[1.520s] [31mCMake Error at CMakeLists.txt:117 (find_package):
[1.521s]   By not providing "Finddiagnostic_updater.cmake" in CMAKE_MODULE_PATH this
[1.521s]   project has asked CMake to find a package configuration file provided by
[1.521s]   "diagnostic_updater", but CMake did not find one.
[1.521s] 
[1.521s]   Could not find a package configuration file provided by
[1.521s]   "diagnostic_updater" with any of the following names:
[1.521s] 
[1.521s]     diagnostic_updaterConfig.cmake
[1.521s]     diagnostic_updater-config.cmake
[1.521s] 
[1.522s]   Add the installation prefix of "diagnostic_updater" to CMAKE_PREFIX_PATH or
[1.522s]   set "diagnostic_updater_DIR" to a directory containing one of the above
[1.522s]   files.  If "diagnostic_updater" provides a separate development package or
[1.522s]   SDK, be sure it has been installed.
[1.522s] 
[1.522s] [0m
[1.522s] -- Configuring incomplete, errors occurred!
[1.522s] See also "/home/mewert/Desktop/luna/build/realsense2_camera/CMakeFiles/CMakeOutput.log".
[1.533s] Invoked command in '/home/mewert/Desktop/luna/build/realsense2_camera' returned '1': CMAKE_PREFIX_PATH=/home/mewert/Desktop/luna/install/realsense2_camera_msgs:/home/mewert/Desktop/luna/install/realsense2_description:/home/mewert/Desktop/luna/install/realsense2_camera:/home/mewert/Desktop/Luna/install/realsense2_description:/home/mewert/Desktop/Luna/install/realsense2_camera_msgs:/home/mewert/Desktop/Luna/install/diagnostic_updater:/home/mewert/Desktop/luna/install/open_cv_pkg:/home/mewert/Desktop/Luna/install/realsense_camera_node:/home/mewert/Desktop/Luna/install/realsense_bag_player:/home/mewert/Desktop/Luna/install/example_controller:/opt/ros/humble LD_LIBRARY_PATH=/home/mewert/Desktop/luna/install/realsense2_camera_msgs/lib:/home/mewert/Desktop/luna/install/realsense2_camera/lib:/home/mewert/Desktop/Luna/install/realsense2_camera_msgs/lib:/home/mewert/Desktop/Luna/install/diagnostic_updater/lib:/opt/ros/humble/opt/rviz_ogre_vendor/lib:/opt/ros/humble/lib/x86_64-linux-gnu:/opt/ros/humble/lib /usr/bin/cmake /home/mewert/Desktop/luna/src/realsense-ros/realsense2_camera -DAMENT_CMAKE_SYMLINK_INSTALL=1 -DCMAKE_INSTALL_PREFIX=/home/mewert/Desktop/luna/install/realsense2_camera
