[0.478s] Invoking command in '/home/mewert/Desktop/luna/build/pointcloud_to_grid': CMAKE_PREFIX_PATH=${CMAKE_PREFIX_PATH}:/home/mewert/Desktop/luna/install/open_cv_pkg:/opt/ros/humble /usr/bin/cmake --build /home/mewert/Desktop/luna/build/pointcloud_to_grid -- -j6 -l6
[0.559s] [ 50%] Built target pointcloud_to_grid_node
[0.563s] [100%] Built target grid_trajectory
[0.599s] Invoked command in '/home/mewert/Desktop/luna/build/pointcloud_to_grid' returned '0': CMAKE_PREFIX_PATH=${CMAKE_PREFIX_PATH}:/home/mewert/Desktop/luna/install/open_cv_pkg:/opt/ros/humble /usr/bin/cmake --build /home/mewert/Desktop/luna/build/pointcloud_to_grid -- -j6 -l6
[0.639s] Invoking command in '/home/mewert/Desktop/luna/build/pointcloud_to_grid': CMAKE_PREFIX_PATH=${CMAKE_PREFIX_PATH}:/home/mewert/Desktop/luna/install/open_cv_pkg:/opt/ros/humble /usr/bin/cmake --install /home/mewert/Desktop/luna/build/pointcloud_to_grid
[0.658s] -- Install configuration: ""
[0.658s] -- Execute custom install script
[0.658s] -- Up-to-date symlink: /home/mewert/Desktop/luna/install/pointcloud_to_grid/share/pointcloud_to_grid/launch/demo.launch.py
[0.661s] -- Up-to-date symlink: /home/mewert/Desktop/luna/install/pointcloud_to_grid/share/pointcloud_to_grid/launch/grid_trajectory.launch.py
[0.661s] -- Up-to-date symlink: /home/mewert/Desktop/luna/install/pointcloud_to_grid/share/pointcloud_to_grid/launch/rviz.launch.py
[0.661s] -- Up-to-date symlink: /home/mewert/Desktop/luna/install/pointcloud_to_grid/share/pointcloud_to_grid/doc/default.rviz
[0.661s] -- Up-to-date symlink: /home/mewert/Desktop/luna/install/pointcloud_to_grid/share/pointcloud_to_grid/doc/grid_map01.gif
[0.661s] -- Up-to-date symlink: /home/mewert/Desktop/luna/install/pointcloud_to_grid/share/pointcloud_to_grid/doc/grid_map_conventions.pdf
[0.661s] -- Up-to-date symlink: /home/mewert/Desktop/luna/install/pointcloud_to_grid/share/pointcloud_to_grid/doc/grid_map_conventions.png
[0.661s] -- Up-to-date symlink: /home/mewert/Desktop/luna/install/pointcloud_to_grid/share/pointcloud_to_grid/doc/grid_map_conventions.svg
[0.662s] -- Up-to-date symlink: /home/mewert/Desktop/luna/install/pointcloud_to_grid/lib/pointcloud_to_grid/pointcloud_to_grid_node
[0.662s] -- Up-to-date symlink: /home/mewert/Desktop/luna/install/pointcloud_to_grid/lib/pointcloud_to_grid/grid_trajectory
[0.662s] -- Up-to-date symlink: /home/mewert/Desktop/luna/install/pointcloud_to_grid/share/pointcloud_to_grid/launch/demo.launch.py
[0.662s] -- Up-to-date symlink: /home/mewert/Desktop/luna/install/pointcloud_to_grid/share/pointcloud_to_grid/launch/grid_trajectory.launch.py
[0.662s] -- Up-to-date symlink: /home/mewert/Desktop/luna/install/pointcloud_to_grid/share/pointcloud_to_grid/launch/rviz.launch.py
[0.662s] -- Up-to-date symlink: /home/mewert/Desktop/luna/install/pointcloud_to_grid/share/pointcloud_to_grid/doc/default.rviz
[0.662s] -- Up-to-date symlink: /home/mewert/Desktop/luna/install/pointcloud_to_grid/share/pointcloud_to_grid/doc/grid_map01.gif
[0.662s] -- Up-to-date symlink: /home/mewert/Desktop/luna/install/pointcloud_to_grid/share/pointcloud_to_grid/doc/grid_map_conventions.pdf
[0.662s] -- Up-to-date symlink: /home/mewert/Desktop/luna/install/pointcloud_to_grid/share/pointcloud_to_grid/doc/grid_map_conventions.png
[0.662s] -- Up-to-date symlink: /home/mewert/Desktop/luna/install/pointcloud_to_grid/share/pointcloud_to_grid/doc/grid_map_conventions.svg
[0.662s] -- Up-to-date symlink: /home/mewert/Desktop/luna/install/pointcloud_to_grid/lib/pointcloud_to_grid/pointcloud_to_grid_node
[0.662s] -- Up-to-date symlink: /home/mewert/Desktop/luna/install/pointcloud_to_grid/lib/pointcloud_to_grid/grid_trajectory
[0.662s] -- Up-to-date symlink: /home/mewert/Desktop/luna/install/pointcloud_to_grid/share/ament_index/resource_index/package_run_dependencies/pointcloud_to_grid
[0.663s] -- Up-to-date symlink: /home/mewert/Desktop/luna/install/pointcloud_to_grid/share/ament_index/resource_index/parent_prefix_path/pointcloud_to_grid
[0.663s] -- Up-to-date symlink: /home/mewert/Desktop/luna/install/pointcloud_to_grid/share/pointcloud_to_grid/environment/ament_prefix_path.sh
[0.663s] -- Up-to-date symlink: /home/mewert/Desktop/luna/install/pointcloud_to_grid/share/pointcloud_to_grid/environment/ament_prefix_path.dsv
[0.663s] -- Up-to-date symlink: /home/mewert/Desktop/luna/install/pointcloud_to_grid/share/pointcloud_to_grid/environment/path.sh
[0.663s] -- Up-to-date symlink: /home/mewert/Desktop/luna/install/pointcloud_to_grid/share/pointcloud_to_grid/environment/path.dsv
[0.663s] -- Up-to-date symlink: /home/mewert/Desktop/luna/install/pointcloud_to_grid/share/pointcloud_to_grid/local_setup.bash
[0.663s] -- Up-to-date symlink: /home/mewert/Desktop/luna/install/pointcloud_to_grid/share/pointcloud_to_grid/local_setup.sh
[0.663s] -- Up-to-date symlink: /home/mewert/Desktop/luna/install/pointcloud_to_grid/share/pointcloud_to_grid/local_setup.zsh
[0.663s] -- Up-to-date symlink: /home/mewert/Desktop/luna/install/pointcloud_to_grid/share/pointcloud_to_grid/local_setup.dsv
[0.664s] -- Symlinking: /home/mewert/Desktop/luna/install/pointcloud_to_grid/share/pointcloud_to_grid/package.dsv
[0.678s] -- Up-to-date symlink: /home/mewert/Desktop/luna/install/pointcloud_to_grid/share/ament_index/resource_index/packages/pointcloud_to_grid
[0.679s] -- Up-to-date symlink: /home/mewert/Desktop/luna/install/pointcloud_to_grid/share/ament_index/resource_index/package_run_dependencies/pointcloud_to_grid
[0.679s] -- Up-to-date symlink: /home/mewert/Desktop/luna/install/pointcloud_to_grid/share/ament_index/resource_index/parent_prefix_path/pointcloud_to_grid
[0.680s] -- Up-to-date symlink: /home/mewert/Desktop/luna/install/pointcloud_to_grid/share/pointcloud_to_grid/environment/ament_prefix_path.sh
[0.680s] -- Up-to-date symlink: /home/mewert/Desktop/luna/install/pointcloud_to_grid/share/pointcloud_to_grid/environment/ament_prefix_path.dsv
[0.680s] -- Up-to-date symlink: /home/mewert/Desktop/luna/install/pointcloud_to_grid/share/pointcloud_to_grid/environment/path.sh
[0.680s] -- Up-to-date symlink: /home/mewert/Desktop/luna/install/pointcloud_to_grid/share/pointcloud_to_grid/environment/path.dsv
[0.680s] -- Up-to-date symlink: /home/mewert/Desktop/luna/install/pointcloud_to_grid/share/pointcloud_to_grid/local_setup.bash
[0.680s] -- Up-to-date symlink: /home/mewert/Desktop/luna/install/pointcloud_to_grid/share/pointcloud_to_grid/local_setup.sh
[0.681s] -- Up-to-date symlink: /home/mewert/Desktop/luna/install/pointcloud_to_grid/share/pointcloud_to_grid/local_setup.zsh
[0.681s] -- Up-to-date symlink: /home/mewert/Desktop/luna/install/pointcloud_to_grid/share/pointcloud_to_grid/local_setup.dsv
[0.681s] -- Up-to-date symlink: /home/mewert/Desktop/luna/install/pointcloud_to_grid/share/pointcloud_to_grid/package.dsv
[0.681s] -- Up-to-date symlink: /home/mewert/Desktop/luna/install/pointcloud_to_grid/share/ament_index/resource_index/packages/pointcloud_to_grid
[0.682s] -- Up-to-date symlink: /home/mewert/Desktop/luna/install/pointcloud_to_grid/share/pointcloud_to_grid/cmake/pointcloud_to_gridConfig.cmake
[0.682s] -- Up-to-date symlink: /home/mewert/Desktop/luna/install/pointcloud_to_grid/share/pointcloud_to_grid/cmake/pointcloud_to_gridConfig-version.cmake
[0.682s] -- Up-to-date symlink: /home/mewert/Desktop/luna/install/pointcloud_to_grid/share/pointcloud_to_grid/package.xml
[0.684s] -- Up-to-date symlink: /home/mewert/Desktop/luna/install/pointcloud_to_grid/share/pointcloud_to_grid/cmake/pointcloud_to_gridConfig.cmake
[0.684s] -- Up-to-date symlink: /home/mewert/Desktop/luna/install/pointcloud_to_grid/share/pointcloud_to_grid/cmake/pointcloud_to_gridConfig-version.cmake
[0.685s] -- Up-to-date symlink: /home/mewert/Desktop/luna/install/pointcloud_to_grid/share/pointcloud_to_grid/package.xml
[0.685s] -- Up-to-date symlink: /home/mewert/Desktop/luna/install/pointcloud_to_grid/share/pointcloud_to_grid/launch/demo.launch.py
[0.685s] -- Up-to-date symlink: /home/mewert/Desktop/luna/install/pointcloud_to_grid/share/pointcloud_to_grid/launch/grid_trajectory.launch.py
[0.685s] -- Up-to-date symlink: /home/mewert/Desktop/luna/install/pointcloud_to_grid/share/pointcloud_to_grid/launch/rviz.launch.py
[0.685s] -- Up-to-date symlink: /home/mewert/Desktop/luna/install/pointcloud_to_grid/share/pointcloud_to_grid/doc/default.rviz
[0.685s] -- Up-to-date symlink: /home/mewert/Desktop/luna/install/pointcloud_to_grid/share/pointcloud_to_grid/doc/grid_map01.gif
[0.685s] -- Up-to-date symlink: /home/mewert/Desktop/luna/install/pointcloud_to_grid/share/pointcloud_to_grid/doc/grid_map_conventions.pdf
[0.685s] -- Up-to-date symlink: /home/mewert/Desktop/luna/install/pointcloud_to_grid/share/pointcloud_to_grid/doc/grid_map_conventions.png
[0.685s] -- Up-to-date symlink: /home/mewert/Desktop/luna/install/pointcloud_to_grid/share/pointcloud_to_grid/doc/grid_map_conventions.svg
[0.686s] -- Up-to-date symlink: /home/mewert/Desktop/luna/install/pointcloud_to_grid/lib/pointcloud_to_grid/pointcloud_to_grid_node
[0.688s] -- Up-to-date symlink: /home/mewert/Desktop/luna/install/pointcloud_to_grid/lib/pointcloud_to_grid/grid_trajectory
[0.688s] -- Up-to-date symlink: /home/mewert/Desktop/luna/install/pointcloud_to_grid/share/ament_index/resource_index/package_run_dependencies/pointcloud_to_grid
[0.688s] -- Up-to-date symlink: /home/mewert/Desktop/luna/install/pointcloud_to_grid/share/ament_index/resource_index/parent_prefix_path/pointcloud_to_grid
[0.688s] -- Up-to-date symlink: /home/mewert/Desktop/luna/install/pointcloud_to_grid/share/pointcloud_to_grid/environment/ament_prefix_path.sh
[0.688s] -- Up-to-date symlink: /home/mewert/Desktop/luna/install/pointcloud_to_grid/share/pointcloud_to_grid/environment/ament_prefix_path.dsv
[0.688s] -- Up-to-date symlink: /home/mewert/Desktop/luna/install/pointcloud_to_grid/share/pointcloud_to_grid/environment/path.sh
[0.688s] -- Up-to-date symlink: /home/mewert/Desktop/luna/install/pointcloud_to_grid/share/pointcloud_to_grid/environment/path.dsv
[0.688s] -- Up-to-date symlink: /home/mewert/Desktop/luna/install/pointcloud_to_grid/share/pointcloud_to_grid/local_setup.bash
[0.688s] -- Up-to-date symlink: /home/mewert/Desktop/luna/install/pointcloud_to_grid/share/pointcloud_to_grid/local_setup.sh
[0.688s] -- Up-to-date symlink: /home/mewert/Desktop/luna/install/pointcloud_to_grid/share/pointcloud_to_grid/local_setup.zsh
[0.689s] -- Up-to-date symlink: /home/mewert/Desktop/luna/install/pointcloud_to_grid/share/pointcloud_to_grid/local_setup.dsv
[0.690s] -- Up-to-date symlink: /home/mewert/Desktop/luna/install/pointcloud_to_grid/share/pointcloud_to_grid/package.dsv
[0.690s] -- Up-to-date symlink: /home/mewert/Desktop/luna/install/pointcloud_to_grid/share/ament_index/resource_index/packages/pointcloud_to_grid
[0.690s] -- Up-to-date symlink: /home/mewert/Desktop/luna/install/pointcloud_to_grid/share/pointcloud_to_grid/cmake/pointcloud_to_gridConfig.cmake
[0.690s] -- Up-to-date symlink: /home/mewert/Desktop/luna/install/pointcloud_to_grid/share/pointcloud_to_grid/cmake/pointcloud_to_gridConfig-version.cmake
[0.690s] -- Up-to-date symlink: /home/mewert/Desktop/luna/install/pointcloud_to_grid/share/pointcloud_to_grid/package.xml
[0.693s] Invoked command in '/home/mewert/Desktop/luna/build/pointcloud_to_grid' returned '0': CMAKE_PREFIX_PATH=${CMAKE_PREFIX_PATH}:/home/mewert/Desktop/luna/install/open_cv_pkg:/opt/ros/humble /usr/bin/cmake --install /home/mewert/Desktop/luna/build/pointcloud_to_grid
