[4.557s] Invoking command in '/home/mewert/Desktop/luna/build/pointcloud_to_grid': CMAKE_PREFIX_PATH=${CMAKE_PREFIX_PATH}:/home/mewert/Desktop/luna/install/open_cv_pkg:/opt/ros/humble /usr/bin/cmake --build /home/mewert/Desktop/luna/build/pointcloud_to_grid -- -j6 -l6
[4.903s] -- Found ament_cmake: 1.3.10 (/opt/ros/humble/share/ament_cmake/cmake)
[6.756s] -- Override CMake install command with custom implementation using symlinks instead of copying resources
[6.757s] -- Found rclcpp: 16.0.10 (/opt/ros/humble/share/rclcpp/cmake)
[7.212s] -- Found rosidl_generator_c: 3.1.5 (/opt/ros/humble/share/rosidl_generator_c/cmake)
[7.239s] -- Found rosidl_adapter: 3.1.5 (/opt/ros/humble/share/rosidl_adapter/cmake)
[7.240s] -- Found rosidl_generator_cpp: 3.1.5 (/opt/ros/humble/share/rosidl_generator_cpp/cmake)
[7.466s] -- Using all available rosidl_typesupport_c: rosidl_typesupport_fastrtps_c;rosidl_typesupport_introspection_c
[7.636s] -- Using all available rosidl_typesupport_cpp: rosidl_typesupport_fastrtps_cpp;rosidl_typesupport_introspection_cpp
[8.057s] -- Found rmw_implementation_cmake: 6.1.2 (/opt/ros/humble/share/rmw_implementation_cmake/cmake)
[8.057s] -- Found rmw_fastrtps_cpp: 6.2.7 (/opt/ros/humble/share/rmw_fastrtps_cpp/cmake)
[8.974s] -- Using RMW implementation 'rmw_fastrtps_cpp' as default
[9.766s] -- Found sensor_msgs: 4.2.4 (/opt/ros/humble/share/sensor_msgs/cmake)
[9.766s] -- Found nav_msgs: 4.2.4 (/opt/ros/humble/share/nav_msgs/cmake)
[9.884s] -- Found visualization_msgs: 4.2.4 (/opt/ros/humble/share/visualization_msgs/cmake)
[10.293s] -- Found tf2: 0.25.8 (/opt/ros/humble/share/tf2/cmake)
[10.309s] -- Found tf2_msgs: 0.25.8 (/opt/ros/humble/share/tf2_msgs/cmake)
[10.630s] -- Found tf2_ros: 0.25.8 (/opt/ros/humble/share/tf2_ros/cmake)
[10.776s] -- Found tf2_geometry_msgs: 0.25.8 (/opt/ros/humble/share/tf2_geometry_msgs/cmake)
[10.776s] -- Found eigen3_cmake_module: 0.1.1 (/opt/ros/humble/share/eigen3_cmake_module/cmake)
[10.776s] -- Ensuring Eigen3 include directory is part of orocos-kdl CMake target
[10.776s] -- Found pcl_ros: 2.4.5 (/opt/ros/humble/share/pcl_ros/cmake)
[11.154s] -- Eigen found (include: /usr/include/eigen3, version: 3.4.0)
[11.314s] -- FLANN found (include: /usr/include, lib: /usr/lib/x86_64-linux-gnu/libflann_cpp.so)
[14.392s] -- OpenNI found (version: 1.5.4.0, include: /usr/include/ni, lib: /usr/lib/libOpenNI.so;libusb::libusb)
[14.426s] -- OpenNI2 found (version: 2.2.0.33, include: /usr/include/openni2, lib: /usr/lib/x86_64-linux-gnu/libOpenNI2.so;libusb::libusb)
[15.268s] -- Eigen found (include: /usr/include/eigen3, version: 3.4.0)
[15.444s] -- OpenNI found (version: 1.5.4.0, include: /usr/include/ni, lib: /usr/lib/libOpenNI.so;libusb::libusb)
[15.500s] -- OpenNI2 found (version: 2.2.0.33, include: /usr/include/openni2, lib: /usr/lib/x86_64-linux-gnu/libOpenNI2.so;libusb::libusb)
[16.664s] -- Found Qhull version 8.0.2
[17.985s] -- OpenNI found (version: 1.5.4.0, include: /usr/include/ni, lib: /usr/lib/libOpenNI.so;libusb::libusb)
[19.726s] -- Found ament_lint_auto: 0.12.11 (/opt/ros/humble/share/ament_lint_auto/cmake)
[20.110s] -- Added test 'cppcheck' to perform static code analysis on C / C++ code
[20.158s] -- Configured cppcheck include dirs: /home/mewert/Desktop/luna/src/pointcloud_to_grid/include
[20.158s] -- Configured cppcheck exclude dirs and/or files: 
[20.158s] -- Added test 'flake8' to check Python code syntax and style conventions
[20.158s] -- Added test 'lint_cmake' to check CMake code style
[20.159s] -- Added test 'pep257' to check Python code against some of the docstring style conventions in PEP 257
[20.159s] -- Added test 'uncrustify' to check C / C++ code style
[20.159s] -- Configured uncrustify additional arguments: 
[20.159s] -- Added test 'xmllint' to check XML markup files
[20.159s] -- Configuring done
[20.655s] -- Generating done
[20.662s] -- Build files have been written to: /home/mewert/Desktop/luna/build/pointcloud_to_grid
[21.072s] [35m[1mConsolidate compiler generated dependencies of target pointcloud_to_grid_node[0m
[21.147s] [ 25%] [32mBuilding CXX object CMakeFiles/pointcloud_to_grid_node.dir/src/pointcloud_to_grid_node.cpp.o[0m
[51.570s] gmake[2]: *** wait: No child processes.  Stop.
[51.571s] gmake[2]: *** Waiting for unfinished jobs....
[51.571s] gmake[2]: *** wait: No child processes.  Stop.
[51.571s] gmake[1]: *** [CMakeFiles/Makefile2:139: CMakeFiles/pointcloud_to_grid_node.dir/all] Error 2
[51.587s] gmake: *** [Makefile:146: all] Interrupt
