[1.257s] Invoking command in '/home/mewert/Desktop/luna/build/open_cv_pkg': PYTHONPATH=/home/mewert/Desktop/luna/build/open_cv_pkg/prefix_override:/usr/lib/python3/dist-packages/colcon_core/task/python/colcon_distutils_commands:/home/mewert/Desktop/luna/install/open_cv_pkg/lib/python3.10/site-packages:${PYTHONPATH} /usr/bin/python3 -W ignore:setup.py install is deprecated setup.py develop --uninstall --editable --build-directory /home/mewert/Desktop/luna/build/open_cv_pkg/build
[1.766s] running develop
[1.767s] /home/mewert/.local/lib/python3.10/site-packages/setuptools/command/easy_install.py:157: EasyInstallDeprecationWarning: easy_install command is deprecated. Use build and pip and other standards-based tools.
[1.767s]   warnings.warn(
[2.057s] Removing /home/mewert/Desktop/luna/install/open_cv_pkg/lib/python3.10/site-packages/open-cv-pkg.egg-link (link to .)
[2.138s] Invoked command in '/home/mewert/Desktop/luna/build/open_cv_pkg' returned '0': PYTHONPATH=/home/mewert/Desktop/luna/build/open_cv_pkg/prefix_override:/usr/lib/python3/dist-packages/colcon_core/task/python/colcon_distutils_commands:/home/mewert/Desktop/luna/install/open_cv_pkg/lib/python3.10/site-packages:${PYTHONPATH} /usr/bin/python3 -W ignore:setup.py install is deprecated setup.py develop --uninstall --editable --build-directory /home/mewert/Desktop/luna/build/open_cv_pkg/build
[2.140s] Invoking command in '/home/mewert/Desktop/luna/src/open_cv_pkg': PYTHONPATH=/home/mewert/Desktop/luna/build/open_cv_pkg/prefix_override:/usr/lib/python3/dist-packages/colcon_core/task/python/colcon_distutils_commands:/home/mewert/Desktop/luna/install/open_cv_pkg/lib/python3.10/site-packages:${PYTHONPATH} /usr/bin/python3 -W ignore:setup.py install is deprecated setup.py egg_info --egg-base ../../build/open_cv_pkg build --build-base /home/mewert/Desktop/luna/build/open_cv_pkg/build install --record /home/mewert/Desktop/luna/build/open_cv_pkg/install.log --single-version-externally-managed install_data --force
[2.577s] running egg_info
[2.577s] writing ../../build/open_cv_pkg/open_cv_pkg.egg-info/PKG-INFO
[2.578s] writing dependency_links to ../../build/open_cv_pkg/open_cv_pkg.egg-info/dependency_links.txt
[2.579s] writing entry points to ../../build/open_cv_pkg/open_cv_pkg.egg-info/entry_points.txt
[2.579s] writing requirements to ../../build/open_cv_pkg/open_cv_pkg.egg-info/requires.txt
[2.579s] writing top-level names to ../../build/open_cv_pkg/open_cv_pkg.egg-info/top_level.txt
[2.584s] reading manifest file '../../build/open_cv_pkg/open_cv_pkg.egg-info/SOURCES.txt'
[2.588s] running build
[2.588s] running build_py
[2.592s] running install
[2.613s] running install_lib
[2.621s] running install_data
[2.621s] running install_egg_info
[2.622s] running install_scripts
[2.655s] Installing object_detection_node script to /home/mewert/Desktop/luna/install/open_cv_pkg/lib/open_cv_pkg
[2.655s] Installing og_from_pointcloud script to /home/mewert/Desktop/luna/install/open_cv_pkg/lib/open_cv_pkg
[2.715s] Invoked command in '/home/mewert/Desktop/luna/src/open_cv_pkg' returned '0': PYTHONPATH=/home/mewert/Desktop/luna/build/open_cv_pkg/prefix_override:/usr/lib/python3/dist-packages/colcon_core/task/python/colcon_distutils_commands:/home/mewert/Desktop/luna/install/open_cv_pkg/lib/python3.10/site-packages:${PYTHONPATH} /usr/bin/python3 -W ignore:setup.py install is deprecated setup.py egg_info --egg-base ../../build/open_cv_pkg build --build-base /home/mewert/Desktop/luna/build/open_cv_pkg/build install --record /home/mewert/Desktop/luna/build/open_cv_pkg/install.log --single-version-externally-managed install_data --force
