[0.081s] Invoking command in '/home/mewert/Desktop/luna/build/diagnostic_aggregator': CMAKE_PREFIX_PATH=${CMAKE_PREFIX_PATH}:/home/mewert/Desktop/luna/install/open_cv_pkg:/opt/ros/humble /usr/bin/cmake --build /home/mewert/Desktop/luna/build/diagnostic_aggregator -- -j6 -l6
[0.748s] [ 33%] Built target diagnostic_aggregator
[0.748s] [ 50%] Built target add_analyzer
[0.748s] [ 50%] Built target ament_cmake_python_symlink_diagnostic_aggregator
[0.749s] [ 66%] Built target aggregator_node
[0.749s] [100%] Built target diagnostic_aggregator_analyzers
[1.026s] running egg_info
[1.028s] writing diagnostic_aggregator.egg-info/PKG-INFO
[1.028s] writing dependency_links to diagnostic_aggregator.egg-info/dependency_links.txt
[1.029s] writing top-level names to diagnostic_aggregator.egg-info/top_level.txt
[1.033s] reading manifest file 'diagnostic_aggregator.egg-info/SOURCES.txt'
[1.131s] [100%] Built target ament_cmake_python_build_diagnostic_aggregator_egg
[1.144s] Invoked command in '/home/mewert/Desktop/luna/build/diagnostic_aggregator' returned '0': CMAKE_PREFIX_PATH=${CMAKE_PREFIX_PATH}:/home/mewert/Desktop/luna/install/open_cv_pkg:/opt/ros/humble /usr/bin/cmake --build /home/mewert/Desktop/luna/build/diagnostic_aggregator -- -j6 -l6
[1.212s] Invoking command in '/home/mewert/Desktop/luna/build/diagnostic_aggregator': CMAKE_PREFIX_PATH=${CMAKE_PREFIX_PATH}:/home/mewert/Desktop/luna/install/open_cv_pkg:/opt/ros/humble /usr/bin/cmake --install /home/mewert/Desktop/luna/build/diagnostic_aggregator
[1.222s] -- Install configuration: ""
[1.223s] -- Execute custom install script
[1.223s] -- Up-to-date symlink: /home/mewert/Desktop/luna/install/diagnostic_aggregator/lib/diagnostic_aggregator/aggregator_node
[1.223s] -- Up-to-date symlink: /home/mewert/Desktop/luna/install/diagnostic_aggregator/lib/diagnostic_aggregator/add_analyzer
[1.223s] -- Up-to-date symlink: /home/mewert/Desktop/luna/install/diagnostic_aggregator/include/diagnostic_aggregator/aggregator.hpp
[1.225s] -- Up-to-date symlink: /home/mewert/Desktop/luna/install/diagnostic_aggregator/include/diagnostic_aggregator/analyzer.hpp
[1.225s] -- Up-to-date symlink: /home/mewert/Desktop/luna/install/diagnostic_aggregator/include/diagnostic_aggregator/analyzer_group.hpp
[1.225s] -- Up-to-date symlink: /home/mewert/Desktop/luna/install/diagnostic_aggregator/include/diagnostic_aggregator/discard_analyzer.hpp
[1.225s] -- Up-to-date symlink: /home/mewert/Desktop/luna/install/diagnostic_aggregator/include/diagnostic_aggregator/generic_analyzer.hpp
[1.225s] -- Up-to-date symlink: /home/mewert/Desktop/luna/install/diagnostic_aggregator/include/diagnostic_aggregator/generic_analyzer_base.hpp
[1.225s] -- Up-to-date symlink: /home/mewert/Desktop/luna/install/diagnostic_aggregator/include/diagnostic_aggregator/ignore_analyzer.hpp
[1.225s] -- Up-to-date symlink: /home/mewert/Desktop/luna/install/diagnostic_aggregator/include/diagnostic_aggregator/other_analyzer.hpp
[1.225s] -- Up-to-date symlink: /home/mewert/Desktop/luna/install/diagnostic_aggregator/include/diagnostic_aggregator/status_item.hpp
[1.228s] -- Up-to-date symlink: /home/mewert/Desktop/luna/install/diagnostic_aggregator/include/diagnostic_aggregator/visibility_control.hpp
[1.228s] -- Up-to-date symlink: /home/mewert/Desktop/luna/install/diagnostic_aggregator/share/diagnostic_aggregator/environment/pythonpath.sh
[1.228s] -- Up-to-date symlink: /home/mewert/Desktop/luna/install/diagnostic_aggregator/share/diagnostic_aggregator/environment/pythonpath.dsv
[1.229s] -- Up-to-date symlink: /home/mewert/Desktop/luna/install/diagnostic_aggregator/local/lib/python3.10/dist-packages/diagnostic_aggregator-4.3.1-py3.10.egg-info/PKG-INFO
[1.229s] -- Up-to-date symlink: /home/mewert/Desktop/luna/install/diagnostic_aggregator/local/lib/python3.10/dist-packages/diagnostic_aggregator-4.3.1-py3.10.egg-info/SOURCES.txt
[1.229s] -- Up-to-date symlink: /home/mewert/Desktop/luna/install/diagnostic_aggregator/local/lib/python3.10/dist-packages/diagnostic_aggregator-4.3.1-py3.10.egg-info/dependency_links.txt
[1.229s] -- Up-to-date symlink: /home/mewert/Desktop/luna/install/diagnostic_aggregator/local/lib/python3.10/dist-packages/diagnostic_aggregator-4.3.1-py3.10.egg-info/top_level.txt
[1.231s] -- Up-to-date symlink: /home/mewert/Desktop/luna/install/diagnostic_aggregator/local/lib/python3.10/dist-packages/diagnostic_aggregator/__init__.py
[1.231s] -- Up-to-date symlink: /home/mewert/Desktop/luna/install/diagnostic_aggregator/share/diagnostic_aggregator/example.launch.py
[1.231s] -- Up-to-date symlink: /home/mewert/Desktop/luna/install/diagnostic_aggregator/lib/diagnostic_aggregator/example_pub.py
[1.231s] -- Up-to-date symlink: /home/mewert/Desktop/luna/install/diagnostic_aggregator/share/diagnostic_aggregator/example_analyzers.yaml
[1.232s] -- Up-to-date symlink: /home/mewert/Desktop/luna/install/diagnostic_aggregator/share/diagnostic_aggregator/example_add_analyzers.yaml
[1.232s] -- Up-to-date symlink: /home/mewert/Desktop/luna/install/diagnostic_aggregator/share/diagnostic_aggregator//plugin_description.xml
[1.232s] -- Up-to-date symlink: /home/mewert/Desktop/luna/install/diagnostic_aggregator/share/diagnostic_aggregator/environment/library_path.sh
[1.233s] -- Up-to-date symlink: /home/mewert/Desktop/luna/install/diagnostic_aggregator/share/diagnostic_aggregator/environment/library_path.dsv
[1.233s] -- Up-to-date symlink: /home/mewert/Desktop/luna/install/diagnostic_aggregator/share/ament_index/resource_index/package_run_dependencies/diagnostic_aggregator
[1.233s] -- Up-to-date symlink: /home/mewert/Desktop/luna/install/diagnostic_aggregator/share/ament_index/resource_index/parent_prefix_path/diagnostic_aggregator
[1.234s] -- Up-to-date symlink: /home/mewert/Desktop/luna/install/diagnostic_aggregator/share/diagnostic_aggregator/environment/ament_prefix_path.sh
[1.234s] -- Up-to-date symlink: /home/mewert/Desktop/luna/install/diagnostic_aggregator/share/diagnostic_aggregator/environment/ament_prefix_path.dsv
[1.234s] -- Up-to-date symlink: /home/mewert/Desktop/luna/install/diagnostic_aggregator/share/diagnostic_aggregator/environment/path.sh
[1.234s] -- Up-to-date symlink: /home/mewert/Desktop/luna/install/diagnostic_aggregator/share/diagnostic_aggregator/environment/path.dsv
[1.234s] -- Up-to-date symlink: /home/mewert/Desktop/luna/install/diagnostic_aggregator/share/diagnostic_aggregator/local_setup.bash
[1.234s] -- Up-to-date symlink: /home/mewert/Desktop/luna/install/diagnostic_aggregator/share/diagnostic_aggregator/local_setup.sh
[1.234s] -- Up-to-date symlink: /home/mewert/Desktop/luna/install/diagnostic_aggregator/share/diagnostic_aggregator/local_setup.zsh
[1.234s] -- Up-to-date symlink: /home/mewert/Desktop/luna/install/diagnostic_aggregator/share/diagnostic_aggregator/local_setup.dsv
[1.234s] -- Symlinking: /home/mewert/Desktop/luna/install/diagnostic_aggregator/share/diagnostic_aggregator/package.dsv
[1.253s] -- Up-to-date symlink: /home/mewert/Desktop/luna/install/diagnostic_aggregator/share/ament_index/resource_index/packages/diagnostic_aggregator
[1.254s] -- Up-to-date symlink: /home/mewert/Desktop/luna/install/diagnostic_aggregator/share/ament_index/resource_index/diagnostic_aggregator__pluginlib__plugin/diagnostic_aggregator
[1.254s] -- Up-to-date symlink: /home/mewert/Desktop/luna/install/diagnostic_aggregator/share/diagnostic_aggregator/cmake/ament_cmake_export_targets-extras.cmake
[1.254s] -- Up-to-date symlink: /home/mewert/Desktop/luna/install/diagnostic_aggregator/share/diagnostic_aggregator/cmake/ament_cmake_export_include_directories-extras.cmake
[1.255s] -- Up-to-date symlink: /home/mewert/Desktop/luna/install/diagnostic_aggregator/share/diagnostic_aggregator/cmake/ament_cmake_export_dependencies-extras.cmake
[1.255s] -- Up-to-date symlink: /home/mewert/Desktop/luna/install/diagnostic_aggregator/share/diagnostic_aggregator/cmake/diagnostic_aggregatorConfig.cmake
[1.255s] -- Up-to-date symlink: /home/mewert/Desktop/luna/install/diagnostic_aggregator/share/diagnostic_aggregator/cmake/diagnostic_aggregatorConfig-version.cmake
[1.255s] -- Up-to-date symlink: /home/mewert/Desktop/luna/install/diagnostic_aggregator/share/diagnostic_aggregator/package.xml
[1.255s] -- Up-to-date: /home/mewert/Desktop/luna/install/diagnostic_aggregator/lib/libdiagnostic_aggregator.so
[1.255s] -- Up-to-date: /home/mewert/Desktop/luna/install/diagnostic_aggregator/lib/libdiagnostic_aggregator_analyzers.so
[1.315s] Listing '/home/mewert/Desktop/luna/install/diagnostic_aggregator/local/lib/python3.10/dist-packages/diagnostic_aggregator'...
[1.323s] -- Up-to-date: /home/mewert/Desktop/luna/install/diagnostic_aggregator/share/diagnostic_aggregator/cmake/diagnostic_aggregatorTargetsExport.cmake
[1.323s] -- Up-to-date: /home/mewert/Desktop/luna/install/diagnostic_aggregator/share/diagnostic_aggregator/cmake/diagnostic_aggregatorTargetsExport-noconfig.cmake
[1.326s] Invoked command in '/home/mewert/Desktop/luna/build/diagnostic_aggregator' returned '0': CMAKE_PREFIX_PATH=${CMAKE_PREFIX_PATH}:/home/mewert/Desktop/luna/install/open_cv_pkg:/opt/ros/humble /usr/bin/cmake --install /home/mewert/Desktop/luna/build/diagnostic_aggregator
