[0.047s] Invoking command in '/home/mewert/Desktop/luna/build/my_octomap_pkg': CMAKE_PREFIX_PATH=${CMAKE_PREFIX_PATH}:/home/mewert/Desktop/luna/install/open_cv_pkg:/opt/ros/humble /usr/bin/cmake /home/mewert/Desktop/luna/src/my_octomap_pkg -DCMAKE_INSTALL_PREFIX=/home/mewert/Desktop/luna/install/my_octomap_pkg
[0.510s] -- Found ament_cmake: 1.3.10 (/opt/ros/humble/share/ament_cmake/cmake)
[0.510s] -- Override CMake install command with custom implementation using symlinks instead of copying resources
[0.510s] -- Found rclcpp: 16.0.10 (/opt/ros/humble/share/rclcpp/cmake)
[0.510s] -- Found rosidl_generator_c: 3.1.5 (/opt/ros/humble/share/rosidl_generator_c/cmake)
[0.510s] -- Found rosidl_adapter: 3.1.5 (/opt/ros/humble/share/rosidl_adapter/cmake)
[0.510s] -- Found rosidl_generator_cpp: 3.1.5 (/opt/ros/humble/share/rosidl_generator_cpp/cmake)
[0.510s] -- Using all available rosidl_typesupport_c: rosidl_typesupport_fastrtps_c;rosidl_typesupport_introspection_c
[0.510s] -- Using all available rosidl_typesupport_cpp: rosidl_typesupport_fastrtps_cpp;rosidl_typesupport_introspection_cpp
[0.510s] -- Found rmw_implementation_cmake: 6.1.2 (/opt/ros/humble/share/rmw_implementation_cmake/cmake)
[0.510s] -- Found rmw_fastrtps_cpp: 6.2.7 (/opt/ros/humble/share/rmw_fastrtps_cpp/cmake)
[0.562s] -- Using RMW implementation 'rmw_fastrtps_cpp' as default
[0.658s] -- Found octomap_server: 2.3.0 (/opt/ros/humble/share/octomap_server/cmake)
[0.987s] -- Eigen found (include: /usr/include/eigen3, version: 3.4.0)
[1.099s] -- FLANN found (include: /usr/include, lib: /usr/lib/x86_64-linux-gnu/libflann_cpp.so)
[2.033s] -- OpenNI found (version: 1.5.4.0, include: /usr/include/ni, lib: /usr/lib/libOpenNI.so;libusb::libusb)
[2.043s] -- OpenNI2 found (version: 2.2.0.33, include: /usr/include/openni2, lib: /usr/lib/x86_64-linux-gnu/libOpenNI2.so;libusb::libusb)
[2.316s] -- Eigen found (include: /usr/include/eigen3, version: 3.4.0)
[2.325s] -- OpenNI found (version: 1.5.4.0, include: /usr/include/ni, lib: /usr/lib/libOpenNI.so;libusb::libusb)
[2.335s] -- OpenNI2 found (version: 2.2.0.33, include: /usr/include/openni2, lib: /usr/lib/x86_64-linux-gnu/libOpenNI2.so;libusb::libusb)
[2.587s] -- Found Qhull version 8.0.2
[2.979s] -- OpenNI found (version: 1.5.4.0, include: /usr/include/ni, lib: /usr/lib/libOpenNI.so;libusb::libusb)
[3.277s] -- Found eigen3_cmake_module: 0.1.1 (/opt/ros/humble/share/eigen3_cmake_module/cmake)
[3.280s] -- Ensuring Eigen3 include directory is part of orocos-kdl CMake target
[3.512s] -- Found ament_lint_auto: 0.12.11 (/opt/ros/humble/share/ament_lint_auto/cmake)
[3.649s] -- Added test 'cppcheck' to perform static code analysis on C / C++ code
[3.649s] -- Configured cppcheck include dirs: $<BUILD_INTERFACE:/home/mewert/Desktop/luna/src/my_octomap_pkg/include>
[3.649s] -- Configured cppcheck exclude dirs and/or files: 
[3.649s] -- Added test 'flake8' to check Python code syntax and style conventions
[3.649s] -- Added test 'lint_cmake' to check CMake code style
[3.649s] -- Added test 'pep257' to check Python code against some of the docstring style conventions in PEP 257
[3.649s] -- Added test 'uncrustify' to check C / C++ code style
[3.649s] -- Configured uncrustify additional arguments: 
[3.650s] -- Added test 'xmllint' to check XML markup files
[3.650s] -- Configuring done
[3.841s] -- Generating done
[3.846s] -- Build files have been written to: /home/mewert/Desktop/luna/build/my_octomap_pkg
[3.888s] Invoked command in '/home/mewert/Desktop/luna/build/my_octomap_pkg' returned '0': CMAKE_PREFIX_PATH=${CMAKE_PREFIX_PATH}:/home/mewert/Desktop/luna/install/open_cv_pkg:/opt/ros/humble /usr/bin/cmake /home/mewert/Desktop/luna/src/my_octomap_pkg -DCMAKE_INSTALL_PREFIX=/home/mewert/Desktop/luna/install/my_octomap_pkg
[3.888s] Invoking command in '/home/mewert/Desktop/luna/build/my_octomap_pkg': CMAKE_PREFIX_PATH=${CMAKE_PREFIX_PATH}:/home/mewert/Desktop/luna/install/open_cv_pkg:/opt/ros/humble /usr/bin/cmake --build /home/mewert/Desktop/luna/build/my_octomap_pkg -- -j6 -l6
[3.955s] [35m[1mConsolidate compiler generated dependencies of target octomap_launch[0m
[3.968s] [ 50%] [32m[1mLinking CXX executable octomap_launch[0m
[75.267s] gmake[2]: *** Deleting file 'octomap_launch'
[75.267s] gmake[2]: *** [CMakeFiles/octomap_launch.dir/build.make:1172: octomap_launch] Interrupt
[75.268s] gmake[1]: *** [CMakeFiles/Makefile2:137: CMakeFiles/octomap_launch.dir/all] Interrupt
[75.270s] gmake: *** [Makefile:146: all] Interrupt
[75.280s] Invoked command in '/home/mewert/Desktop/luna/build/my_octomap_pkg' returned '-2': CMAKE_PREFIX_PATH=${CMAKE_PREFIX_PATH}:/home/mewert/Desktop/luna/install/open_cv_pkg:/opt/ros/humble /usr/bin/cmake --build /home/mewert/Desktop/luna/build/my_octomap_pkg -- -j6 -l6
