[0.049s] Invoking command in '/home/mewert/Desktop/luna/build/realsense2_camera': AMENT_PREFIX_PATH=/home/mewert/Desktop/luna/install/realsense2_camera_msgs:/home/mewert/Desktop/luna/install/diagnostic_updater:${AMENT_PREFIX_PATH} CMAKE_PREFIX_PATH=/home/mewert/Desktop/luna/install/realsense2_camera_msgs:/home/mewert/Desktop/luna/install/diagnostic_updater:/opt/ros/humble LD_LIBRARY_PATH=/home/mewert/Desktop/luna/install/realsense2_camera_msgs/lib:/home/mewert/Desktop/luna/install/diagnostic_updater/lib:${LD_LIBRARY_PATH} PYTHONPATH=/home/mewert/Desktop/luna/install/realsense2_camera_msgs/local/lib/python3.10/dist-packages:/home/mewert/Desktop/luna/install/diagnostic_updater/local/lib/python3.10/dist-packages:${PYTHONPATH} /usr/bin/cmake --build /home/mewert/Desktop/luna/build/realsense2_camera -- -j6 -l6
[0.175s] [  9%] Built target gtest
[0.175s] [ 18%] Built target realsense2_camera_node
[0.184s] [ 27%] Built target gtest_main
[0.188s] [ 90%] Built target realsense2_camera
[0.215s] [100%] Built target gtest_template
[0.241s] Invoked command in '/home/mewert/Desktop/luna/build/realsense2_camera' returned '0': AMENT_PREFIX_PATH=/home/mewert/Desktop/luna/install/realsense2_camera_msgs:/home/mewert/Desktop/luna/install/diagnostic_updater:${AMENT_PREFIX_PATH} CMAKE_PREFIX_PATH=/home/mewert/Desktop/luna/install/realsense2_camera_msgs:/home/mewert/Desktop/luna/install/diagnostic_updater:/opt/ros/humble LD_LIBRARY_PATH=/home/mewert/Desktop/luna/install/realsense2_camera_msgs/lib:/home/mewert/Desktop/luna/install/diagnostic_updater/lib:${LD_LIBRARY_PATH} PYTHONPATH=/home/mewert/Desktop/luna/install/realsense2_camera_msgs/local/lib/python3.10/dist-packages:/home/mewert/Desktop/luna/install/diagnostic_updater/local/lib/python3.10/dist-packages:${PYTHONPATH} /usr/bin/cmake --build /home/mewert/Desktop/luna/build/realsense2_camera -- -j6 -l6
[0.350s] Invoking command in '/home/mewert/Desktop/luna/build/realsense2_camera': AMENT_PREFIX_PATH=/home/mewert/Desktop/luna/install/realsense2_camera_msgs:/home/mewert/Desktop/luna/install/diagnostic_updater:${AMENT_PREFIX_PATH} CMAKE_PREFIX_PATH=/home/mewert/Desktop/luna/install/realsense2_camera_msgs:/home/mewert/Desktop/luna/install/diagnostic_updater:/opt/ros/humble LD_LIBRARY_PATH=/home/mewert/Desktop/luna/install/realsense2_camera_msgs/lib:/home/mewert/Desktop/luna/install/diagnostic_updater/lib:${LD_LIBRARY_PATH} PYTHONPATH=/home/mewert/Desktop/luna/install/realsense2_camera_msgs/local/lib/python3.10/dist-packages:/home/mewert/Desktop/luna/install/diagnostic_updater/local/lib/python3.10/dist-packages:${PYTHONPATH} /usr/bin/cmake --install /home/mewert/Desktop/luna/build/realsense2_camera
[0.361s] -- Install configuration: "Release"
[0.363s] -- Execute custom install script
[0.365s] -- Up-to-date symlink: /home/mewert/Desktop/luna/install/realsense2_camera/lib/realsense2_camera/realsense2_camera_node
[0.365s] -- Up-to-date symlink: /home/mewert/Desktop/luna/install/realsense2_camera/lib/librealsense2_camera.so
[0.365s] -- Up-to-date symlink: /home/mewert/Desktop/luna/install/realsense2_camera/include/base_realsense_node.h
[0.365s] -- Up-to-date symlink: /home/mewert/Desktop/luna/install/realsense2_camera/include/constants.h
[0.365s] -- Up-to-date symlink: /home/mewert/Desktop/luna/install/realsense2_camera/include/dynamic_params.h
[0.365s] -- Up-to-date symlink: /home/mewert/Desktop/luna/install/realsense2_camera/include/gl_window.h
[0.366s] -- Up-to-date symlink: /home/mewert/Desktop/luna/install/realsense2_camera/include/image_publisher.h
[0.366s] -- Up-to-date symlink: /home/mewert/Desktop/luna/install/realsense2_camera/include/named_filter.h
[0.366s] -- Up-to-date symlink: /home/mewert/Desktop/luna/install/realsense2_camera/include/profile_manager.h
[0.366s] -- Up-to-date symlink: /home/mewert/Desktop/luna/install/realsense2_camera/include/realsense_node_factory.h
[0.366s] -- Up-to-date symlink: /home/mewert/Desktop/luna/install/realsense2_camera/include/ros_param_backend.h
[0.366s] -- Up-to-date symlink: /home/mewert/Desktop/luna/install/realsense2_camera/include/ros_sensor.h
[0.366s] -- Up-to-date symlink: /home/mewert/Desktop/luna/install/realsense2_camera/include/ros_utils.h
[0.366s] -- Up-to-date symlink: /home/mewert/Desktop/luna/install/realsense2_camera/include/sensor_params.h
[0.367s] -- Up-to-date symlink: /home/mewert/Desktop/luna/install/realsense2_camera/share/realsense2_camera/launch/default.rviz
[0.367s] -- Up-to-date symlink: /home/mewert/Desktop/luna/install/realsense2_camera/share/realsense2_camera/launch/rs_intra_process_demo_launch.py
[0.367s] -- Up-to-date symlink: /home/mewert/Desktop/luna/install/realsense2_camera/share/realsense2_camera/launch/rs_launch.py
[0.368s] -- Up-to-date symlink: /home/mewert/Desktop/luna/install/realsense2_camera/share/realsense2_camera/launch/rs_multi_camera_launch.py
[0.369s] -- Up-to-date symlink: /home/mewert/Desktop/luna/install/realsense2_camera/share/realsense2_camera/examples/align_depth/README.md
[0.369s] -- Up-to-date symlink: /home/mewert/Desktop/luna/install/realsense2_camera/share/realsense2_camera/examples/align_depth/rs_align_depth_launch.py
[0.369s] -- Up-to-date symlink: /home/mewert/Desktop/luna/install/realsense2_camera/share/realsense2_camera/examples/dual_camera/README.md
[0.369s] -- Up-to-date symlink: /home/mewert/Desktop/luna/install/realsense2_camera/share/realsense2_camera/examples/dual_camera/rs_dual_camera_launch.py
[0.369s] -- Up-to-date symlink: /home/mewert/Desktop/luna/install/realsense2_camera/share/realsense2_camera/examples/dual_camera/rviz/dual_camera_pointcloud.rviz
[0.370s] -- Up-to-date symlink: /home/mewert/Desktop/luna/install/realsense2_camera/share/realsense2_camera/examples/launch_from_rosbag/README.md
[0.370s] -- Up-to-date symlink: /home/mewert/Desktop/luna/install/realsense2_camera/share/realsense2_camera/examples/launch_from_rosbag/rs_launch_from_rosbag.py
[0.370s] -- Up-to-date symlink: /home/mewert/Desktop/luna/install/realsense2_camera/share/realsense2_camera/examples/launch_params_from_file/README.md
[0.370s] -- Up-to-date symlink: /home/mewert/Desktop/luna/install/realsense2_camera/share/realsense2_camera/examples/launch_params_from_file/config/config.yaml
[0.370s] -- Up-to-date symlink: /home/mewert/Desktop/luna/install/realsense2_camera/share/realsense2_camera/examples/launch_params_from_file/rs_launch_get_params_from_yaml.py
[0.371s] -- Up-to-date symlink: /home/mewert/Desktop/luna/install/realsense2_camera/share/realsense2_camera/examples/pointcloud/README.md
[0.371s] -- Up-to-date symlink: /home/mewert/Desktop/luna/install/realsense2_camera/share/realsense2_camera/examples/pointcloud/rs_d405_pointcloud_launch.py
[0.371s] -- Up-to-date symlink: /home/mewert/Desktop/luna/install/realsense2_camera/share/realsense2_camera/examples/pointcloud/rs_d455_pointcloud_launch.py
[0.371s] -- Up-to-date symlink: /home/mewert/Desktop/luna/install/realsense2_camera/share/realsense2_camera/examples/pointcloud/rs_pointcloud_launch.py
[0.371s] -- Up-to-date symlink: /home/mewert/Desktop/luna/install/realsense2_camera/share/realsense2_camera/examples/pointcloud/rviz/pointcloud.rviz
[0.372s] -- Up-to-date symlink: /home/mewert/Desktop/luna/install/realsense2_camera/share/realsense2_camera/examples/pointcloud/rviz/urdf_pointcloud.rviz
[0.372s] -- Up-to-date symlink: /home/mewert/Desktop/luna/install/realsense2_camera/share/realsense2_camera/environment/library_path.sh
[0.372s] -- Up-to-date symlink: /home/mewert/Desktop/luna/install/realsense2_camera/share/realsense2_camera/environment/library_path.dsv
[0.373s] -- Up-to-date symlink: /home/mewert/Desktop/luna/install/realsense2_camera/share/ament_index/resource_index/package_run_dependencies/realsense2_camera
[0.374s] -- Up-to-date symlink: /home/mewert/Desktop/luna/install/realsense2_camera/share/ament_index/resource_index/parent_prefix_path/realsense2_camera
[0.377s] -- Up-to-date symlink: /home/mewert/Desktop/luna/install/realsense2_camera/share/realsense2_camera/environment/ament_prefix_path.sh
[0.377s] -- Up-to-date symlink: /home/mewert/Desktop/luna/install/realsense2_camera/share/realsense2_camera/environment/ament_prefix_path.dsv
[0.377s] -- Up-to-date symlink: /home/mewert/Desktop/luna/install/realsense2_camera/share/realsense2_camera/environment/path.sh
[0.377s] -- Up-to-date symlink: /home/mewert/Desktop/luna/install/realsense2_camera/share/realsense2_camera/environment/path.dsv
[0.378s] -- Up-to-date symlink: /home/mewert/Desktop/luna/install/realsense2_camera/share/realsense2_camera/local_setup.bash
[0.378s] -- Up-to-date symlink: /home/mewert/Desktop/luna/install/realsense2_camera/share/realsense2_camera/local_setup.sh
[0.378s] -- Up-to-date symlink: /home/mewert/Desktop/luna/install/realsense2_camera/share/realsense2_camera/local_setup.zsh
[0.378s] -- Up-to-date symlink: /home/mewert/Desktop/luna/install/realsense2_camera/share/realsense2_camera/local_setup.dsv
[0.378s] -- Symlinking: /home/mewert/Desktop/luna/install/realsense2_camera/share/realsense2_camera/package.dsv
[0.389s] -- Up-to-date symlink: /home/mewert/Desktop/luna/install/realsense2_camera/share/ament_index/resource_index/packages/realsense2_camera
[0.390s] -- Up-to-date symlink: /home/mewert/Desktop/luna/install/realsense2_camera/share/ament_index/resource_index/rclcpp_components/realsense2_camera
[0.390s] -- Up-to-date symlink: /home/mewert/Desktop/luna/install/realsense2_camera/share/realsense2_camera/cmake/ament_cmake_export_include_directories-extras.cmake
[0.390s] -- Up-to-date symlink: /home/mewert/Desktop/luna/install/realsense2_camera/share/realsense2_camera/cmake/ament_cmake_export_libraries-extras.cmake
[0.390s] -- Up-to-date symlink: /home/mewert/Desktop/luna/install/realsense2_camera/share/realsense2_camera/cmake/ament_cmake_export_dependencies-extras.cmake
[0.390s] -- Up-to-date symlink: /home/mewert/Desktop/luna/install/realsense2_camera/share/realsense2_camera/cmake/realsense2_cameraConfig.cmake
[0.390s] -- Up-to-date symlink: /home/mewert/Desktop/luna/install/realsense2_camera/share/realsense2_camera/cmake/realsense2_cameraConfig-version.cmake
[0.390s] -- Up-to-date symlink: /home/mewert/Desktop/luna/install/realsense2_camera/share/realsense2_camera/package.xml
[0.390s] -- Up-to-date symlink: /home/mewert/Desktop/luna/install/realsense2_camera/share/realsense2_camera/environment/library_path.sh
[0.390s] -- Up-to-date symlink: /home/mewert/Desktop/luna/install/realsense2_camera/share/realsense2_camera/environment/library_path.dsv
[0.390s] -- Up-to-date symlink: /home/mewert/Desktop/luna/install/realsense2_camera/share/ament_index/resource_index/package_run_dependencies/realsense2_camera
[0.390s] -- Up-to-date symlink: /home/mewert/Desktop/luna/install/realsense2_camera/share/ament_index/resource_index/parent_prefix_path/realsense2_camera
[0.391s] -- Up-to-date symlink: /home/mewert/Desktop/luna/install/realsense2_camera/share/realsense2_camera/environment/ament_prefix_path.sh
[0.391s] -- Up-to-date symlink: /home/mewert/Desktop/luna/install/realsense2_camera/share/realsense2_camera/environment/ament_prefix_path.dsv
[0.391s] -- Up-to-date symlink: /home/mewert/Desktop/luna/install/realsense2_camera/share/realsense2_camera/environment/path.sh
[0.391s] -- Up-to-date symlink: /home/mewert/Desktop/luna/install/realsense2_camera/share/realsense2_camera/environment/path.dsv
[0.391s] -- Up-to-date symlink: /home/mewert/Desktop/luna/install/realsense2_camera/share/realsense2_camera/local_setup.bash
[0.392s] -- Up-to-date symlink: /home/mewert/Desktop/luna/install/realsense2_camera/share/realsense2_camera/local_setup.sh
[0.392s] -- Up-to-date symlink: /home/mewert/Desktop/luna/install/realsense2_camera/share/realsense2_camera/local_setup.zsh
[0.392s] -- Up-to-date symlink: /home/mewert/Desktop/luna/install/realsense2_camera/share/realsense2_camera/local_setup.dsv
[0.392s] -- Up-to-date symlink: /home/mewert/Desktop/luna/install/realsense2_camera/share/realsense2_camera/package.dsv
[0.392s] -- Up-to-date symlink: /home/mewert/Desktop/luna/install/realsense2_camera/share/ament_index/resource_index/packages/realsense2_camera
[0.392s] -- Up-to-date symlink: /home/mewert/Desktop/luna/install/realsense2_camera/share/ament_index/resource_index/rclcpp_components/realsense2_camera
[0.392s] -- Up-to-date symlink: /home/mewert/Desktop/luna/install/realsense2_camera/share/realsense2_camera/cmake/ament_cmake_export_include_directories-extras.cmake
[0.392s] -- Up-to-date symlink: /home/mewert/Desktop/luna/install/realsense2_camera/share/realsense2_camera/cmake/ament_cmake_export_libraries-extras.cmake
[0.393s] -- Up-to-date symlink: /home/mewert/Desktop/luna/install/realsense2_camera/share/realsense2_camera/cmake/ament_cmake_export_dependencies-extras.cmake
[0.393s] -- Up-to-date symlink: /home/mewert/Desktop/luna/install/realsense2_camera/share/realsense2_camera/cmake/realsense2_cameraConfig.cmake
[0.393s] -- Up-to-date symlink: /home/mewert/Desktop/luna/install/realsense2_camera/share/realsense2_camera/cmake/realsense2_cameraConfig-version.cmake
[0.393s] -- Up-to-date symlink: /home/mewert/Desktop/luna/install/realsense2_camera/share/realsense2_camera/package.xml
[0.398s] Invoked command in '/home/mewert/Desktop/luna/build/realsense2_camera' returned '0': AMENT_PREFIX_PATH=/home/mewert/Desktop/luna/install/realsense2_camera_msgs:/home/mewert/Desktop/luna/install/diagnostic_updater:${AMENT_PREFIX_PATH} CMAKE_PREFIX_PATH=/home/mewert/Desktop/luna/install/realsense2_camera_msgs:/home/mewert/Desktop/luna/install/diagnostic_updater:/opt/ros/humble LD_LIBRARY_PATH=/home/mewert/Desktop/luna/install/realsense2_camera_msgs/lib:/home/mewert/Desktop/luna/install/diagnostic_updater/lib:${LD_LIBRARY_PATH} PYTHONPATH=/home/mewert/Desktop/luna/install/realsense2_camera_msgs/local/lib/python3.10/dist-packages:/home/mewert/Desktop/luna/install/diagnostic_updater/local/lib/python3.10/dist-packages:${PYTHONPATH} /usr/bin/cmake --install /home/mewert/Desktop/luna/build/realsense2_camera
