[0.038s] Invoking command in '/home/mewert/Desktop/luna/build/diagnostic_aggregator': CMAKE_PREFIX_PATH=${CMAKE_PREFIX_PATH}:/home/mewert/Desktop/luna/install/open_cv_pkg:/opt/ros/humble /usr/bin/cmake --build /home/mewert/Desktop/luna/build/diagnostic_aggregator -- -j6 -l6
[0.540s] [ 16%] Built target add_analyzer
[0.540s] [ 50%] Built target diagnostic_aggregator
[0.540s] [ 50%] Built target ament_cmake_python_symlink_diagnostic_aggregator
[0.540s] [35m[1mConsolidate compiler generated dependencies of target diagnostic_aggregator_analyzers[0m
[0.540s] [35m[1mConsolidate compiler generated dependencies of target aggregator_node[0m
[0.540s] [ 83%] Built target diagnostic_aggregator_analyzers
[0.540s] [100%] Built target aggregator_node
[0.618s] running egg_info
[0.618s] writing diagnostic_aggregator.egg-info/PKG-INFO
[0.618s] writing dependency_links to diagnostic_aggregator.egg-info/dependency_links.txt
[0.618s] writing top-level names to diagnostic_aggregator.egg-info/top_level.txt
[0.618s] reading manifest file 'diagnostic_aggregator.egg-info/SOURCES.txt'
[0.702s] [100%] Built target ament_cmake_python_build_diagnostic_aggregator_egg
[0.722s] Invoked command in '/home/mewert/Desktop/luna/build/diagnostic_aggregator' returned '0': CMAKE_PREFIX_PATH=${CMAKE_PREFIX_PATH}:/home/mewert/Desktop/luna/install/open_cv_pkg:/opt/ros/humble /usr/bin/cmake --build /home/mewert/Desktop/luna/build/diagnostic_aggregator -- -j6 -l6
[0.795s] Invoking command in '/home/mewert/Desktop/luna/build/diagnostic_aggregator': CMAKE_PREFIX_PATH=${CMAKE_PREFIX_PATH}:/home/mewert/Desktop/luna/install/open_cv_pkg:/opt/ros/humble /usr/bin/cmake --install /home/mewert/Desktop/luna/build/diagnostic_aggregator
[0.802s] -- Install configuration: ""
[0.803s] -- Execute custom install script
[0.803s] -- Up-to-date symlink: /home/mewert/Desktop/luna/install/diagnostic_aggregator/lib/diagnostic_aggregator/aggregator_node
[0.803s] -- Up-to-date symlink: /home/mewert/Desktop/luna/install/diagnostic_aggregator/lib/diagnostic_aggregator/add_analyzer
[0.805s] -- Up-to-date symlink: /home/mewert/Desktop/luna/install/diagnostic_aggregator/include/diagnostic_aggregator/aggregator.hpp
[0.805s] -- Up-to-date symlink: /home/mewert/Desktop/luna/install/diagnostic_aggregator/include/diagnostic_aggregator/analyzer.hpp
[0.805s] -- Up-to-date symlink: /home/mewert/Desktop/luna/install/diagnostic_aggregator/include/diagnostic_aggregator/analyzer_group.hpp
[0.805s] -- Up-to-date symlink: /home/mewert/Desktop/luna/install/diagnostic_aggregator/include/diagnostic_aggregator/discard_analyzer.hpp
[0.805s] -- Up-to-date symlink: /home/mewert/Desktop/luna/install/diagnostic_aggregator/include/diagnostic_aggregator/generic_analyzer.hpp
[0.805s] -- Up-to-date symlink: /home/mewert/Desktop/luna/install/diagnostic_aggregator/include/diagnostic_aggregator/generic_analyzer_base.hpp
[0.806s] -- Up-to-date symlink: /home/mewert/Desktop/luna/install/diagnostic_aggregator/include/diagnostic_aggregator/ignore_analyzer.hpp
[0.806s] -- Up-to-date symlink: /home/mewert/Desktop/luna/install/diagnostic_aggregator/include/diagnostic_aggregator/other_analyzer.hpp
[0.806s] -- Up-to-date symlink: /home/mewert/Desktop/luna/install/diagnostic_aggregator/include/diagnostic_aggregator/status_item.hpp
[0.813s] -- Up-to-date symlink: /home/mewert/Desktop/luna/install/diagnostic_aggregator/include/diagnostic_aggregator/visibility_control.hpp
[0.813s] -- Up-to-date symlink: /home/mewert/Desktop/luna/install/diagnostic_aggregator/share/diagnostic_aggregator/environment/pythonpath.sh
[0.814s] -- Up-to-date symlink: /home/mewert/Desktop/luna/install/diagnostic_aggregator/share/diagnostic_aggregator/environment/pythonpath.dsv
[0.814s] -- Up-to-date symlink: /home/mewert/Desktop/luna/install/diagnostic_aggregator/local/lib/python3.10/dist-packages/diagnostic_aggregator-4.3.1-py3.10.egg-info/PKG-INFO
[0.814s] -- Up-to-date symlink: /home/mewert/Desktop/luna/install/diagnostic_aggregator/local/lib/python3.10/dist-packages/diagnostic_aggregator-4.3.1-py3.10.egg-info/SOURCES.txt
[0.814s] -- Up-to-date symlink: /home/mewert/Desktop/luna/install/diagnostic_aggregator/local/lib/python3.10/dist-packages/diagnostic_aggregator-4.3.1-py3.10.egg-info/dependency_links.txt
[0.814s] -- Up-to-date symlink: /home/mewert/Desktop/luna/install/diagnostic_aggregator/local/lib/python3.10/dist-packages/diagnostic_aggregator-4.3.1-py3.10.egg-info/top_level.txt
[0.814s] -- Up-to-date symlink: /home/mewert/Desktop/luna/install/diagnostic_aggregator/local/lib/python3.10/dist-packages/diagnostic_aggregator/__init__.py
[0.814s] -- Up-to-date symlink: /home/mewert/Desktop/luna/install/diagnostic_aggregator/share/diagnostic_aggregator/example.launch.py
[0.814s] -- Up-to-date symlink: /home/mewert/Desktop/luna/install/diagnostic_aggregator/lib/diagnostic_aggregator/example_pub.py
[0.814s] -- Up-to-date symlink: /home/mewert/Desktop/luna/install/diagnostic_aggregator/share/diagnostic_aggregator/example_analyzers.yaml
[0.814s] -- Up-to-date symlink: /home/mewert/Desktop/luna/install/diagnostic_aggregator/share/diagnostic_aggregator/example_add_analyzers.yaml
[0.814s] -- Up-to-date symlink: /home/mewert/Desktop/luna/install/diagnostic_aggregator/share/diagnostic_aggregator//plugin_description.xml
[0.814s] -- Up-to-date symlink: /home/mewert/Desktop/luna/install/diagnostic_aggregator/share/diagnostic_aggregator/environment/library_path.sh
[0.814s] -- Up-to-date symlink: /home/mewert/Desktop/luna/install/diagnostic_aggregator/share/diagnostic_aggregator/environment/library_path.dsv
[0.815s] -- Up-to-date symlink: /home/mewert/Desktop/luna/install/diagnostic_aggregator/share/ament_index/resource_index/package_run_dependencies/diagnostic_aggregator
[0.815s] -- Up-to-date symlink: /home/mewert/Desktop/luna/install/diagnostic_aggregator/share/ament_index/resource_index/parent_prefix_path/diagnostic_aggregator
[0.815s] -- Up-to-date symlink: /home/mewert/Desktop/luna/install/diagnostic_aggregator/share/diagnostic_aggregator/environment/ament_prefix_path.sh
[0.815s] -- Up-to-date symlink: /home/mewert/Desktop/luna/install/diagnostic_aggregator/share/diagnostic_aggregator/environment/ament_prefix_path.dsv
[0.815s] -- Up-to-date symlink: /home/mewert/Desktop/luna/install/diagnostic_aggregator/share/diagnostic_aggregator/environment/path.sh
[0.815s] -- Up-to-date symlink: /home/mewert/Desktop/luna/install/diagnostic_aggregator/share/diagnostic_aggregator/environment/path.dsv
[0.815s] -- Up-to-date symlink: /home/mewert/Desktop/luna/install/diagnostic_aggregator/share/diagnostic_aggregator/local_setup.bash
[0.815s] -- Up-to-date symlink: /home/mewert/Desktop/luna/install/diagnostic_aggregator/share/diagnostic_aggregator/local_setup.sh
[0.815s] -- Up-to-date symlink: /home/mewert/Desktop/luna/install/diagnostic_aggregator/share/diagnostic_aggregator/local_setup.zsh
[0.815s] -- Up-to-date symlink: /home/mewert/Desktop/luna/install/diagnostic_aggregator/share/diagnostic_aggregator/local_setup.dsv
[0.815s] -- Symlinking: /home/mewert/Desktop/luna/install/diagnostic_aggregator/share/diagnostic_aggregator/package.dsv
[0.822s] -- Up-to-date symlink: /home/mewert/Desktop/luna/install/diagnostic_aggregator/share/ament_index/resource_index/packages/diagnostic_aggregator
[0.822s] -- Up-to-date symlink: /home/mewert/Desktop/luna/install/diagnostic_aggregator/share/ament_index/resource_index/diagnostic_aggregator__pluginlib__plugin/diagnostic_aggregator
[0.822s] -- Up-to-date symlink: /home/mewert/Desktop/luna/install/diagnostic_aggregator/share/diagnostic_aggregator/cmake/ament_cmake_export_targets-extras.cmake
[0.827s] -- Up-to-date symlink: /home/mewert/Desktop/luna/install/diagnostic_aggregator/share/diagnostic_aggregator/cmake/ament_cmake_export_include_directories-extras.cmake
[0.828s] -- Up-to-date symlink: /home/mewert/Desktop/luna/install/diagnostic_aggregator/share/diagnostic_aggregator/cmake/ament_cmake_export_dependencies-extras.cmake
[0.828s] -- Up-to-date symlink: /home/mewert/Desktop/luna/install/diagnostic_aggregator/share/diagnostic_aggregator/cmake/diagnostic_aggregatorConfig.cmake
[0.828s] -- Up-to-date symlink: /home/mewert/Desktop/luna/install/diagnostic_aggregator/share/diagnostic_aggregator/cmake/diagnostic_aggregatorConfig-version.cmake
[0.828s] -- Up-to-date symlink: /home/mewert/Desktop/luna/install/diagnostic_aggregator/share/diagnostic_aggregator/package.xml
[0.828s] -- Up-to-date: /home/mewert/Desktop/luna/install/diagnostic_aggregator/lib/libdiagnostic_aggregator.so
[0.828s] -- Up-to-date: /home/mewert/Desktop/luna/install/diagnostic_aggregator/lib/libdiagnostic_aggregator_analyzers.so
[0.860s] Listing '/home/mewert/Desktop/luna/install/diagnostic_aggregator/local/lib/python3.10/dist-packages/diagnostic_aggregator'...
[0.867s] -- Up-to-date: /home/mewert/Desktop/luna/install/diagnostic_aggregator/share/diagnostic_aggregator/cmake/diagnostic_aggregatorTargetsExport.cmake
[0.868s] -- Up-to-date: /home/mewert/Desktop/luna/install/diagnostic_aggregator/share/diagnostic_aggregator/cmake/diagnostic_aggregatorTargetsExport-noconfig.cmake
[0.873s] Invoked command in '/home/mewert/Desktop/luna/build/diagnostic_aggregator' returned '0': CMAKE_PREFIX_PATH=${CMAKE_PREFIX_PATH}:/home/mewert/Desktop/luna/install/open_cv_pkg:/opt/ros/humble /usr/bin/cmake --install /home/mewert/Desktop/luna/build/diagnostic_aggregator
