[0.129s] DEBUG:colcon:Command line arguments: ['/usr/bin/colcon', 'build', '--symlink-install']
[0.129s] DEBUG:colcon:Parsed command line arguments: Namespace(log_base=None, log_level=None, verb_name='build', build_base='build', install_base='install', merge_install=False, symlink_install=True, test_result_base=None, continue_on_error=False, executor='parallel', parallel_workers=6, event_handlers=None, ignore_user_meta=False, metas=['./colcon.meta'], base_paths=['.'], packages_ignore=None, packages_ignore_regex=None, paths=None, packages_up_to=None, packages_up_to_regex=None, packages_above=None, packages_above_and_dependencies=None, packages_above_depth=None, packages_select_by_dep=None, packages_skip_by_dep=None, packages_skip_up_to=None, packages_select_build_failed=False, packages_skip_build_finished=False, packages_select_test_failures=False, packages_skip_test_passed=False, packages_select=None, packages_skip=None, packages_select_regex=None, packages_skip_regex=None, packages_start=None, packages_end=None, allow_overriding=[], cmake_args=None, cmake_target=None, cmake_target_skip_unavailable=False, cmake_clean_cache=False, cmake_clean_first=False, cmake_force_configure=False, ament_cmake_args=None, catkin_cmake_args=None, catkin_skip_building_tests=False, verb_parser=<colcon_defaults.argument_parser.defaults.DefaultArgumentsDecorator object at 0x77b734628ca0>, verb_extension=<colcon_core.verb.build.BuildVerb object at 0x77b734628790>, main=<bound method BuildVerb.main of <colcon_core.verb.build.BuildVerb object at 0x77b734628790>>)
[0.412s] Level 1:colcon.colcon_core.package_discovery:discover_packages(colcon_meta) check parameters
[0.412s] Level 1:colcon.colcon_core.package_discovery:discover_packages(recursive) check parameters
[0.412s] Level 1:colcon.colcon_core.package_discovery:discover_packages(ignore) check parameters
[0.412s] Level 1:colcon.colcon_core.package_discovery:discover_packages(path) check parameters
[0.412s] Level 1:colcon.colcon_core.package_discovery:discover_packages(colcon_meta) discover
[0.412s] Level 1:colcon.colcon_core.package_discovery:discover_packages(recursive) discover
[0.412s] INFO:colcon.colcon_core.package_discovery:Crawling recursively for packages in '/home/mewert/Desktop/luna'
[0.412s] Level 1:colcon.colcon_core.package_identification:_identify(.) by extensions ['ignore', 'ignore_ament_install']
[0.412s] Level 1:colcon.colcon_core.package_identification:_identify(.) by extension 'ignore'
[0.413s] Level 1:colcon.colcon_core.package_identification:_identify(.) by extension 'ignore_ament_install'
[0.413s] Level 1:colcon.colcon_core.package_identification:_identify(.) by extensions ['colcon_pkg']
[0.413s] Level 1:colcon.colcon_core.package_identification:_identify(.) by extension 'colcon_pkg'
[0.413s] Level 1:colcon.colcon_core.package_identification:_identify(.) by extensions ['colcon_meta']
[0.413s] Level 1:colcon.colcon_core.package_identification:_identify(.) by extension 'colcon_meta'
[0.413s] Level 1:colcon.colcon_core.package_identification:_identify(.) by extensions ['ros']
[0.413s] Level 1:colcon.colcon_core.package_identification:_identify(.) by extension 'ros'
[0.427s] Level 1:colcon.colcon_core.package_identification:_identify(.) by extensions ['cmake', 'python']
[0.427s] Level 1:colcon.colcon_core.package_identification:_identify(.) by extension 'cmake'
[0.427s] Level 1:colcon.colcon_core.package_identification:_identify(.) by extension 'python'
[0.427s] Level 1:colcon.colcon_core.package_identification:_identify(.) by extensions ['python_setup_py']
[0.427s] Level 1:colcon.colcon_core.package_identification:_identify(.) by extension 'python_setup_py'
[0.428s] Level 1:colcon.colcon_core.package_identification:_identify(build) by extensions ['ignore', 'ignore_ament_install']
[0.428s] Level 1:colcon.colcon_core.package_identification:_identify(build) by extension 'ignore'
[0.428s] Level 1:colcon.colcon_core.package_identification:_identify(build) ignored
[0.428s] Level 1:colcon.colcon_core.package_identification:_identify(diagnostics) by extensions ['ignore', 'ignore_ament_install']
[0.428s] Level 1:colcon.colcon_core.package_identification:_identify(diagnostics) by extension 'ignore'
[0.428s] Level 1:colcon.colcon_core.package_identification:_identify(diagnostics) by extension 'ignore_ament_install'
[0.428s] Level 1:colcon.colcon_core.package_identification:_identify(diagnostics) by extensions ['colcon_pkg']
[0.428s] Level 1:colcon.colcon_core.package_identification:_identify(diagnostics) by extension 'colcon_pkg'
[0.428s] Level 1:colcon.colcon_core.package_identification:_identify(diagnostics) by extensions ['colcon_meta']
[0.428s] Level 1:colcon.colcon_core.package_identification:_identify(diagnostics) by extension 'colcon_meta'
[0.428s] Level 1:colcon.colcon_core.package_identification:_identify(diagnostics) by extensions ['ros']
[0.428s] Level 1:colcon.colcon_core.package_identification:_identify(diagnostics) by extension 'ros'
[0.428s] Level 1:colcon.colcon_core.package_identification:_identify(diagnostics) by extensions ['cmake', 'python']
[0.428s] Level 1:colcon.colcon_core.package_identification:_identify(diagnostics) by extension 'cmake'
[0.428s] Level 1:colcon.colcon_core.package_identification:_identify(diagnostics) by extension 'python'
[0.428s] Level 1:colcon.colcon_core.package_identification:_identify(diagnostics) by extensions ['python_setup_py']
[0.428s] Level 1:colcon.colcon_core.package_identification:_identify(diagnostics) by extension 'python_setup_py'
[0.429s] Level 1:colcon.colcon_core.package_identification:_identify(diagnostics/diagnostic_aggregator) by extensions ['ignore', 'ignore_ament_install']
[0.429s] Level 1:colcon.colcon_core.package_identification:_identify(diagnostics/diagnostic_aggregator) by extension 'ignore'
[0.429s] Level 1:colcon.colcon_core.package_identification:_identify(diagnostics/diagnostic_aggregator) by extension 'ignore_ament_install'
[0.429s] Level 1:colcon.colcon_core.package_identification:_identify(diagnostics/diagnostic_aggregator) by extensions ['colcon_pkg']
[0.429s] Level 1:colcon.colcon_core.package_identification:_identify(diagnostics/diagnostic_aggregator) by extension 'colcon_pkg'
[0.429s] Level 1:colcon.colcon_core.package_identification:_identify(diagnostics/diagnostic_aggregator) by extensions ['colcon_meta']
[0.429s] Level 1:colcon.colcon_core.package_identification:_identify(diagnostics/diagnostic_aggregator) by extension 'colcon_meta'
[0.429s] Level 1:colcon.colcon_core.package_identification:_identify(diagnostics/diagnostic_aggregator) by extensions ['ros']
[0.429s] Level 1:colcon.colcon_core.package_identification:_identify(diagnostics/diagnostic_aggregator) by extension 'ros'
[0.432s] DEBUG:colcon.colcon_core.package_identification:Package 'diagnostics/diagnostic_aggregator' with type 'ros.ament_cmake' and name 'diagnostic_aggregator'
[0.432s] Level 1:colcon.colcon_core.package_identification:_identify(diagnostics/diagnostic_common_diagnostics) by extensions ['ignore', 'ignore_ament_install']
[0.432s] Level 1:colcon.colcon_core.package_identification:_identify(diagnostics/diagnostic_common_diagnostics) by extension 'ignore'
[0.432s] Level 1:colcon.colcon_core.package_identification:_identify(diagnostics/diagnostic_common_diagnostics) by extension 'ignore_ament_install'
[0.432s] Level 1:colcon.colcon_core.package_identification:_identify(diagnostics/diagnostic_common_diagnostics) by extensions ['colcon_pkg']
[0.433s] Level 1:colcon.colcon_core.package_identification:_identify(diagnostics/diagnostic_common_diagnostics) by extension 'colcon_pkg'
[0.433s] Level 1:colcon.colcon_core.package_identification:_identify(diagnostics/diagnostic_common_diagnostics) by extensions ['colcon_meta']
[0.433s] Level 1:colcon.colcon_core.package_identification:_identify(diagnostics/diagnostic_common_diagnostics) by extension 'colcon_meta'
[0.433s] Level 1:colcon.colcon_core.package_identification:_identify(diagnostics/diagnostic_common_diagnostics) by extensions ['ros']
[0.433s] Level 1:colcon.colcon_core.package_identification:_identify(diagnostics/diagnostic_common_diagnostics) by extension 'ros'
[0.434s] DEBUG:colcon.colcon_core.package_identification:Package 'diagnostics/diagnostic_common_diagnostics' with type 'ros.ament_cmake' and name 'diagnostic_common_diagnostics'
[0.434s] Level 1:colcon.colcon_core.package_identification:_identify(diagnostics/diagnostic_updater) by extensions ['ignore', 'ignore_ament_install']
[0.434s] Level 1:colcon.colcon_core.package_identification:_identify(diagnostics/diagnostic_updater) by extension 'ignore'
[0.434s] Level 1:colcon.colcon_core.package_identification:_identify(diagnostics/diagnostic_updater) by extension 'ignore_ament_install'
[0.434s] Level 1:colcon.colcon_core.package_identification:_identify(diagnostics/diagnostic_updater) by extensions ['colcon_pkg']
[0.434s] Level 1:colcon.colcon_core.package_identification:_identify(diagnostics/diagnostic_updater) by extension 'colcon_pkg'
[0.434s] Level 1:colcon.colcon_core.package_identification:_identify(diagnostics/diagnostic_updater) by extensions ['colcon_meta']
[0.434s] Level 1:colcon.colcon_core.package_identification:_identify(diagnostics/diagnostic_updater) by extension 'colcon_meta'
[0.434s] Level 1:colcon.colcon_core.package_identification:_identify(diagnostics/diagnostic_updater) by extensions ['ros']
[0.434s] Level 1:colcon.colcon_core.package_identification:_identify(diagnostics/diagnostic_updater) by extension 'ros'
[0.435s] DEBUG:colcon.colcon_core.package_identification:Package 'diagnostics/diagnostic_updater' with type 'ros.ament_cmake' and name 'diagnostic_updater'
[0.436s] Level 1:colcon.colcon_core.package_identification:_identify(diagnostics/diagnostics) by extensions ['ignore', 'ignore_ament_install']
[0.436s] Level 1:colcon.colcon_core.package_identification:_identify(diagnostics/diagnostics) by extension 'ignore'
[0.436s] Level 1:colcon.colcon_core.package_identification:_identify(diagnostics/diagnostics) by extension 'ignore_ament_install'
[0.436s] Level 1:colcon.colcon_core.package_identification:_identify(diagnostics/diagnostics) by extensions ['colcon_pkg']
[0.436s] Level 1:colcon.colcon_core.package_identification:_identify(diagnostics/diagnostics) by extension 'colcon_pkg'
[0.436s] Level 1:colcon.colcon_core.package_identification:_identify(diagnostics/diagnostics) by extensions ['colcon_meta']
[0.436s] Level 1:colcon.colcon_core.package_identification:_identify(diagnostics/diagnostics) by extension 'colcon_meta'
[0.436s] Level 1:colcon.colcon_core.package_identification:_identify(diagnostics/diagnostics) by extensions ['ros']
[0.436s] Level 1:colcon.colcon_core.package_identification:_identify(diagnostics/diagnostics) by extension 'ros'
[0.437s] DEBUG:colcon.colcon_core.package_identification:Package 'diagnostics/diagnostics' with type 'ros.ament_cmake' and name 'diagnostics'
[0.437s] Level 1:colcon.colcon_core.package_identification:_identify(diagnostics/self_test) by extensions ['ignore', 'ignore_ament_install']
[0.437s] Level 1:colcon.colcon_core.package_identification:_identify(diagnostics/self_test) by extension 'ignore'
[0.437s] Level 1:colcon.colcon_core.package_identification:_identify(diagnostics/self_test) by extension 'ignore_ament_install'
[0.437s] Level 1:colcon.colcon_core.package_identification:_identify(diagnostics/self_test) by extensions ['colcon_pkg']
[0.437s] Level 1:colcon.colcon_core.package_identification:_identify(diagnostics/self_test) by extension 'colcon_pkg'
[0.438s] Level 1:colcon.colcon_core.package_identification:_identify(diagnostics/self_test) by extensions ['colcon_meta']
[0.438s] Level 1:colcon.colcon_core.package_identification:_identify(diagnostics/self_test) by extension 'colcon_meta'
[0.438s] Level 1:colcon.colcon_core.package_identification:_identify(diagnostics/self_test) by extensions ['ros']
[0.438s] Level 1:colcon.colcon_core.package_identification:_identify(diagnostics/self_test) by extension 'ros'
[0.439s] DEBUG:colcon.colcon_core.package_identification:Package 'diagnostics/self_test' with type 'ros.ament_cmake' and name 'self_test'
[0.439s] Level 1:colcon.colcon_core.package_identification:_identify(install) by extensions ['ignore', 'ignore_ament_install']
[0.439s] Level 1:colcon.colcon_core.package_identification:_identify(install) by extension 'ignore'
[0.439s] Level 1:colcon.colcon_core.package_identification:_identify(install) ignored
[0.439s] Level 1:colcon.colcon_core.package_identification:_identify(log) by extensions ['ignore', 'ignore_ament_install']
[0.439s] Level 1:colcon.colcon_core.package_identification:_identify(log) by extension 'ignore'
[0.440s] Level 1:colcon.colcon_core.package_identification:_identify(log) ignored
[0.440s] Level 1:colcon.colcon_core.package_identification:_identify(src) by extensions ['ignore', 'ignore_ament_install']
[0.440s] Level 1:colcon.colcon_core.package_identification:_identify(src) by extension 'ignore'
[0.440s] Level 1:colcon.colcon_core.package_identification:_identify(src) by extension 'ignore_ament_install'
[0.440s] Level 1:colcon.colcon_core.package_identification:_identify(src) by extensions ['colcon_pkg']
[0.440s] Level 1:colcon.colcon_core.package_identification:_identify(src) by extension 'colcon_pkg'
[0.440s] Level 1:colcon.colcon_core.package_identification:_identify(src) by extensions ['colcon_meta']
[0.440s] Level 1:colcon.colcon_core.package_identification:_identify(src) by extension 'colcon_meta'
[0.440s] Level 1:colcon.colcon_core.package_identification:_identify(src) by extensions ['ros']
[0.440s] Level 1:colcon.colcon_core.package_identification:_identify(src) by extension 'ros'
[0.440s] Level 1:colcon.colcon_core.package_identification:_identify(src) by extensions ['cmake', 'python']
[0.440s] Level 1:colcon.colcon_core.package_identification:_identify(src) by extension 'cmake'
[0.440s] Level 1:colcon.colcon_core.package_identification:_identify(src) by extension 'python'
[0.440s] Level 1:colcon.colcon_core.package_identification:_identify(src) by extensions ['python_setup_py']
[0.440s] Level 1:colcon.colcon_core.package_identification:_identify(src) by extension 'python_setup_py'
[0.440s] Level 1:colcon.colcon_core.package_identification:_identify(src/my_octomap_pkg) by extensions ['ignore', 'ignore_ament_install']
[0.440s] Level 1:colcon.colcon_core.package_identification:_identify(src/my_octomap_pkg) by extension 'ignore'
[0.441s] Level 1:colcon.colcon_core.package_identification:_identify(src/my_octomap_pkg) by extension 'ignore_ament_install'
[0.441s] Level 1:colcon.colcon_core.package_identification:_identify(src/my_octomap_pkg) by extensions ['colcon_pkg']
[0.441s] Level 1:colcon.colcon_core.package_identification:_identify(src/my_octomap_pkg) by extension 'colcon_pkg'
[0.441s] Level 1:colcon.colcon_core.package_identification:_identify(src/my_octomap_pkg) by extensions ['colcon_meta']
[0.441s] Level 1:colcon.colcon_core.package_identification:_identify(src/my_octomap_pkg) by extension 'colcon_meta'
[0.441s] Level 1:colcon.colcon_core.package_identification:_identify(src/my_octomap_pkg) by extensions ['ros']
[0.441s] Level 1:colcon.colcon_core.package_identification:_identify(src/my_octomap_pkg) by extension 'ros'
[0.442s] DEBUG:colcon.colcon_core.package_identification:Package 'src/my_octomap_pkg' with type 'ros.ament_cmake' and name 'my_octomap_pkg'
[0.442s] Level 1:colcon.colcon_core.package_identification:_identify(src/open_cv_pkg) by extensions ['ignore', 'ignore_ament_install']
[0.442s] Level 1:colcon.colcon_core.package_identification:_identify(src/open_cv_pkg) by extension 'ignore'
[0.442s] Level 1:colcon.colcon_core.package_identification:_identify(src/open_cv_pkg) by extension 'ignore_ament_install'
[0.442s] Level 1:colcon.colcon_core.package_identification:_identify(src/open_cv_pkg) by extensions ['colcon_pkg']
[0.442s] Level 1:colcon.colcon_core.package_identification:_identify(src/open_cv_pkg) by extension 'colcon_pkg'
[0.442s] Level 1:colcon.colcon_core.package_identification:_identify(src/open_cv_pkg) by extensions ['colcon_meta']
[0.442s] Level 1:colcon.colcon_core.package_identification:_identify(src/open_cv_pkg) by extension 'colcon_meta'
[0.442s] Level 1:colcon.colcon_core.package_identification:_identify(src/open_cv_pkg) by extensions ['ros']
[0.442s] Level 1:colcon.colcon_core.package_identification:_identify(src/open_cv_pkg) by extension 'ros'
[0.443s] DEBUG:colcon.colcon_core.package_identification:Package 'src/open_cv_pkg' with type 'ros.ament_python' and name 'open_cv_pkg'
[0.444s] Level 1:colcon.colcon_core.package_identification:_identify(src/pointcloud_to_grid) by extensions ['ignore', 'ignore_ament_install']
[0.444s] Level 1:colcon.colcon_core.package_identification:_identify(src/pointcloud_to_grid) by extension 'ignore'
[0.444s] Level 1:colcon.colcon_core.package_identification:_identify(src/pointcloud_to_grid) by extension 'ignore_ament_install'
[0.444s] Level 1:colcon.colcon_core.package_identification:_identify(src/pointcloud_to_grid) by extensions ['colcon_pkg']
[0.444s] Level 1:colcon.colcon_core.package_identification:_identify(src/pointcloud_to_grid) by extension 'colcon_pkg'
[0.444s] Level 1:colcon.colcon_core.package_identification:_identify(src/pointcloud_to_grid) by extensions ['colcon_meta']
[0.444s] Level 1:colcon.colcon_core.package_identification:_identify(src/pointcloud_to_grid) by extension 'colcon_meta'
[0.444s] Level 1:colcon.colcon_core.package_identification:_identify(src/pointcloud_to_grid) by extensions ['ros']
[0.444s] Level 1:colcon.colcon_core.package_identification:_identify(src/pointcloud_to_grid) by extension 'ros'
[0.446s] DEBUG:colcon.colcon_core.package_identification:Package 'src/pointcloud_to_grid' with type 'ros.ament_cmake' and name 'pointcloud_to_grid'
[0.446s] Level 1:colcon.colcon_core.package_identification:_identify(src/realsense-ros) by extensions ['ignore', 'ignore_ament_install']
[0.446s] Level 1:colcon.colcon_core.package_identification:_identify(src/realsense-ros) by extension 'ignore'
[0.446s] Level 1:colcon.colcon_core.package_identification:_identify(src/realsense-ros) by extension 'ignore_ament_install'
[0.446s] Level 1:colcon.colcon_core.package_identification:_identify(src/realsense-ros) by extensions ['colcon_pkg']
[0.446s] Level 1:colcon.colcon_core.package_identification:_identify(src/realsense-ros) by extension 'colcon_pkg'
[0.446s] Level 1:colcon.colcon_core.package_identification:_identify(src/realsense-ros) by extensions ['colcon_meta']
[0.446s] Level 1:colcon.colcon_core.package_identification:_identify(src/realsense-ros) by extension 'colcon_meta'
[0.446s] Level 1:colcon.colcon_core.package_identification:_identify(src/realsense-ros) by extensions ['ros']
[0.446s] Level 1:colcon.colcon_core.package_identification:_identify(src/realsense-ros) by extension 'ros'
[0.447s] Level 1:colcon.colcon_core.package_identification:_identify(src/realsense-ros) by extensions ['cmake', 'python']
[0.447s] Level 1:colcon.colcon_core.package_identification:_identify(src/realsense-ros) by extension 'cmake'
[0.447s] Level 1:colcon.colcon_core.package_identification:_identify(src/realsense-ros) by extension 'python'
[0.447s] Level 1:colcon.colcon_core.package_identification:_identify(src/realsense-ros) by extensions ['python_setup_py']
[0.447s] Level 1:colcon.colcon_core.package_identification:_identify(src/realsense-ros) by extension 'python_setup_py'
[0.447s] Level 1:colcon.colcon_core.package_identification:_identify(src/realsense-ros/realsense2_camera) by extensions ['ignore', 'ignore_ament_install']
[0.447s] Level 1:colcon.colcon_core.package_identification:_identify(src/realsense-ros/realsense2_camera) by extension 'ignore'
[0.447s] Level 1:colcon.colcon_core.package_identification:_identify(src/realsense-ros/realsense2_camera) by extension 'ignore_ament_install'
[0.447s] Level 1:colcon.colcon_core.package_identification:_identify(src/realsense-ros/realsense2_camera) by extensions ['colcon_pkg']
[0.447s] Level 1:colcon.colcon_core.package_identification:_identify(src/realsense-ros/realsense2_camera) by extension 'colcon_pkg'
[0.447s] Level 1:colcon.colcon_core.package_identification:_identify(src/realsense-ros/realsense2_camera) by extensions ['colcon_meta']
[0.447s] Level 1:colcon.colcon_core.package_identification:_identify(src/realsense-ros/realsense2_camera) by extension 'colcon_meta'
[0.447s] Level 1:colcon.colcon_core.package_identification:_identify(src/realsense-ros/realsense2_camera) by extensions ['ros']
[0.447s] Level 1:colcon.colcon_core.package_identification:_identify(src/realsense-ros/realsense2_camera) by extension 'ros'
[0.455s] DEBUG:colcon.colcon_core.package_identification:Package 'src/realsense-ros/realsense2_camera' with type 'ros.ament_cmake' and name 'realsense2_camera'
[0.455s] Level 1:colcon.colcon_core.package_identification:_identify(src/realsense-ros/realsense2_camera_msgs) by extensions ['ignore', 'ignore_ament_install']
[0.455s] Level 1:colcon.colcon_core.package_identification:_identify(src/realsense-ros/realsense2_camera_msgs) by extension 'ignore'
[0.455s] Level 1:colcon.colcon_core.package_identification:_identify(src/realsense-ros/realsense2_camera_msgs) by extension 'ignore_ament_install'
[0.455s] Level 1:colcon.colcon_core.package_identification:_identify(src/realsense-ros/realsense2_camera_msgs) by extensions ['colcon_pkg']
[0.455s] Level 1:colcon.colcon_core.package_identification:_identify(src/realsense-ros/realsense2_camera_msgs) by extension 'colcon_pkg'
[0.455s] Level 1:colcon.colcon_core.package_identification:_identify(src/realsense-ros/realsense2_camera_msgs) by extensions ['colcon_meta']
[0.455s] Level 1:colcon.colcon_core.package_identification:_identify(src/realsense-ros/realsense2_camera_msgs) by extension 'colcon_meta'
[0.455s] Level 1:colcon.colcon_core.package_identification:_identify(src/realsense-ros/realsense2_camera_msgs) by extensions ['ros']
[0.455s] Level 1:colcon.colcon_core.package_identification:_identify(src/realsense-ros/realsense2_camera_msgs) by extension 'ros'
[0.456s] DEBUG:colcon.colcon_core.package_identification:Package 'src/realsense-ros/realsense2_camera_msgs' with type 'ros.ament_cmake' and name 'realsense2_camera_msgs'
[0.456s] Level 1:colcon.colcon_core.package_identification:_identify(src/realsense-ros/realsense2_description) by extensions ['ignore', 'ignore_ament_install']
[0.456s] Level 1:colcon.colcon_core.package_identification:_identify(src/realsense-ros/realsense2_description) by extension 'ignore'
[0.457s] Level 1:colcon.colcon_core.package_identification:_identify(src/realsense-ros/realsense2_description) by extension 'ignore_ament_install'
[0.457s] Level 1:colcon.colcon_core.package_identification:_identify(src/realsense-ros/realsense2_description) by extensions ['colcon_pkg']
[0.457s] Level 1:colcon.colcon_core.package_identification:_identify(src/realsense-ros/realsense2_description) by extension 'colcon_pkg'
[0.457s] Level 1:colcon.colcon_core.package_identification:_identify(src/realsense-ros/realsense2_description) by extensions ['colcon_meta']
[0.457s] Level 1:colcon.colcon_core.package_identification:_identify(src/realsense-ros/realsense2_description) by extension 'colcon_meta'
[0.457s] Level 1:colcon.colcon_core.package_identification:_identify(src/realsense-ros/realsense2_description) by extensions ['ros']
[0.457s] Level 1:colcon.colcon_core.package_identification:_identify(src/realsense-ros/realsense2_description) by extension 'ros'
[0.458s] DEBUG:colcon.colcon_core.package_identification:Package 'src/realsense-ros/realsense2_description' with type 'ros.ament_cmake' and name 'realsense2_description'
[0.458s] Level 1:colcon.colcon_core.package_identification:_identify(src/realsense-ros/scripts) by extensions ['ignore', 'ignore_ament_install']
[0.458s] Level 1:colcon.colcon_core.package_identification:_identify(src/realsense-ros/scripts) by extension 'ignore'
[0.458s] Level 1:colcon.colcon_core.package_identification:_identify(src/realsense-ros/scripts) by extension 'ignore_ament_install'
[0.458s] Level 1:colcon.colcon_core.package_identification:_identify(src/realsense-ros/scripts) by extensions ['colcon_pkg']
[0.458s] Level 1:colcon.colcon_core.package_identification:_identify(src/realsense-ros/scripts) by extension 'colcon_pkg'
[0.458s] Level 1:colcon.colcon_core.package_identification:_identify(src/realsense-ros/scripts) by extensions ['colcon_meta']
[0.458s] Level 1:colcon.colcon_core.package_identification:_identify(src/realsense-ros/scripts) by extension 'colcon_meta'
[0.458s] Level 1:colcon.colcon_core.package_identification:_identify(src/realsense-ros/scripts) by extensions ['ros']
[0.458s] Level 1:colcon.colcon_core.package_identification:_identify(src/realsense-ros/scripts) by extension 'ros'
[0.458s] Level 1:colcon.colcon_core.package_identification:_identify(src/realsense-ros/scripts) by extensions ['cmake', 'python']
[0.458s] Level 1:colcon.colcon_core.package_identification:_identify(src/realsense-ros/scripts) by extension 'cmake'
[0.459s] Level 1:colcon.colcon_core.package_identification:_identify(src/realsense-ros/scripts) by extension 'python'
[0.459s] Level 1:colcon.colcon_core.package_identification:_identify(src/realsense-ros/scripts) by extensions ['python_setup_py']
[0.459s] Level 1:colcon.colcon_core.package_identification:_identify(src/realsense-ros/scripts) by extension 'python_setup_py'
[0.459s] Level 1:colcon.colcon_core.package_discovery:discover_packages(recursive) using defaults
[0.459s] Level 1:colcon.colcon_core.package_discovery:discover_packages(ignore) discover
[0.459s] Level 1:colcon.colcon_core.package_discovery:discover_packages(ignore) using defaults
[0.459s] Level 1:colcon.colcon_core.package_discovery:discover_packages(path) discover
[0.459s] Level 1:colcon.colcon_core.package_discovery:discover_packages(path) using defaults
[0.490s] Level 1:colcon.colcon_core.package_discovery:discover_packages(prefix_path) check parameters
[0.490s] Level 1:colcon.colcon_core.package_discovery:discover_packages(prefix_path) discover
[0.493s] DEBUG:colcon.colcon_installed_package_information.package_discovery:Found 12 installed packages in /home/mewert/Desktop/luna/install
[0.495s] DEBUG:colcon.colcon_installed_package_information.package_discovery:Found 275 installed packages in /opt/ros/humble
[0.497s] Level 1:colcon.colcon_core.package_discovery:discover_packages(prefix_path) using defaults
[0.549s] Level 5:colcon.colcon_core.verb:set package 'diagnostic_aggregator' build argument 'cmake_args' from command line to 'None'
[0.549s] Level 5:colcon.colcon_core.verb:set package 'diagnostic_aggregator' build argument 'cmake_target' from command line to 'None'
[0.549s] Level 5:colcon.colcon_core.verb:set package 'diagnostic_aggregator' build argument 'cmake_target_skip_unavailable' from command line to 'False'
[0.549s] Level 5:colcon.colcon_core.verb:set package 'diagnostic_aggregator' build argument 'cmake_clean_cache' from command line to 'False'
[0.550s] Level 5:colcon.colcon_core.verb:set package 'diagnostic_aggregator' build argument 'cmake_clean_first' from command line to 'False'
[0.550s] Level 5:colcon.colcon_core.verb:set package 'diagnostic_aggregator' build argument 'cmake_force_configure' from command line to 'False'
[0.550s] Level 5:colcon.colcon_core.verb:set package 'diagnostic_aggregator' build argument 'ament_cmake_args' from command line to 'None'
[0.550s] Level 5:colcon.colcon_core.verb:set package 'diagnostic_aggregator' build argument 'catkin_cmake_args' from command line to 'None'
[0.550s] Level 5:colcon.colcon_core.verb:set package 'diagnostic_aggregator' build argument 'catkin_skip_building_tests' from command line to 'False'
[0.550s] DEBUG:colcon.colcon_core.verb:Building package 'diagnostic_aggregator' with the following arguments: {'ament_cmake_args': None, 'build_base': '/home/mewert/Desktop/luna/build/diagnostic_aggregator', 'catkin_cmake_args': None, 'catkin_skip_building_tests': False, 'cmake_args': None, 'cmake_clean_cache': False, 'cmake_clean_first': False, 'cmake_force_configure': False, 'cmake_target': None, 'cmake_target_skip_unavailable': False, 'install_base': '/home/mewert/Desktop/luna/install/diagnostic_aggregator', 'merge_install': False, 'path': '/home/mewert/Desktop/luna/diagnostics/diagnostic_aggregator', 'symlink_install': True, 'test_result_base': None}
[0.550s] Level 5:colcon.colcon_core.verb:set package 'diagnostic_updater' build argument 'cmake_args' from command line to 'None'
[0.550s] Level 5:colcon.colcon_core.verb:set package 'diagnostic_updater' build argument 'cmake_target' from command line to 'None'
[0.550s] Level 5:colcon.colcon_core.verb:set package 'diagnostic_updater' build argument 'cmake_target_skip_unavailable' from command line to 'False'
[0.550s] Level 5:colcon.colcon_core.verb:set package 'diagnostic_updater' build argument 'cmake_clean_cache' from command line to 'False'
[0.550s] Level 5:colcon.colcon_core.verb:set package 'diagnostic_updater' build argument 'cmake_clean_first' from command line to 'False'
[0.550s] Level 5:colcon.colcon_core.verb:set package 'diagnostic_updater' build argument 'cmake_force_configure' from command line to 'False'
[0.550s] Level 5:colcon.colcon_core.verb:set package 'diagnostic_updater' build argument 'ament_cmake_args' from command line to 'None'
[0.550s] Level 5:colcon.colcon_core.verb:set package 'diagnostic_updater' build argument 'catkin_cmake_args' from command line to 'None'
[0.551s] Level 5:colcon.colcon_core.verb:set package 'diagnostic_updater' build argument 'catkin_skip_building_tests' from command line to 'False'
[0.551s] DEBUG:colcon.colcon_core.verb:Building package 'diagnostic_updater' with the following arguments: {'ament_cmake_args': None, 'build_base': '/home/mewert/Desktop/luna/build/diagnostic_updater', 'catkin_cmake_args': None, 'catkin_skip_building_tests': False, 'cmake_args': None, 'cmake_clean_cache': False, 'cmake_clean_first': False, 'cmake_force_configure': False, 'cmake_target': None, 'cmake_target_skip_unavailable': False, 'install_base': '/home/mewert/Desktop/luna/install/diagnostic_updater', 'merge_install': False, 'path': '/home/mewert/Desktop/luna/diagnostics/diagnostic_updater', 'symlink_install': True, 'test_result_base': None}
[0.551s] Level 5:colcon.colcon_core.verb:set package 'my_octomap_pkg' build argument 'cmake_args' from command line to 'None'
[0.551s] Level 5:colcon.colcon_core.verb:set package 'my_octomap_pkg' build argument 'cmake_target' from command line to 'None'
[0.551s] Level 5:colcon.colcon_core.verb:set package 'my_octomap_pkg' build argument 'cmake_target_skip_unavailable' from command line to 'False'
[0.551s] Level 5:colcon.colcon_core.verb:set package 'my_octomap_pkg' build argument 'cmake_clean_cache' from command line to 'False'
[0.551s] Level 5:colcon.colcon_core.verb:set package 'my_octomap_pkg' build argument 'cmake_clean_first' from command line to 'False'
[0.551s] Level 5:colcon.colcon_core.verb:set package 'my_octomap_pkg' build argument 'cmake_force_configure' from command line to 'False'
[0.551s] Level 5:colcon.colcon_core.verb:set package 'my_octomap_pkg' build argument 'ament_cmake_args' from command line to 'None'
[0.551s] Level 5:colcon.colcon_core.verb:set package 'my_octomap_pkg' build argument 'catkin_cmake_args' from command line to 'None'
[0.551s] Level 5:colcon.colcon_core.verb:set package 'my_octomap_pkg' build argument 'catkin_skip_building_tests' from command line to 'False'
[0.551s] DEBUG:colcon.colcon_core.verb:Building package 'my_octomap_pkg' with the following arguments: {'ament_cmake_args': None, 'build_base': '/home/mewert/Desktop/luna/build/my_octomap_pkg', 'catkin_cmake_args': None, 'catkin_skip_building_tests': False, 'cmake_args': None, 'cmake_clean_cache': False, 'cmake_clean_first': False, 'cmake_force_configure': False, 'cmake_target': None, 'cmake_target_skip_unavailable': False, 'install_base': '/home/mewert/Desktop/luna/install/my_octomap_pkg', 'merge_install': False, 'path': '/home/mewert/Desktop/luna/src/my_octomap_pkg', 'symlink_install': True, 'test_result_base': None}
[0.552s] Level 5:colcon.colcon_core.verb:set package 'open_cv_pkg' build argument 'cmake_args' from command line to 'None'
[0.552s] Level 5:colcon.colcon_core.verb:set package 'open_cv_pkg' build argument 'cmake_target' from command line to 'None'
[0.552s] Level 5:colcon.colcon_core.verb:set package 'open_cv_pkg' build argument 'cmake_target_skip_unavailable' from command line to 'False'
[0.552s] Level 5:colcon.colcon_core.verb:set package 'open_cv_pkg' build argument 'cmake_clean_cache' from command line to 'False'
[0.552s] Level 5:colcon.colcon_core.verb:set package 'open_cv_pkg' build argument 'cmake_clean_first' from command line to 'False'
[0.552s] Level 5:colcon.colcon_core.verb:set package 'open_cv_pkg' build argument 'cmake_force_configure' from command line to 'False'
[0.552s] Level 5:colcon.colcon_core.verb:set package 'open_cv_pkg' build argument 'ament_cmake_args' from command line to 'None'
[0.552s] Level 5:colcon.colcon_core.verb:set package 'open_cv_pkg' build argument 'catkin_cmake_args' from command line to 'None'
[0.552s] Level 5:colcon.colcon_core.verb:set package 'open_cv_pkg' build argument 'catkin_skip_building_tests' from command line to 'False'
[0.552s] DEBUG:colcon.colcon_core.verb:Building package 'open_cv_pkg' with the following arguments: {'ament_cmake_args': None, 'build_base': '/home/mewert/Desktop/luna/build/open_cv_pkg', 'catkin_cmake_args': None, 'catkin_skip_building_tests': False, 'cmake_args': None, 'cmake_clean_cache': False, 'cmake_clean_first': False, 'cmake_force_configure': False, 'cmake_target': None, 'cmake_target_skip_unavailable': False, 'install_base': '/home/mewert/Desktop/luna/install/open_cv_pkg', 'merge_install': False, 'path': '/home/mewert/Desktop/luna/src/open_cv_pkg', 'symlink_install': True, 'test_result_base': None}
[0.552s] Level 5:colcon.colcon_core.verb:set package 'pointcloud_to_grid' build argument 'cmake_args' from command line to 'None'
[0.552s] Level 5:colcon.colcon_core.verb:set package 'pointcloud_to_grid' build argument 'cmake_target' from command line to 'None'
[0.552s] Level 5:colcon.colcon_core.verb:set package 'pointcloud_to_grid' build argument 'cmake_target_skip_unavailable' from command line to 'False'
[0.552s] Level 5:colcon.colcon_core.verb:set package 'pointcloud_to_grid' build argument 'cmake_clean_cache' from command line to 'False'
[0.553s] Level 5:colcon.colcon_core.verb:set package 'pointcloud_to_grid' build argument 'cmake_clean_first' from command line to 'False'
[0.553s] Level 5:colcon.colcon_core.verb:set package 'pointcloud_to_grid' build argument 'cmake_force_configure' from command line to 'False'
[0.553s] Level 5:colcon.colcon_core.verb:set package 'pointcloud_to_grid' build argument 'ament_cmake_args' from command line to 'None'
[0.553s] Level 5:colcon.colcon_core.verb:set package 'pointcloud_to_grid' build argument 'catkin_cmake_args' from command line to 'None'
[0.553s] Level 5:colcon.colcon_core.verb:set package 'pointcloud_to_grid' build argument 'catkin_skip_building_tests' from command line to 'False'
[0.553s] DEBUG:colcon.colcon_core.verb:Building package 'pointcloud_to_grid' with the following arguments: {'ament_cmake_args': None, 'build_base': '/home/mewert/Desktop/luna/build/pointcloud_to_grid', 'catkin_cmake_args': None, 'catkin_skip_building_tests': False, 'cmake_args': None, 'cmake_clean_cache': False, 'cmake_clean_first': False, 'cmake_force_configure': False, 'cmake_target': None, 'cmake_target_skip_unavailable': False, 'install_base': '/home/mewert/Desktop/luna/install/pointcloud_to_grid', 'merge_install': False, 'path': '/home/mewert/Desktop/luna/src/pointcloud_to_grid', 'symlink_install': True, 'test_result_base': None}
[0.553s] Level 5:colcon.colcon_core.verb:set package 'realsense2_camera_msgs' build argument 'cmake_args' from command line to 'None'
[0.553s] Level 5:colcon.colcon_core.verb:set package 'realsense2_camera_msgs' build argument 'cmake_target' from command line to 'None'
[0.553s] Level 5:colcon.colcon_core.verb:set package 'realsense2_camera_msgs' build argument 'cmake_target_skip_unavailable' from command line to 'False'
[0.553s] Level 5:colcon.colcon_core.verb:set package 'realsense2_camera_msgs' build argument 'cmake_clean_cache' from command line to 'False'
[0.553s] Level 5:colcon.colcon_core.verb:set package 'realsense2_camera_msgs' build argument 'cmake_clean_first' from command line to 'False'
[0.553s] Level 5:colcon.colcon_core.verb:set package 'realsense2_camera_msgs' build argument 'cmake_force_configure' from command line to 'False'
[0.553s] Level 5:colcon.colcon_core.verb:set package 'realsense2_camera_msgs' build argument 'ament_cmake_args' from command line to 'None'
[0.553s] Level 5:colcon.colcon_core.verb:set package 'realsense2_camera_msgs' build argument 'catkin_cmake_args' from command line to 'None'
[0.553s] Level 5:colcon.colcon_core.verb:set package 'realsense2_camera_msgs' build argument 'catkin_skip_building_tests' from command line to 'False'
[0.553s] DEBUG:colcon.colcon_core.verb:Building package 'realsense2_camera_msgs' with the following arguments: {'ament_cmake_args': None, 'build_base': '/home/mewert/Desktop/luna/build/realsense2_camera_msgs', 'catkin_cmake_args': None, 'catkin_skip_building_tests': False, 'cmake_args': None, 'cmake_clean_cache': False, 'cmake_clean_first': False, 'cmake_force_configure': False, 'cmake_target': None, 'cmake_target_skip_unavailable': False, 'install_base': '/home/mewert/Desktop/luna/install/realsense2_camera_msgs', 'merge_install': False, 'path': '/home/mewert/Desktop/luna/src/realsense-ros/realsense2_camera_msgs', 'symlink_install': True, 'test_result_base': None}
[0.554s] Level 5:colcon.colcon_core.verb:set package 'diagnostic_common_diagnostics' build argument 'cmake_args' from command line to 'None'
[0.554s] Level 5:colcon.colcon_core.verb:set package 'diagnostic_common_diagnostics' build argument 'cmake_target' from command line to 'None'
[0.554s] Level 5:colcon.colcon_core.verb:set package 'diagnostic_common_diagnostics' build argument 'cmake_target_skip_unavailable' from command line to 'False'
[0.554s] Level 5:colcon.colcon_core.verb:set package 'diagnostic_common_diagnostics' build argument 'cmake_clean_cache' from command line to 'False'
[0.554s] Level 5:colcon.colcon_core.verb:set package 'diagnostic_common_diagnostics' build argument 'cmake_clean_first' from command line to 'False'
[0.554s] Level 5:colcon.colcon_core.verb:set package 'diagnostic_common_diagnostics' build argument 'cmake_force_configure' from command line to 'False'
[0.554s] Level 5:colcon.colcon_core.verb:set package 'diagnostic_common_diagnostics' build argument 'ament_cmake_args' from command line to 'None'
[0.554s] Level 5:colcon.colcon_core.verb:set package 'diagnostic_common_diagnostics' build argument 'catkin_cmake_args' from command line to 'None'
[0.554s] Level 5:colcon.colcon_core.verb:set package 'diagnostic_common_diagnostics' build argument 'catkin_skip_building_tests' from command line to 'False'
[0.554s] DEBUG:colcon.colcon_core.verb:Building package 'diagnostic_common_diagnostics' with the following arguments: {'ament_cmake_args': None, 'build_base': '/home/mewert/Desktop/luna/build/diagnostic_common_diagnostics', 'catkin_cmake_args': None, 'catkin_skip_building_tests': False, 'cmake_args': None, 'cmake_clean_cache': False, 'cmake_clean_first': False, 'cmake_force_configure': False, 'cmake_target': None, 'cmake_target_skip_unavailable': False, 'install_base': '/home/mewert/Desktop/luna/install/diagnostic_common_diagnostics', 'merge_install': False, 'path': '/home/mewert/Desktop/luna/diagnostics/diagnostic_common_diagnostics', 'symlink_install': True, 'test_result_base': None}
[0.554s] Level 5:colcon.colcon_core.verb:set package 'realsense2_camera' build argument 'cmake_args' from command line to 'None'
[0.554s] Level 5:colcon.colcon_core.verb:set package 'realsense2_camera' build argument 'cmake_target' from command line to 'None'
[0.554s] Level 5:colcon.colcon_core.verb:set package 'realsense2_camera' build argument 'cmake_target_skip_unavailable' from command line to 'False'
[0.555s] Level 5:colcon.colcon_core.verb:set package 'realsense2_camera' build argument 'cmake_clean_cache' from command line to 'False'
[0.555s] Level 5:colcon.colcon_core.verb:set package 'realsense2_camera' build argument 'cmake_clean_first' from command line to 'False'
[0.555s] Level 5:colcon.colcon_core.verb:set package 'realsense2_camera' build argument 'cmake_force_configure' from command line to 'False'
[0.555s] Level 5:colcon.colcon_core.verb:set package 'realsense2_camera' build argument 'ament_cmake_args' from command line to 'None'
[0.555s] Level 5:colcon.colcon_core.verb:set package 'realsense2_camera' build argument 'catkin_cmake_args' from command line to 'None'
[0.555s] Level 5:colcon.colcon_core.verb:set package 'realsense2_camera' build argument 'catkin_skip_building_tests' from command line to 'False'
[0.555s] DEBUG:colcon.colcon_core.verb:Building package 'realsense2_camera' with the following arguments: {'ament_cmake_args': None, 'build_base': '/home/mewert/Desktop/luna/build/realsense2_camera', 'catkin_cmake_args': None, 'catkin_skip_building_tests': False, 'cmake_args': None, 'cmake_clean_cache': False, 'cmake_clean_first': False, 'cmake_force_configure': False, 'cmake_target': None, 'cmake_target_skip_unavailable': False, 'install_base': '/home/mewert/Desktop/luna/install/realsense2_camera', 'merge_install': False, 'path': '/home/mewert/Desktop/luna/src/realsense-ros/realsense2_camera', 'symlink_install': True, 'test_result_base': None}
[0.555s] Level 5:colcon.colcon_core.verb:set package 'realsense2_description' build argument 'cmake_args' from command line to 'None'
[0.555s] Level 5:colcon.colcon_core.verb:set package 'realsense2_description' build argument 'cmake_target' from command line to 'None'
[0.555s] Level 5:colcon.colcon_core.verb:set package 'realsense2_description' build argument 'cmake_target_skip_unavailable' from command line to 'False'
[0.555s] Level 5:colcon.colcon_core.verb:set package 'realsense2_description' build argument 'cmake_clean_cache' from command line to 'False'
[0.555s] Level 5:colcon.colcon_core.verb:set package 'realsense2_description' build argument 'cmake_clean_first' from command line to 'False'
[0.555s] Level 5:colcon.colcon_core.verb:set package 'realsense2_description' build argument 'cmake_force_configure' from command line to 'False'
[0.555s] Level 5:colcon.colcon_core.verb:set package 'realsense2_description' build argument 'ament_cmake_args' from command line to 'None'
[0.555s] Level 5:colcon.colcon_core.verb:set package 'realsense2_description' build argument 'catkin_cmake_args' from command line to 'None'
[0.555s] Level 5:colcon.colcon_core.verb:set package 'realsense2_description' build argument 'catkin_skip_building_tests' from command line to 'False'
[0.555s] DEBUG:colcon.colcon_core.verb:Building package 'realsense2_description' with the following arguments: {'ament_cmake_args': None, 'build_base': '/home/mewert/Desktop/luna/build/realsense2_description', 'catkin_cmake_args': None, 'catkin_skip_building_tests': False, 'cmake_args': None, 'cmake_clean_cache': False, 'cmake_clean_first': False, 'cmake_force_configure': False, 'cmake_target': None, 'cmake_target_skip_unavailable': False, 'install_base': '/home/mewert/Desktop/luna/install/realsense2_description', 'merge_install': False, 'path': '/home/mewert/Desktop/luna/src/realsense-ros/realsense2_description', 'symlink_install': True, 'test_result_base': None}
[0.556s] Level 5:colcon.colcon_core.verb:set package 'self_test' build argument 'cmake_args' from command line to 'None'
[0.556s] Level 5:colcon.colcon_core.verb:set package 'self_test' build argument 'cmake_target' from command line to 'None'
[0.556s] Level 5:colcon.colcon_core.verb:set package 'self_test' build argument 'cmake_target_skip_unavailable' from command line to 'False'
[0.556s] Level 5:colcon.colcon_core.verb:set package 'self_test' build argument 'cmake_clean_cache' from command line to 'False'
[0.556s] Level 5:colcon.colcon_core.verb:set package 'self_test' build argument 'cmake_clean_first' from command line to 'False'
[0.556s] Level 5:colcon.colcon_core.verb:set package 'self_test' build argument 'cmake_force_configure' from command line to 'False'
[0.556s] Level 5:colcon.colcon_core.verb:set package 'self_test' build argument 'ament_cmake_args' from command line to 'None'
[0.556s] Level 5:colcon.colcon_core.verb:set package 'self_test' build argument 'catkin_cmake_args' from command line to 'None'
[0.556s] Level 5:colcon.colcon_core.verb:set package 'self_test' build argument 'catkin_skip_building_tests' from command line to 'False'
[0.556s] DEBUG:colcon.colcon_core.verb:Building package 'self_test' with the following arguments: {'ament_cmake_args': None, 'build_base': '/home/mewert/Desktop/luna/build/self_test', 'catkin_cmake_args': None, 'catkin_skip_building_tests': False, 'cmake_args': None, 'cmake_clean_cache': False, 'cmake_clean_first': False, 'cmake_force_configure': False, 'cmake_target': None, 'cmake_target_skip_unavailable': False, 'install_base': '/home/mewert/Desktop/luna/install/self_test', 'merge_install': False, 'path': '/home/mewert/Desktop/luna/diagnostics/self_test', 'symlink_install': True, 'test_result_base': None}
[0.556s] Level 5:colcon.colcon_core.verb:set package 'diagnostics' build argument 'cmake_args' from command line to 'None'
[0.556s] Level 5:colcon.colcon_core.verb:set package 'diagnostics' build argument 'cmake_target' from command line to 'None'
[0.557s] Level 5:colcon.colcon_core.verb:set package 'diagnostics' build argument 'cmake_target_skip_unavailable' from command line to 'False'
[0.557s] Level 5:colcon.colcon_core.verb:set package 'diagnostics' build argument 'cmake_clean_cache' from command line to 'False'
[0.557s] Level 5:colcon.colcon_core.verb:set package 'diagnostics' build argument 'cmake_clean_first' from command line to 'False'
[0.557s] Level 5:colcon.colcon_core.verb:set package 'diagnostics' build argument 'cmake_force_configure' from command line to 'False'
[0.557s] Level 5:colcon.colcon_core.verb:set package 'diagnostics' build argument 'ament_cmake_args' from command line to 'None'
[0.557s] Level 5:colcon.colcon_core.verb:set package 'diagnostics' build argument 'catkin_cmake_args' from command line to 'None'
[0.557s] Level 5:colcon.colcon_core.verb:set package 'diagnostics' build argument 'catkin_skip_building_tests' from command line to 'False'
[0.557s] DEBUG:colcon.colcon_core.verb:Building package 'diagnostics' with the following arguments: {'ament_cmake_args': None, 'build_base': '/home/mewert/Desktop/luna/build/diagnostics', 'catkin_cmake_args': None, 'catkin_skip_building_tests': False, 'cmake_args': None, 'cmake_clean_cache': False, 'cmake_clean_first': False, 'cmake_force_configure': False, 'cmake_target': None, 'cmake_target_skip_unavailable': False, 'install_base': '/home/mewert/Desktop/luna/install/diagnostics', 'merge_install': False, 'path': '/home/mewert/Desktop/luna/diagnostics/diagnostics', 'symlink_install': True, 'test_result_base': None}
[0.557s] INFO:colcon.colcon_core.executor:Executing jobs using 'parallel' executor
[0.558s] DEBUG:colcon.colcon_parallel_executor.executor.parallel:run_until_complete
[0.558s] INFO:colcon.colcon_ros.task.ament_cmake.build:Building ROS package in '/home/mewert/Desktop/luna/diagnostics/diagnostic_updater' with build type 'ament_cmake'
[0.559s] INFO:colcon.colcon_cmake.task.cmake.build:Building CMake package in '/home/mewert/Desktop/luna/diagnostics/diagnostic_updater'
[0.561s] INFO:colcon.colcon_core.plugin_system:Skipping extension 'colcon_core.shell.bat': Not used on non-Windows systems
[0.562s] INFO:colcon.colcon_core.shell:Skip shell extension 'powershell' for command environment: Not usable outside of PowerShell
[0.562s] DEBUG:colcon.colcon_core.shell:Skip shell extension 'dsv' for command environment
[0.567s] INFO:colcon.colcon_ros.task.ament_cmake.build:Building ROS package in '/home/mewert/Desktop/luna/src/realsense-ros/realsense2_camera_msgs' with build type 'ament_cmake'
[0.567s] INFO:colcon.colcon_cmake.task.cmake.build:Building CMake package in '/home/mewert/Desktop/luna/src/realsense-ros/realsense2_camera_msgs'
[0.567s] INFO:colcon.colcon_core.shell:Skip shell extension 'powershell' for command environment: Not usable outside of PowerShell
[0.567s] DEBUG:colcon.colcon_core.shell:Skip shell extension 'dsv' for command environment
[0.572s] INFO:colcon.colcon_ros.task.ament_cmake.build:Building ROS package in '/home/mewert/Desktop/luna/diagnostics/diagnostic_aggregator' with build type 'ament_cmake'
[0.572s] INFO:colcon.colcon_cmake.task.cmake.build:Building CMake package in '/home/mewert/Desktop/luna/diagnostics/diagnostic_aggregator'
[0.572s] INFO:colcon.colcon_core.shell:Skip shell extension 'powershell' for command environment: Not usable outside of PowerShell
[0.572s] DEBUG:colcon.colcon_core.shell:Skip shell extension 'dsv' for command environment
[0.576s] INFO:colcon.colcon_ros.task.ament_cmake.build:Building ROS package in '/home/mewert/Desktop/luna/src/my_octomap_pkg' with build type 'ament_cmake'
[0.577s] INFO:colcon.colcon_cmake.task.cmake.build:Building CMake package in '/home/mewert/Desktop/luna/src/my_octomap_pkg'
[0.577s] INFO:colcon.colcon_core.shell:Skip shell extension 'powershell' for command environment: Not usable outside of PowerShell
[0.577s] DEBUG:colcon.colcon_core.shell:Skip shell extension 'dsv' for command environment
[0.582s] INFO:colcon.colcon_ros.task.ament_python.build:Building ROS package in '/home/mewert/Desktop/luna/src/open_cv_pkg' with build type 'ament_python'
[0.583s] Level 1:colcon.colcon_core.shell:create_environment_hook('open_cv_pkg', 'ament_prefix_path')
[0.583s] INFO:colcon.colcon_core.shell:Creating environment hook '/home/mewert/Desktop/luna/install/open_cv_pkg/share/open_cv_pkg/hook/ament_prefix_path.ps1'
[0.584s] INFO:colcon.colcon_core.shell:Creating environment descriptor '/home/mewert/Desktop/luna/install/open_cv_pkg/share/open_cv_pkg/hook/ament_prefix_path.dsv'
[0.584s] INFO:colcon.colcon_core.shell:Creating environment hook '/home/mewert/Desktop/luna/install/open_cv_pkg/share/open_cv_pkg/hook/ament_prefix_path.sh'
[0.586s] INFO:colcon.colcon_core.shell:Skip shell extension 'powershell' for command environment: Not usable outside of PowerShell
[0.586s] DEBUG:colcon.colcon_core.shell:Skip shell extension 'dsv' for command environment
[0.591s] INFO:colcon.colcon_ros.task.ament_cmake.build:Building ROS package in '/home/mewert/Desktop/luna/src/pointcloud_to_grid' with build type 'ament_cmake'
[0.591s] INFO:colcon.colcon_cmake.task.cmake.build:Building CMake package in '/home/mewert/Desktop/luna/src/pointcloud_to_grid'
[0.592s] INFO:colcon.colcon_core.shell:Skip shell extension 'powershell' for command environment: Not usable outside of PowerShell
[0.592s] DEBUG:colcon.colcon_core.shell:Skip shell extension 'dsv' for command environment
[0.606s] DEBUG:colcon.colcon_core.event_handler.log_command:Invoking command in '/home/mewert/Desktop/luna/build/diagnostic_updater': CMAKE_PREFIX_PATH=${CMAKE_PREFIX_PATH}:/home/mewert/Desktop/luna/install/open_cv_pkg:/opt/ros/humble /usr/bin/cmake --build /home/mewert/Desktop/luna/build/diagnostic_updater -- -j6 -l6
[0.609s] DEBUG:colcon.colcon_core.event_handler.log_command:Invoking command in '/home/mewert/Desktop/luna/build/realsense2_camera_msgs': CMAKE_PREFIX_PATH=${CMAKE_PREFIX_PATH}:/home/mewert/Desktop/luna/install/open_cv_pkg:/opt/ros/humble /usr/bin/cmake --build /home/mewert/Desktop/luna/build/realsense2_camera_msgs -- -j6 -l6
[0.613s] DEBUG:colcon.colcon_core.event_handler.log_command:Invoking command in '/home/mewert/Desktop/luna/build/diagnostic_aggregator': CMAKE_PREFIX_PATH=${CMAKE_PREFIX_PATH}:/home/mewert/Desktop/luna/install/open_cv_pkg:/opt/ros/humble /usr/bin/cmake --build /home/mewert/Desktop/luna/build/diagnostic_aggregator -- -j6 -l6
[0.619s] DEBUG:colcon.colcon_core.event_handler.log_command:Invoking command in '/home/mewert/Desktop/luna/build/my_octomap_pkg': CMAKE_PREFIX_PATH=${CMAKE_PREFIX_PATH}:/home/mewert/Desktop/luna/install/open_cv_pkg:/opt/ros/humble /usr/bin/cmake --build /home/mewert/Desktop/luna/build/my_octomap_pkg -- -j6 -l6
[1.313s] INFO:colcon.colcon_core.task.python.build:Building Python package in '/home/mewert/Desktop/luna/src/open_cv_pkg'
[1.314s] INFO:colcon.colcon_core.shell:Skip shell extension 'powershell' for command environment: Not usable outside of PowerShell
[1.314s] DEBUG:colcon.colcon_core.shell:Skip shell extension 'dsv' for command environment
[1.457s] DEBUG:colcon.colcon_core.event_handler.log_command:Invoking command in '/home/mewert/Desktop/luna/build/pointcloud_to_grid': CMAKE_PREFIX_PATH=${CMAKE_PREFIX_PATH}:/home/mewert/Desktop/luna/install/open_cv_pkg:/opt/ros/humble /usr/bin/cmake --build /home/mewert/Desktop/luna/build/pointcloud_to_grid -- -j6 -l6
[1.518s] DEBUG:colcon.colcon_core.event_handler.log_command:Invoked command in '/home/mewert/Desktop/luna/build/realsense2_camera_msgs' returned '0': CMAKE_PREFIX_PATH=${CMAKE_PREFIX_PATH}:/home/mewert/Desktop/luna/install/open_cv_pkg:/opt/ros/humble /usr/bin/cmake --build /home/mewert/Desktop/luna/build/realsense2_camera_msgs -- -j6 -l6
[1.568s] DEBUG:colcon.colcon_core.event_handler.log_command:Invoked command in '/home/mewert/Desktop/luna/build/diagnostic_updater' returned '0': CMAKE_PREFIX_PATH=${CMAKE_PREFIX_PATH}:/home/mewert/Desktop/luna/install/open_cv_pkg:/opt/ros/humble /usr/bin/cmake --build /home/mewert/Desktop/luna/build/diagnostic_updater -- -j6 -l6
[1.628s] DEBUG:colcon.colcon_core.event_handler.log_command:Invoked command in '/home/mewert/Desktop/luna/build/diagnostic_aggregator' returned '0': CMAKE_PREFIX_PATH=${CMAKE_PREFIX_PATH}:/home/mewert/Desktop/luna/install/open_cv_pkg:/opt/ros/humble /usr/bin/cmake --build /home/mewert/Desktop/luna/build/diagnostic_aggregator -- -j6 -l6
[1.676s] DEBUG:colcon.colcon_core.event_handler.log_command:Invoked command in '/home/mewert/Desktop/luna/build/pointcloud_to_grid' returned '0': CMAKE_PREFIX_PATH=${CMAKE_PREFIX_PATH}:/home/mewert/Desktop/luna/install/open_cv_pkg:/opt/ros/humble /usr/bin/cmake --build /home/mewert/Desktop/luna/build/pointcloud_to_grid -- -j6 -l6
[1.739s] DEBUG:colcon.colcon_core.event_handler.log_command:Invoking command in '/home/mewert/Desktop/luna/build/diagnostic_updater': CMAKE_PREFIX_PATH=${CMAKE_PREFIX_PATH}:/home/mewert/Desktop/luna/install/open_cv_pkg:/opt/ros/humble /usr/bin/cmake --install /home/mewert/Desktop/luna/build/diagnostic_updater
[1.745s] DEBUG:colcon.colcon_core.event_handler.log_command:Invoking command in '/home/mewert/Desktop/luna/build/pointcloud_to_grid': CMAKE_PREFIX_PATH=${CMAKE_PREFIX_PATH}:/home/mewert/Desktop/luna/install/open_cv_pkg:/opt/ros/humble /usr/bin/cmake --install /home/mewert/Desktop/luna/build/pointcloud_to_grid
[1.805s] DEBUG:colcon.colcon_core.event_handler.log_command:Invoking command in '/home/mewert/Desktop/luna/build/diagnostic_aggregator': CMAKE_PREFIX_PATH=${CMAKE_PREFIX_PATH}:/home/mewert/Desktop/luna/install/open_cv_pkg:/opt/ros/humble /usr/bin/cmake --install /home/mewert/Desktop/luna/build/diagnostic_aggregator
[1.815s] Level 1:colcon.colcon_core.environment:create_environment_scripts_only(pointcloud_to_grid)
[1.820s] Level 1:colcon.colcon_core.environment:checking '/home/mewert/Desktop/luna/install/pointcloud_to_grid' for CMake module files
[1.823s] Level 1:colcon.colcon_core.environment:checking '/home/mewert/Desktop/luna/install/pointcloud_to_grid' for CMake config files
[1.824s] Level 1:colcon.colcon_core.shell:create_environment_hook('pointcloud_to_grid', 'cmake_prefix_path')
[1.824s] INFO:colcon.colcon_core.shell:Creating environment hook '/home/mewert/Desktop/luna/install/pointcloud_to_grid/share/pointcloud_to_grid/hook/cmake_prefix_path.ps1'
[1.825s] INFO:colcon.colcon_core.shell:Creating environment descriptor '/home/mewert/Desktop/luna/install/pointcloud_to_grid/share/pointcloud_to_grid/hook/cmake_prefix_path.dsv'
[1.825s] INFO:colcon.colcon_core.shell:Creating environment hook '/home/mewert/Desktop/luna/install/pointcloud_to_grid/share/pointcloud_to_grid/hook/cmake_prefix_path.sh'
[1.826s] Level 1:colcon.colcon_core.environment:checking '/home/mewert/Desktop/luna/install/pointcloud_to_grid/lib'
[1.827s] Level 1:colcon.colcon_core.environment:checking '/home/mewert/Desktop/luna/install/pointcloud_to_grid/bin'
[1.827s] Level 1:colcon.colcon_core.environment:checking '/home/mewert/Desktop/luna/install/pointcloud_to_grid/lib/pkgconfig/pointcloud_to_grid.pc'
[1.827s] Level 1:colcon.colcon_core.environment:checking '/home/mewert/Desktop/luna/install/pointcloud_to_grid/lib/python3.10/site-packages'
[1.827s] Level 1:colcon.colcon_core.environment:checking '/home/mewert/Desktop/luna/install/pointcloud_to_grid/bin'
[1.828s] INFO:colcon.colcon_core.shell:Creating package script '/home/mewert/Desktop/luna/install/pointcloud_to_grid/share/pointcloud_to_grid/package.ps1'
[1.829s] INFO:colcon.colcon_core.shell:Creating package descriptor '/home/mewert/Desktop/luna/install/pointcloud_to_grid/share/pointcloud_to_grid/package.dsv'
[1.830s] INFO:colcon.colcon_core.shell:Creating package script '/home/mewert/Desktop/luna/install/pointcloud_to_grid/share/pointcloud_to_grid/package.sh'
[1.831s] INFO:colcon.colcon_core.shell:Creating package script '/home/mewert/Desktop/luna/install/pointcloud_to_grid/share/pointcloud_to_grid/package.bash'
[1.839s] DEBUG:colcon.colcon_core.event_handler.log_command:Invoked command in '/home/mewert/Desktop/luna/build/pointcloud_to_grid' returned '0': CMAKE_PREFIX_PATH=${CMAKE_PREFIX_PATH}:/home/mewert/Desktop/luna/install/open_cv_pkg:/opt/ros/humble /usr/bin/cmake --install /home/mewert/Desktop/luna/build/pointcloud_to_grid
[1.841s] INFO:colcon.colcon_core.shell:Creating package script '/home/mewert/Desktop/luna/install/pointcloud_to_grid/share/pointcloud_to_grid/package.zsh'
[1.842s] Level 1:colcon.colcon_core.environment:create_file_with_runtime_dependencies(/home/mewert/Desktop/luna/install/pointcloud_to_grid/share/colcon-core/packages/pointcloud_to_grid)
[1.890s] Level 1:colcon.colcon_core.environment:create_environment_scripts_only(diagnostic_updater)
[1.892s] Level 1:colcon.colcon_core.environment:checking '/home/mewert/Desktop/luna/install/diagnostic_updater' for CMake module files
[1.893s] Level 1:colcon.colcon_core.environment:checking '/home/mewert/Desktop/luna/install/diagnostic_updater' for CMake config files
[1.893s] Level 1:colcon.colcon_core.shell:create_environment_hook('diagnostic_updater', 'cmake_prefix_path')
[1.893s] INFO:colcon.colcon_core.shell:Creating environment hook '/home/mewert/Desktop/luna/install/diagnostic_updater/share/diagnostic_updater/hook/cmake_prefix_path.ps1'
[1.891s] DEBUG:colcon.colcon_core.event_handler.log_command:Invoked command in '/home/mewert/Desktop/luna/build/diagnostic_updater' returned '0': CMAKE_PREFIX_PATH=${CMAKE_PREFIX_PATH}:/home/mewert/Desktop/luna/install/open_cv_pkg:/opt/ros/humble /usr/bin/cmake --install /home/mewert/Desktop/luna/build/diagnostic_updater
[1.894s] INFO:colcon.colcon_core.shell:Creating environment descriptor '/home/mewert/Desktop/luna/install/diagnostic_updater/share/diagnostic_updater/hook/cmake_prefix_path.dsv'
[1.895s] INFO:colcon.colcon_core.shell:Creating environment hook '/home/mewert/Desktop/luna/install/diagnostic_updater/share/diagnostic_updater/hook/cmake_prefix_path.sh'
[1.896s] Level 1:colcon.colcon_core.environment:checking '/home/mewert/Desktop/luna/install/diagnostic_updater/lib'
[1.897s] Level 1:colcon.colcon_core.shell:create_environment_hook('diagnostic_updater', 'ld_library_path_lib')
[1.897s] INFO:colcon.colcon_core.shell:Creating environment hook '/home/mewert/Desktop/luna/install/diagnostic_updater/share/diagnostic_updater/hook/ld_library_path_lib.ps1'
[1.898s] INFO:colcon.colcon_core.shell:Creating environment descriptor '/home/mewert/Desktop/luna/install/diagnostic_updater/share/diagnostic_updater/hook/ld_library_path_lib.dsv'
[1.898s] INFO:colcon.colcon_core.shell:Creating environment hook '/home/mewert/Desktop/luna/install/diagnostic_updater/share/diagnostic_updater/hook/ld_library_path_lib.sh'
[1.899s] Level 1:colcon.colcon_core.environment:checking '/home/mewert/Desktop/luna/install/diagnostic_updater/bin'
[1.899s] Level 1:colcon.colcon_core.environment:checking '/home/mewert/Desktop/luna/install/diagnostic_updater/lib/pkgconfig/diagnostic_updater.pc'
[1.899s] Level 1:colcon.colcon_core.environment:checking '/home/mewert/Desktop/luna/install/diagnostic_updater/lib/python3.10/site-packages'
[1.901s] Level 1:colcon.colcon_core.environment:checking '/home/mewert/Desktop/luna/install/diagnostic_updater/bin'
[1.901s] INFO:colcon.colcon_core.shell:Creating package script '/home/mewert/Desktop/luna/install/diagnostic_updater/share/diagnostic_updater/package.ps1'
[1.902s] INFO:colcon.colcon_core.shell:Creating package descriptor '/home/mewert/Desktop/luna/install/diagnostic_updater/share/diagnostic_updater/package.dsv'
[1.903s] INFO:colcon.colcon_core.shell:Creating package script '/home/mewert/Desktop/luna/install/diagnostic_updater/share/diagnostic_updater/package.sh'
[1.904s] INFO:colcon.colcon_core.shell:Creating package script '/home/mewert/Desktop/luna/install/diagnostic_updater/share/diagnostic_updater/package.bash'
[1.905s] INFO:colcon.colcon_core.shell:Creating package script '/home/mewert/Desktop/luna/install/diagnostic_updater/share/diagnostic_updater/package.zsh'
[1.906s] Level 1:colcon.colcon_core.environment:create_file_with_runtime_dependencies(/home/mewert/Desktop/luna/install/diagnostic_updater/share/colcon-core/packages/diagnostic_updater)
[1.926s] Level 1:colcon.colcon_core.environment:create_environment_scripts_only(diagnostic_aggregator)
[1.927s] DEBUG:colcon.colcon_core.event_handler.log_command:Invoked command in '/home/mewert/Desktop/luna/build/diagnostic_aggregator' returned '0': CMAKE_PREFIX_PATH=${CMAKE_PREFIX_PATH}:/home/mewert/Desktop/luna/install/open_cv_pkg:/opt/ros/humble /usr/bin/cmake --install /home/mewert/Desktop/luna/build/diagnostic_aggregator
[1.927s] Level 1:colcon.colcon_core.environment:checking '/home/mewert/Desktop/luna/install/diagnostic_aggregator' for CMake module files
[1.928s] Level 1:colcon.colcon_core.environment:checking '/home/mewert/Desktop/luna/install/diagnostic_aggregator' for CMake config files
[1.930s] Level 1:colcon.colcon_core.shell:create_environment_hook('diagnostic_aggregator', 'cmake_prefix_path')
[1.930s] INFO:colcon.colcon_core.shell:Creating environment hook '/home/mewert/Desktop/luna/install/diagnostic_aggregator/share/diagnostic_aggregator/hook/cmake_prefix_path.ps1'
[1.931s] INFO:colcon.colcon_core.shell:Creating environment descriptor '/home/mewert/Desktop/luna/install/diagnostic_aggregator/share/diagnostic_aggregator/hook/cmake_prefix_path.dsv'
[1.932s] INFO:colcon.colcon_core.shell:Creating environment hook '/home/mewert/Desktop/luna/install/diagnostic_aggregator/share/diagnostic_aggregator/hook/cmake_prefix_path.sh'
[1.933s] Level 1:colcon.colcon_core.environment:checking '/home/mewert/Desktop/luna/install/diagnostic_aggregator/lib'
[1.933s] Level 1:colcon.colcon_core.shell:create_environment_hook('diagnostic_aggregator', 'ld_library_path_lib')
[1.933s] INFO:colcon.colcon_core.shell:Creating environment hook '/home/mewert/Desktop/luna/install/diagnostic_aggregator/share/diagnostic_aggregator/hook/ld_library_path_lib.ps1'
[1.934s] INFO:colcon.colcon_core.shell:Creating environment descriptor '/home/mewert/Desktop/luna/install/diagnostic_aggregator/share/diagnostic_aggregator/hook/ld_library_path_lib.dsv'
[1.934s] INFO:colcon.colcon_core.shell:Creating environment hook '/home/mewert/Desktop/luna/install/diagnostic_aggregator/share/diagnostic_aggregator/hook/ld_library_path_lib.sh'
[1.935s] Level 1:colcon.colcon_core.environment:checking '/home/mewert/Desktop/luna/install/diagnostic_aggregator/bin'
[1.935s] Level 1:colcon.colcon_core.environment:checking '/home/mewert/Desktop/luna/install/diagnostic_aggregator/lib/pkgconfig/diagnostic_aggregator.pc'
[1.935s] Level 1:colcon.colcon_core.environment:checking '/home/mewert/Desktop/luna/install/diagnostic_aggregator/lib/python3.10/site-packages'
[1.936s] Level 1:colcon.colcon_core.environment:checking '/home/mewert/Desktop/luna/install/diagnostic_aggregator/bin'
[1.936s] INFO:colcon.colcon_core.shell:Creating package script '/home/mewert/Desktop/luna/install/diagnostic_aggregator/share/diagnostic_aggregator/package.ps1'
[1.937s] INFO:colcon.colcon_core.shell:Creating package descriptor '/home/mewert/Desktop/luna/install/diagnostic_aggregator/share/diagnostic_aggregator/package.dsv'
[1.938s] INFO:colcon.colcon_core.shell:Creating package script '/home/mewert/Desktop/luna/install/diagnostic_aggregator/share/diagnostic_aggregator/package.sh'
[1.938s] INFO:colcon.colcon_core.shell:Creating package script '/home/mewert/Desktop/luna/install/diagnostic_aggregator/share/diagnostic_aggregator/package.bash'
[1.939s] INFO:colcon.colcon_core.shell:Creating package script '/home/mewert/Desktop/luna/install/diagnostic_aggregator/share/diagnostic_aggregator/package.zsh'
[1.939s] Level 1:colcon.colcon_core.environment:create_file_with_runtime_dependencies(/home/mewert/Desktop/luna/install/diagnostic_aggregator/share/colcon-core/packages/diagnostic_aggregator)
[1.985s] Level 1:colcon.colcon_core.environment:create_environment_scripts_only(pointcloud_to_grid)
[1.986s] Level 1:colcon.colcon_core.environment:checking '/home/mewert/Desktop/luna/install/pointcloud_to_grid' for CMake module files
[1.988s] Level 1:colcon.colcon_core.environment:checking '/home/mewert/Desktop/luna/install/pointcloud_to_grid' for CMake config files
[1.990s] Level 1:colcon.colcon_core.shell:create_environment_hook('pointcloud_to_grid', 'cmake_prefix_path')
[1.991s] INFO:colcon.colcon_core.shell:Creating environment hook '/home/mewert/Desktop/luna/install/pointcloud_to_grid/share/pointcloud_to_grid/hook/cmake_prefix_path.ps1'
[1.992s] INFO:colcon.colcon_core.shell:Creating environment descriptor '/home/mewert/Desktop/luna/install/pointcloud_to_grid/share/pointcloud_to_grid/hook/cmake_prefix_path.dsv'
[1.993s] INFO:colcon.colcon_core.shell:Creating environment hook '/home/mewert/Desktop/luna/install/pointcloud_to_grid/share/pointcloud_to_grid/hook/cmake_prefix_path.sh'
[1.994s] Level 1:colcon.colcon_core.environment:checking '/home/mewert/Desktop/luna/install/pointcloud_to_grid/lib'
[1.994s] Level 1:colcon.colcon_core.environment:checking '/home/mewert/Desktop/luna/install/pointcloud_to_grid/bin'
[1.994s] Level 1:colcon.colcon_core.environment:checking '/home/mewert/Desktop/luna/install/pointcloud_to_grid/lib/pkgconfig/pointcloud_to_grid.pc'
[1.995s] Level 1:colcon.colcon_core.environment:checking '/home/mewert/Desktop/luna/install/pointcloud_to_grid/lib/python3.10/site-packages'
[1.995s] Level 1:colcon.colcon_core.environment:checking '/home/mewert/Desktop/luna/install/pointcloud_to_grid/bin'
[1.996s] INFO:colcon.colcon_core.shell:Creating package script '/home/mewert/Desktop/luna/install/pointcloud_to_grid/share/pointcloud_to_grid/package.ps1'
[1.996s] INFO:colcon.colcon_core.shell:Creating package descriptor '/home/mewert/Desktop/luna/install/pointcloud_to_grid/share/pointcloud_to_grid/package.dsv'
[1.997s] INFO:colcon.colcon_core.shell:Creating package script '/home/mewert/Desktop/luna/install/pointcloud_to_grid/share/pointcloud_to_grid/package.sh'
[1.998s] INFO:colcon.colcon_core.shell:Creating package script '/home/mewert/Desktop/luna/install/pointcloud_to_grid/share/pointcloud_to_grid/package.bash'
[1.999s] INFO:colcon.colcon_core.shell:Creating package script '/home/mewert/Desktop/luna/install/pointcloud_to_grid/share/pointcloud_to_grid/package.zsh'
[1.999s] Level 1:colcon.colcon_core.environment:create_file_with_runtime_dependencies(/home/mewert/Desktop/luna/install/pointcloud_to_grid/share/colcon-core/packages/pointcloud_to_grid)
[2.045s] Level 1:colcon.colcon_core.environment:create_environment_scripts_only(diagnostic_updater)
[2.059s] Level 1:colcon.colcon_core.environment:checking '/home/mewert/Desktop/luna/install/diagnostic_updater' for CMake module files
[2.060s] DEBUG:colcon.colcon_core.event_handler.log_command:Invoking command in '/home/mewert/Desktop/luna/build/realsense2_camera_msgs': CMAKE_PREFIX_PATH=${CMAKE_PREFIX_PATH}:/home/mewert/Desktop/luna/install/open_cv_pkg:/opt/ros/humble /usr/bin/cmake --install /home/mewert/Desktop/luna/build/realsense2_camera_msgs
[2.063s] Level 1:colcon.colcon_core.environment:checking '/home/mewert/Desktop/luna/install/diagnostic_updater' for CMake config files
[2.066s] Level 1:colcon.colcon_core.shell:create_environment_hook('diagnostic_updater', 'cmake_prefix_path')
[2.067s] INFO:colcon.colcon_core.shell:Creating environment hook '/home/mewert/Desktop/luna/install/diagnostic_updater/share/diagnostic_updater/hook/cmake_prefix_path.ps1'
[2.068s] INFO:colcon.colcon_core.shell:Creating environment descriptor '/home/mewert/Desktop/luna/install/diagnostic_updater/share/diagnostic_updater/hook/cmake_prefix_path.dsv'
[2.069s] INFO:colcon.colcon_core.shell:Creating environment hook '/home/mewert/Desktop/luna/install/diagnostic_updater/share/diagnostic_updater/hook/cmake_prefix_path.sh'
[2.073s] Level 1:colcon.colcon_core.environment:checking '/home/mewert/Desktop/luna/install/diagnostic_updater/lib'
[2.073s] Level 1:colcon.colcon_core.shell:create_environment_hook('diagnostic_updater', 'ld_library_path_lib')
[2.073s] INFO:colcon.colcon_core.shell:Creating environment hook '/home/mewert/Desktop/luna/install/diagnostic_updater/share/diagnostic_updater/hook/ld_library_path_lib.ps1'
[2.074s] INFO:colcon.colcon_core.shell:Creating environment descriptor '/home/mewert/Desktop/luna/install/diagnostic_updater/share/diagnostic_updater/hook/ld_library_path_lib.dsv'
[2.074s] INFO:colcon.colcon_core.shell:Creating environment hook '/home/mewert/Desktop/luna/install/diagnostic_updater/share/diagnostic_updater/hook/ld_library_path_lib.sh'
[2.080s] Level 1:colcon.colcon_core.environment:checking '/home/mewert/Desktop/luna/install/diagnostic_updater/bin'
[2.080s] Level 1:colcon.colcon_core.environment:checking '/home/mewert/Desktop/luna/install/diagnostic_updater/lib/pkgconfig/diagnostic_updater.pc'
[2.080s] Level 1:colcon.colcon_core.environment:checking '/home/mewert/Desktop/luna/install/diagnostic_updater/lib/python3.10/site-packages'
[2.081s] Level 1:colcon.colcon_core.environment:checking '/home/mewert/Desktop/luna/install/diagnostic_updater/bin'
[2.081s] INFO:colcon.colcon_core.shell:Creating package script '/home/mewert/Desktop/luna/install/diagnostic_updater/share/diagnostic_updater/package.ps1'
[2.082s] INFO:colcon.colcon_core.shell:Creating package descriptor '/home/mewert/Desktop/luna/install/diagnostic_updater/share/diagnostic_updater/package.dsv'
[2.085s] INFO:colcon.colcon_core.shell:Creating package script '/home/mewert/Desktop/luna/install/diagnostic_updater/share/diagnostic_updater/package.sh'
[2.086s] INFO:colcon.colcon_core.shell:Creating package script '/home/mewert/Desktop/luna/install/diagnostic_updater/share/diagnostic_updater/package.bash'
[2.086s] INFO:colcon.colcon_core.shell:Creating package script '/home/mewert/Desktop/luna/install/diagnostic_updater/share/diagnostic_updater/package.zsh'
[2.087s] Level 1:colcon.colcon_core.environment:create_file_with_runtime_dependencies(/home/mewert/Desktop/luna/install/diagnostic_updater/share/colcon-core/packages/diagnostic_updater)
[2.089s] INFO:colcon.colcon_ros.task.ament_cmake.build:Building ROS package in '/home/mewert/Desktop/luna/diagnostics/diagnostic_common_diagnostics' with build type 'ament_cmake'
[2.089s] INFO:colcon.colcon_cmake.task.cmake.build:Building CMake package in '/home/mewert/Desktop/luna/diagnostics/diagnostic_common_diagnostics'
[2.090s] INFO:colcon.colcon_core.shell:Skip shell extension 'powershell' for command environment: Not usable outside of PowerShell
[2.090s] DEBUG:colcon.colcon_core.shell:Skip shell extension 'dsv' for command environment
[2.103s] INFO:colcon.colcon_ros.task.ament_cmake.build:Building ROS package in '/home/mewert/Desktop/luna/diagnostics/self_test' with build type 'ament_cmake'
[2.103s] INFO:colcon.colcon_cmake.task.cmake.build:Building CMake package in '/home/mewert/Desktop/luna/diagnostics/self_test'
[2.104s] INFO:colcon.colcon_core.shell:Skip shell extension 'powershell' for command environment: Not usable outside of PowerShell
[2.104s] DEBUG:colcon.colcon_core.shell:Skip shell extension 'dsv' for command environment
[2.113s] Level 1:colcon.colcon_core.environment:create_environment_scripts_only(diagnostic_aggregator)
[2.113s] Level 1:colcon.colcon_core.environment:checking '/home/mewert/Desktop/luna/install/diagnostic_aggregator' for CMake module files
[2.114s] Level 1:colcon.colcon_core.environment:checking '/home/mewert/Desktop/luna/install/diagnostic_aggregator' for CMake config files
[2.115s] Level 1:colcon.colcon_core.shell:create_environment_hook('diagnostic_aggregator', 'cmake_prefix_path')
[2.115s] INFO:colcon.colcon_core.shell:Creating environment hook '/home/mewert/Desktop/luna/install/diagnostic_aggregator/share/diagnostic_aggregator/hook/cmake_prefix_path.ps1'
[2.116s] INFO:colcon.colcon_core.shell:Creating environment descriptor '/home/mewert/Desktop/luna/install/diagnostic_aggregator/share/diagnostic_aggregator/hook/cmake_prefix_path.dsv'
[2.117s] INFO:colcon.colcon_core.shell:Creating environment hook '/home/mewert/Desktop/luna/install/diagnostic_aggregator/share/diagnostic_aggregator/hook/cmake_prefix_path.sh'
[2.119s] Level 1:colcon.colcon_core.environment:checking '/home/mewert/Desktop/luna/install/diagnostic_aggregator/lib'
[2.119s] Level 1:colcon.colcon_core.shell:create_environment_hook('diagnostic_aggregator', 'ld_library_path_lib')
[2.119s] INFO:colcon.colcon_core.shell:Creating environment hook '/home/mewert/Desktop/luna/install/diagnostic_aggregator/share/diagnostic_aggregator/hook/ld_library_path_lib.ps1'
[2.120s] INFO:colcon.colcon_core.shell:Creating environment descriptor '/home/mewert/Desktop/luna/install/diagnostic_aggregator/share/diagnostic_aggregator/hook/ld_library_path_lib.dsv'
[2.120s] INFO:colcon.colcon_core.shell:Creating environment hook '/home/mewert/Desktop/luna/install/diagnostic_aggregator/share/diagnostic_aggregator/hook/ld_library_path_lib.sh'
[2.121s] Level 1:colcon.colcon_core.environment:checking '/home/mewert/Desktop/luna/install/diagnostic_aggregator/bin'
[2.121s] Level 1:colcon.colcon_core.environment:checking '/home/mewert/Desktop/luna/install/diagnostic_aggregator/lib/pkgconfig/diagnostic_aggregator.pc'
[2.121s] Level 1:colcon.colcon_core.environment:checking '/home/mewert/Desktop/luna/install/diagnostic_aggregator/lib/python3.10/site-packages'
[2.122s] Level 1:colcon.colcon_core.environment:checking '/home/mewert/Desktop/luna/install/diagnostic_aggregator/bin'
[2.122s] INFO:colcon.colcon_core.shell:Creating package script '/home/mewert/Desktop/luna/install/diagnostic_aggregator/share/diagnostic_aggregator/package.ps1'
[2.123s] INFO:colcon.colcon_core.shell:Creating package descriptor '/home/mewert/Desktop/luna/install/diagnostic_aggregator/share/diagnostic_aggregator/package.dsv'
[2.128s] INFO:colcon.colcon_core.shell:Creating package script '/home/mewert/Desktop/luna/install/diagnostic_aggregator/share/diagnostic_aggregator/package.sh'
[2.130s] INFO:colcon.colcon_core.shell:Creating package script '/home/mewert/Desktop/luna/install/diagnostic_aggregator/share/diagnostic_aggregator/package.bash'
[2.131s] INFO:colcon.colcon_core.shell:Creating package script '/home/mewert/Desktop/luna/install/diagnostic_aggregator/share/diagnostic_aggregator/package.zsh'
[2.132s] Level 1:colcon.colcon_core.environment:create_file_with_runtime_dependencies(/home/mewert/Desktop/luna/install/diagnostic_aggregator/share/colcon-core/packages/diagnostic_aggregator)
[2.159s] DEBUG:colcon.colcon_core.event_handler.log_command:Invoking command in '/home/mewert/Desktop/luna/build/diagnostic_common_diagnostics': CMAKE_PREFIX_PATH=/home/mewert/Desktop/luna/install/diagnostic_updater:/home/mewert/Desktop/luna/install/my_octomap_pkg:/home/mewert/Desktop/luna/install/my_pointcloud_pkg:/home/mewert/Desktop/luna/install/diagnostics:/home/mewert/Desktop/luna/install/self_test:/home/mewert/Desktop/luna/install/realsense2_description:/home/mewert/Desktop/luna/install/realsense2_camera:/home/mewert/Desktop/luna/install/realsense2_camera_msgs:/home/mewert/Desktop/luna/install/pointcloud_to_grid:/home/mewert/Desktop/luna/install/diagnostic_common_diagnostics:/home/mewert/Desktop/luna/install/diagnostic_aggregator:/home/mewert/Desktop/luna/install/open_cv_pkg:/opt/ros/humble LD_LIBRARY_PATH=/home/mewert/Desktop/luna/install/diagnostic_updater/lib:/home/mewert/Desktop/luna/install/realsense2_camera/lib:/home/mewert/Desktop/luna/install/realsense2_camera_msgs/lib:/home/mewert/Desktop/luna/install/diagnostic_aggregator/lib:/opt/ros/humble/opt/rviz_ogre_vendor/lib:/opt/ros/humble/lib/x86_64-linux-gnu:/opt/ros/humble/lib /usr/bin/cmake --build /home/mewert/Desktop/luna/build/diagnostic_common_diagnostics -- -j6 -l6
[2.188s] DEBUG:colcon.colcon_core.event_handler.log_command:Invoking command in '/home/mewert/Desktop/luna/build/self_test': CMAKE_PREFIX_PATH=/home/mewert/Desktop/luna/install/diagnostic_updater:/home/mewert/Desktop/luna/install/my_octomap_pkg:/home/mewert/Desktop/luna/install/my_pointcloud_pkg:/home/mewert/Desktop/luna/install/diagnostics:/home/mewert/Desktop/luna/install/self_test:/home/mewert/Desktop/luna/install/realsense2_description:/home/mewert/Desktop/luna/install/realsense2_camera:/home/mewert/Desktop/luna/install/realsense2_camera_msgs:/home/mewert/Desktop/luna/install/pointcloud_to_grid:/home/mewert/Desktop/luna/install/diagnostic_common_diagnostics:/home/mewert/Desktop/luna/install/diagnostic_aggregator:/home/mewert/Desktop/luna/install/open_cv_pkg:/opt/ros/humble LD_LIBRARY_PATH=/home/mewert/Desktop/luna/install/diagnostic_updater/lib:/home/mewert/Desktop/luna/install/realsense2_camera/lib:/home/mewert/Desktop/luna/install/realsense2_camera_msgs/lib:/home/mewert/Desktop/luna/install/diagnostic_aggregator/lib:/opt/ros/humble/opt/rviz_ogre_vendor/lib:/opt/ros/humble/lib/x86_64-linux-gnu:/opt/ros/humble/lib /usr/bin/cmake --build /home/mewert/Desktop/luna/build/self_test -- -j6 -l6
[2.188s] Level 1:colcon.colcon_core.environment:create_environment_scripts_only(realsense2_camera_msgs)
[2.189s] Level 1:colcon.colcon_core.environment:checking '/home/mewert/Desktop/luna/install/realsense2_camera_msgs' for CMake module files
[2.190s] DEBUG:colcon.colcon_core.event_handler.log_command:Invoked command in '/home/mewert/Desktop/luna/build/realsense2_camera_msgs' returned '0': CMAKE_PREFIX_PATH=${CMAKE_PREFIX_PATH}:/home/mewert/Desktop/luna/install/open_cv_pkg:/opt/ros/humble /usr/bin/cmake --install /home/mewert/Desktop/luna/build/realsense2_camera_msgs
[2.191s] Level 1:colcon.colcon_core.environment:checking '/home/mewert/Desktop/luna/install/realsense2_camera_msgs' for CMake config files
[2.196s] Level 1:colcon.colcon_core.shell:create_environment_hook('realsense2_camera_msgs', 'cmake_prefix_path')
[2.196s] INFO:colcon.colcon_core.shell:Creating environment hook '/home/mewert/Desktop/luna/install/realsense2_camera_msgs/share/realsense2_camera_msgs/hook/cmake_prefix_path.ps1'
[2.197s] INFO:colcon.colcon_core.shell:Creating environment descriptor '/home/mewert/Desktop/luna/install/realsense2_camera_msgs/share/realsense2_camera_msgs/hook/cmake_prefix_path.dsv'
[2.198s] INFO:colcon.colcon_core.shell:Creating environment hook '/home/mewert/Desktop/luna/install/realsense2_camera_msgs/share/realsense2_camera_msgs/hook/cmake_prefix_path.sh'
[2.198s] Level 1:colcon.colcon_core.environment:checking '/home/mewert/Desktop/luna/install/realsense2_camera_msgs/lib'
[2.199s] Level 1:colcon.colcon_core.shell:create_environment_hook('realsense2_camera_msgs', 'ld_library_path_lib')
[2.199s] INFO:colcon.colcon_core.shell:Creating environment hook '/home/mewert/Desktop/luna/install/realsense2_camera_msgs/share/realsense2_camera_msgs/hook/ld_library_path_lib.ps1'
[2.200s] INFO:colcon.colcon_core.shell:Creating environment descriptor '/home/mewert/Desktop/luna/install/realsense2_camera_msgs/share/realsense2_camera_msgs/hook/ld_library_path_lib.dsv'
[2.200s] INFO:colcon.colcon_core.shell:Creating environment hook '/home/mewert/Desktop/luna/install/realsense2_camera_msgs/share/realsense2_camera_msgs/hook/ld_library_path_lib.sh'
[2.201s] Level 1:colcon.colcon_core.environment:checking '/home/mewert/Desktop/luna/install/realsense2_camera_msgs/bin'
[2.201s] Level 1:colcon.colcon_core.environment:checking '/home/mewert/Desktop/luna/install/realsense2_camera_msgs/lib/pkgconfig/realsense2_camera_msgs.pc'
[2.202s] Level 1:colcon.colcon_core.environment:checking '/home/mewert/Desktop/luna/install/realsense2_camera_msgs/lib/python3.10/site-packages'
[2.202s] Level 1:colcon.colcon_core.environment:checking '/home/mewert/Desktop/luna/install/realsense2_camera_msgs/bin'
[2.203s] INFO:colcon.colcon_core.shell:Creating package script '/home/mewert/Desktop/luna/install/realsense2_camera_msgs/share/realsense2_camera_msgs/package.ps1'
[2.203s] INFO:colcon.colcon_core.shell:Creating package descriptor '/home/mewert/Desktop/luna/install/realsense2_camera_msgs/share/realsense2_camera_msgs/package.dsv'
[2.204s] INFO:colcon.colcon_core.shell:Creating package script '/home/mewert/Desktop/luna/install/realsense2_camera_msgs/share/realsense2_camera_msgs/package.sh'
[2.204s] INFO:colcon.colcon_core.shell:Creating package script '/home/mewert/Desktop/luna/install/realsense2_camera_msgs/share/realsense2_camera_msgs/package.bash'
[2.205s] INFO:colcon.colcon_core.shell:Creating package script '/home/mewert/Desktop/luna/install/realsense2_camera_msgs/share/realsense2_camera_msgs/package.zsh'
[2.205s] Level 1:colcon.colcon_core.environment:create_file_with_runtime_dependencies(/home/mewert/Desktop/luna/install/realsense2_camera_msgs/share/colcon-core/packages/realsense2_camera_msgs)
[2.325s] DEBUG:colcon.colcon_core.event_handler.log_command:Invoked command in '/home/mewert/Desktop/luna/build/my_octomap_pkg' returned '2': CMAKE_PREFIX_PATH=${CMAKE_PREFIX_PATH}:/home/mewert/Desktop/luna/install/open_cv_pkg:/opt/ros/humble /usr/bin/cmake --build /home/mewert/Desktop/luna/build/my_octomap_pkg -- -j6 -l6
[2.383s] Level 1:colcon.colcon_core.environment:create_environment_scripts_only(my_octomap_pkg)
[2.384s] Level 1:colcon.colcon_core.environment:checking '/home/mewert/Desktop/luna/install/my_octomap_pkg' for CMake module files
[2.386s] Level 1:colcon.colcon_core.environment:checking '/home/mewert/Desktop/luna/install/my_octomap_pkg' for CMake config files
[2.387s] Level 1:colcon.colcon_core.shell:create_environment_hook('my_octomap_pkg', 'cmake_prefix_path')
[2.387s] INFO:colcon.colcon_core.shell:Creating environment hook '/home/mewert/Desktop/luna/install/my_octomap_pkg/share/my_octomap_pkg/hook/cmake_prefix_path.ps1'
[2.388s] INFO:colcon.colcon_core.shell:Creating environment descriptor '/home/mewert/Desktop/luna/install/my_octomap_pkg/share/my_octomap_pkg/hook/cmake_prefix_path.dsv'
[2.388s] INFO:colcon.colcon_core.shell:Creating environment hook '/home/mewert/Desktop/luna/install/my_octomap_pkg/share/my_octomap_pkg/hook/cmake_prefix_path.sh'
[2.390s] Level 1:colcon.colcon_core.environment:checking '/home/mewert/Desktop/luna/install/my_octomap_pkg/lib'
[2.390s] Level 1:colcon.colcon_core.environment:checking '/home/mewert/Desktop/luna/install/my_octomap_pkg/bin'
[2.390s] Level 1:colcon.colcon_core.environment:checking '/home/mewert/Desktop/luna/install/my_octomap_pkg/lib/pkgconfig/my_octomap_pkg.pc'
[2.390s] Level 1:colcon.colcon_core.environment:checking '/home/mewert/Desktop/luna/install/my_octomap_pkg/lib/python3.10/site-packages'
[2.391s] Level 1:colcon.colcon_core.environment:checking '/home/mewert/Desktop/luna/install/my_octomap_pkg/bin'
[2.391s] INFO:colcon.colcon_core.shell:Creating package script '/home/mewert/Desktop/luna/install/my_octomap_pkg/share/my_octomap_pkg/package.ps1'
[2.392s] INFO:colcon.colcon_core.shell:Creating package descriptor '/home/mewert/Desktop/luna/install/my_octomap_pkg/share/my_octomap_pkg/package.dsv'
[2.393s] INFO:colcon.colcon_core.shell:Creating package script '/home/mewert/Desktop/luna/install/my_octomap_pkg/share/my_octomap_pkg/package.sh'
[2.393s] INFO:colcon.colcon_core.shell:Creating package script '/home/mewert/Desktop/luna/install/my_octomap_pkg/share/my_octomap_pkg/package.bash'
[2.394s] INFO:colcon.colcon_core.shell:Creating package script '/home/mewert/Desktop/luna/install/my_octomap_pkg/share/my_octomap_pkg/package.zsh'
[2.395s] Level 1:colcon.colcon_core.environment:create_file_with_runtime_dependencies(/home/mewert/Desktop/luna/install/my_octomap_pkg/share/colcon-core/packages/my_octomap_pkg)
[2.821s] DEBUG:colcon.colcon_parallel_executor.executor.parallel:closing loop
[2.821s] DEBUG:colcon.colcon_parallel_executor.executor.parallel:loop closed
[2.821s] DEBUG:colcon.colcon_parallel_executor.executor.parallel:run_until_complete finished with '2'
[2.822s] DEBUG:colcon.colcon_core.event_reactor:joining thread
[2.832s] INFO:colcon.colcon_core.plugin_system:Skipping extension 'colcon_notification.desktop_notification.terminal_notifier': Not used on non-Darwin systems
[2.832s] INFO:colcon.colcon_core.plugin_system:Skipping extension 'colcon_notification.desktop_notification.win32': Not used on non-Windows systems
[2.832s] INFO:colcon.colcon_notification.desktop_notification:Sending desktop notification using 'notify2'
[2.845s] DEBUG:colcon.colcon_core.event_reactor:joined thread
[2.845s] INFO:colcon.colcon_core.shell:Creating prefix script '/home/mewert/Desktop/luna/install/local_setup.ps1'
[2.847s] INFO:colcon.colcon_core.shell:Creating prefix util module '/home/mewert/Desktop/luna/install/_local_setup_util_ps1.py'
[2.849s] INFO:colcon.colcon_core.shell:Creating prefix chain script '/home/mewert/Desktop/luna/install/setup.ps1'
[2.851s] INFO:colcon.colcon_core.shell:Creating prefix script '/home/mewert/Desktop/luna/install/local_setup.sh'
[2.852s] INFO:colcon.colcon_core.shell:Creating prefix util module '/home/mewert/Desktop/luna/install/_local_setup_util_sh.py'
[2.853s] INFO:colcon.colcon_core.shell:Creating prefix chain script '/home/mewert/Desktop/luna/install/setup.sh'
[2.855s] INFO:colcon.colcon_core.shell:Creating prefix script '/home/mewert/Desktop/luna/install/local_setup.bash'
[2.856s] INFO:colcon.colcon_core.shell:Creating prefix chain script '/home/mewert/Desktop/luna/install/setup.bash'
[2.858s] INFO:colcon.colcon_core.shell:Creating prefix script '/home/mewert/Desktop/luna/install/local_setup.zsh'
[2.859s] INFO:colcon.colcon_core.shell:Creating prefix chain script '/home/mewert/Desktop/luna/install/setup.zsh'
