[0.046s] Invoking command in '/home/mewert/Desktop/luna/build/my_octomap_pkg': CMAKE_PREFIX_PATH=/opt/ros/humble /usr/bin/cmake --build /home/mewert/Desktop/luna/build/my_octomap_pkg -- -j6 -l6
[1.089s] [100%] Built target octomap_launch
[1.105s] Invoked command in '/home/mewert/Desktop/luna/build/my_octomap_pkg' returned '0': CMAKE_PREFIX_PATH=/opt/ros/humble /usr/bin/cmake --build /home/mewert/Desktop/luna/build/my_octomap_pkg -- -j6 -l6
[1.254s] Invoking command in '/home/mewert/Desktop/luna/build/my_octomap_pkg': CMAKE_PREFIX_PATH=/opt/ros/humble /usr/bin/cmake --install /home/mewert/Desktop/luna/build/my_octomap_pkg
[1.268s] -- Install configuration: ""
[1.268s] -- Execute custom install script
[1.269s] -- Up-to-date symlink: /home/mewert/Desktop/luna/install/my_octomap_pkg/lib/my_octomap_pkg/octomap_launch
[1.273s] -- Up-to-date symlink: /home/mewert/Desktop/luna/install/my_octomap_pkg/share/ament_index/resource_index/package_run_dependencies/my_octomap_pkg
[1.273s] -- Up-to-date symlink: /home/mewert/Desktop/luna/install/my_octomap_pkg/share/ament_index/resource_index/parent_prefix_path/my_octomap_pkg
[1.273s] -- Up-to-date symlink: /home/mewert/Desktop/luna/install/my_octomap_pkg/share/my_octomap_pkg/environment/ament_prefix_path.sh
[1.273s] -- Up-to-date symlink: /home/mewert/Desktop/luna/install/my_octomap_pkg/share/my_octomap_pkg/environment/ament_prefix_path.dsv
[1.273s] -- Up-to-date symlink: /home/mewert/Desktop/luna/install/my_octomap_pkg/share/my_octomap_pkg/environment/path.sh
[1.279s] -- Up-to-date symlink: /home/mewert/Desktop/luna/install/my_octomap_pkg/share/my_octomap_pkg/environment/path.dsv
[1.279s] -- Up-to-date symlink: /home/mewert/Desktop/luna/install/my_octomap_pkg/share/my_octomap_pkg/local_setup.bash
[1.280s] -- Up-to-date symlink: /home/mewert/Desktop/luna/install/my_octomap_pkg/share/my_octomap_pkg/local_setup.sh
[1.280s] -- Up-to-date symlink: /home/mewert/Desktop/luna/install/my_octomap_pkg/share/my_octomap_pkg/local_setup.zsh
[1.280s] -- Up-to-date symlink: /home/mewert/Desktop/luna/install/my_octomap_pkg/share/my_octomap_pkg/local_setup.dsv
[1.280s] -- Symlinking: /home/mewert/Desktop/luna/install/my_octomap_pkg/share/my_octomap_pkg/package.dsv
[1.297s] -- Up-to-date symlink: /home/mewert/Desktop/luna/install/my_octomap_pkg/share/ament_index/resource_index/packages/my_octomap_pkg
[1.299s] -- Up-to-date symlink: /home/mewert/Desktop/luna/install/my_octomap_pkg/share/my_octomap_pkg/cmake/my_octomap_pkgConfig.cmake
[1.300s] -- Up-to-date symlink: /home/mewert/Desktop/luna/install/my_octomap_pkg/share/my_octomap_pkg/cmake/my_octomap_pkgConfig-version.cmake
[1.300s] -- Up-to-date symlink: /home/mewert/Desktop/luna/install/my_octomap_pkg/share/my_octomap_pkg/package.xml
[1.317s] Invoked command in '/home/mewert/Desktop/luna/build/my_octomap_pkg' returned '0': CMAKE_PREFIX_PATH=/opt/ros/humble /usr/bin/cmake --install /home/mewert/Desktop/luna/build/my_octomap_pkg
