[0.647s] Invoking command in '/home/mewert/Desktop/luna/build/pointcloud_to_grid': CMAKE_PREFIX_PATH=${CMAKE_PREFIX_PATH}:/home/mewert/Desktop/luna/install/open_cv_pkg:/opt/ros/humble /usr/bin/cmake --build /home/mewert/Desktop/luna/build/pointcloud_to_grid -- -j6 -l6
[0.756s] [ 50%] Built target grid_trajectory
[0.769s] [ 75%] [32mBuilding CXX object CMakeFiles/pointcloud_to_grid_node.dir/src/pointcloud_to_grid_node.cpp.o[0m
[6.321s] [01m[K/home/mewert/Desktop/luna/src/pointcloud_to_grid/src/pointcloud_to_grid_node.cpp:[m[K In constructor ‘[01m[KPointCloudToGrid::PointCloudToGrid()[m[K’:
[6.322s] [01m[K/home/mewert/Desktop/luna/src/pointcloud_to_grid/src/pointcloud_to_grid_node.cpp:98:60:[m[K [01;31m[Kerror: [m[K‘[01m[Kcamera[m[K’ was not declared in this scope
[6.322s]    98 |     this->declare_parameter<std::string>("cloud_in_topic", [01;31m[Kcamera[m[K/camera/depth/color/points);
[6.322s]       |                                                            [01;31m[K^~~~~~[m[K
[6.331s] [01m[K/home/mewert/Desktop/luna/src/pointcloud_to_grid/src/pointcloud_to_grid_node.cpp:98:74:[m[K [01;31m[Kerror: [m[K‘[01m[Kdepth[m[K’ was not declared in this scope
[6.332s]    98 | lare_parameter<std::string>("cloud_in_topic", camera/camera/[01;31m[Kdepth[m[K/color/points);
[6.332s]       |                                                             [01;31m[K^~~~~[m[K
[6.332s] 
[6.341s] [01m[K/home/mewert/Desktop/luna/src/pointcloud_to_grid/src/pointcloud_to_grid_node.cpp:98:80:[m[K [01;31m[Kerror: [m[K‘[01m[Kcolor[m[K’ was not declared in this scope
[6.341s]    98 | arameter<std::string>("cloud_in_topic", camera/camera/depth/[01;31m[Kcolor[m[K/points);
[6.341s]       |                                                             [01;31m[K^~~~~[m[K
[6.341s] 
[6.349s] [01m[K/home/mewert/Desktop/luna/src/pointcloud_to_grid/src/pointcloud_to_grid_node.cpp:98:86:[m[K [01;31m[Kerror: [m[K‘[01m[Kpoints[m[K’ was not declared in this scope; did you mean ‘[01m[Kprintf[m[K’?
[6.350s]    98 | meter<std::string>("cloud_in_topic", camera/camera/depth/color/[01;31m[Kpoints[m[K);
[6.350s]       |                                                                [01;31m[K^~~~~~[m[K
[6.350s]       |                                                                [32m[Kprintf[m[K
[9.434s] gmake[2]: *** [CMakeFiles/pointcloud_to_grid_node.dir/build.make:76: CMakeFiles/pointcloud_to_grid_node.dir/src/pointcloud_to_grid_node.cpp.o] Error 1
[9.434s] gmake[1]: *** [CMakeFiles/Makefile2:139: CMakeFiles/pointcloud_to_grid_node.dir/all] Error 2
[9.434s] gmake: *** [Makefile:146: all] Error 2
[9.438s] Invoked command in '/home/mewert/Desktop/luna/build/pointcloud_to_grid' returned '2': CMAKE_PREFIX_PATH=${CMAKE_PREFIX_PATH}:/home/mewert/Desktop/luna/install/open_cv_pkg:/opt/ros/humble /usr/bin/cmake --build /home/mewert/Desktop/luna/build/pointcloud_to_grid -- -j6 -l6
