[0.011s] Invoking command in '/home/mewert/Desktop/luna/build/realsense2_description': CMAKE_PREFIX_PATH=/home/mewert/Desktop/luna/install/realsense2_camera_msgs:/home/mewert/Desktop/luna/install/realsense2_description:/home/mewert/Desktop/luna/install/realsense2_camera:/home/mewert/Desktop/Luna/install/realsense2_description:/home/mewert/Desktop/Luna/install/realsense2_camera_msgs:/home/mewert/Desktop/Luna/install/diagnostic_updater:/home/mewert/Desktop/luna/install/open_cv_pkg:/home/mewert/Desktop/Luna/install/realsense_camera_node:/home/mewert/Desktop/Luna/install/realsense_bag_player:/home/mewert/Desktop/Luna/install/example_controller:/opt/ros/humble LD_LIBRARY_PATH=/home/mewert/Desktop/luna/install/realsense2_camera_msgs/lib:/home/mewert/Desktop/luna/install/realsense2_camera/lib:/home/mewert/Desktop/Luna/install/realsense2_camera_msgs/lib:/home/mewert/Desktop/Luna/install/diagnostic_updater/lib:/opt/ros/humble/opt/rviz_ogre_vendor/lib:/opt/ros/humble/lib/x86_64-linux-gnu:/opt/ros/humble/lib /usr/bin/cmake /home/mewert/Desktop/luna/src/realsense-ros/realsense2_description -DAMENT_CMAKE_SYMLINK_INSTALL=1 -DCMAKE_INSTALL_PREFIX=/home/mewert/Desktop/luna/install/realsense2_description
[0.077s] -- The C compiler identification is GNU 11.4.0
[0.146s] -- The CXX compiler identification is GNU 11.4.0
[0.156s] -- Detecting C compiler ABI info
[0.237s] -- Detecting C compiler ABI info - done
[0.248s] -- Check for working C compiler: /usr/bin/cc - skipped
[0.248s] -- Detecting C compile features
[0.249s] -- Detecting C compile features - done
[0.252s] -- Detecting CXX compiler ABI info
[0.348s] -- Detecting CXX compiler ABI info - done
[0.359s] -- Check for working CXX compiler: /usr/bin/c++ - skipped
[0.359s] -- Detecting CXX compile features
[0.359s] -- Detecting CXX compile features - done
[0.362s] -- Found ament_cmake: 1.3.10 (/opt/ros/humble/share/ament_cmake/cmake)
[0.529s] -- Found Python3: /usr/bin/python3 (found version "3.10.12") found components: Interpreter 
[0.595s] -- Override CMake install command with custom implementation using symlinks instead of copying resources
[0.693s] -- Configuring done
[0.695s] -- Generating done
[0.696s] -- Build files have been written to: /home/mewert/Desktop/luna/build/realsense2_description
[0.702s] Invoked command in '/home/mewert/Desktop/luna/build/realsense2_description' returned '0': CMAKE_PREFIX_PATH=/home/mewert/Desktop/luna/install/realsense2_camera_msgs:/home/mewert/Desktop/luna/install/realsense2_description:/home/mewert/Desktop/luna/install/realsense2_camera:/home/mewert/Desktop/Luna/install/realsense2_description:/home/mewert/Desktop/Luna/install/realsense2_camera_msgs:/home/mewert/Desktop/Luna/install/diagnostic_updater:/home/mewert/Desktop/luna/install/open_cv_pkg:/home/mewert/Desktop/Luna/install/realsense_camera_node:/home/mewert/Desktop/Luna/install/realsense_bag_player:/home/mewert/Desktop/Luna/install/example_controller:/opt/ros/humble LD_LIBRARY_PATH=/home/mewert/Desktop/luna/install/realsense2_camera_msgs/lib:/home/mewert/Desktop/luna/install/realsense2_camera/lib:/home/mewert/Desktop/Luna/install/realsense2_camera_msgs/lib:/home/mewert/Desktop/Luna/install/diagnostic_updater/lib:/opt/ros/humble/opt/rviz_ogre_vendor/lib:/opt/ros/humble/lib/x86_64-linux-gnu:/opt/ros/humble/lib /usr/bin/cmake /home/mewert/Desktop/luna/src/realsense-ros/realsense2_description -DAMENT_CMAKE_SYMLINK_INSTALL=1 -DCMAKE_INSTALL_PREFIX=/home/mewert/Desktop/luna/install/realsense2_description
[0.704s] Invoking command in '/home/mewert/Desktop/luna/build/realsense2_description': CMAKE_PREFIX_PATH=/home/mewert/Desktop/luna/install/realsense2_camera_msgs:/home/mewert/Desktop/luna/install/realsense2_description:/home/mewert/Desktop/luna/install/realsense2_camera:/home/mewert/Desktop/Luna/install/realsense2_description:/home/mewert/Desktop/Luna/install/realsense2_camera_msgs:/home/mewert/Desktop/Luna/install/diagnostic_updater:/home/mewert/Desktop/luna/install/open_cv_pkg:/home/mewert/Desktop/Luna/install/realsense_camera_node:/home/mewert/Desktop/Luna/install/realsense_bag_player:/home/mewert/Desktop/Luna/install/example_controller:/opt/ros/humble LD_LIBRARY_PATH=/home/mewert/Desktop/luna/install/realsense2_camera_msgs/lib:/home/mewert/Desktop/luna/install/realsense2_camera/lib:/home/mewert/Desktop/Luna/install/realsense2_camera_msgs/lib:/home/mewert/Desktop/Luna/install/diagnostic_updater/lib:/opt/ros/humble/opt/rviz_ogre_vendor/lib:/opt/ros/humble/lib/x86_64-linux-gnu:/opt/ros/humble/lib /usr/bin/cmake --build /home/mewert/Desktop/luna/build/realsense2_description -- -j6 -l6
[0.751s] Invoked command in '/home/mewert/Desktop/luna/build/realsense2_description' returned '0': CMAKE_PREFIX_PATH=/home/mewert/Desktop/luna/install/realsense2_camera_msgs:/home/mewert/Desktop/luna/install/realsense2_description:/home/mewert/Desktop/luna/install/realsense2_camera:/home/mewert/Desktop/Luna/install/realsense2_description:/home/mewert/Desktop/Luna/install/realsense2_camera_msgs:/home/mewert/Desktop/Luna/install/diagnostic_updater:/home/mewert/Desktop/luna/install/open_cv_pkg:/home/mewert/Desktop/Luna/install/realsense_camera_node:/home/mewert/Desktop/Luna/install/realsense_bag_player:/home/mewert/Desktop/Luna/install/example_controller:/opt/ros/humble LD_LIBRARY_PATH=/home/mewert/Desktop/luna/install/realsense2_camera_msgs/lib:/home/mewert/Desktop/luna/install/realsense2_camera/lib:/home/mewert/Desktop/Luna/install/realsense2_camera_msgs/lib:/home/mewert/Desktop/Luna/install/diagnostic_updater/lib:/opt/ros/humble/opt/rviz_ogre_vendor/lib:/opt/ros/humble/lib/x86_64-linux-gnu:/opt/ros/humble/lib /usr/bin/cmake --build /home/mewert/Desktop/luna/build/realsense2_description -- -j6 -l6
[0.780s] Invoking command in '/home/mewert/Desktop/luna/build/realsense2_description': CMAKE_PREFIX_PATH=/home/mewert/Desktop/luna/install/realsense2_camera_msgs:/home/mewert/Desktop/luna/install/realsense2_description:/home/mewert/Desktop/luna/install/realsense2_camera:/home/mewert/Desktop/Luna/install/realsense2_description:/home/mewert/Desktop/Luna/install/realsense2_camera_msgs:/home/mewert/Desktop/Luna/install/diagnostic_updater:/home/mewert/Desktop/luna/install/open_cv_pkg:/home/mewert/Desktop/Luna/install/realsense_camera_node:/home/mewert/Desktop/Luna/install/realsense_bag_player:/home/mewert/Desktop/Luna/install/example_controller:/opt/ros/humble LD_LIBRARY_PATH=/home/mewert/Desktop/luna/install/realsense2_camera_msgs/lib:/home/mewert/Desktop/luna/install/realsense2_camera/lib:/home/mewert/Desktop/Luna/install/realsense2_camera_msgs/lib:/home/mewert/Desktop/Luna/install/diagnostic_updater/lib:/opt/ros/humble/opt/rviz_ogre_vendor/lib:/opt/ros/humble/lib/x86_64-linux-gnu:/opt/ros/humble/lib /usr/bin/cmake --install /home/mewert/Desktop/luna/build/realsense2_description
[0.788s] -- Install configuration: ""
[0.789s] -- Execute custom install script
[0.792s] -- Symlinking: /home/mewert/Desktop/luna/install/realsense2_description/share/realsense2_description/launch/launch_utils.py
[0.800s] -- Symlinking: /home/mewert/Desktop/luna/install/realsense2_description/share/realsense2_description/launch/view_model.launch.py
[0.811s] -- Symlinking: /home/mewert/Desktop/luna/install/realsense2_description/share/realsense2_description/meshes/d405.stl
[0.822s] -- Symlinking: /home/mewert/Desktop/luna/install/realsense2_description/share/realsense2_description/meshes/d415.stl
[0.834s] -- Symlinking: /home/mewert/Desktop/luna/install/realsense2_description/share/realsense2_description/meshes/d435.dae
[0.845s] -- Symlinking: /home/mewert/Desktop/luna/install/realsense2_description/share/realsense2_description/meshes/d455.stl
[0.856s] -- Symlinking: /home/mewert/Desktop/luna/install/realsense2_description/share/realsense2_description/meshes/l515.dae
[0.866s] -- Symlinking: /home/mewert/Desktop/luna/install/realsense2_description/share/realsense2_description/meshes/plug.stl
[0.876s] -- Symlinking: /home/mewert/Desktop/luna/install/realsense2_description/share/realsense2_description/meshes/plug_collision.stl
[0.886s] -- Symlinking: /home/mewert/Desktop/luna/install/realsense2_description/share/realsense2_description/rviz/urdf.rviz
[0.896s] -- Symlinking: /home/mewert/Desktop/luna/install/realsense2_description/share/realsense2_description/urdf/_d405.urdf.xacro
[0.906s] -- Symlinking: /home/mewert/Desktop/luna/install/realsense2_description/share/realsense2_description/urdf/_d415.urdf.xacro
[0.916s] -- Symlinking: /home/mewert/Desktop/luna/install/realsense2_description/share/realsense2_description/urdf/_d435.urdf.xacro
[0.928s] -- Symlinking: /home/mewert/Desktop/luna/install/realsense2_description/share/realsense2_description/urdf/_d435i.urdf.xacro
[0.940s] -- Symlinking: /home/mewert/Desktop/luna/install/realsense2_description/share/realsense2_description/urdf/_d435i_imu_modules.urdf.xacro
[0.950s] -- Symlinking: /home/mewert/Desktop/luna/install/realsense2_description/share/realsense2_description/urdf/_d455.urdf.xacro
[0.960s] -- Symlinking: /home/mewert/Desktop/luna/install/realsense2_description/share/realsense2_description/urdf/_materials.urdf.xacro
[0.969s] -- Symlinking: /home/mewert/Desktop/luna/install/realsense2_description/share/realsense2_description/urdf/_r410.urdf.xacro
[0.979s] -- Symlinking: /home/mewert/Desktop/luna/install/realsense2_description/share/realsense2_description/urdf/_r430.urdf.xacro
[0.988s] -- Symlinking: /home/mewert/Desktop/luna/install/realsense2_description/share/realsense2_description/urdf/_usb_plug.urdf.xacro
[0.997s] -- Symlinking: /home/mewert/Desktop/luna/install/realsense2_description/share/realsense2_description/urdf/test_d405_camera.urdf.xacro
[1.008s] -- Symlinking: /home/mewert/Desktop/luna/install/realsense2_description/share/realsense2_description/urdf/test_d415_camera.urdf.xacro
[1.018s] -- Symlinking: /home/mewert/Desktop/luna/install/realsense2_description/share/realsense2_description/urdf/test_d435_camera.urdf.xacro
[1.029s] -- Symlinking: /home/mewert/Desktop/luna/install/realsense2_description/share/realsense2_description/urdf/test_d435_multiple_cameras.urdf.xacro
[1.041s] -- Symlinking: /home/mewert/Desktop/luna/install/realsense2_description/share/realsense2_description/urdf/test_d435i_camera.urdf.xacro
[1.051s] -- Symlinking: /home/mewert/Desktop/luna/install/realsense2_description/share/realsense2_description/urdf/test_d455_camera.urdf.xacro
[1.061s] -- Symlinking: /home/mewert/Desktop/luna/install/realsense2_description/share/realsense2_description/urdf/test_r410_camera.urdf.xacro
[1.071s] -- Symlinking: /home/mewert/Desktop/luna/install/realsense2_description/share/realsense2_description/urdf/test_r430_camera.urdf.xacro
[1.081s] -- Symlinking: /home/mewert/Desktop/luna/install/realsense2_description/share/ament_index/resource_index/package_run_dependencies/realsense2_description
[1.090s] -- Symlinking: /home/mewert/Desktop/luna/install/realsense2_description/share/ament_index/resource_index/parent_prefix_path/realsense2_description
[1.101s] -- Symlinking: /home/mewert/Desktop/luna/install/realsense2_description/share/realsense2_description/environment/ament_prefix_path.sh
[1.111s] -- Symlinking: /home/mewert/Desktop/luna/install/realsense2_description/share/realsense2_description/environment/ament_prefix_path.dsv
[1.120s] -- Symlinking: /home/mewert/Desktop/luna/install/realsense2_description/share/realsense2_description/environment/path.sh
[1.130s] -- Symlinking: /home/mewert/Desktop/luna/install/realsense2_description/share/realsense2_description/environment/path.dsv
[1.142s] -- Symlinking: /home/mewert/Desktop/luna/install/realsense2_description/share/realsense2_description/local_setup.bash
[1.153s] -- Symlinking: /home/mewert/Desktop/luna/install/realsense2_description/share/realsense2_description/local_setup.sh
[1.164s] -- Symlinking: /home/mewert/Desktop/luna/install/realsense2_description/share/realsense2_description/local_setup.zsh
[1.174s] -- Symlinking: /home/mewert/Desktop/luna/install/realsense2_description/share/realsense2_description/local_setup.dsv
[1.183s] -- Symlinking: /home/mewert/Desktop/luna/install/realsense2_description/share/realsense2_description/package.dsv
[1.194s] -- Symlinking: /home/mewert/Desktop/luna/install/realsense2_description/share/ament_index/resource_index/packages/realsense2_description
[1.202s] -- Symlinking: /home/mewert/Desktop/luna/install/realsense2_description/share/realsense2_description/cmake/realsense2_descriptionConfig.cmake
[1.210s] -- Symlinking: /home/mewert/Desktop/luna/install/realsense2_description/share/realsense2_description/cmake/realsense2_descriptionConfig-version.cmake
[1.220s] -- Symlinking: /home/mewert/Desktop/luna/install/realsense2_description/share/realsense2_description/package.xml
[1.234s] Invoked command in '/home/mewert/Desktop/luna/build/realsense2_description' returned '0': CMAKE_PREFIX_PATH=/home/mewert/Desktop/luna/install/realsense2_camera_msgs:/home/mewert/Desktop/luna/install/realsense2_description:/home/mewert/Desktop/luna/install/realsense2_camera:/home/mewert/Desktop/Luna/install/realsense2_description:/home/mewert/Desktop/Luna/install/realsense2_camera_msgs:/home/mewert/Desktop/Luna/install/diagnostic_updater:/home/mewert/Desktop/luna/install/open_cv_pkg:/home/mewert/Desktop/Luna/install/realsense_camera_node:/home/mewert/Desktop/Luna/install/realsense_bag_player:/home/mewert/Desktop/Luna/install/example_controller:/opt/ros/humble LD_LIBRARY_PATH=/home/mewert/Desktop/luna/install/realsense2_camera_msgs/lib:/home/mewert/Desktop/luna/install/realsense2_camera/lib:/home/mewert/Desktop/Luna/install/realsense2_camera_msgs/lib:/home/mewert/Desktop/Luna/install/diagnostic_updater/lib:/opt/ros/humble/opt/rviz_ogre_vendor/lib:/opt/ros/humble/lib/x86_64-linux-gnu:/opt/ros/humble/lib /usr/bin/cmake --install /home/mewert/Desktop/luna/build/realsense2_description
