[0.022s] Invoking command in '/home/mewert/Desktop/luna/build/realsense2_camera': CMAKE_PREFIX_PATH=/home/mewert/Desktop/luna/install/realsense2_camera_msgs:/home/mewert/Desktop/luna/install/diagnostic_updater:/home/mewert/Desktop/luna/install/diagnostics:/home/mewert/Desktop/luna/install/self_test:/home/mewert/Desktop/luna/install/realsense2_description:/home/mewert/Desktop/luna/install/realsense2_camera:/home/mewert/Desktop/luna/install/diagnostic_common_diagnostics:/home/mewert/Desktop/luna/install/diagnostic_aggregator:/home/mewert/Desktop/luna/install/open_cv_pkg:/opt/ros/humble LD_LIBRARY_PATH=/home/mewert/Desktop/luna/install/realsense2_camera_msgs/lib:/home/mewert/Desktop/luna/install/diagnostic_updater/lib:/home/mewert/Desktop/luna/install/realsense2_camera/lib:/home/mewert/Desktop/luna/install/diagnostic_aggregator/lib:/opt/ros/humble/opt/rviz_ogre_vendor/lib:/opt/ros/humble/lib/x86_64-linux-gnu:/opt/ros/humble/lib /usr/bin/cmake /home/mewert/Desktop/luna/src/realsense-ros/realsense2_camera -DCMAKE_INSTALL_PREFIX=/home/mewert/Desktop/luna/install/realsense2_camera
[0.037s] -- Create Release Build.
[0.037s] -- Found ament_cmake: 1.3.10 (/opt/ros/humble/share/ament_cmake/cmake)
[0.187s] -- Override CMake install command with custom implementation using symlinks instead of copying resources
[0.200s] -- Found builtin_interfaces: 1.2.1 (/opt/ros/humble/share/builtin_interfaces/cmake)
[0.221s] -- Found rosidl_generator_c: 3.1.5 (/opt/ros/humble/share/rosidl_generator_c/cmake)
[0.224s] -- Found rosidl_adapter: 3.1.5 (/opt/ros/humble/share/rosidl_adapter/cmake)
[0.231s] -- Found rosidl_generator_cpp: 3.1.5 (/opt/ros/humble/share/rosidl_generator_cpp/cmake)
[0.242s] -- Using all available rosidl_typesupport_c: rosidl_typesupport_fastrtps_c;rosidl_typesupport_introspection_c
[0.258s] -- Using all available rosidl_typesupport_cpp: rosidl_typesupport_fastrtps_cpp;rosidl_typesupport_introspection_cpp
[0.279s] -- Found cv_bridge: 3.2.1 (/opt/ros/humble/share/cv_bridge/cmake)
[0.356s] -- Found image_transport: 3.1.9 (/opt/ros/humble/share/image_transport/cmake)
[0.398s] -- Found rmw_implementation_cmake: 6.1.2 (/opt/ros/humble/share/rmw_implementation_cmake/cmake)
[0.400s] -- Found rmw_fastrtps_cpp: 6.2.7 (/opt/ros/humble/share/rmw_fastrtps_cpp/cmake)
[0.529s] -- Using RMW implementation 'rmw_fastrtps_cpp' as default
[0.602s] -- Found rclcpp_components: 16.0.10 (/opt/ros/humble/share/rclcpp_components/cmake)
[0.636s] -- Found realsense2_camera_msgs: 4.55.1 (/home/mewert/Desktop/luna/install/realsense2_camera_msgs/share/realsense2_camera_msgs/cmake)
[0.667s] -- Found nav_msgs: 4.2.4 (/opt/ros/humble/share/nav_msgs/cmake)
[0.698s] -- Found tf2_ros: 0.25.8 (/opt/ros/humble/share/tf2_ros/cmake)
[0.841s] -- Found diagnostic_updater: 4.3.1 (/home/mewert/Desktop/luna/install/diagnostic_updater/share/diagnostic_updater/cmake)
[0.871s] -- Build for ROS2 Humble
[0.880s] -- Found ament_cmake_gtest: 1.3.10 (/opt/ros/humble/share/ament_cmake_gtest/cmake)
[0.883s] -- Found gtest sources under '/opt/ros/humble/src/gtest_vendor': C++ tests using 'Google Test' will be built
[0.886s] -- Found ament_cmake_pytest: 1.3.10 (/opt/ros/humble/share/ament_cmake_pytest/cmake)
[4.341s] -- rs_device_info:
[4.342s] -- Device Name                   Serial Number       Firmware Version
[4.342s] Intel RealSense D455          105322251120        5.12.5
[4.342s] 
[4.342s] -- D455 device found
[7.169s] -- Configuring done
[7.213s] -- Generating done
[7.218s] -- Build files have been written to: /home/mewert/Desktop/luna/build/realsense2_camera
[7.233s] Invoked command in '/home/mewert/Desktop/luna/build/realsense2_camera' returned '0': CMAKE_PREFIX_PATH=/home/mewert/Desktop/luna/install/realsense2_camera_msgs:/home/mewert/Desktop/luna/install/diagnostic_updater:/home/mewert/Desktop/luna/install/diagnostics:/home/mewert/Desktop/luna/install/self_test:/home/mewert/Desktop/luna/install/realsense2_description:/home/mewert/Desktop/luna/install/realsense2_camera:/home/mewert/Desktop/luna/install/diagnostic_common_diagnostics:/home/mewert/Desktop/luna/install/diagnostic_aggregator:/home/mewert/Desktop/luna/install/open_cv_pkg:/opt/ros/humble LD_LIBRARY_PATH=/home/mewert/Desktop/luna/install/realsense2_camera_msgs/lib:/home/mewert/Desktop/luna/install/diagnostic_updater/lib:/home/mewert/Desktop/luna/install/realsense2_camera/lib:/home/mewert/Desktop/luna/install/diagnostic_aggregator/lib:/opt/ros/humble/opt/rviz_ogre_vendor/lib:/opt/ros/humble/lib/x86_64-linux-gnu:/opt/ros/humble/lib /usr/bin/cmake /home/mewert/Desktop/luna/src/realsense-ros/realsense2_camera -DCMAKE_INSTALL_PREFIX=/home/mewert/Desktop/luna/install/realsense2_camera
[7.236s] Invoking command in '/home/mewert/Desktop/luna/build/realsense2_camera': CMAKE_PREFIX_PATH=/home/mewert/Desktop/luna/install/realsense2_camera_msgs:/home/mewert/Desktop/luna/install/diagnostic_updater:/home/mewert/Desktop/luna/install/diagnostics:/home/mewert/Desktop/luna/install/self_test:/home/mewert/Desktop/luna/install/realsense2_description:/home/mewert/Desktop/luna/install/realsense2_camera:/home/mewert/Desktop/luna/install/diagnostic_common_diagnostics:/home/mewert/Desktop/luna/install/diagnostic_aggregator:/home/mewert/Desktop/luna/install/open_cv_pkg:/opt/ros/humble LD_LIBRARY_PATH=/home/mewert/Desktop/luna/install/realsense2_camera_msgs/lib:/home/mewert/Desktop/luna/install/diagnostic_updater/lib:/home/mewert/Desktop/luna/install/realsense2_camera/lib:/home/mewert/Desktop/luna/install/diagnostic_aggregator/lib:/opt/ros/humble/opt/rviz_ogre_vendor/lib:/opt/ros/humble/lib/x86_64-linux-gnu:/opt/ros/humble/lib /usr/bin/cmake --build /home/mewert/Desktop/luna/build/realsense2_camera -- -j6 -l6
[7.283s] [35m[1mConsolidate compiler generated dependencies of target gtest_main[0m
[7.284s] [35m[1mConsolidate compiler generated dependencies of target gtest[0m
[7.284s] [35m[1mConsolidate compiler generated dependencies of target realsense2_camera_node[0m
[7.300s] [  9%] Built target gtest_main
[7.301s] [ 18%] Built target gtest
[7.301s] [35m[1mConsolidate compiler generated dependencies of target realsense2_camera[0m
[7.306s] [ 27%] Built target realsense2_camera_node
[7.315s] [35m[1mConsolidate compiler generated dependencies of target gtest_template[0m
[7.333s] [ 36%] Built target gtest_template
[7.383s] [ 40%] [32mBuilding CXX object CMakeFiles/realsense2_camera.dir/src/realsense_node_factory.cpp.o[0m
[7.383s] [ 45%] [32mBuilding CXX object CMakeFiles/realsense2_camera.dir/src/base_realsense_node.cpp.o[0m
[7.384s] [ 50%] [32mBuilding CXX object CMakeFiles/realsense2_camera.dir/src/parameters.cpp.o[0m
[7.386s] [ 54%] [32mBuilding CXX object CMakeFiles/realsense2_camera.dir/src/ros_sensor.cpp.o[0m
[7.386s] [ 59%] [32mBuilding CXX object CMakeFiles/realsense2_camera.dir/src/rs_node_setup.cpp.o[0m
[7.392s] [ 63%] [32mBuilding CXX object CMakeFiles/realsense2_camera.dir/src/ros_utils.cpp.o[0m
[12.105s] [ 68%] [32mBuilding CXX object CMakeFiles/realsense2_camera.dir/src/dynamic_params.cpp.o[0m
[14.921s] [ 72%] [32mBuilding CXX object CMakeFiles/realsense2_camera.dir/src/sensor_params.cpp.o[0m
[15.374s] [ 77%] [32mBuilding CXX object CMakeFiles/realsense2_camera.dir/src/named_filter.cpp.o[0m
[18.772s] [ 81%] [32mBuilding CXX object CMakeFiles/realsense2_camera.dir/src/profile_manager.cpp.o[0m
[19.531s] [ 86%] [32mBuilding CXX object CMakeFiles/realsense2_camera.dir/src/image_publisher.cpp.o[0m
[20.622s] [ 90%] [32mBuilding CXX object CMakeFiles/realsense2_camera.dir/src/tfs.cpp.o[0m
[21.561s] [ 95%] [32mBuilding CXX object CMakeFiles/realsense2_camera.dir/src/ros_param_backend.cpp.o[0m
[28.909s] [100%] [32m[1mLinking CXX shared library librealsense2_camera.so[0m
[29.631s] [100%] Built target realsense2_camera
[29.647s] Invoked command in '/home/mewert/Desktop/luna/build/realsense2_camera' returned '0': CMAKE_PREFIX_PATH=/home/mewert/Desktop/luna/install/realsense2_camera_msgs:/home/mewert/Desktop/luna/install/diagnostic_updater:/home/mewert/Desktop/luna/install/diagnostics:/home/mewert/Desktop/luna/install/self_test:/home/mewert/Desktop/luna/install/realsense2_description:/home/mewert/Desktop/luna/install/realsense2_camera:/home/mewert/Desktop/luna/install/diagnostic_common_diagnostics:/home/mewert/Desktop/luna/install/diagnostic_aggregator:/home/mewert/Desktop/luna/install/open_cv_pkg:/opt/ros/humble LD_LIBRARY_PATH=/home/mewert/Desktop/luna/install/realsense2_camera_msgs/lib:/home/mewert/Desktop/luna/install/diagnostic_updater/lib:/home/mewert/Desktop/luna/install/realsense2_camera/lib:/home/mewert/Desktop/luna/install/diagnostic_aggregator/lib:/opt/ros/humble/opt/rviz_ogre_vendor/lib:/opt/ros/humble/lib/x86_64-linux-gnu:/opt/ros/humble/lib /usr/bin/cmake --build /home/mewert/Desktop/luna/build/realsense2_camera -- -j6 -l6
[29.724s] Invoking command in '/home/mewert/Desktop/luna/build/realsense2_camera': CMAKE_PREFIX_PATH=/home/mewert/Desktop/luna/install/realsense2_camera_msgs:/home/mewert/Desktop/luna/install/diagnostic_updater:/home/mewert/Desktop/luna/install/diagnostics:/home/mewert/Desktop/luna/install/self_test:/home/mewert/Desktop/luna/install/realsense2_description:/home/mewert/Desktop/luna/install/realsense2_camera:/home/mewert/Desktop/luna/install/diagnostic_common_diagnostics:/home/mewert/Desktop/luna/install/diagnostic_aggregator:/home/mewert/Desktop/luna/install/open_cv_pkg:/opt/ros/humble LD_LIBRARY_PATH=/home/mewert/Desktop/luna/install/realsense2_camera_msgs/lib:/home/mewert/Desktop/luna/install/diagnostic_updater/lib:/home/mewert/Desktop/luna/install/realsense2_camera/lib:/home/mewert/Desktop/luna/install/diagnostic_aggregator/lib:/opt/ros/humble/opt/rviz_ogre_vendor/lib:/opt/ros/humble/lib/x86_64-linux-gnu:/opt/ros/humble/lib /usr/bin/cmake --install /home/mewert/Desktop/luna/build/realsense2_camera
[29.732s] -- Install configuration: "Release"
[29.733s] -- Execute custom install script
[29.734s] -- Up-to-date symlink: /home/mewert/Desktop/luna/install/realsense2_camera/lib/realsense2_camera/realsense2_camera_node
[29.734s] -- Up-to-date symlink: /home/mewert/Desktop/luna/install/realsense2_camera/lib/librealsense2_camera.so
[29.736s] -- Up-to-date symlink: /home/mewert/Desktop/luna/install/realsense2_camera/include/base_realsense_node.h
[29.736s] -- Up-to-date symlink: /home/mewert/Desktop/luna/install/realsense2_camera/include/constants.h
[29.737s] -- Up-to-date symlink: /home/mewert/Desktop/luna/install/realsense2_camera/include/dynamic_params.h
[29.737s] -- Up-to-date symlink: /home/mewert/Desktop/luna/install/realsense2_camera/include/gl_window.h
[29.737s] -- Up-to-date symlink: /home/mewert/Desktop/luna/install/realsense2_camera/include/image_publisher.h
[29.738s] -- Up-to-date symlink: /home/mewert/Desktop/luna/install/realsense2_camera/include/named_filter.h
[29.738s] -- Up-to-date symlink: /home/mewert/Desktop/luna/install/realsense2_camera/include/profile_manager.h
[29.738s] -- Up-to-date symlink: /home/mewert/Desktop/luna/install/realsense2_camera/include/realsense_node_factory.h
[29.739s] -- Up-to-date symlink: /home/mewert/Desktop/luna/install/realsense2_camera/include/ros_param_backend.h
[29.739s] -- Up-to-date symlink: /home/mewert/Desktop/luna/install/realsense2_camera/include/ros_sensor.h
[29.739s] -- Up-to-date symlink: /home/mewert/Desktop/luna/install/realsense2_camera/include/ros_utils.h
[29.740s] -- Up-to-date symlink: /home/mewert/Desktop/luna/install/realsense2_camera/include/sensor_params.h
[29.740s] -- Up-to-date symlink: /home/mewert/Desktop/luna/install/realsense2_camera/share/realsense2_camera/launch/default.rviz
[29.741s] -- Up-to-date symlink: /home/mewert/Desktop/luna/install/realsense2_camera/share/realsense2_camera/launch/rs_intra_process_demo_launch.py
[29.741s] -- Up-to-date symlink: /home/mewert/Desktop/luna/install/realsense2_camera/share/realsense2_camera/launch/rs_launch.py
[29.741s] -- Up-to-date symlink: /home/mewert/Desktop/luna/install/realsense2_camera/share/realsense2_camera/launch/rs_multi_camera_launch.py
[29.745s] -- Up-to-date symlink: /home/mewert/Desktop/luna/install/realsense2_camera/share/realsense2_camera/examples/align_depth/README.md
[29.745s] -- Up-to-date symlink: /home/mewert/Desktop/luna/install/realsense2_camera/share/realsense2_camera/examples/align_depth/rs_align_depth_launch.py
[29.746s] -- Up-to-date symlink: /home/mewert/Desktop/luna/install/realsense2_camera/share/realsense2_camera/examples/dual_camera/README.md
[29.746s] -- Up-to-date symlink: /home/mewert/Desktop/luna/install/realsense2_camera/share/realsense2_camera/examples/dual_camera/rs_dual_camera_launch.py
[29.747s] -- Up-to-date symlink: /home/mewert/Desktop/luna/install/realsense2_camera/share/realsense2_camera/examples/dual_camera/rviz/dual_camera_pointcloud.rviz
[29.747s] -- Up-to-date symlink: /home/mewert/Desktop/luna/install/realsense2_camera/share/realsense2_camera/examples/launch_from_rosbag/README.md
[29.747s] -- Up-to-date symlink: /home/mewert/Desktop/luna/install/realsense2_camera/share/realsense2_camera/examples/launch_from_rosbag/rs_launch_from_rosbag.py
[29.748s] -- Up-to-date symlink: /home/mewert/Desktop/luna/install/realsense2_camera/share/realsense2_camera/examples/launch_params_from_file/README.md
[29.748s] -- Up-to-date symlink: /home/mewert/Desktop/luna/install/realsense2_camera/share/realsense2_camera/examples/launch_params_from_file/config/config.yaml
[29.749s] -- Up-to-date symlink: /home/mewert/Desktop/luna/install/realsense2_camera/share/realsense2_camera/examples/launch_params_from_file/rs_launch_get_params_from_yaml.py
[29.749s] -- Up-to-date symlink: /home/mewert/Desktop/luna/install/realsense2_camera/share/realsense2_camera/examples/pointcloud/README.md
[29.749s] -- Up-to-date symlink: /home/mewert/Desktop/luna/install/realsense2_camera/share/realsense2_camera/examples/pointcloud/rs_d405_pointcloud_launch.py
[29.750s] -- Up-to-date symlink: /home/mewert/Desktop/luna/install/realsense2_camera/share/realsense2_camera/examples/pointcloud/rs_d455_pointcloud_launch.py
[29.750s] -- Up-to-date symlink: /home/mewert/Desktop/luna/install/realsense2_camera/share/realsense2_camera/examples/pointcloud/rs_pointcloud_launch.py
[29.751s] -- Up-to-date symlink: /home/mewert/Desktop/luna/install/realsense2_camera/share/realsense2_camera/examples/pointcloud/rviz/pointcloud.rviz
[29.751s] -- Up-to-date symlink: /home/mewert/Desktop/luna/install/realsense2_camera/share/realsense2_camera/examples/pointcloud/rviz/urdf_pointcloud.rviz
[29.751s] -- Up-to-date symlink: /home/mewert/Desktop/luna/install/realsense2_camera/share/realsense2_camera/environment/library_path.sh
[29.752s] -- Up-to-date symlink: /home/mewert/Desktop/luna/install/realsense2_camera/share/realsense2_camera/environment/library_path.dsv
[29.753s] -- Up-to-date symlink: /home/mewert/Desktop/luna/install/realsense2_camera/share/ament_index/resource_index/package_run_dependencies/realsense2_camera
[29.754s] -- Up-to-date symlink: /home/mewert/Desktop/luna/install/realsense2_camera/share/ament_index/resource_index/parent_prefix_path/realsense2_camera
[29.754s] -- Up-to-date symlink: /home/mewert/Desktop/luna/install/realsense2_camera/share/realsense2_camera/environment/ament_prefix_path.sh
[29.755s] -- Up-to-date symlink: /home/mewert/Desktop/luna/install/realsense2_camera/share/realsense2_camera/environment/ament_prefix_path.dsv
[29.755s] -- Up-to-date symlink: /home/mewert/Desktop/luna/install/realsense2_camera/share/realsense2_camera/environment/path.sh
[29.755s] -- Up-to-date symlink: /home/mewert/Desktop/luna/install/realsense2_camera/share/realsense2_camera/environment/path.dsv
[29.756s] -- Up-to-date symlink: /home/mewert/Desktop/luna/install/realsense2_camera/share/realsense2_camera/local_setup.bash
[29.757s] -- Up-to-date symlink: /home/mewert/Desktop/luna/install/realsense2_camera/share/realsense2_camera/local_setup.sh
[29.757s] -- Up-to-date symlink: /home/mewert/Desktop/luna/install/realsense2_camera/share/realsense2_camera/local_setup.zsh
[29.757s] -- Up-to-date symlink: /home/mewert/Desktop/luna/install/realsense2_camera/share/realsense2_camera/local_setup.dsv
[29.758s] -- Symlinking: /home/mewert/Desktop/luna/install/realsense2_camera/share/realsense2_camera/package.dsv
[29.770s] -- Up-to-date symlink: /home/mewert/Desktop/luna/install/realsense2_camera/share/ament_index/resource_index/packages/realsense2_camera
[29.770s] -- Up-to-date symlink: /home/mewert/Desktop/luna/install/realsense2_camera/share/ament_index/resource_index/rclcpp_components/realsense2_camera
[29.771s] -- Up-to-date symlink: /home/mewert/Desktop/luna/install/realsense2_camera/share/realsense2_camera/cmake/ament_cmake_export_include_directories-extras.cmake
[29.771s] -- Up-to-date symlink: /home/mewert/Desktop/luna/install/realsense2_camera/share/realsense2_camera/cmake/ament_cmake_export_libraries-extras.cmake
[29.772s] -- Up-to-date symlink: /home/mewert/Desktop/luna/install/realsense2_camera/share/realsense2_camera/cmake/ament_cmake_export_dependencies-extras.cmake
[29.772s] -- Up-to-date symlink: /home/mewert/Desktop/luna/install/realsense2_camera/share/realsense2_camera/cmake/realsense2_cameraConfig.cmake
[29.772s] -- Up-to-date symlink: /home/mewert/Desktop/luna/install/realsense2_camera/share/realsense2_camera/cmake/realsense2_cameraConfig-version.cmake
[29.773s] -- Up-to-date symlink: /home/mewert/Desktop/luna/install/realsense2_camera/share/realsense2_camera/package.xml
[29.776s] Invoked command in '/home/mewert/Desktop/luna/build/realsense2_camera' returned '0': CMAKE_PREFIX_PATH=/home/mewert/Desktop/luna/install/realsense2_camera_msgs:/home/mewert/Desktop/luna/install/diagnostic_updater:/home/mewert/Desktop/luna/install/diagnostics:/home/mewert/Desktop/luna/install/self_test:/home/mewert/Desktop/luna/install/realsense2_description:/home/mewert/Desktop/luna/install/realsense2_camera:/home/mewert/Desktop/luna/install/diagnostic_common_diagnostics:/home/mewert/Desktop/luna/install/diagnostic_aggregator:/home/mewert/Desktop/luna/install/open_cv_pkg:/opt/ros/humble LD_LIBRARY_PATH=/home/mewert/Desktop/luna/install/realsense2_camera_msgs/lib:/home/mewert/Desktop/luna/install/diagnostic_updater/lib:/home/mewert/Desktop/luna/install/realsense2_camera/lib:/home/mewert/Desktop/luna/install/diagnostic_aggregator/lib:/opt/ros/humble/opt/rviz_ogre_vendor/lib:/opt/ros/humble/lib/x86_64-linux-gnu:/opt/ros/humble/lib /usr/bin/cmake --install /home/mewert/Desktop/luna/build/realsense2_camera
