-- Found ament_cmake: 1.3.10 (/opt/ros/humble/share/ament_cmake/cmake)
-- Override CMake install command with custom implementation using symlinks instead of copying resources
-- Found ament_lint_auto: 0.12.11 (/opt/ros/humble/share/ament_lint_auto/cmake)
-- Found launch_testing_ament_cmake: 1.0.6 (/opt/ros/humble/share/launch_testing_ament_cmake/cmake)
-- Found python_cmake_module: 0.10.0 (/opt/ros/humble/share/python_cmake_module/cmake)
-- Using PYTHON_EXECUTABLE: /usr/bin/python3
-- Using PYTHON_INCLUDE_DIRS: /usr/include/python3.10
-- Using PYTHON_LIBRARIES: /usr/lib/x86_64-linux-gnu/libpython3.10.so
-- Added test 'xmllint' to check XML markup files
-- Added test 'lint_cmake' to check CMake code style
-- Configuring done
-- Generating done
-- Build files have been written to: /home/mewert/Desktop/luna/build/diagnostic_common_diagnostics
Built target ament_cmake_python_symlink_diagnostic_common_diagnostics
running egg_info
writing diagnostic_common_diagnostics.egg-info/PKG-INFO
writing dependency_links to diagnostic_common_diagnostics.egg-info/dependency_links.txt
writing top-level names to diagnostic_common_diagnostics.egg-info/top_level.txt
reading manifest file 'diagnostic_common_diagnostics.egg-info/SOURCES.txt'
Built target ament_cmake_python_build_diagnostic_common_diagnostics_egg
-- Install configuration: ""
-- Execute custom install script
-- Up-to-date symlink: /home/mewert/Desktop/luna/install/diagnostic_common_diagnostics/share/diagnostic_common_diagnostics/environment/pythonpath.sh
-- Up-to-date symlink: /home/mewert/Desktop/luna/install/diagnostic_common_diagnostics/share/diagnostic_common_diagnostics/environment/pythonpath.dsv
-- Up-to-date symlink: /home/mewert/Desktop/luna/install/diagnostic_common_diagnostics/local/lib/python3.10/dist-packages/diagnostic_common_diagnostics-4.3.1-py3.10.egg-info/PKG-INFO
-- Up-to-date symlink: /home/mewert/Desktop/luna/install/diagnostic_common_diagnostics/local/lib/python3.10/dist-packages/diagnostic_common_diagnostics-4.3.1-py3.10.egg-info/SOURCES.txt
-- Up-to-date symlink: /home/mewert/Desktop/luna/install/diagnostic_common_diagnostics/local/lib/python3.10/dist-packages/diagnostic_common_diagnostics-4.3.1-py3.10.egg-info/dependency_links.txt
-- Up-to-date symlink: /home/mewert/Desktop/luna/install/diagnostic_common_diagnostics/local/lib/python3.10/dist-packages/diagnostic_common_diagnostics-4.3.1-py3.10.egg-info/top_level.txt
-- Up-to-date symlink: /home/mewert/Desktop/luna/install/diagnostic_common_diagnostics/local/lib/python3.10/dist-packages/diagnostic_common_diagnostics/__init__.py
-- Up-to-date symlink: /home/mewert/Desktop/luna/install/diagnostic_common_diagnostics/local/lib/python3.10/dist-packages/diagnostic_common_diagnostics/cpu_monitor.py
-- Up-to-date symlink: /home/mewert/Desktop/luna/install/diagnostic_common_diagnostics/local/lib/python3.10/dist-packages/diagnostic_common_diagnostics/hd_monitor.py
-- Up-to-date symlink: /home/mewert/Desktop/luna/install/diagnostic_common_diagnostics/local/lib/python3.10/dist-packages/diagnostic_common_diagnostics/ntp_monitor.py
-- Up-to-date symlink: /home/mewert/Desktop/luna/install/diagnostic_common_diagnostics/local/lib/python3.10/dist-packages/diagnostic_common_diagnostics/ram_monitor.py
-- Up-to-date symlink: /home/mewert/Desktop/luna/install/diagnostic_common_diagnostics/local/lib/python3.10/dist-packages/diagnostic_common_diagnostics/sensors_monitor.py
-- Up-to-date symlink: /home/mewert/Desktop/luna/install/diagnostic_common_diagnostics/lib/diagnostic_common_diagnostics/cpu_monitor.py
-- Up-to-date symlink: /home/mewert/Desktop/luna/install/diagnostic_common_diagnostics/lib/diagnostic_common_diagnostics/ntp_monitor.py
-- Up-to-date symlink: /home/mewert/Desktop/luna/install/diagnostic_common_diagnostics/lib/diagnostic_common_diagnostics/ram_monitor.py
-- Up-to-date symlink: /home/mewert/Desktop/luna/install/diagnostic_common_diagnostics/lib/diagnostic_common_diagnostics/sensors_monitor.py
-- Up-to-date symlink: /home/mewert/Desktop/luna/install/diagnostic_common_diagnostics/lib/diagnostic_common_diagnostics/hd_monitor.py
-- Up-to-date symlink: /home/mewert/Desktop/luna/install/diagnostic_common_diagnostics/share/ament_index/resource_index/package_run_dependencies/diagnostic_common_diagnostics
-- Up-to-date symlink: /home/mewert/Desktop/luna/install/diagnostic_common_diagnostics/share/ament_index/resource_index/parent_prefix_path/diagnostic_common_diagnostics
-- Up-to-date symlink: /home/mewert/Desktop/luna/install/diagnostic_common_diagnostics/share/diagnostic_common_diagnostics/environment/ament_prefix_path.sh
-- Up-to-date symlink: /home/mewert/Desktop/luna/install/diagnostic_common_diagnostics/share/diagnostic_common_diagnostics/environment/ament_prefix_path.dsv
-- Up-to-date symlink: /home/mewert/Desktop/luna/install/diagnostic_common_diagnostics/share/diagnostic_common_diagnostics/environment/path.sh
-- Up-to-date symlink: /home/mewert/Desktop/luna/install/diagnostic_common_diagnostics/share/diagnostic_common_diagnostics/environment/path.dsv
-- Up-to-date symlink: /home/mewert/Desktop/luna/install/diagnostic_common_diagnostics/share/diagnostic_common_diagnostics/local_setup.bash
-- Up-to-date symlink: /home/mewert/Desktop/luna/install/diagnostic_common_diagnostics/share/diagnostic_common_diagnostics/local_setup.sh
-- Up-to-date symlink: /home/mewert/Desktop/luna/install/diagnostic_common_diagnostics/share/diagnostic_common_diagnostics/local_setup.zsh
-- Up-to-date symlink: /home/mewert/Desktop/luna/install/diagnostic_common_diagnostics/share/diagnostic_common_diagnostics/local_setup.dsv
-- Symlinking: /home/mewert/Desktop/luna/install/diagnostic_common_diagnostics/share/diagnostic_common_diagnostics/package.dsv
-- Up-to-date symlink: /home/mewert/Desktop/luna/install/diagnostic_common_diagnostics/share/ament_index/resource_index/packages/diagnostic_common_diagnostics
-- Up-to-date symlink: /home/mewert/Desktop/luna/install/diagnostic_common_diagnostics/share/diagnostic_common_diagnostics/cmake/diagnostic_common_diagnosticsConfig.cmake
-- Up-to-date symlink: /home/mewert/Desktop/luna/install/diagnostic_common_diagnostics/share/diagnostic_common_diagnostics/cmake/diagnostic_common_diagnosticsConfig-version.cmake
-- Up-to-date symlink: /home/mewert/Desktop/luna/install/diagnostic_common_diagnostics/share/diagnostic_common_diagnostics/package.xml
Listing '/home/mewert/Desktop/luna/install/diagnostic_common_diagnostics/local/lib/python3.10/dist-packages/diagnostic_common_diagnostics'...
