[ 33%] Built target diagnostic_aggregator
[ 50%] Built target add_analyzer
[ 50%] Built target ament_cmake_python_symlink_diagnostic_aggregator
[ 66%] Built target aggregator_node
[100%] Built target diagnostic_aggregator_analyzers
running egg_info
writing diagnostic_aggregator.egg-info/PKG-INFO
writing dependency_links to diagnostic_aggregator.egg-info/dependency_links.txt
writing top-level names to diagnostic_aggregator.egg-info/top_level.txt
reading manifest file 'diagnostic_aggregator.egg-info/SOURCES.txt'
Traceback (most recent call last):
  File "/home/mewert/Desktop/luna/build/diagnostic_aggregator/ament_cmake_python/diagnostic_aggregator/setup.py", line 4, in <module>
    setup(
  File "/home/mewert/.local/lib/python3.10/site-packages/setuptools/__init__.py", line 117, in setup
    return distutils.core.setup(**attrs)
  File "/home/mewert/.local/lib/python3.10/site-packages/setuptools/_distutils/core.py", line 183, in setup
    return run_commands(dist)
  File "/home/mewert/.local/lib/python3.10/site-packages/setuptools/_distutils/core.py", line 199, in run_commands
    dist.run_commands()
  File "/home/mewert/.local/lib/python3.10/site-packages/setuptools/_distutils/dist.py", line 954, in run_commands
    self.run_command(cmd)
  File "/home/mewert/.local/lib/python3.10/site-packages/setuptools/dist.py", line 999, in run_command
    super().run_command(command)
  File "/home/mewert/.local/lib/python3.10/site-packages/setuptools/_distutils/dist.py", line 973, in run_command
    cmd_obj.run()
  File "/home/mewert/.local/lib/python3.10/site-packages/setuptools/command/egg_info.py", line 312, in run
    self.find_sources()
  File "/home/mewert/.local/lib/python3.10/site-packages/setuptools/command/egg_info.py", line 320, in find_sources
    mm.run()
  File "/home/mewert/.local/lib/python3.10/site-packages/setuptools/command/egg_info.py", line 546, in run
    self.prune_file_list()
  File "/home/mewert/.local/lib/python3.10/site-packages/setuptools/command/sdist.py", line 162, in prune_file_list
    super().prune_file_list()
  File "/home/mewert/.local/lib/python3.10/site-packages/setuptools/_distutils/command/sdist.py", line 380, in prune_file_list
    base_dir = self.distribution.get_fullname()
  File "/home/mewert/.local/lib/python3.10/site-packages/setuptools/_core_metadata.py", line 267, in get_fullname
    return _distribution_fullname(self.get_name(), self.get_version())
  File "/home/mewert/.local/lib/python3.10/site-packages/setuptools/_core_metadata.py", line 285, in _distribution_fullname
    canonicalize_version(version, strip_trailing_zero=False),
TypeError: canonicalize_version() got an unexpected keyword argument 'strip_trailing_zero'
gmake[2]: *** [CMakeFiles/ament_cmake_python_build_diagnostic_aggregator_egg.dir/build.make:70: CMakeFiles/ament_cmake_python_build_diagnostic_aggregator_egg] Error 1
gmake[1]: *** [CMakeFiles/Makefile2:276: CMakeFiles/ament_cmake_python_build_diagnostic_aggregator_egg.dir/all] Error 2
gmake: *** [Makefile:146: all] Error 2
