[0.035s] Invoking command in '/home/mewert/Desktop/luna/build/diagnostic_aggregator': CMAKE_PREFIX_PATH=${CMAKE_PREFIX_PATH}:/home/mewert/Desktop/luna/install/open_cv_pkg:/opt/ros/humble /usr/bin/cmake --build /home/mewert/Desktop/luna/build/diagnostic_aggregator -- -j6 -l6
[0.179s] [ 33%] Built target diagnostic_aggregator
[0.204s] [ 50%] Built target add_analyzer
[0.219s] [ 50%] Built target ament_cmake_python_symlink_diagnostic_aggregator
[0.272s] [ 66%] Built target aggregator_node
[0.283s] [100%] Built target diagnostic_aggregator_analyzers
[0.538s] running egg_info
[0.556s] writing diagnostic_aggregator.egg-info/PKG-INFO
[0.560s] writing dependency_links to diagnostic_aggregator.egg-info/dependency_links.txt
[0.560s] writing top-level names to diagnostic_aggregator.egg-info/top_level.txt
[0.636s] reading manifest file 'diagnostic_aggregator.egg-info/SOURCES.txt'
[0.670s] Traceback (most recent call last):
[0.670s]   File "/home/mewert/Desktop/luna/build/diagnostic_aggregator/ament_cmake_python/diagnostic_aggregator/setup.py", line 4, in <module>
[0.670s]     setup(
[0.670s]   File "/home/mewert/.local/lib/python3.10/site-packages/setuptools/__init__.py", line 117, in setup
[0.670s]     return distutils.core.setup(**attrs)
[0.670s]   File "/home/mewert/.local/lib/python3.10/site-packages/setuptools/_distutils/core.py", line 183, in setup
[0.671s]     return run_commands(dist)
[0.671s]   File "/home/mewert/.local/lib/python3.10/site-packages/setuptools/_distutils/core.py", line 199, in run_commands
[0.671s]     dist.run_commands()
[0.671s]   File "/home/mewert/.local/lib/python3.10/site-packages/setuptools/_distutils/dist.py", line 954, in run_commands
[0.671s]     self.run_command(cmd)
[0.671s]   File "/home/mewert/.local/lib/python3.10/site-packages/setuptools/dist.py", line 999, in run_command
[0.671s]     super().run_command(command)
[0.671s]   File "/home/mewert/.local/lib/python3.10/site-packages/setuptools/_distutils/dist.py", line 973, in run_command
[0.671s]     cmd_obj.run()
[0.671s]   File "/home/mewert/.local/lib/python3.10/site-packages/setuptools/command/egg_info.py", line 312, in run
[0.671s]     self.find_sources()
[0.671s]   File "/home/mewert/.local/lib/python3.10/site-packages/setuptools/command/egg_info.py", line 320, in find_sources
[0.671s]     mm.run()
[0.674s]   File "/home/mewert/.local/lib/python3.10/site-packages/setuptools/command/egg_info.py", line 546, in run
[0.675s]     self.prune_file_list()
[0.675s]   File "/home/mewert/.local/lib/python3.10/site-packages/setuptools/command/sdist.py", line 162, in prune_file_list
[0.675s]     super().prune_file_list()
[0.675s]   File "/home/mewert/.local/lib/python3.10/site-packages/setuptools/_distutils/command/sdist.py", line 380, in prune_file_list
[0.675s]     base_dir = self.distribution.get_fullname()
[0.675s]   File "/home/mewert/.local/lib/python3.10/site-packages/setuptools/_core_metadata.py", line 267, in get_fullname
[0.675s]     return _distribution_fullname(self.get_name(), self.get_version())
[0.675s]   File "/home/mewert/.local/lib/python3.10/site-packages/setuptools/_core_metadata.py", line 285, in _distribution_fullname
[0.675s]     canonicalize_version(version, strip_trailing_zero=False),
[0.675s] TypeError: canonicalize_version() got an unexpected keyword argument 'strip_trailing_zero'
[0.781s] gmake[2]: *** [CMakeFiles/ament_cmake_python_build_diagnostic_aggregator_egg.dir/build.make:70: CMakeFiles/ament_cmake_python_build_diagnostic_aggregator_egg] Error 1
[0.782s] gmake[1]: *** [CMakeFiles/Makefile2:276: CMakeFiles/ament_cmake_python_build_diagnostic_aggregator_egg.dir/all] Error 2
[0.782s] gmake: *** [Makefile:146: all] Error 2
[0.797s] Invoked command in '/home/mewert/Desktop/luna/build/diagnostic_aggregator' returned '2': CMAKE_PREFIX_PATH=${CMAKE_PREFIX_PATH}:/home/mewert/Desktop/luna/install/open_cv_pkg:/opt/ros/humble /usr/bin/cmake --build /home/mewert/Desktop/luna/build/diagnostic_aggregator -- -j6 -l6
