[0.020s] Invoking command in '/home/mewert/Desktop/luna/build/diagnostic_common_diagnostics': CMAKE_PREFIX_PATH=/home/mewert/Desktop/luna/install/diagnostic_updater:/home/mewert/Desktop/luna/install/my_octomap_pkg:/home/mewert/Desktop/luna/install/my_pointcloud_pkg:/home/mewert/Desktop/luna/install/diagnostics:/home/mewert/Desktop/luna/install/self_test:/home/mewert/Desktop/luna/install/realsense2_description:/home/mewert/Desktop/luna/install/realsense2_camera:/home/mewert/Desktop/luna/install/realsense2_camera_msgs:/home/mewert/Desktop/luna/install/pointcloud_to_grid:/home/mewert/Desktop/luna/install/diagnostic_common_diagnostics:/home/mewert/Desktop/luna/install/diagnostic_aggregator:/home/mewert/Desktop/luna/install/open_cv_pkg:/opt/ros/humble LD_LIBRARY_PATH=/home/mewert/Desktop/luna/install/diagnostic_updater/lib:/home/mewert/Desktop/luna/install/realsense2_camera/lib:/home/mewert/Desktop/luna/install/realsense2_camera_msgs/lib:/home/mewert/Desktop/luna/install/diagnostic_aggregator/lib:/opt/ros/humble/opt/rviz_ogre_vendor/lib:/opt/ros/humble/lib/x86_64-linux-gnu:/opt/ros/humble/lib /usr/bin/cmake /home/mewert/Desktop/luna/diagnostics/diagnostic_common_diagnostics -DAMENT_CMAKE_SYMLINK_INSTALL=1 -DCMAKE_INSTALL_PREFIX=/home/mewert/Desktop/luna/install/diagnostic_common_diagnostics
[0.049s] -- Found ament_cmake: 1.3.10 (/opt/ros/humble/share/ament_cmake/cmake)
[0.271s] -- Override CMake install command with custom implementation using symlinks instead of copying resources
[0.398s] -- Found ament_lint_auto: 0.12.11 (/opt/ros/humble/share/ament_lint_auto/cmake)
[0.398s] -- Found launch_testing_ament_cmake: 1.0.6 (/opt/ros/humble/share/launch_testing_ament_cmake/cmake)
[0.398s] -- Found python_cmake_module: 0.10.0 (/opt/ros/humble/share/python_cmake_module/cmake)
[0.435s] -- Using PYTHON_EXECUTABLE: /usr/bin/python3
[0.435s] -- Using PYTHON_INCLUDE_DIRS: /usr/include/python3.10
[0.435s] -- Using PYTHON_LIBRARIES: /usr/lib/x86_64-linux-gnu/libpython3.10.so
[1.071s] -- Added test 'xmllint' to check XML markup files
[1.071s] -- Added test 'lint_cmake' to check CMake code style
[1.071s] -- Configuring done
[1.094s] -- Generating done
[1.101s] -- Build files have been written to: /home/mewert/Desktop/luna/build/diagnostic_common_diagnostics
[1.103s] Invoked command in '/home/mewert/Desktop/luna/build/diagnostic_common_diagnostics' returned '0': CMAKE_PREFIX_PATH=/home/mewert/Desktop/luna/install/diagnostic_updater:/home/mewert/Desktop/luna/install/my_octomap_pkg:/home/mewert/Desktop/luna/install/my_pointcloud_pkg:/home/mewert/Desktop/luna/install/diagnostics:/home/mewert/Desktop/luna/install/self_test:/home/mewert/Desktop/luna/install/realsense2_description:/home/mewert/Desktop/luna/install/realsense2_camera:/home/mewert/Desktop/luna/install/realsense2_camera_msgs:/home/mewert/Desktop/luna/install/pointcloud_to_grid:/home/mewert/Desktop/luna/install/diagnostic_common_diagnostics:/home/mewert/Desktop/luna/install/diagnostic_aggregator:/home/mewert/Desktop/luna/install/open_cv_pkg:/opt/ros/humble LD_LIBRARY_PATH=/home/mewert/Desktop/luna/install/diagnostic_updater/lib:/home/mewert/Desktop/luna/install/realsense2_camera/lib:/home/mewert/Desktop/luna/install/realsense2_camera_msgs/lib:/home/mewert/Desktop/luna/install/diagnostic_aggregator/lib:/opt/ros/humble/opt/rviz_ogre_vendor/lib:/opt/ros/humble/lib/x86_64-linux-gnu:/opt/ros/humble/lib /usr/bin/cmake /home/mewert/Desktop/luna/diagnostics/diagnostic_common_diagnostics -DAMENT_CMAKE_SYMLINK_INSTALL=1 -DCMAKE_INSTALL_PREFIX=/home/mewert/Desktop/luna/install/diagnostic_common_diagnostics
[1.122s] Invoking command in '/home/mewert/Desktop/luna/build/diagnostic_common_diagnostics': CMAKE_PREFIX_PATH=/home/mewert/Desktop/luna/install/diagnostic_updater:/home/mewert/Desktop/luna/install/my_octomap_pkg:/home/mewert/Desktop/luna/install/my_pointcloud_pkg:/home/mewert/Desktop/luna/install/diagnostics:/home/mewert/Desktop/luna/install/self_test:/home/mewert/Desktop/luna/install/realsense2_description:/home/mewert/Desktop/luna/install/realsense2_camera:/home/mewert/Desktop/luna/install/realsense2_camera_msgs:/home/mewert/Desktop/luna/install/pointcloud_to_grid:/home/mewert/Desktop/luna/install/diagnostic_common_diagnostics:/home/mewert/Desktop/luna/install/diagnostic_aggregator:/home/mewert/Desktop/luna/install/open_cv_pkg:/opt/ros/humble LD_LIBRARY_PATH=/home/mewert/Desktop/luna/install/diagnostic_updater/lib:/home/mewert/Desktop/luna/install/realsense2_camera/lib:/home/mewert/Desktop/luna/install/realsense2_camera_msgs/lib:/home/mewert/Desktop/luna/install/diagnostic_aggregator/lib:/opt/ros/humble/opt/rviz_ogre_vendor/lib:/opt/ros/humble/lib/x86_64-linux-gnu:/opt/ros/humble/lib /usr/bin/cmake --build /home/mewert/Desktop/luna/build/diagnostic_common_diagnostics -- -j6 -l6
[1.207s] Built target ament_cmake_python_symlink_diagnostic_common_diagnostics
[1.623s] running egg_info
[1.624s] writing diagnostic_common_diagnostics.egg-info/PKG-INFO
[1.624s] writing dependency_links to diagnostic_common_diagnostics.egg-info/dependency_links.txt
[1.625s] writing top-level names to diagnostic_common_diagnostics.egg-info/top_level.txt
[1.628s] reading manifest file 'diagnostic_common_diagnostics.egg-info/SOURCES.txt'
[1.684s] Built target ament_cmake_python_build_diagnostic_common_diagnostics_egg
[1.702s] Invoked command in '/home/mewert/Desktop/luna/build/diagnostic_common_diagnostics' returned '0': CMAKE_PREFIX_PATH=/home/mewert/Desktop/luna/install/diagnostic_updater:/home/mewert/Desktop/luna/install/my_octomap_pkg:/home/mewert/Desktop/luna/install/my_pointcloud_pkg:/home/mewert/Desktop/luna/install/diagnostics:/home/mewert/Desktop/luna/install/self_test:/home/mewert/Desktop/luna/install/realsense2_description:/home/mewert/Desktop/luna/install/realsense2_camera:/home/mewert/Desktop/luna/install/realsense2_camera_msgs:/home/mewert/Desktop/luna/install/pointcloud_to_grid:/home/mewert/Desktop/luna/install/diagnostic_common_diagnostics:/home/mewert/Desktop/luna/install/diagnostic_aggregator:/home/mewert/Desktop/luna/install/open_cv_pkg:/opt/ros/humble LD_LIBRARY_PATH=/home/mewert/Desktop/luna/install/diagnostic_updater/lib:/home/mewert/Desktop/luna/install/realsense2_camera/lib:/home/mewert/Desktop/luna/install/realsense2_camera_msgs/lib:/home/mewert/Desktop/luna/install/diagnostic_aggregator/lib:/opt/ros/humble/opt/rviz_ogre_vendor/lib:/opt/ros/humble/lib/x86_64-linux-gnu:/opt/ros/humble/lib /usr/bin/cmake --build /home/mewert/Desktop/luna/build/diagnostic_common_diagnostics -- -j6 -l6
[1.737s] Invoking command in '/home/mewert/Desktop/luna/build/diagnostic_common_diagnostics': CMAKE_PREFIX_PATH=/home/mewert/Desktop/luna/install/diagnostic_updater:/home/mewert/Desktop/luna/install/my_octomap_pkg:/home/mewert/Desktop/luna/install/my_pointcloud_pkg:/home/mewert/Desktop/luna/install/diagnostics:/home/mewert/Desktop/luna/install/self_test:/home/mewert/Desktop/luna/install/realsense2_description:/home/mewert/Desktop/luna/install/realsense2_camera:/home/mewert/Desktop/luna/install/realsense2_camera_msgs:/home/mewert/Desktop/luna/install/pointcloud_to_grid:/home/mewert/Desktop/luna/install/diagnostic_common_diagnostics:/home/mewert/Desktop/luna/install/diagnostic_aggregator:/home/mewert/Desktop/luna/install/open_cv_pkg:/opt/ros/humble LD_LIBRARY_PATH=/home/mewert/Desktop/luna/install/diagnostic_updater/lib:/home/mewert/Desktop/luna/install/realsense2_camera/lib:/home/mewert/Desktop/luna/install/realsense2_camera_msgs/lib:/home/mewert/Desktop/luna/install/diagnostic_aggregator/lib:/opt/ros/humble/opt/rviz_ogre_vendor/lib:/opt/ros/humble/lib/x86_64-linux-gnu:/opt/ros/humble/lib /usr/bin/cmake --install /home/mewert/Desktop/luna/build/diagnostic_common_diagnostics
[1.746s] -- Install configuration: ""
[1.747s] -- Execute custom install script
[1.747s] -- Up-to-date symlink: /home/mewert/Desktop/luna/install/diagnostic_common_diagnostics/share/diagnostic_common_diagnostics/environment/pythonpath.sh
[1.747s] -- Up-to-date symlink: /home/mewert/Desktop/luna/install/diagnostic_common_diagnostics/share/diagnostic_common_diagnostics/environment/pythonpath.dsv
[1.749s] -- Up-to-date symlink: /home/mewert/Desktop/luna/install/diagnostic_common_diagnostics/local/lib/python3.10/dist-packages/diagnostic_common_diagnostics-4.3.1-py3.10.egg-info/PKG-INFO
[1.749s] -- Up-to-date symlink: /home/mewert/Desktop/luna/install/diagnostic_common_diagnostics/local/lib/python3.10/dist-packages/diagnostic_common_diagnostics-4.3.1-py3.10.egg-info/SOURCES.txt
[1.749s] -- Up-to-date symlink: /home/mewert/Desktop/luna/install/diagnostic_common_diagnostics/local/lib/python3.10/dist-packages/diagnostic_common_diagnostics-4.3.1-py3.10.egg-info/dependency_links.txt
[1.749s] -- Up-to-date symlink: /home/mewert/Desktop/luna/install/diagnostic_common_diagnostics/local/lib/python3.10/dist-packages/diagnostic_common_diagnostics-4.3.1-py3.10.egg-info/top_level.txt
[1.749s] -- Up-to-date symlink: /home/mewert/Desktop/luna/install/diagnostic_common_diagnostics/local/lib/python3.10/dist-packages/diagnostic_common_diagnostics/__init__.py
[1.749s] -- Up-to-date symlink: /home/mewert/Desktop/luna/install/diagnostic_common_diagnostics/local/lib/python3.10/dist-packages/diagnostic_common_diagnostics/cpu_monitor.py
[1.750s] -- Up-to-date symlink: /home/mewert/Desktop/luna/install/diagnostic_common_diagnostics/local/lib/python3.10/dist-packages/diagnostic_common_diagnostics/hd_monitor.py
[1.750s] -- Up-to-date symlink: /home/mewert/Desktop/luna/install/diagnostic_common_diagnostics/local/lib/python3.10/dist-packages/diagnostic_common_diagnostics/ntp_monitor.py
[1.750s] -- Up-to-date symlink: /home/mewert/Desktop/luna/install/diagnostic_common_diagnostics/local/lib/python3.10/dist-packages/diagnostic_common_diagnostics/ram_monitor.py
[1.750s] -- Up-to-date symlink: /home/mewert/Desktop/luna/install/diagnostic_common_diagnostics/local/lib/python3.10/dist-packages/diagnostic_common_diagnostics/sensors_monitor.py
[1.750s] -- Up-to-date symlink: /home/mewert/Desktop/luna/install/diagnostic_common_diagnostics/lib/diagnostic_common_diagnostics/cpu_monitor.py
[1.751s] -- Up-to-date symlink: /home/mewert/Desktop/luna/install/diagnostic_common_diagnostics/lib/diagnostic_common_diagnostics/ntp_monitor.py
[1.751s] -- Up-to-date symlink: /home/mewert/Desktop/luna/install/diagnostic_common_diagnostics/lib/diagnostic_common_diagnostics/ram_monitor.py
[1.751s] -- Up-to-date symlink: /home/mewert/Desktop/luna/install/diagnostic_common_diagnostics/lib/diagnostic_common_diagnostics/sensors_monitor.py
[1.751s] -- Up-to-date symlink: /home/mewert/Desktop/luna/install/diagnostic_common_diagnostics/lib/diagnostic_common_diagnostics/hd_monitor.py
[1.752s] -- Up-to-date symlink: /home/mewert/Desktop/luna/install/diagnostic_common_diagnostics/share/ament_index/resource_index/package_run_dependencies/diagnostic_common_diagnostics
[1.752s] -- Up-to-date symlink: /home/mewert/Desktop/luna/install/diagnostic_common_diagnostics/share/ament_index/resource_index/parent_prefix_path/diagnostic_common_diagnostics
[1.752s] -- Up-to-date symlink: /home/mewert/Desktop/luna/install/diagnostic_common_diagnostics/share/diagnostic_common_diagnostics/environment/ament_prefix_path.sh
[1.752s] -- Up-to-date symlink: /home/mewert/Desktop/luna/install/diagnostic_common_diagnostics/share/diagnostic_common_diagnostics/environment/ament_prefix_path.dsv
[1.752s] -- Up-to-date symlink: /home/mewert/Desktop/luna/install/diagnostic_common_diagnostics/share/diagnostic_common_diagnostics/environment/path.sh
[1.753s] -- Up-to-date symlink: /home/mewert/Desktop/luna/install/diagnostic_common_diagnostics/share/diagnostic_common_diagnostics/environment/path.dsv
[1.753s] -- Up-to-date symlink: /home/mewert/Desktop/luna/install/diagnostic_common_diagnostics/share/diagnostic_common_diagnostics/local_setup.bash
[1.753s] -- Up-to-date symlink: /home/mewert/Desktop/luna/install/diagnostic_common_diagnostics/share/diagnostic_common_diagnostics/local_setup.sh
[1.754s] -- Up-to-date symlink: /home/mewert/Desktop/luna/install/diagnostic_common_diagnostics/share/diagnostic_common_diagnostics/local_setup.zsh
[1.754s] -- Up-to-date symlink: /home/mewert/Desktop/luna/install/diagnostic_common_diagnostics/share/diagnostic_common_diagnostics/local_setup.dsv
[1.754s] -- Symlinking: /home/mewert/Desktop/luna/install/diagnostic_common_diagnostics/share/diagnostic_common_diagnostics/package.dsv
[1.772s] -- Up-to-date symlink: /home/mewert/Desktop/luna/install/diagnostic_common_diagnostics/share/ament_index/resource_index/packages/diagnostic_common_diagnostics
[1.772s] -- Up-to-date symlink: /home/mewert/Desktop/luna/install/diagnostic_common_diagnostics/share/diagnostic_common_diagnostics/cmake/diagnostic_common_diagnosticsConfig.cmake
[1.772s] -- Up-to-date symlink: /home/mewert/Desktop/luna/install/diagnostic_common_diagnostics/share/diagnostic_common_diagnostics/cmake/diagnostic_common_diagnosticsConfig-version.cmake
[1.772s] -- Up-to-date symlink: /home/mewert/Desktop/luna/install/diagnostic_common_diagnostics/share/diagnostic_common_diagnostics/package.xml
[1.818s] Listing '/home/mewert/Desktop/luna/install/diagnostic_common_diagnostics/local/lib/python3.10/dist-packages/diagnostic_common_diagnostics'...
[1.831s] Invoked command in '/home/mewert/Desktop/luna/build/diagnostic_common_diagnostics' returned '0': CMAKE_PREFIX_PATH=/home/mewert/Desktop/luna/install/diagnostic_updater:/home/mewert/Desktop/luna/install/my_octomap_pkg:/home/mewert/Desktop/luna/install/my_pointcloud_pkg:/home/mewert/Desktop/luna/install/diagnostics:/home/mewert/Desktop/luna/install/self_test:/home/mewert/Desktop/luna/install/realsense2_description:/home/mewert/Desktop/luna/install/realsense2_camera:/home/mewert/Desktop/luna/install/realsense2_camera_msgs:/home/mewert/Desktop/luna/install/pointcloud_to_grid:/home/mewert/Desktop/luna/install/diagnostic_common_diagnostics:/home/mewert/Desktop/luna/install/diagnostic_aggregator:/home/mewert/Desktop/luna/install/open_cv_pkg:/opt/ros/humble LD_LIBRARY_PATH=/home/mewert/Desktop/luna/install/diagnostic_updater/lib:/home/mewert/Desktop/luna/install/realsense2_camera/lib:/home/mewert/Desktop/luna/install/realsense2_camera_msgs/lib:/home/mewert/Desktop/luna/install/diagnostic_aggregator/lib:/opt/ros/humble/opt/rviz_ogre_vendor/lib:/opt/ros/humble/lib/x86_64-linux-gnu:/opt/ros/humble/lib /usr/bin/cmake --install /home/mewert/Desktop/luna/build/diagnostic_common_diagnostics
