-- Found ament_cmake: 1.3.10 (/opt/ros/humble/share/ament_cmake/cmake)
-- Override CMake install command with custom implementation using symlinks instead of copying resources
-- Found rclcpp: 16.0.10 (/opt/ros/humble/share/rclcpp/cmake)
-- Found rosidl_generator_c: 3.1.5 (/opt/ros/humble/share/rosidl_generator_c/cmake)
-- Found rosidl_adapter: 3.1.5 (/opt/ros/humble/share/rosidl_adapter/cmake)
-- Found rosidl_generator_cpp: 3.1.5 (/opt/ros/humble/share/rosidl_generator_cpp/cmake)
-- Using all available rosidl_typesupport_c: rosidl_typesupport_fastrtps_c;rosidl_typesupport_introspection_c
-- Using all available rosidl_typesupport_cpp: rosidl_typesupport_fastrtps_cpp;rosidl_typesupport_introspection_cpp
-- Found rmw_implementation_cmake: 6.1.2 (/opt/ros/humble/share/rmw_implementation_cmake/cmake)
-- Found rmw_fastrtps_cpp: 6.2.7 (/opt/ros/humble/share/rmw_fastrtps_cpp/cmake)
-- Using RMW implementation 'rmw_fastrtps_cpp' as default
-- Found sensor_msgs: 4.2.4 (/opt/ros/humble/share/sensor_msgs/cmake)
-- Found nav_msgs: 4.2.4 (/opt/ros/humble/share/nav_msgs/cmake)
-- Found visualization_msgs: 4.2.4 (/opt/ros/humble/share/visualization_msgs/cmake)
-- Found tf2: 0.25.8 (/opt/ros/humble/share/tf2/cmake)
-- Found tf2_msgs: 0.25.8 (/opt/ros/humble/share/tf2_msgs/cmake)
-- Found tf2_ros: 0.25.8 (/opt/ros/humble/share/tf2_ros/cmake)
-- Found tf2_geometry_msgs: 0.25.8 (/opt/ros/humble/share/tf2_geometry_msgs/cmake)
-- Found eigen3_cmake_module: 0.1.1 (/opt/ros/humble/share/eigen3_cmake_module/cmake)
-- Ensuring Eigen3 include directory is part of orocos-kdl CMake target
-- Found pcl_ros: 2.4.5 (/opt/ros/humble/share/pcl_ros/cmake)
-- Eigen found (include: /usr/include/eigen3, version: 3.4.0)
-- FLANN found (include: /usr/include, lib: /usr/lib/x86_64-linux-gnu/libflann_cpp.so)
-- OpenNI found (version: 1.5.4.0, include: /usr/include/ni, lib: /usr/lib/libOpenNI.so;libusb::libusb)
-- OpenNI2 found (version: 2.2.0.33, include: /usr/include/openni2, lib: /usr/lib/x86_64-linux-gnu/libOpenNI2.so;libusb::libusb)
-- Eigen found (include: /usr/include/eigen3, version: 3.4.0)
-- OpenNI found (version: 1.5.4.0, include: /usr/include/ni, lib: /usr/lib/libOpenNI.so;libusb::libusb)
-- OpenNI2 found (version: 2.2.0.33, include: /usr/include/openni2, lib: /usr/lib/x86_64-linux-gnu/libOpenNI2.so;libusb::libusb)
-- Found Qhull version 8.0.2
-- OpenNI found (version: 1.5.4.0, include: /usr/include/ni, lib: /usr/lib/libOpenNI.so;libusb::libusb)
-- Found ament_lint_auto: 0.12.11 (/opt/ros/humble/share/ament_lint_auto/cmake)
-- Added test 'cppcheck' to perform static code analysis on C / C++ code
-- Configured cppcheck include dirs: /home/mewert/Desktop/luna/src/pointcloud_to_grid/include
-- Configured cppcheck exclude dirs and/or files: 
-- Added test 'flake8' to check Python code syntax and style conventions
-- Added test 'lint_cmake' to check CMake code style
-- Added test 'pep257' to check Python code against some of the docstring style conventions in PEP 257
-- Added test 'uncrustify' to check C / C++ code style
-- Configured uncrustify additional arguments: 
-- Added test 'xmllint' to check XML markup files
-- Configuring done
-- Generating done
-- Build files have been written to: /home/mewert/Desktop/luna/build/pointcloud_to_grid
[35m[1mConsolidate compiler generated dependencies of target grid_trajectory[0m
[35m[1mConsolidate compiler generated dependencies of target pointcloud_to_grid_node[0m
[ 50%] Built target grid_trajectory
[100%] Built target pointcloud_to_grid_node
-- Install configuration: ""
-- Execute custom install script
-- Up-to-date symlink: /home/mewert/Desktop/luna/install/pointcloud_to_grid/share/pointcloud_to_grid/launch/demo.launch.py
-- Up-to-date symlink: /home/mewert/Desktop/luna/install/pointcloud_to_grid/share/pointcloud_to_grid/launch/grid_trajectory.launch.py
-- Up-to-date symlink: /home/mewert/Desktop/luna/install/pointcloud_to_grid/share/pointcloud_to_grid/launch/rviz.launch.py
-- Up-to-date symlink: /home/mewert/Desktop/luna/install/pointcloud_to_grid/share/pointcloud_to_grid/doc/default.rviz
-- Up-to-date symlink: /home/mewert/Desktop/luna/install/pointcloud_to_grid/share/pointcloud_to_grid/doc/grid_map01.gif
-- Up-to-date symlink: /home/mewert/Desktop/luna/install/pointcloud_to_grid/share/pointcloud_to_grid/doc/grid_map_conventions.pdf
-- Up-to-date symlink: /home/mewert/Desktop/luna/install/pointcloud_to_grid/share/pointcloud_to_grid/doc/grid_map_conventions.png
-- Up-to-date symlink: /home/mewert/Desktop/luna/install/pointcloud_to_grid/share/pointcloud_to_grid/doc/grid_map_conventions.svg
-- Up-to-date symlink: /home/mewert/Desktop/luna/install/pointcloud_to_grid/lib/pointcloud_to_grid/pointcloud_to_grid_node
-- Up-to-date symlink: /home/mewert/Desktop/luna/install/pointcloud_to_grid/lib/pointcloud_to_grid/grid_trajectory
-- Up-to-date symlink: /home/mewert/Desktop/luna/install/pointcloud_to_grid/share/ament_index/resource_index/package_run_dependencies/pointcloud_to_grid
-- Up-to-date symlink: /home/mewert/Desktop/luna/install/pointcloud_to_grid/share/ament_index/resource_index/parent_prefix_path/pointcloud_to_grid
-- Up-to-date symlink: /home/mewert/Desktop/luna/install/pointcloud_to_grid/share/pointcloud_to_grid/environment/ament_prefix_path.sh
-- Up-to-date symlink: /home/mewert/Desktop/luna/install/pointcloud_to_grid/share/pointcloud_to_grid/environment/ament_prefix_path.dsv
-- Up-to-date symlink: /home/mewert/Desktop/luna/install/pointcloud_to_grid/share/pointcloud_to_grid/environment/path.sh
-- Up-to-date symlink: /home/mewert/Desktop/luna/install/pointcloud_to_grid/share/pointcloud_to_grid/environment/path.dsv
-- Up-to-date symlink: /home/mewert/Desktop/luna/install/pointcloud_to_grid/share/pointcloud_to_grid/local_setup.bash
-- Up-to-date symlink: /home/mewert/Desktop/luna/install/pointcloud_to_grid/share/pointcloud_to_grid/local_setup.sh
-- Up-to-date symlink: /home/mewert/Desktop/luna/install/pointcloud_to_grid/share/pointcloud_to_grid/local_setup.zsh
-- Up-to-date symlink: /home/mewert/Desktop/luna/install/pointcloud_to_grid/share/pointcloud_to_grid/local_setup.dsv
-- Symlinking: /home/mewert/Desktop/luna/install/pointcloud_to_grid/share/pointcloud_to_grid/package.dsv
-- Up-to-date symlink: /home/mewert/Desktop/luna/install/pointcloud_to_grid/share/ament_index/resource_index/packages/pointcloud_to_grid
-- Up-to-date symlink: /home/mewert/Desktop/luna/install/pointcloud_to_grid/share/pointcloud_to_grid/cmake/pointcloud_to_gridConfig.cmake
-- Up-to-date symlink: /home/mewert/Desktop/luna/install/pointcloud_to_grid/share/pointcloud_to_grid/cmake/pointcloud_to_gridConfig-version.cmake
-- Up-to-date symlink: /home/mewert/Desktop/luna/install/pointcloud_to_grid/share/pointcloud_to_grid/package.xml
