[0.071s] Invoking command in '/home/mewert/Desktop/luna/build/my_octomap_pkg': CMAKE_PREFIX_PATH=${CMAKE_PREFIX_PATH}:/home/mewert/Desktop/luna/install/open_cv_pkg:/opt/ros/humble /usr/bin/cmake --build /home/mewert/Desktop/luna/build/my_octomap_pkg -- -j6 -l6
[1.327s] [100%] Built target octomap_launch
[1.347s] Invoked command in '/home/mewert/Desktop/luna/build/my_octomap_pkg' returned '0': CMAKE_PREFIX_PATH=${CMAKE_PREFIX_PATH}:/home/mewert/Desktop/luna/install/open_cv_pkg:/opt/ros/humble /usr/bin/cmake --build /home/mewert/Desktop/luna/build/my_octomap_pkg -- -j6 -l6
[1.504s] Invoking command in '/home/mewert/Desktop/luna/build/my_octomap_pkg': CMAKE_PREFIX_PATH=${CMAKE_PREFIX_PATH}:/home/mewert/Desktop/luna/install/open_cv_pkg:/opt/ros/humble /usr/bin/cmake --install /home/mewert/Desktop/luna/build/my_octomap_pkg
[1.530s] -- Install configuration: ""
[1.530s] -- Execute custom install script
[1.530s] -- Up-to-date symlink: /home/mewert/Desktop/luna/install/my_octomap_pkg/lib/my_octomap_pkg/octomap_launch
[1.530s] -- Up-to-date symlink: /home/mewert/Desktop/luna/install/my_octomap_pkg/share/ament_index/resource_index/package_run_dependencies/my_octomap_pkg
[1.530s] -- Up-to-date symlink: /home/mewert/Desktop/luna/install/my_octomap_pkg/share/ament_index/resource_index/parent_prefix_path/my_octomap_pkg
[1.530s] -- Up-to-date symlink: /home/mewert/Desktop/luna/install/my_octomap_pkg/share/my_octomap_pkg/environment/ament_prefix_path.sh
[1.530s] -- Up-to-date symlink: /home/mewert/Desktop/luna/install/my_octomap_pkg/share/my_octomap_pkg/environment/ament_prefix_path.dsv
[1.530s] -- Up-to-date symlink: /home/mewert/Desktop/luna/install/my_octomap_pkg/share/my_octomap_pkg/environment/path.sh
[1.531s] -- Up-to-date symlink: /home/mewert/Desktop/luna/install/my_octomap_pkg/share/my_octomap_pkg/environment/path.dsv
[1.531s] -- Up-to-date symlink: /home/mewert/Desktop/luna/install/my_octomap_pkg/share/my_octomap_pkg/local_setup.bash
[1.531s] -- Up-to-date symlink: /home/mewert/Desktop/luna/install/my_octomap_pkg/share/my_octomap_pkg/local_setup.sh
[1.531s] -- Up-to-date symlink: /home/mewert/Desktop/luna/install/my_octomap_pkg/share/my_octomap_pkg/local_setup.zsh
[1.531s] -- Up-to-date symlink: /home/mewert/Desktop/luna/install/my_octomap_pkg/share/my_octomap_pkg/local_setup.dsv
[1.531s] -- Symlinking: /home/mewert/Desktop/luna/install/my_octomap_pkg/share/my_octomap_pkg/package.dsv
[1.549s] -- Up-to-date symlink: /home/mewert/Desktop/luna/install/my_octomap_pkg/share/ament_index/resource_index/packages/my_octomap_pkg
[1.550s] -- Up-to-date symlink: /home/mewert/Desktop/luna/install/my_octomap_pkg/share/my_octomap_pkg/cmake/my_octomap_pkgConfig.cmake
[1.550s] -- Up-to-date symlink: /home/mewert/Desktop/luna/install/my_octomap_pkg/share/my_octomap_pkg/cmake/my_octomap_pkgConfig-version.cmake
[1.550s] -- Up-to-date symlink: /home/mewert/Desktop/luna/install/my_octomap_pkg/share/my_octomap_pkg/package.xml
[1.555s] Invoked command in '/home/mewert/Desktop/luna/build/my_octomap_pkg' returned '0': CMAKE_PREFIX_PATH=${CMAKE_PREFIX_PATH}:/home/mewert/Desktop/luna/install/open_cv_pkg:/opt/ros/humble /usr/bin/cmake --install /home/mewert/Desktop/luna/build/my_octomap_pkg
