[0.064s] Invoking command in '/home/mewert/Desktop/luna/build/my_pointcloud_pkg': CMAKE_PREFIX_PATH=${CMAKE_PREFIX_PATH}:/home/mewert/Desktop/luna/install/open_cv_pkg:/opt/ros/humble /usr/bin/cmake /home/mewert/Desktop/luna/src/my_pointcloud_pkg -DAMENT_CMAKE_SYMLINK_INSTALL=1 -DCMAKE_INSTALL_PREFIX=/home/mewert/Desktop/luna/install/my_pointcloud_pkg
[0.701s] -- The C compiler identification is GNU 11.4.0
[0.701s] -- The CXX compiler identification is GNU 11.4.0
[0.701s] -- Detecting C compiler ABI info
[0.701s] -- Detecting C compiler ABI info - done
[0.701s] -- Check for working C compiler: /usr/bin/cc - skipped
[0.701s] -- Detecting C compile features
[0.701s] -- Detecting C compile features - done
[0.702s] -- Detecting CXX compiler ABI info
[0.727s] -- Detecting CXX compiler ABI info - done
[0.760s] -- Check for working CXX compiler: /usr/bin/c++ - skipped
[0.761s] -- Detecting CXX compile features
[0.761s] -- Detecting CXX compile features - done
[0.761s] -- Found ament_cmake: 1.3.10 (/opt/ros/humble/share/ament_cmake/cmake)
[2.592s] -- Found Python3: /usr/bin/python3 (found version "3.10.12") found components: Interpreter 
[2.748s] -- Override CMake install command with custom implementation using symlinks instead of copying resources
[2.892s] -- Found ament_lint_auto: 0.12.11 (/opt/ros/humble/share/ament_lint_auto/cmake)
[3.230s] -- Added test 'cppcheck' to perform static code analysis on C / C++ code
[3.230s] -- Configured cppcheck include dirs: $<BUILD_INTERFACE:/home/mewert/Desktop/luna/src/my_pointcloud_pkg/include>
[3.230s] -- Configured cppcheck exclude dirs and/or files: 
[3.231s] -- Added test 'lint_cmake' to check CMake code style
[3.231s] -- Added test 'uncrustify' to check C / C++ code style
[3.231s] -- Configured uncrustify additional arguments: 
[3.231s] -- Added test 'xmllint' to check XML markup files
[3.233s] -- Configuring done
[3.253s] -- Generating done
[3.253s] -- Build files have been written to: /home/mewert/Desktop/luna/build/my_pointcloud_pkg
[3.326s] Invoked command in '/home/mewert/Desktop/luna/build/my_pointcloud_pkg' returned '0': CMAKE_PREFIX_PATH=${CMAKE_PREFIX_PATH}:/home/mewert/Desktop/luna/install/open_cv_pkg:/opt/ros/humble /usr/bin/cmake /home/mewert/Desktop/luna/src/my_pointcloud_pkg -DAMENT_CMAKE_SYMLINK_INSTALL=1 -DCMAKE_INSTALL_PREFIX=/home/mewert/Desktop/luna/install/my_pointcloud_pkg
[3.327s] Invoking command in '/home/mewert/Desktop/luna/build/my_pointcloud_pkg': CMAKE_PREFIX_PATH=${CMAKE_PREFIX_PATH}:/home/mewert/Desktop/luna/install/open_cv_pkg:/opt/ros/humble /usr/bin/cmake --build /home/mewert/Desktop/luna/build/my_pointcloud_pkg -- -j6 -l6
[3.444s] [ 50%] [32mBuilding CXX object CMakeFiles/pointcloud_detection.dir/src/pointcloud_detection.cpp.o[0m
[3.500s] [100%] [32m[1mLinking CXX executable pointcloud_detection[0m
[3.642s] [100%] Built target pointcloud_detection
[3.700s] Invoked command in '/home/mewert/Desktop/luna/build/my_pointcloud_pkg' returned '0': CMAKE_PREFIX_PATH=${CMAKE_PREFIX_PATH}:/home/mewert/Desktop/luna/install/open_cv_pkg:/opt/ros/humble /usr/bin/cmake --build /home/mewert/Desktop/luna/build/my_pointcloud_pkg -- -j6 -l6
[3.759s] Invoking command in '/home/mewert/Desktop/luna/build/my_pointcloud_pkg': CMAKE_PREFIX_PATH=${CMAKE_PREFIX_PATH}:/home/mewert/Desktop/luna/install/open_cv_pkg:/opt/ros/humble /usr/bin/cmake --install /home/mewert/Desktop/luna/build/my_pointcloud_pkg
[3.786s] -- Install configuration: ""
[3.790s] -- Execute custom install script
[3.790s] -- Symlinking: /home/mewert/Desktop/luna/install/my_pointcloud_pkg/lib/my_pointcloud_pkg/pointcloud_detection
[3.805s] -- Symlinking: /home/mewert/Desktop/luna/install/my_pointcloud_pkg/share/ament_index/resource_index/package_run_dependencies/my_pointcloud_pkg
[3.821s] -- Symlinking: /home/mewert/Desktop/luna/install/my_pointcloud_pkg/share/ament_index/resource_index/parent_prefix_path/my_pointcloud_pkg
[3.835s] -- Symlinking: /home/mewert/Desktop/luna/install/my_pointcloud_pkg/share/my_pointcloud_pkg/environment/ament_prefix_path.sh
[3.850s] -- Symlinking: /home/mewert/Desktop/luna/install/my_pointcloud_pkg/share/my_pointcloud_pkg/environment/ament_prefix_path.dsv
[3.865s] -- Symlinking: /home/mewert/Desktop/luna/install/my_pointcloud_pkg/share/my_pointcloud_pkg/environment/path.sh
[3.885s] -- Symlinking: /home/mewert/Desktop/luna/install/my_pointcloud_pkg/share/my_pointcloud_pkg/environment/path.dsv
[3.896s] -- Symlinking: /home/mewert/Desktop/luna/install/my_pointcloud_pkg/share/my_pointcloud_pkg/local_setup.bash
[3.911s] -- Symlinking: /home/mewert/Desktop/luna/install/my_pointcloud_pkg/share/my_pointcloud_pkg/local_setup.sh
[3.922s] -- Symlinking: /home/mewert/Desktop/luna/install/my_pointcloud_pkg/share/my_pointcloud_pkg/local_setup.zsh
[3.939s] -- Symlinking: /home/mewert/Desktop/luna/install/my_pointcloud_pkg/share/my_pointcloud_pkg/local_setup.dsv
[3.953s] -- Symlinking: /home/mewert/Desktop/luna/install/my_pointcloud_pkg/share/my_pointcloud_pkg/package.dsv
[3.966s] -- Symlinking: /home/mewert/Desktop/luna/install/my_pointcloud_pkg/share/ament_index/resource_index/packages/my_pointcloud_pkg
[3.984s] -- Symlinking: /home/mewert/Desktop/luna/install/my_pointcloud_pkg/share/my_pointcloud_pkg/cmake/my_pointcloud_pkgConfig.cmake
[4.001s] -- Symlinking: /home/mewert/Desktop/luna/install/my_pointcloud_pkg/share/my_pointcloud_pkg/cmake/my_pointcloud_pkgConfig-version.cmake
[4.021s] -- Symlinking: /home/mewert/Desktop/luna/install/my_pointcloud_pkg/share/my_pointcloud_pkg/package.xml
[4.047s] Invoked command in '/home/mewert/Desktop/luna/build/my_pointcloud_pkg' returned '0': CMAKE_PREFIX_PATH=${CMAKE_PREFIX_PATH}:/home/mewert/Desktop/luna/install/open_cv_pkg:/opt/ros/humble /usr/bin/cmake --install /home/mewert/Desktop/luna/build/my_pointcloud_pkg
