[1.575s] Invoking command in '/home/mewert/Desktop/luna/build/pointcloud_to_grid': CMAKE_PREFIX_PATH=${CMAKE_PREFIX_PATH}:/home/mewert/Desktop/luna/install/open_cv_pkg:/opt/ros/humble /usr/bin/cmake --build /home/mewert/Desktop/luna/build/pointcloud_to_grid -- -j6 -l6
[1.795s] -- Found ament_cmake: 1.3.10 (/opt/ros/humble/share/ament_cmake/cmake)
[3.229s] -- Override CMake install command with custom implementation using symlinks instead of copying resources
[3.630s] -- Found rclcpp: 16.0.10 (/opt/ros/humble/share/rclcpp/cmake)
[4.282s] -- Found rosidl_generator_c: 3.1.5 (/opt/ros/humble/share/rosidl_generator_c/cmake)
[4.298s] -- Found rosidl_adapter: 3.1.5 (/opt/ros/humble/share/rosidl_adapter/cmake)
[4.342s] -- Found rosidl_generator_cpp: 3.1.5 (/opt/ros/humble/share/rosidl_generator_cpp/cmake)
[4.576s] -- Using all available rosidl_typesupport_c: rosidl_typesupport_fastrtps_c;rosidl_typesupport_introspection_c
[4.685s] -- Using all available rosidl_typesupport_cpp: rosidl_typesupport_fastrtps_cpp;rosidl_typesupport_introspection_cpp
[5.150s] -- Found rmw_implementation_cmake: 6.1.2 (/opt/ros/humble/share/rmw_implementation_cmake/cmake)
[5.171s] -- Found rmw_fastrtps_cpp: 6.2.7 (/opt/ros/humble/share/rmw_fastrtps_cpp/cmake)
[6.985s] -- Using RMW implementation 'rmw_fastrtps_cpp' as default
[8.201s] -- Found sensor_msgs: 4.2.4 (/opt/ros/humble/share/sensor_msgs/cmake)
[8.440s] -- Found nav_msgs: 4.2.4 (/opt/ros/humble/share/nav_msgs/cmake)
[8.739s] -- Found visualization_msgs: 4.2.4 (/opt/ros/humble/share/visualization_msgs/cmake)
[8.891s] -- Found tf2: 0.25.8 (/opt/ros/humble/share/tf2/cmake)
[8.921s] -- Found tf2_msgs: 0.25.8 (/opt/ros/humble/share/tf2_msgs/cmake)
[9.557s] -- Found tf2_ros: 0.25.8 (/opt/ros/humble/share/tf2_ros/cmake)
[10.216s] -- Found tf2_geometry_msgs: 0.25.8 (/opt/ros/humble/share/tf2_geometry_msgs/cmake)
[10.349s] -- Found eigen3_cmake_module: 0.1.1 (/opt/ros/humble/share/eigen3_cmake_module/cmake)
[10.363s] -- Ensuring Eigen3 include directory is part of orocos-kdl CMake target
[10.363s] -- Found pcl_ros: 2.4.5 (/opt/ros/humble/share/pcl_ros/cmake)
[10.901s] -- Eigen found (include: /usr/include/eigen3, version: 3.4.0)
[11.148s] -- FLANN found (include: /usr/include, lib: /usr/lib/x86_64-linux-gnu/libflann_cpp.so)
[16.191s] -- OpenNI found (version: 1.5.4.0, include: /usr/include/ni, lib: /usr/lib/libOpenNI.so;libusb::libusb)
[16.244s] -- OpenNI2 found (version: 2.2.0.33, include: /usr/include/openni2, lib: /usr/lib/x86_64-linux-gnu/libOpenNI2.so;libusb::libusb)
[17.484s] -- Eigen found (include: /usr/include/eigen3, version: 3.4.0)
[17.558s] -- OpenNI found (version: 1.5.4.0, include: /usr/include/ni, lib: /usr/lib/libOpenNI.so;libusb::libusb)
[17.578s] -- OpenNI2 found (version: 2.2.0.33, include: /usr/include/openni2, lib: /usr/lib/x86_64-linux-gnu/libOpenNI2.so;libusb::libusb)
[18.833s] -- Found Qhull version 8.0.2
[19.743s] -- OpenNI found (version: 1.5.4.0, include: /usr/include/ni, lib: /usr/lib/libOpenNI.so;libusb::libusb)
[20.849s] -- Found ament_lint_auto: 0.12.11 (/opt/ros/humble/share/ament_lint_auto/cmake)
[21.605s] -- Added test 'cppcheck' to perform static code analysis on C / C++ code
[21.605s] -- Configured cppcheck include dirs: /home/mewert/Desktop/luna/src/pointcloud_to_grid/include
[21.606s] -- Configured cppcheck exclude dirs and/or files: 
[21.670s] -- Added test 'flake8' to check Python code syntax and style conventions
[21.718s] -- Added test 'lint_cmake' to check CMake code style
[21.719s] -- Added test 'pep257' to check Python code against some of the docstring style conventions in PEP 257
[21.766s] -- Added test 'uncrustify' to check C / C++ code style
[21.766s] -- Configured uncrustify additional arguments: 
[21.766s] -- Added test 'xmllint' to check XML markup files
[21.912s] -- Configuring done
[22.483s] -- Generating done
[22.488s] -- Build files have been written to: /home/mewert/Desktop/luna/build/pointcloud_to_grid
[22.886s] [ 25%] [32mBuilding CXX object CMakeFiles/pointcloud_to_grid_node.dir/src/pointcloud_to_grid_node.cpp.o[0m
[54.592s] gmake[2]: *** [CMakeFiles/pointcloud_to_grid_node.dir/build.make:76: CMakeFiles/pointcloud_to_grid_node.dir/src/pointcloud_to_grid_node.cpp.o] Interrupt
[54.609s] gmake[1]: *** [CMakeFiles/Makefile2:139: CMakeFiles/pointcloud_to_grid_node.dir/all] Interrupt
[54.609s] gmake: *** [Makefile:146: all] Interrupt
