[0.180s] Invoking command in '/home/mewert/Desktop/luna/build/diagnostic_aggregator': CMAKE_PREFIX_PATH=${CMAKE_PREFIX_PATH}:/home/mewert/Desktop/luna/install/open_cv_pkg:/opt/ros/humble /usr/bin/cmake --build /home/mewert/Desktop/luna/build/diagnostic_aggregator -- -j6 -l6
[4.815s] [  8%] [32mBuilding CXX object CMakeFiles/diagnostic_aggregator.dir/src/status_item.cpp.o[0m
[4.815s] [ 16%] [32mBuilding CXX object CMakeFiles/diagnostic_aggregator.dir/src/aggregator.cpp.o[0m
[4.815s] [ 25%] [32mBuilding CXX object CMakeFiles/diagnostic_aggregator.dir/src/analyzer_group.cpp.o[0m
[4.816s] [ 25%] Built target ament_cmake_python_symlink_diagnostic_aggregator
[4.816s] [ 33%] [32mBuilding CXX object CMakeFiles/add_analyzer.dir/src/add_analyzer.cpp.o[0m
[4.816s] running egg_info
[4.816s] writing diagnostic_aggregator.egg-info/PKG-INFO
[4.816s] writing dependency_links to diagnostic_aggregator.egg-info/dependency_links.txt
[4.816s] writing top-level names to diagnostic_aggregator.egg-info/top_level.txt
[4.816s] reading manifest file 'diagnostic_aggregator.egg-info/SOURCES.txt'
[5.448s] [ 33%] Built target ament_cmake_python_build_diagnostic_aggregator_egg
[23.326s] [ 41%] [32m[1mLinking CXX executable add_analyzer[0m
[24.027s] [ 41%] Built target add_analyzer
[43.721s] [ 58%] [32m[1mLinking CXX shared library libdiagnostic_aggregator.so[0m
[46.032s] [ 58%] Built target diagnostic_aggregator
[46.130s] [ 58%] [32mBuilding CXX object CMakeFiles/diagnostic_aggregator_analyzers.dir/src/generic_analyzer.cpp.o[0m
[46.901s] gmake[2]: *** [CMakeFiles/diagnostic_aggregator_analyzers.dir/build.make:76: CMakeFiles/diagnostic_aggregator_analyzers.dir/src/generic_analyzer.cpp.o] Interrupt
[46.903s] gmake[1]: *** [CMakeFiles/Makefile2:172: CMakeFiles/diagnostic_aggregator_analyzers.dir/all] Interrupt
[46.959s] gmake: *** [Makefile:146: all] Interrupt
[47.013s] Invoked command in '/home/mewert/Desktop/luna/build/diagnostic_aggregator' returned '-2': CMAKE_PREFIX_PATH=${CMAKE_PREFIX_PATH}:/home/mewert/Desktop/luna/install/open_cv_pkg:/opt/ros/humble /usr/bin/cmake --build /home/mewert/Desktop/luna/build/diagnostic_aggregator -- -j6 -l6
