[0.039s] Invoking command in '/home/mewert/Desktop/luna/build/my_octomap_pkg': CMAKE_PREFIX_PATH=${CMAKE_PREFIX_PATH}:/home/mewert/Desktop/luna/install/open_cv_pkg:/opt/ros/humble /usr/bin/cmake --build /home/mewert/Desktop/luna/build/my_octomap_pkg -- -j6 -l6
[0.548s] -- Found ament_cmake: 1.3.10 (/opt/ros/humble/share/ament_cmake/cmake)
[0.548s] -- Override CMake install command with custom implementation using symlinks instead of copying resources
[0.548s] -- Found rclcpp: 16.0.10 (/opt/ros/humble/share/rclcpp/cmake)
[0.548s] -- Found rosidl_generator_c: 3.1.5 (/opt/ros/humble/share/rosidl_generator_c/cmake)
[0.548s] -- Found rosidl_adapter: 3.1.5 (/opt/ros/humble/share/rosidl_adapter/cmake)
[0.549s] -- Found rosidl_generator_cpp: 3.1.5 (/opt/ros/humble/share/rosidl_generator_cpp/cmake)
[0.549s] -- Using all available rosidl_typesupport_c: rosidl_typesupport_fastrtps_c;rosidl_typesupport_introspection_c
[0.549s] -- Using all available rosidl_typesupport_cpp: rosidl_typesupport_fastrtps_cpp;rosidl_typesupport_introspection_cpp
[0.549s] -- Found rmw_implementation_cmake: 6.1.2 (/opt/ros/humble/share/rmw_implementation_cmake/cmake)
[0.549s] -- Found rmw_fastrtps_cpp: 6.2.7 (/opt/ros/humble/share/rmw_fastrtps_cpp/cmake)
[0.591s] -- Using RMW implementation 'rmw_fastrtps_cpp' as default
[0.665s] -- Found octomap_server: 2.3.0 (/opt/ros/humble/share/octomap_server/cmake)
[1.046s] -- Checking for module 'eigen3'
[1.071s] --   Found eigen3, version 3.4.0
[1.125s] -- Found Eigen: /usr/include/eigen3 (Required is at least version "3.1") 
[1.125s] -- Eigen found (include: /usr/include/eigen3, version: 3.4.0)
[1.204s] -- Checking for module 'flann'
[1.214s] --   Found flann, version 1.9.1
[1.295s] -- Found FLANN: /usr/lib/x86_64-linux-gnu/libflann_cpp.so  
[1.296s] -- FLANN found (include: /usr/include, lib: /usr/lib/x86_64-linux-gnu/libflann_cpp.so)
[2.868s] -- Checking for module 'libusb-1.0'
[2.886s] --   Found libusb-1.0, version 1.0.25
[2.930s] -- Found libusb: /usr/lib/x86_64-linux-gnu/libusb-1.0.so  
[2.932s] -- OpenNI found (version: 1.5.4.0, include: /usr/include/ni, lib: /usr/lib/libOpenNI.so;libusb::libusb)
[3.005s] -- OpenNI2 found (version: 2.2.0.33, include: /usr/include/openni2, lib: /usr/lib/x86_64-linux-gnu/libOpenNI2.so;libusb::libusb)
[3.257s] -- Eigen found (include: /usr/include/eigen3, version: 3.4.0)
[3.266s] -- OpenNI found (version: 1.5.4.0, include: /usr/include/ni, lib: /usr/lib/libOpenNI.so;libusb::libusb)
[3.274s] -- OpenNI2 found (version: 2.2.0.33, include: /usr/include/openni2, lib: /usr/lib/x86_64-linux-gnu/libOpenNI2.so;libusb::libusb)
[3.514s] -- Found Qhull version 8.0.2
[3.757s] -- OpenNI found (version: 1.5.4.0, include: /usr/include/ni, lib: /usr/lib/libOpenNI.so;libusb::libusb)
[3.997s] -- Found PCL_COMMON: /usr/lib/x86_64-linux-gnu/libpcl_common.so  
[3.999s] -- Found PCL_KDTREE: /usr/lib/x86_64-linux-gnu/libpcl_kdtree.so  
[4.001s] -- Found PCL_OCTREE: /usr/lib/x86_64-linux-gnu/libpcl_octree.so  
[4.002s] -- Found PCL_SEARCH: /usr/lib/x86_64-linux-gnu/libpcl_search.so  
[4.004s] -- Found PCL_SAMPLE_CONSENSUS: /usr/lib/x86_64-linux-gnu/libpcl_sample_consensus.so  
[4.006s] -- Found PCL_FILTERS: /usr/lib/x86_64-linux-gnu/libpcl_filters.so  
[4.006s] -- Found PCL_2D: /usr/include/pcl-1.12  
[4.007s] -- Found PCL_GEOMETRY: /usr/include/pcl-1.12  
[4.008s] -- Found PCL_IO: /usr/lib/x86_64-linux-gnu/libpcl_io.so  
[4.010s] -- Found PCL_FEATURES: /usr/lib/x86_64-linux-gnu/libpcl_features.so  
[4.012s] -- Found PCL_ML: /usr/lib/x86_64-linux-gnu/libpcl_ml.so  
[4.013s] -- Found PCL_SEGMENTATION: /usr/lib/x86_64-linux-gnu/libpcl_segmentation.so  
[4.015s] -- Found PCL_VISUALIZATION: /usr/lib/x86_64-linux-gnu/libpcl_visualization.so  
[4.017s] -- Found PCL_SURFACE: /usr/lib/x86_64-linux-gnu/libpcl_surface.so  
[4.019s] -- Found PCL_REGISTRATION: /usr/lib/x86_64-linux-gnu/libpcl_registration.so  
[4.021s] -- Found PCL_KEYPOINTS: /usr/lib/x86_64-linux-gnu/libpcl_keypoints.so  
[4.022s] -- Found PCL_TRACKING: /usr/lib/x86_64-linux-gnu/libpcl_tracking.so  
[4.024s] -- Found PCL_RECOGNITION: /usr/lib/x86_64-linux-gnu/libpcl_recognition.so  
[4.026s] -- Found PCL_STEREO: /usr/lib/x86_64-linux-gnu/libpcl_stereo.so  
[4.028s] -- Found PCL_APPS: /usr/lib/x86_64-linux-gnu/libpcl_apps.so  
[4.029s] -- Found PCL_IN_HAND_SCANNER: /usr/include/pcl-1.12  
[4.030s] -- Found PCL_MODELER: /usr/include/pcl-1.12  
[4.030s] -- Found PCL_POINT_CLOUD_EDITOR: /usr/include/pcl-1.12  
[4.032s] -- Found PCL_OUTOFCORE: /usr/lib/x86_64-linux-gnu/libpcl_outofcore.so  
[4.034s] -- Found PCL_PEOPLE: /usr/lib/x86_64-linux-gnu/libpcl_people.so  
[4.087s] -- Found eigen3_cmake_module: 0.1.1 (/opt/ros/humble/share/eigen3_cmake_module/cmake)
[4.089s] -- Found Eigen3: TRUE (found version "3.4.0") 
[4.089s] -- Ensuring Eigen3 include directory is part of orocos-kdl CMake target
[4.362s] -- Found ament_lint_auto: 0.12.11 (/opt/ros/humble/share/ament_lint_auto/cmake)
[4.471s] -- Added test 'cppcheck' to perform static code analysis on C / C++ code
[4.471s] -- Configured cppcheck include dirs: $<BUILD_INTERFACE:/home/mewert/Desktop/luna/src/my_octomap_pkg/include>
[4.471s] -- Configured cppcheck exclude dirs and/or files: 
[4.472s] -- Added test 'flake8' to check Python code syntax and style conventions
[4.472s] -- Added test 'lint_cmake' to check CMake code style
[4.473s] -- Added test 'pep257' to check Python code against some of the docstring style conventions in PEP 257
[4.474s] -- Added test 'uncrustify' to check C / C++ code style
[4.474s] -- Configured uncrustify additional arguments: 
[4.474s] -- Added test 'xmllint' to check XML markup files
[4.476s] -- Configuring done
[4.661s] -- Generating done
[4.667s] -- Build files have been written to: /home/mewert/Desktop/luna/build/my_octomap_pkg
[4.719s] [35m[1mConsolidate compiler generated dependencies of target octomap_launch[0m
[4.736s] [ 50%] [32mBuilding CXX object CMakeFiles/octomap_launch.dir/src/octomap_launch.cpp.o[0m
[4.793s] [100%] [32m[1mLinking CXX executable octomap_launch[0m
[97.370s] gmake[2]: *** Deleting file 'octomap_launch'
[97.373s] gmake[2]: *** [CMakeFiles/octomap_launch.dir/build.make:1172: octomap_launch] Interrupt
[97.374s] gmake[1]: *** [CMakeFiles/Makefile2:137: CMakeFiles/octomap_launch.dir/all] Interrupt
[97.374s] gmake: *** [Makefile:146: all] Interrupt
[97.385s] Invoked command in '/home/mewert/Desktop/luna/build/my_octomap_pkg' returned '-2': CMAKE_PREFIX_PATH=${CMAKE_PREFIX_PATH}:/home/mewert/Desktop/luna/install/open_cv_pkg:/opt/ros/humble /usr/bin/cmake --build /home/mewert/Desktop/luna/build/my_octomap_pkg -- -j6 -l6
