[0.039s] Invoking command in '/home/mewert/Desktop/luna/build/diagnostics': CMAKE_PREFIX_PATH=/home/mewert/Desktop/luna/install/self_test:/home/mewert/Desktop/luna/install/diagnostic_common_diagnostics:/home/mewert/Desktop/luna/install/diagnostic_updater:/home/mewert/Desktop/luna/install/diagnostic_aggregator:/home/mewert/Desktop/luna/install/diagnostics:/home/mewert/Desktop/luna/install/realsense2_description:/home/mewert/Desktop/luna/install/realsense2_camera:/home/mewert/Desktop/luna/install/realsense2_camera_msgs:/home/mewert/Desktop/luna/install/open_cv_pkg:/opt/ros/humble LD_LIBRARY_PATH=/home/mewert/Desktop/luna/install/diagnostic_updater/lib:/home/mewert/Desktop/luna/install/diagnostic_aggregator/lib:/home/mewert/Desktop/luna/install/realsense2_camera/lib:/home/mewert/Desktop/luna/install/realsense2_camera_msgs/lib:/opt/ros/humble/opt/rviz_ogre_vendor/lib:/opt/ros/humble/lib/x86_64-linux-gnu:/opt/ros/humble/lib /usr/bin/cmake --build /home/mewert/Desktop/luna/build/diagnostics -- -j6 -l6
[0.165s] Invoked command in '/home/mewert/Desktop/luna/build/diagnostics' returned '0': CMAKE_PREFIX_PATH=/home/mewert/Desktop/luna/install/self_test:/home/mewert/Desktop/luna/install/diagnostic_common_diagnostics:/home/mewert/Desktop/luna/install/diagnostic_updater:/home/mewert/Desktop/luna/install/diagnostic_aggregator:/home/mewert/Desktop/luna/install/diagnostics:/home/mewert/Desktop/luna/install/realsense2_description:/home/mewert/Desktop/luna/install/realsense2_camera:/home/mewert/Desktop/luna/install/realsense2_camera_msgs:/home/mewert/Desktop/luna/install/open_cv_pkg:/opt/ros/humble LD_LIBRARY_PATH=/home/mewert/Desktop/luna/install/diagnostic_updater/lib:/home/mewert/Desktop/luna/install/diagnostic_aggregator/lib:/home/mewert/Desktop/luna/install/realsense2_camera/lib:/home/mewert/Desktop/luna/install/realsense2_camera_msgs/lib:/opt/ros/humble/opt/rviz_ogre_vendor/lib:/opt/ros/humble/lib/x86_64-linux-gnu:/opt/ros/humble/lib /usr/bin/cmake --build /home/mewert/Desktop/luna/build/diagnostics -- -j6 -l6
[0.200s] Invoking command in '/home/mewert/Desktop/luna/build/diagnostics': CMAKE_PREFIX_PATH=/home/mewert/Desktop/luna/install/self_test:/home/mewert/Desktop/luna/install/diagnostic_common_diagnostics:/home/mewert/Desktop/luna/install/diagnostic_updater:/home/mewert/Desktop/luna/install/diagnostic_aggregator:/home/mewert/Desktop/luna/install/diagnostics:/home/mewert/Desktop/luna/install/realsense2_description:/home/mewert/Desktop/luna/install/realsense2_camera:/home/mewert/Desktop/luna/install/realsense2_camera_msgs:/home/mewert/Desktop/luna/install/open_cv_pkg:/opt/ros/humble LD_LIBRARY_PATH=/home/mewert/Desktop/luna/install/diagnostic_updater/lib:/home/mewert/Desktop/luna/install/diagnostic_aggregator/lib:/home/mewert/Desktop/luna/install/realsense2_camera/lib:/home/mewert/Desktop/luna/install/realsense2_camera_msgs/lib:/opt/ros/humble/opt/rviz_ogre_vendor/lib:/opt/ros/humble/lib/x86_64-linux-gnu:/opt/ros/humble/lib /usr/bin/cmake --install /home/mewert/Desktop/luna/build/diagnostics
[0.212s] -- Install configuration: ""
[0.214s] -- Execute custom install script
[0.215s] -- Up-to-date symlink: /home/mewert/Desktop/luna/install/diagnostics/share/ament_index/resource_index/package_run_dependencies/diagnostics
[0.215s] -- Up-to-date symlink: /home/mewert/Desktop/luna/install/diagnostics/share/ament_index/resource_index/parent_prefix_path/diagnostics
[0.216s] -- Up-to-date symlink: /home/mewert/Desktop/luna/install/diagnostics/share/diagnostics/environment/ament_prefix_path.sh
[0.217s] -- Up-to-date symlink: /home/mewert/Desktop/luna/install/diagnostics/share/diagnostics/environment/ament_prefix_path.dsv
[0.217s] -- Up-to-date symlink: /home/mewert/Desktop/luna/install/diagnostics/share/diagnostics/environment/path.sh
[0.218s] -- Up-to-date symlink: /home/mewert/Desktop/luna/install/diagnostics/share/diagnostics/environment/path.dsv
[0.219s] -- Up-to-date symlink: /home/mewert/Desktop/luna/install/diagnostics/share/diagnostics/local_setup.bash
[0.223s] -- Up-to-date symlink: /home/mewert/Desktop/luna/install/diagnostics/share/diagnostics/local_setup.sh
[0.223s] -- Up-to-date symlink: /home/mewert/Desktop/luna/install/diagnostics/share/diagnostics/local_setup.zsh
[0.223s] -- Up-to-date symlink: /home/mewert/Desktop/luna/install/diagnostics/share/diagnostics/local_setup.dsv
[0.224s] -- Symlinking: /home/mewert/Desktop/luna/install/diagnostics/share/diagnostics/package.dsv
[0.239s] -- Up-to-date symlink: /home/mewert/Desktop/luna/install/diagnostics/share/ament_index/resource_index/packages/diagnostics
[0.239s] -- Up-to-date symlink: /home/mewert/Desktop/luna/install/diagnostics/share/diagnostics/cmake/diagnosticsConfig.cmake
[0.239s] -- Up-to-date symlink: /home/mewert/Desktop/luna/install/diagnostics/share/diagnostics/cmake/diagnosticsConfig-version.cmake
[0.239s] -- Up-to-date symlink: /home/mewert/Desktop/luna/install/diagnostics/share/diagnostics/package.xml
[0.256s] Invoked command in '/home/mewert/Desktop/luna/build/diagnostics' returned '0': CMAKE_PREFIX_PATH=/home/mewert/Desktop/luna/install/self_test:/home/mewert/Desktop/luna/install/diagnostic_common_diagnostics:/home/mewert/Desktop/luna/install/diagnostic_updater:/home/mewert/Desktop/luna/install/diagnostic_aggregator:/home/mewert/Desktop/luna/install/diagnostics:/home/mewert/Desktop/luna/install/realsense2_description:/home/mewert/Desktop/luna/install/realsense2_camera:/home/mewert/Desktop/luna/install/realsense2_camera_msgs:/home/mewert/Desktop/luna/install/open_cv_pkg:/opt/ros/humble LD_LIBRARY_PATH=/home/mewert/Desktop/luna/install/diagnostic_updater/lib:/home/mewert/Desktop/luna/install/diagnostic_aggregator/lib:/home/mewert/Desktop/luna/install/realsense2_camera/lib:/home/mewert/Desktop/luna/install/realsense2_camera_msgs/lib:/opt/ros/humble/opt/rviz_ogre_vendor/lib:/opt/ros/humble/lib/x86_64-linux-gnu:/opt/ros/humble/lib /usr/bin/cmake --install /home/mewert/Desktop/luna/build/diagnostics
