[0.027s] Invoking command in '/home/mewert/Desktop/luna/build/diagnostics': CMAKE_PREFIX_PATH=/home/mewert/Desktop/luna/install/self_test:/home/mewert/Desktop/luna/install/diagnostic_common_diagnostics:/home/mewert/Desktop/luna/install/diagnostic_updater:/home/mewert/Desktop/luna/install/diagnostic_aggregator:/home/mewert/Desktop/luna/install/diagnostics:/home/mewert/Desktop/luna/install/realsense2_description:/home/mewert/Desktop/luna/install/realsense2_camera:/home/mewert/Desktop/luna/install/realsense2_camera_msgs:/home/mewert/Desktop/Luna/install/realsense2_description:/home/mewert/Desktop/Luna/install/realsense2_camera_msgs:/home/mewert/Desktop/Luna/install/diagnostic_updater:/home/mewert/Desktop/luna/install/open_cv_pkg:/home/mewert/Desktop/Luna/install/realsense_camera_node:/home/mewert/Desktop/Luna/install/realsense_bag_player:/home/mewert/Desktop/Luna/install/example_controller:/opt/ros/humble /usr/bin/cmake --build /home/mewert/Desktop/luna/build/diagnostics -- -j6 -l6
[0.069s] Invoked command in '/home/mewert/Desktop/luna/build/diagnostics' returned '0': CMAKE_PREFIX_PATH=/home/mewert/Desktop/luna/install/self_test:/home/mewert/Desktop/luna/install/diagnostic_common_diagnostics:/home/mewert/Desktop/luna/install/diagnostic_updater:/home/mewert/Desktop/luna/install/diagnostic_aggregator:/home/mewert/Desktop/luna/install/diagnostics:/home/mewert/Desktop/luna/install/realsense2_description:/home/mewert/Desktop/luna/install/realsense2_camera:/home/mewert/Desktop/luna/install/realsense2_camera_msgs:/home/mewert/Desktop/Luna/install/realsense2_description:/home/mewert/Desktop/Luna/install/realsense2_camera_msgs:/home/mewert/Desktop/Luna/install/diagnostic_updater:/home/mewert/Desktop/luna/install/open_cv_pkg:/home/mewert/Desktop/Luna/install/realsense_camera_node:/home/mewert/Desktop/Luna/install/realsense_bag_player:/home/mewert/Desktop/Luna/install/example_controller:/opt/ros/humble /usr/bin/cmake --build /home/mewert/Desktop/luna/build/diagnostics -- -j6 -l6
[0.099s] Invoking command in '/home/mewert/Desktop/luna/build/diagnostics': CMAKE_PREFIX_PATH=/home/mewert/Desktop/luna/install/self_test:/home/mewert/Desktop/luna/install/diagnostic_common_diagnostics:/home/mewert/Desktop/luna/install/diagnostic_updater:/home/mewert/Desktop/luna/install/diagnostic_aggregator:/home/mewert/Desktop/luna/install/diagnostics:/home/mewert/Desktop/luna/install/realsense2_description:/home/mewert/Desktop/luna/install/realsense2_camera:/home/mewert/Desktop/luna/install/realsense2_camera_msgs:/home/mewert/Desktop/Luna/install/realsense2_description:/home/mewert/Desktop/Luna/install/realsense2_camera_msgs:/home/mewert/Desktop/Luna/install/diagnostic_updater:/home/mewert/Desktop/luna/install/open_cv_pkg:/home/mewert/Desktop/Luna/install/realsense_camera_node:/home/mewert/Desktop/Luna/install/realsense_bag_player:/home/mewert/Desktop/Luna/install/example_controller:/opt/ros/humble /usr/bin/cmake --install /home/mewert/Desktop/luna/build/diagnostics
[0.110s] -- Install configuration: ""
[0.110s] -- Execute custom install script
[0.111s] -- Up-to-date symlink: /home/mewert/Desktop/luna/install/diagnostics/share/ament_index/resource_index/package_run_dependencies/diagnostics
[0.111s] -- Up-to-date symlink: /home/mewert/Desktop/luna/install/diagnostics/share/ament_index/resource_index/parent_prefix_path/diagnostics
[0.111s] -- Up-to-date symlink: /home/mewert/Desktop/luna/install/diagnostics/share/diagnostics/environment/ament_prefix_path.sh
[0.111s] -- Up-to-date symlink: /home/mewert/Desktop/luna/install/diagnostics/share/diagnostics/environment/ament_prefix_path.dsv
[0.112s] -- Up-to-date symlink: /home/mewert/Desktop/luna/install/diagnostics/share/diagnostics/environment/path.sh
[0.112s] -- Up-to-date symlink: /home/mewert/Desktop/luna/install/diagnostics/share/diagnostics/environment/path.dsv
[0.112s] -- Up-to-date symlink: /home/mewert/Desktop/luna/install/diagnostics/share/diagnostics/local_setup.bash
[0.112s] -- Up-to-date symlink: /home/mewert/Desktop/luna/install/diagnostics/share/diagnostics/local_setup.sh
[0.112s] -- Up-to-date symlink: /home/mewert/Desktop/luna/install/diagnostics/share/diagnostics/local_setup.zsh
[0.112s] -- Up-to-date symlink: /home/mewert/Desktop/luna/install/diagnostics/share/diagnostics/local_setup.dsv
[0.112s] -- Symlinking: /home/mewert/Desktop/luna/install/diagnostics/share/diagnostics/package.dsv
[0.124s] -- Up-to-date symlink: /home/mewert/Desktop/luna/install/diagnostics/share/ament_index/resource_index/packages/diagnostics
[0.124s] -- Up-to-date symlink: /home/mewert/Desktop/luna/install/diagnostics/share/diagnostics/cmake/diagnosticsConfig.cmake
[0.124s] -- Up-to-date symlink: /home/mewert/Desktop/luna/install/diagnostics/share/diagnostics/cmake/diagnosticsConfig-version.cmake
[0.125s] -- Up-to-date symlink: /home/mewert/Desktop/luna/install/diagnostics/share/diagnostics/package.xml
[0.129s] Invoked command in '/home/mewert/Desktop/luna/build/diagnostics' returned '0': CMAKE_PREFIX_PATH=/home/mewert/Desktop/luna/install/self_test:/home/mewert/Desktop/luna/install/diagnostic_common_diagnostics:/home/mewert/Desktop/luna/install/diagnostic_updater:/home/mewert/Desktop/luna/install/diagnostic_aggregator:/home/mewert/Desktop/luna/install/diagnostics:/home/mewert/Desktop/luna/install/realsense2_description:/home/mewert/Desktop/luna/install/realsense2_camera:/home/mewert/Desktop/luna/install/realsense2_camera_msgs:/home/mewert/Desktop/Luna/install/realsense2_description:/home/mewert/Desktop/Luna/install/realsense2_camera_msgs:/home/mewert/Desktop/Luna/install/diagnostic_updater:/home/mewert/Desktop/luna/install/open_cv_pkg:/home/mewert/Desktop/Luna/install/realsense_camera_node:/home/mewert/Desktop/Luna/install/realsense_bag_player:/home/mewert/Desktop/Luna/install/example_controller:/opt/ros/humble /usr/bin/cmake --install /home/mewert/Desktop/luna/build/diagnostics
