[0.036s] Invoking command in '/home/mewert/Desktop/luna/build/realsense2_camera': AMENT_PREFIX_PATH=/home/mewert/Desktop/luna/install/diagnostic_updater:${AMENT_PREFIX_PATH} CMAKE_PREFIX_PATH=/home/mewert/Desktop/luna/install/realsense2_camera_msgs:/home/mewert/Desktop/luna/install/diagnostic_updater:/home/mewert/Desktop/luna/install/realsense2_description:/home/mewert/Desktop/luna/install/realsense2_camera:/home/mewert/Desktop/Luna/install/realsense2_description:/home/mewert/Desktop/Luna/install/realsense2_camera_msgs:/home/mewert/Desktop/Luna/install/diagnostic_updater:/home/mewert/Desktop/luna/install/open_cv_pkg:/home/mewert/Desktop/Luna/install/realsense_camera_node:/home/mewert/Desktop/Luna/install/realsense_bag_player:/home/mewert/Desktop/Luna/install/example_controller:/opt/ros/humble LD_LIBRARY_PATH=/home/mewert/Desktop/luna/install/realsense2_camera_msgs/lib:/home/mewert/Desktop/luna/install/diagnostic_updater/lib:/home/mewert/Desktop/luna/install/realsense2_camera/lib:/home/mewert/Desktop/Luna/install/realsense2_camera_msgs/lib:/home/mewert/Desktop/Luna/install/diagnostic_updater/lib:/opt/ros/humble/opt/rviz_ogre_vendor/lib:/opt/ros/humble/lib/x86_64-linux-gnu:/opt/ros/humble/lib PYTHONPATH=/home/mewert/Desktop/luna/install/diagnostic_updater/local/lib/python3.10/dist-packages:${PYTHONPATH} /usr/bin/cmake /home/mewert/Desktop/luna/src/realsense-ros/realsense2_camera -DAMENT_CMAKE_SYMLINK_INSTALL=1 -DCMAKE_INSTALL_PREFIX=/home/mewert/Desktop/luna/install/realsense2_camera
[0.062s] -- Create Release Build.
[0.062s] -- Found ament_cmake: 1.3.10 (/opt/ros/humble/share/ament_cmake/cmake)
[0.208s] -- Override CMake install command with custom implementation using symlinks instead of copying resources
[0.237s] -- Found builtin_interfaces: 1.2.1 (/opt/ros/humble/share/builtin_interfaces/cmake)
[0.246s] -- Found rosidl_generator_c: 3.1.5 (/opt/ros/humble/share/rosidl_generator_c/cmake)
[0.249s] -- Found rosidl_adapter: 3.1.5 (/opt/ros/humble/share/rosidl_adapter/cmake)
[0.256s] -- Found rosidl_generator_cpp: 3.1.5 (/opt/ros/humble/share/rosidl_generator_cpp/cmake)
[0.267s] -- Using all available rosidl_typesupport_c: rosidl_typesupport_fastrtps_c;rosidl_typesupport_introspection_c
[0.285s] -- Using all available rosidl_typesupport_cpp: rosidl_typesupport_fastrtps_cpp;rosidl_typesupport_introspection_cpp
[0.299s] -- Found cv_bridge: 3.2.1 (/opt/ros/humble/share/cv_bridge/cmake)
[0.380s] -- Found image_transport: 3.1.9 (/opt/ros/humble/share/image_transport/cmake)
[0.451s] -- Found rmw_implementation_cmake: 6.1.2 (/opt/ros/humble/share/rmw_implementation_cmake/cmake)
[0.451s] -- Found rmw_fastrtps_cpp: 6.2.7 (/opt/ros/humble/share/rmw_fastrtps_cpp/cmake)
[0.592s] -- Using RMW implementation 'rmw_fastrtps_cpp' as default
[0.673s] -- Found rclcpp_components: 16.0.10 (/opt/ros/humble/share/rclcpp_components/cmake)
[0.698s] -- Found realsense2_camera_msgs: 4.55.1 (/home/mewert/Desktop/luna/install/realsense2_camera_msgs/share/realsense2_camera_msgs/cmake)
[0.732s] -- Found nav_msgs: 4.2.4 (/opt/ros/humble/share/nav_msgs/cmake)
[0.759s] -- Found tf2_ros: 0.25.8 (/opt/ros/humble/share/tf2_ros/cmake)
[0.862s] -- Found diagnostic_updater: 4.3.1 (/home/mewert/Desktop/luna/install/diagnostic_updater/share/diagnostic_updater/cmake)
[0.896s] -- Found OpenCV: /usr (found version "4.5.4") found components: core 
[0.896s] -- Build for ROS2 Humble
[0.908s] -- Found ament_cmake_gtest: 1.3.10 (/opt/ros/humble/share/ament_cmake_gtest/cmake)
[0.910s] -- Found gtest sources under '/opt/ros/humble/src/gtest_vendor': C++ tests using 'Google Test' will be built
[0.919s] -- Found ament_cmake_pytest: 1.3.10 (/opt/ros/humble/share/ament_cmake_pytest/cmake)
[5.733s] -- rs_device_info:
[5.733s] -- Device Name                   Serial Number       Firmware Version
[5.733s] Intel RealSense D455          105322251120        5.12.5
[5.733s] 
[5.733s] -- D455 device found
[9.648s] -- Configuring done
[9.691s] -- Generating done
[9.694s] -- Build files have been written to: /home/mewert/Desktop/luna/build/realsense2_camera
[9.711s] Invoked command in '/home/mewert/Desktop/luna/build/realsense2_camera' returned '0': AMENT_PREFIX_PATH=/home/mewert/Desktop/luna/install/diagnostic_updater:${AMENT_PREFIX_PATH} CMAKE_PREFIX_PATH=/home/mewert/Desktop/luna/install/realsense2_camera_msgs:/home/mewert/Desktop/luna/install/diagnostic_updater:/home/mewert/Desktop/luna/install/realsense2_description:/home/mewert/Desktop/luna/install/realsense2_camera:/home/mewert/Desktop/Luna/install/realsense2_description:/home/mewert/Desktop/Luna/install/realsense2_camera_msgs:/home/mewert/Desktop/Luna/install/diagnostic_updater:/home/mewert/Desktop/luna/install/open_cv_pkg:/home/mewert/Desktop/Luna/install/realsense_camera_node:/home/mewert/Desktop/Luna/install/realsense_bag_player:/home/mewert/Desktop/Luna/install/example_controller:/opt/ros/humble LD_LIBRARY_PATH=/home/mewert/Desktop/luna/install/realsense2_camera_msgs/lib:/home/mewert/Desktop/luna/install/diagnostic_updater/lib:/home/mewert/Desktop/luna/install/realsense2_camera/lib:/home/mewert/Desktop/Luna/install/realsense2_camera_msgs/lib:/home/mewert/Desktop/Luna/install/diagnostic_updater/lib:/opt/ros/humble/opt/rviz_ogre_vendor/lib:/opt/ros/humble/lib/x86_64-linux-gnu:/opt/ros/humble/lib PYTHONPATH=/home/mewert/Desktop/luna/install/diagnostic_updater/local/lib/python3.10/dist-packages:${PYTHONPATH} /usr/bin/cmake /home/mewert/Desktop/luna/src/realsense-ros/realsense2_camera -DAMENT_CMAKE_SYMLINK_INSTALL=1 -DCMAKE_INSTALL_PREFIX=/home/mewert/Desktop/luna/install/realsense2_camera
[9.712s] Invoking command in '/home/mewert/Desktop/luna/build/realsense2_camera': AMENT_PREFIX_PATH=/home/mewert/Desktop/luna/install/diagnostic_updater:${AMENT_PREFIX_PATH} CMAKE_PREFIX_PATH=/home/mewert/Desktop/luna/install/realsense2_camera_msgs:/home/mewert/Desktop/luna/install/diagnostic_updater:/home/mewert/Desktop/luna/install/realsense2_description:/home/mewert/Desktop/luna/install/realsense2_camera:/home/mewert/Desktop/Luna/install/realsense2_description:/home/mewert/Desktop/Luna/install/realsense2_camera_msgs:/home/mewert/Desktop/Luna/install/diagnostic_updater:/home/mewert/Desktop/luna/install/open_cv_pkg:/home/mewert/Desktop/Luna/install/realsense_camera_node:/home/mewert/Desktop/Luna/install/realsense_bag_player:/home/mewert/Desktop/Luna/install/example_controller:/opt/ros/humble LD_LIBRARY_PATH=/home/mewert/Desktop/luna/install/realsense2_camera_msgs/lib:/home/mewert/Desktop/luna/install/diagnostic_updater/lib:/home/mewert/Desktop/luna/install/realsense2_camera/lib:/home/mewert/Desktop/Luna/install/realsense2_camera_msgs/lib:/home/mewert/Desktop/Luna/install/diagnostic_updater/lib:/opt/ros/humble/opt/rviz_ogre_vendor/lib:/opt/ros/humble/lib/x86_64-linux-gnu:/opt/ros/humble/lib PYTHONPATH=/home/mewert/Desktop/luna/install/diagnostic_updater/local/lib/python3.10/dist-packages:${PYTHONPATH} /usr/bin/cmake --build /home/mewert/Desktop/luna/build/realsense2_camera -- -j6 -l6
[9.807s] [  4%] [32mBuilding CXX object CMakeFiles/realsense2_camera.dir/src/realsense_node_factory.cpp.o[0m
[9.819s] [  9%] [32mBuilding CXX object gtest/CMakeFiles/gtest_main.dir/src/gtest_main.cc.o[0m
[9.819s] [ 13%] [32mBuilding CXX object CMakeFiles/realsense2_camera.dir/src/parameters.cpp.o[0m
[9.824s] [ 18%] [32mBuilding CXX object CMakeFiles/realsense2_camera.dir/src/base_realsense_node.cpp.o[0m
[9.857s] [ 22%] [32mBuilding CXX object CMakeFiles/realsense2_camera_node.dir/rclcpp_components/node_main_realsense2_camera_node.cpp.o[0m
[9.863s] [ 27%] [32mBuilding CXX object gtest/CMakeFiles/gtest.dir/src/gtest-all.cc.o[0m
[11.287s] [ 31%] [32m[1mLinking CXX static library libgtest_main.a[0m
[11.415s] [ 31%] Built target gtest_main
[11.446s] [ 36%] [32mBuilding CXX object CMakeFiles/realsense2_camera.dir/src/rs_node_setup.cpp.o[0m
[15.740s] [ 40%] [32m[1mLinking CXX executable realsense2_camera_node[0m
[16.020s] [ 40%] Built target realsense2_camera_node
[16.033s] [ 45%] [32mBuilding CXX object CMakeFiles/realsense2_camera.dir/src/ros_sensor.cpp.o[0m
[19.617s] [ 50%] [32mBuilding CXX object CMakeFiles/realsense2_camera.dir/src/ros_utils.cpp.o[0m
[19.921s] [ 54%] [32m[1mLinking CXX static library libgtest.a[0m
[19.952s] [ 54%] Built target gtest
[19.969s] [ 59%] [32mBuilding CXX object CMakeFiles/realsense2_camera.dir/src/dynamic_params.cpp.o[0m
[23.397s] [ 63%] [32mBuilding CXX object CMakeFiles/realsense2_camera.dir/src/sensor_params.cpp.o[0m
[23.957s] [ 68%] [32mBuilding CXX object CMakeFiles/realsense2_camera.dir/src/named_filter.cpp.o[0m
[24.178s] [ 72%] [32mBuilding CXX object CMakeFiles/realsense2_camera.dir/src/profile_manager.cpp.o[0m
[25.334s] [ 77%] [32mBuilding CXX object CMakeFiles/realsense2_camera.dir/src/image_publisher.cpp.o[0m
[26.448s] [ 81%] [32mBuilding CXX object CMakeFiles/realsense2_camera.dir/src/tfs.cpp.o[0m
[27.459s] [ 86%] [32mBuilding CXX object CMakeFiles/gtest_template.dir/test/gtest_template.cpp.o[0m
[28.389s] [ 90%] [32m[1mLinking CXX executable gtest_template[0m
[28.626s] [ 90%] Built target gtest_template
[28.637s] [ 95%] [32mBuilding CXX object CMakeFiles/realsense2_camera.dir/src/ros_param_backend.cpp.o[0m
[35.372s] [100%] [32m[1mLinking CXX shared library librealsense2_camera.so[0m
[36.065s] [100%] Built target realsense2_camera
[36.080s] Invoked command in '/home/mewert/Desktop/luna/build/realsense2_camera' returned '0': AMENT_PREFIX_PATH=/home/mewert/Desktop/luna/install/diagnostic_updater:${AMENT_PREFIX_PATH} CMAKE_PREFIX_PATH=/home/mewert/Desktop/luna/install/realsense2_camera_msgs:/home/mewert/Desktop/luna/install/diagnostic_updater:/home/mewert/Desktop/luna/install/realsense2_description:/home/mewert/Desktop/luna/install/realsense2_camera:/home/mewert/Desktop/Luna/install/realsense2_description:/home/mewert/Desktop/Luna/install/realsense2_camera_msgs:/home/mewert/Desktop/Luna/install/diagnostic_updater:/home/mewert/Desktop/luna/install/open_cv_pkg:/home/mewert/Desktop/Luna/install/realsense_camera_node:/home/mewert/Desktop/Luna/install/realsense_bag_player:/home/mewert/Desktop/Luna/install/example_controller:/opt/ros/humble LD_LIBRARY_PATH=/home/mewert/Desktop/luna/install/realsense2_camera_msgs/lib:/home/mewert/Desktop/luna/install/diagnostic_updater/lib:/home/mewert/Desktop/luna/install/realsense2_camera/lib:/home/mewert/Desktop/Luna/install/realsense2_camera_msgs/lib:/home/mewert/Desktop/Luna/install/diagnostic_updater/lib:/opt/ros/humble/opt/rviz_ogre_vendor/lib:/opt/ros/humble/lib/x86_64-linux-gnu:/opt/ros/humble/lib PYTHONPATH=/home/mewert/Desktop/luna/install/diagnostic_updater/local/lib/python3.10/dist-packages:${PYTHONPATH} /usr/bin/cmake --build /home/mewert/Desktop/luna/build/realsense2_camera -- -j6 -l6
[36.162s] Invoking command in '/home/mewert/Desktop/luna/build/realsense2_camera': AMENT_PREFIX_PATH=/home/mewert/Desktop/luna/install/diagnostic_updater:${AMENT_PREFIX_PATH} CMAKE_PREFIX_PATH=/home/mewert/Desktop/luna/install/realsense2_camera_msgs:/home/mewert/Desktop/luna/install/diagnostic_updater:/home/mewert/Desktop/luna/install/realsense2_description:/home/mewert/Desktop/luna/install/realsense2_camera:/home/mewert/Desktop/Luna/install/realsense2_description:/home/mewert/Desktop/Luna/install/realsense2_camera_msgs:/home/mewert/Desktop/Luna/install/diagnostic_updater:/home/mewert/Desktop/luna/install/open_cv_pkg:/home/mewert/Desktop/Luna/install/realsense_camera_node:/home/mewert/Desktop/Luna/install/realsense_bag_player:/home/mewert/Desktop/Luna/install/example_controller:/opt/ros/humble LD_LIBRARY_PATH=/home/mewert/Desktop/luna/install/realsense2_camera_msgs/lib:/home/mewert/Desktop/luna/install/diagnostic_updater/lib:/home/mewert/Desktop/luna/install/realsense2_camera/lib:/home/mewert/Desktop/Luna/install/realsense2_camera_msgs/lib:/home/mewert/Desktop/Luna/install/diagnostic_updater/lib:/opt/ros/humble/opt/rviz_ogre_vendor/lib:/opt/ros/humble/lib/x86_64-linux-gnu:/opt/ros/humble/lib PYTHONPATH=/home/mewert/Desktop/luna/install/diagnostic_updater/local/lib/python3.10/dist-packages:${PYTHONPATH} /usr/bin/cmake --install /home/mewert/Desktop/luna/build/realsense2_camera
[36.170s] -- Install configuration: "Release"
[36.171s] -- Execute custom install script
[36.171s] -- Symlinking: /home/mewert/Desktop/luna/install/realsense2_camera/lib/realsense2_camera/realsense2_camera_node
[36.183s] -- Symlinking: /home/mewert/Desktop/luna/install/realsense2_camera/lib/librealsense2_camera.so
[36.194s] -- Symlinking: /home/mewert/Desktop/luna/install/realsense2_camera/include/base_realsense_node.h
[36.205s] -- Symlinking: /home/mewert/Desktop/luna/install/realsense2_camera/include/constants.h
[36.216s] -- Symlinking: /home/mewert/Desktop/luna/install/realsense2_camera/include/dynamic_params.h
[36.227s] -- Symlinking: /home/mewert/Desktop/luna/install/realsense2_camera/include/gl_window.h
[36.236s] -- Symlinking: /home/mewert/Desktop/luna/install/realsense2_camera/include/image_publisher.h
[36.246s] -- Symlinking: /home/mewert/Desktop/luna/install/realsense2_camera/include/named_filter.h
[36.256s] -- Symlinking: /home/mewert/Desktop/luna/install/realsense2_camera/include/profile_manager.h
[36.267s] -- Symlinking: /home/mewert/Desktop/luna/install/realsense2_camera/include/realsense_node_factory.h
[36.277s] -- Symlinking: /home/mewert/Desktop/luna/install/realsense2_camera/include/ros_param_backend.h
[36.290s] -- Symlinking: /home/mewert/Desktop/luna/install/realsense2_camera/include/ros_sensor.h
[36.304s] -- Symlinking: /home/mewert/Desktop/luna/install/realsense2_camera/include/ros_utils.h
[36.314s] -- Symlinking: /home/mewert/Desktop/luna/install/realsense2_camera/include/sensor_params.h
[36.326s] -- Symlinking: /home/mewert/Desktop/luna/install/realsense2_camera/share/realsense2_camera/launch/default.rviz
[36.335s] -- Symlinking: /home/mewert/Desktop/luna/install/realsense2_camera/share/realsense2_camera/launch/rs_intra_process_demo_launch.py
[36.346s] -- Symlinking: /home/mewert/Desktop/luna/install/realsense2_camera/share/realsense2_camera/launch/rs_launch.py
[36.355s] -- Symlinking: /home/mewert/Desktop/luna/install/realsense2_camera/share/realsense2_camera/launch/rs_multi_camera_launch.py
[36.370s] -- Symlinking: /home/mewert/Desktop/luna/install/realsense2_camera/share/realsense2_camera/examples/align_depth/README.md
[36.383s] -- Symlinking: /home/mewert/Desktop/luna/install/realsense2_camera/share/realsense2_camera/examples/align_depth/rs_align_depth_launch.py
[36.393s] -- Symlinking: /home/mewert/Desktop/luna/install/realsense2_camera/share/realsense2_camera/examples/dual_camera/README.md
[36.405s] -- Symlinking: /home/mewert/Desktop/luna/install/realsense2_camera/share/realsense2_camera/examples/dual_camera/rs_dual_camera_launch.py
[36.416s] -- Symlinking: /home/mewert/Desktop/luna/install/realsense2_camera/share/realsense2_camera/examples/dual_camera/rviz/dual_camera_pointcloud.rviz
[36.426s] -- Symlinking: /home/mewert/Desktop/luna/install/realsense2_camera/share/realsense2_camera/examples/launch_from_rosbag/README.md
[36.436s] -- Symlinking: /home/mewert/Desktop/luna/install/realsense2_camera/share/realsense2_camera/examples/launch_from_rosbag/rs_launch_from_rosbag.py
[36.446s] -- Symlinking: /home/mewert/Desktop/luna/install/realsense2_camera/share/realsense2_camera/examples/launch_params_from_file/README.md
[36.456s] -- Symlinking: /home/mewert/Desktop/luna/install/realsense2_camera/share/realsense2_camera/examples/launch_params_from_file/config/config.yaml
[36.467s] -- Symlinking: /home/mewert/Desktop/luna/install/realsense2_camera/share/realsense2_camera/examples/launch_params_from_file/rs_launch_get_params_from_yaml.py
[36.478s] -- Symlinking: /home/mewert/Desktop/luna/install/realsense2_camera/share/realsense2_camera/examples/pointcloud/README.md
[36.489s] -- Symlinking: /home/mewert/Desktop/luna/install/realsense2_camera/share/realsense2_camera/examples/pointcloud/rs_d405_pointcloud_launch.py
[36.500s] -- Symlinking: /home/mewert/Desktop/luna/install/realsense2_camera/share/realsense2_camera/examples/pointcloud/rs_d455_pointcloud_launch.py
[36.511s] -- Symlinking: /home/mewert/Desktop/luna/install/realsense2_camera/share/realsense2_camera/examples/pointcloud/rs_pointcloud_launch.py
[36.520s] -- Symlinking: /home/mewert/Desktop/luna/install/realsense2_camera/share/realsense2_camera/examples/pointcloud/rviz/pointcloud.rviz
[36.530s] -- Symlinking: /home/mewert/Desktop/luna/install/realsense2_camera/share/realsense2_camera/examples/pointcloud/rviz/urdf_pointcloud.rviz
[36.539s] -- Symlinking: /home/mewert/Desktop/luna/install/realsense2_camera/share/realsense2_camera/environment/library_path.sh
[36.549s] -- Symlinking: /home/mewert/Desktop/luna/install/realsense2_camera/share/realsense2_camera/environment/library_path.dsv
[36.560s] -- Symlinking: /home/mewert/Desktop/luna/install/realsense2_camera/share/ament_index/resource_index/package_run_dependencies/realsense2_camera
[36.571s] -- Symlinking: /home/mewert/Desktop/luna/install/realsense2_camera/share/ament_index/resource_index/parent_prefix_path/realsense2_camera
[36.580s] -- Symlinking: /home/mewert/Desktop/luna/install/realsense2_camera/share/realsense2_camera/environment/ament_prefix_path.sh
[36.591s] -- Symlinking: /home/mewert/Desktop/luna/install/realsense2_camera/share/realsense2_camera/environment/ament_prefix_path.dsv
[36.602s] -- Symlinking: /home/mewert/Desktop/luna/install/realsense2_camera/share/realsense2_camera/environment/path.sh
[36.613s] -- Symlinking: /home/mewert/Desktop/luna/install/realsense2_camera/share/realsense2_camera/environment/path.dsv
[36.624s] -- Symlinking: /home/mewert/Desktop/luna/install/realsense2_camera/share/realsense2_camera/local_setup.bash
[36.633s] -- Symlinking: /home/mewert/Desktop/luna/install/realsense2_camera/share/realsense2_camera/local_setup.sh
[36.643s] -- Symlinking: /home/mewert/Desktop/luna/install/realsense2_camera/share/realsense2_camera/local_setup.zsh
[36.653s] -- Symlinking: /home/mewert/Desktop/luna/install/realsense2_camera/share/realsense2_camera/local_setup.dsv
[36.664s] -- Symlinking: /home/mewert/Desktop/luna/install/realsense2_camera/share/realsense2_camera/package.dsv
[36.674s] -- Symlinking: /home/mewert/Desktop/luna/install/realsense2_camera/share/ament_index/resource_index/packages/realsense2_camera
[36.684s] -- Symlinking: /home/mewert/Desktop/luna/install/realsense2_camera/share/ament_index/resource_index/rclcpp_components/realsense2_camera
[36.696s] -- Symlinking: /home/mewert/Desktop/luna/install/realsense2_camera/share/realsense2_camera/cmake/ament_cmake_export_include_directories-extras.cmake
[36.707s] -- Symlinking: /home/mewert/Desktop/luna/install/realsense2_camera/share/realsense2_camera/cmake/ament_cmake_export_libraries-extras.cmake
[36.717s] -- Symlinking: /home/mewert/Desktop/luna/install/realsense2_camera/share/realsense2_camera/cmake/ament_cmake_export_dependencies-extras.cmake
[36.727s] -- Symlinking: /home/mewert/Desktop/luna/install/realsense2_camera/share/realsense2_camera/cmake/realsense2_cameraConfig.cmake
[36.736s] -- Symlinking: /home/mewert/Desktop/luna/install/realsense2_camera/share/realsense2_camera/cmake/realsense2_cameraConfig-version.cmake
[36.745s] -- Symlinking: /home/mewert/Desktop/luna/install/realsense2_camera/share/realsense2_camera/package.xml
[36.761s] Invoked command in '/home/mewert/Desktop/luna/build/realsense2_camera' returned '0': AMENT_PREFIX_PATH=/home/mewert/Desktop/luna/install/diagnostic_updater:${AMENT_PREFIX_PATH} CMAKE_PREFIX_PATH=/home/mewert/Desktop/luna/install/realsense2_camera_msgs:/home/mewert/Desktop/luna/install/diagnostic_updater:/home/mewert/Desktop/luna/install/realsense2_description:/home/mewert/Desktop/luna/install/realsense2_camera:/home/mewert/Desktop/Luna/install/realsense2_description:/home/mewert/Desktop/Luna/install/realsense2_camera_msgs:/home/mewert/Desktop/Luna/install/diagnostic_updater:/home/mewert/Desktop/luna/install/open_cv_pkg:/home/mewert/Desktop/Luna/install/realsense_camera_node:/home/mewert/Desktop/Luna/install/realsense_bag_player:/home/mewert/Desktop/Luna/install/example_controller:/opt/ros/humble LD_LIBRARY_PATH=/home/mewert/Desktop/luna/install/realsense2_camera_msgs/lib:/home/mewert/Desktop/luna/install/diagnostic_updater/lib:/home/mewert/Desktop/luna/install/realsense2_camera/lib:/home/mewert/Desktop/Luna/install/realsense2_camera_msgs/lib:/home/mewert/Desktop/Luna/install/diagnostic_updater/lib:/opt/ros/humble/opt/rviz_ogre_vendor/lib:/opt/ros/humble/lib/x86_64-linux-gnu:/opt/ros/humble/lib PYTHONPATH=/home/mewert/Desktop/luna/install/diagnostic_updater/local/lib/python3.10/dist-packages:${PYTHONPATH} /usr/bin/cmake --install /home/mewert/Desktop/luna/build/realsense2_camera
