[0.119s] Invoking command in '/home/mewert/Desktop/luna/build/realsense2_camera': CMAKE_PREFIX_PATH=/home/mewert/Desktop/luna/install/realsense2_camera_msgs:/home/mewert/Desktop/luna/install/diagnostic_updater:/home/mewert/Desktop/luna/install/my_octomap_pkg:/home/mewert/Desktop/luna/install/my_pointcloud_pkg:/home/mewert/Desktop/luna/install/diagnostics:/home/mewert/Desktop/luna/install/self_test:/home/mewert/Desktop/luna/install/realsense2_description:/home/mewert/Desktop/luna/install/realsense2_camera:/home/mewert/Desktop/luna/install/pointcloud_to_grid:/home/mewert/Desktop/luna/install/diagnostic_common_diagnostics:/home/mewert/Desktop/luna/install/diagnostic_aggregator:/home/mewert/Desktop/luna/install/open_cv_pkg:/opt/ros/humble LD_LIBRARY_PATH=/home/mewert/Desktop/luna/install/realsense2_camera_msgs/lib:/home/mewert/Desktop/luna/install/diagnostic_updater/lib:/home/mewert/Desktop/luna/install/realsense2_camera/lib:/home/mewert/Desktop/luna/install/diagnostic_aggregator/lib:/opt/ros/humble/opt/rviz_ogre_vendor/lib:/opt/ros/humble/lib/x86_64-linux-gnu:/opt/ros/humble/lib /usr/bin/cmake --build /home/mewert/Desktop/luna/build/realsense2_camera -- -j6 -l6
[0.322s] [  9%] Built target gtest_main
[0.354s] [ 18%] Built target realsense2_camera_node
[0.363s] [ 27%] Built target gtest
[0.435s] [ 90%] Built target realsense2_camera
[0.464s] [100%] Built target gtest_template
[0.511s] Invoked command in '/home/mewert/Desktop/luna/build/realsense2_camera' returned '0': CMAKE_PREFIX_PATH=/home/mewert/Desktop/luna/install/realsense2_camera_msgs:/home/mewert/Desktop/luna/install/diagnostic_updater:/home/mewert/Desktop/luna/install/my_octomap_pkg:/home/mewert/Desktop/luna/install/my_pointcloud_pkg:/home/mewert/Desktop/luna/install/diagnostics:/home/mewert/Desktop/luna/install/self_test:/home/mewert/Desktop/luna/install/realsense2_description:/home/mewert/Desktop/luna/install/realsense2_camera:/home/mewert/Desktop/luna/install/pointcloud_to_grid:/home/mewert/Desktop/luna/install/diagnostic_common_diagnostics:/home/mewert/Desktop/luna/install/diagnostic_aggregator:/home/mewert/Desktop/luna/install/open_cv_pkg:/opt/ros/humble LD_LIBRARY_PATH=/home/mewert/Desktop/luna/install/realsense2_camera_msgs/lib:/home/mewert/Desktop/luna/install/diagnostic_updater/lib:/home/mewert/Desktop/luna/install/realsense2_camera/lib:/home/mewert/Desktop/luna/install/diagnostic_aggregator/lib:/opt/ros/humble/opt/rviz_ogre_vendor/lib:/opt/ros/humble/lib/x86_64-linux-gnu:/opt/ros/humble/lib /usr/bin/cmake --build /home/mewert/Desktop/luna/build/realsense2_camera -- -j6 -l6
[1.013s] Invoking command in '/home/mewert/Desktop/luna/build/realsense2_camera': CMAKE_PREFIX_PATH=/home/mewert/Desktop/luna/install/realsense2_camera_msgs:/home/mewert/Desktop/luna/install/diagnostic_updater:/home/mewert/Desktop/luna/install/my_octomap_pkg:/home/mewert/Desktop/luna/install/my_pointcloud_pkg:/home/mewert/Desktop/luna/install/diagnostics:/home/mewert/Desktop/luna/install/self_test:/home/mewert/Desktop/luna/install/realsense2_description:/home/mewert/Desktop/luna/install/realsense2_camera:/home/mewert/Desktop/luna/install/pointcloud_to_grid:/home/mewert/Desktop/luna/install/diagnostic_common_diagnostics:/home/mewert/Desktop/luna/install/diagnostic_aggregator:/home/mewert/Desktop/luna/install/open_cv_pkg:/opt/ros/humble LD_LIBRARY_PATH=/home/mewert/Desktop/luna/install/realsense2_camera_msgs/lib:/home/mewert/Desktop/luna/install/diagnostic_updater/lib:/home/mewert/Desktop/luna/install/realsense2_camera/lib:/home/mewert/Desktop/luna/install/diagnostic_aggregator/lib:/opt/ros/humble/opt/rviz_ogre_vendor/lib:/opt/ros/humble/lib/x86_64-linux-gnu:/opt/ros/humble/lib /usr/bin/cmake --install /home/mewert/Desktop/luna/build/realsense2_camera
[1.030s] -- Install configuration: "Release"
[1.031s] -- Execute custom install script
[1.031s] -- Up-to-date symlink: /home/mewert/Desktop/luna/install/realsense2_camera/lib/realsense2_camera/realsense2_camera_node
[1.032s] -- Up-to-date symlink: /home/mewert/Desktop/luna/install/realsense2_camera/lib/librealsense2_camera.so
[1.032s] -- Up-to-date symlink: /home/mewert/Desktop/luna/install/realsense2_camera/include/base_realsense_node.h
[1.033s] -- Up-to-date symlink: /home/mewert/Desktop/luna/install/realsense2_camera/include/constants.h
[1.039s] -- Up-to-date symlink: /home/mewert/Desktop/luna/install/realsense2_camera/include/dynamic_params.h
[1.039s] -- Up-to-date symlink: /home/mewert/Desktop/luna/install/realsense2_camera/include/gl_window.h
[1.040s] -- Up-to-date symlink: /home/mewert/Desktop/luna/install/realsense2_camera/include/image_publisher.h
[1.042s] -- Up-to-date symlink: /home/mewert/Desktop/luna/install/realsense2_camera/include/named_filter.h
[1.043s] -- Up-to-date symlink: /home/mewert/Desktop/luna/install/realsense2_camera/include/profile_manager.h
[1.043s] -- Up-to-date symlink: /home/mewert/Desktop/luna/install/realsense2_camera/include/realsense_node_factory.h
[1.043s] -- Up-to-date symlink: /home/mewert/Desktop/luna/install/realsense2_camera/include/ros_param_backend.h
[1.043s] -- Up-to-date symlink: /home/mewert/Desktop/luna/install/realsense2_camera/include/ros_sensor.h
[1.043s] -- Up-to-date symlink: /home/mewert/Desktop/luna/install/realsense2_camera/include/ros_utils.h
[1.043s] -- Up-to-date symlink: /home/mewert/Desktop/luna/install/realsense2_camera/include/sensor_params.h
[1.043s] -- Up-to-date symlink: /home/mewert/Desktop/luna/install/realsense2_camera/share/realsense2_camera/launch/default.rviz
[1.043s] -- Up-to-date symlink: /home/mewert/Desktop/luna/install/realsense2_camera/share/realsense2_camera/launch/rs_intra_process_demo_launch.py
[1.044s] -- Up-to-date symlink: /home/mewert/Desktop/luna/install/realsense2_camera/share/realsense2_camera/launch/rs_launch.py
[1.044s] -- Up-to-date symlink: /home/mewert/Desktop/luna/install/realsense2_camera/share/realsense2_camera/launch/rs_multi_camera_launch.py
[1.044s] -- Up-to-date symlink: /home/mewert/Desktop/luna/install/realsense2_camera/share/realsense2_camera/examples/align_depth/README.md
[1.044s] -- Up-to-date symlink: /home/mewert/Desktop/luna/install/realsense2_camera/share/realsense2_camera/examples/align_depth/rs_align_depth_launch.py
[1.045s] -- Up-to-date symlink: /home/mewert/Desktop/luna/install/realsense2_camera/share/realsense2_camera/examples/dual_camera/README.md
[1.046s] -- Up-to-date symlink: /home/mewert/Desktop/luna/install/realsense2_camera/share/realsense2_camera/examples/dual_camera/rs_dual_camera_launch.py
[1.046s] -- Up-to-date symlink: /home/mewert/Desktop/luna/install/realsense2_camera/share/realsense2_camera/examples/dual_camera/rviz/dual_camera_pointcloud.rviz
[1.046s] -- Up-to-date symlink: /home/mewert/Desktop/luna/install/realsense2_camera/share/realsense2_camera/examples/launch_from_rosbag/README.md
[1.046s] -- Up-to-date symlink: /home/mewert/Desktop/luna/install/realsense2_camera/share/realsense2_camera/examples/launch_from_rosbag/rs_launch_from_rosbag.py
[1.047s] -- Up-to-date symlink: /home/mewert/Desktop/luna/install/realsense2_camera/share/realsense2_camera/examples/launch_params_from_file/README.md
[1.047s] -- Up-to-date symlink: /home/mewert/Desktop/luna/install/realsense2_camera/share/realsense2_camera/examples/launch_params_from_file/config/config.yaml
[1.049s] -- Up-to-date symlink: /home/mewert/Desktop/luna/install/realsense2_camera/share/realsense2_camera/examples/launch_params_from_file/rs_launch_get_params_from_yaml.py
[1.049s] -- Up-to-date symlink: /home/mewert/Desktop/luna/install/realsense2_camera/share/realsense2_camera/examples/pointcloud/README.md
[1.049s] -- Up-to-date symlink: /home/mewert/Desktop/luna/install/realsense2_camera/share/realsense2_camera/examples/pointcloud/rs_d405_pointcloud_launch.py
[1.049s] -- Up-to-date symlink: /home/mewert/Desktop/luna/install/realsense2_camera/share/realsense2_camera/examples/pointcloud/rs_d455_pointcloud_launch.py
[1.049s] -- Up-to-date symlink: /home/mewert/Desktop/luna/install/realsense2_camera/share/realsense2_camera/examples/pointcloud/rs_pointcloud_launch.py
[1.057s] -- Up-to-date symlink: /home/mewert/Desktop/luna/install/realsense2_camera/share/realsense2_camera/examples/pointcloud/rviz/pointcloud.rviz
[1.057s] -- Up-to-date symlink: /home/mewert/Desktop/luna/install/realsense2_camera/share/realsense2_camera/examples/pointcloud/rviz/urdf_pointcloud.rviz
[1.058s] -- Up-to-date symlink: /home/mewert/Desktop/luna/install/realsense2_camera/share/realsense2_camera/environment/library_path.sh
[1.058s] -- Up-to-date symlink: /home/mewert/Desktop/luna/install/realsense2_camera/share/realsense2_camera/environment/library_path.dsv
[1.058s] -- Up-to-date symlink: /home/mewert/Desktop/luna/install/realsense2_camera/share/ament_index/resource_index/package_run_dependencies/realsense2_camera
[1.058s] -- Up-to-date symlink: /home/mewert/Desktop/luna/install/realsense2_camera/share/ament_index/resource_index/parent_prefix_path/realsense2_camera
[1.059s] -- Up-to-date symlink: /home/mewert/Desktop/luna/install/realsense2_camera/share/realsense2_camera/environment/ament_prefix_path.sh
[1.059s] -- Up-to-date symlink: /home/mewert/Desktop/luna/install/realsense2_camera/share/realsense2_camera/environment/ament_prefix_path.dsv
[1.059s] -- Up-to-date symlink: /home/mewert/Desktop/luna/install/realsense2_camera/share/realsense2_camera/environment/path.sh
[1.059s] -- Up-to-date symlink: /home/mewert/Desktop/luna/install/realsense2_camera/share/realsense2_camera/environment/path.dsv
[1.059s] -- Up-to-date symlink: /home/mewert/Desktop/luna/install/realsense2_camera/share/realsense2_camera/local_setup.bash
[1.059s] -- Up-to-date symlink: /home/mewert/Desktop/luna/install/realsense2_camera/share/realsense2_camera/local_setup.sh
[1.059s] -- Up-to-date symlink: /home/mewert/Desktop/luna/install/realsense2_camera/share/realsense2_camera/local_setup.zsh
[1.059s] -- Up-to-date symlink: /home/mewert/Desktop/luna/install/realsense2_camera/share/realsense2_camera/local_setup.dsv
[1.060s] -- Symlinking: /home/mewert/Desktop/luna/install/realsense2_camera/share/realsense2_camera/package.dsv
[1.080s] -- Up-to-date symlink: /home/mewert/Desktop/luna/install/realsense2_camera/share/ament_index/resource_index/packages/realsense2_camera
[1.080s] -- Up-to-date symlink: /home/mewert/Desktop/luna/install/realsense2_camera/share/ament_index/resource_index/rclcpp_components/realsense2_camera
[1.086s] -- Up-to-date symlink: /home/mewert/Desktop/luna/install/realsense2_camera/share/realsense2_camera/cmake/ament_cmake_export_include_directories-extras.cmake
[1.090s] -- Up-to-date symlink: /home/mewert/Desktop/luna/install/realsense2_camera/share/realsense2_camera/cmake/ament_cmake_export_libraries-extras.cmake
[1.090s] -- Up-to-date symlink: /home/mewert/Desktop/luna/install/realsense2_camera/share/realsense2_camera/cmake/ament_cmake_export_dependencies-extras.cmake
[1.090s] -- Up-to-date symlink: /home/mewert/Desktop/luna/install/realsense2_camera/share/realsense2_camera/cmake/realsense2_cameraConfig.cmake
[1.090s] -- Up-to-date symlink: /home/mewert/Desktop/luna/install/realsense2_camera/share/realsense2_camera/cmake/realsense2_cameraConfig-version.cmake
[1.090s] -- Up-to-date symlink: /home/mewert/Desktop/luna/install/realsense2_camera/share/realsense2_camera/package.xml
[1.090s] -- Up-to-date symlink: /home/mewert/Desktop/luna/install/realsense2_camera/share/realsense2_camera/environment/library_path.sh
[1.090s] -- Up-to-date symlink: /home/mewert/Desktop/luna/install/realsense2_camera/share/realsense2_camera/environment/library_path.dsv
[1.090s] -- Up-to-date symlink: /home/mewert/Desktop/luna/install/realsense2_camera/share/ament_index/resource_index/package_run_dependencies/realsense2_camera
[1.090s] -- Up-to-date symlink: /home/mewert/Desktop/luna/install/realsense2_camera/share/ament_index/resource_index/parent_prefix_path/realsense2_camera
[1.090s] -- Up-to-date symlink: /home/mewert/Desktop/luna/install/realsense2_camera/share/realsense2_camera/environment/ament_prefix_path.sh
[1.090s] -- Up-to-date symlink: /home/mewert/Desktop/luna/install/realsense2_camera/share/realsense2_camera/environment/ament_prefix_path.dsv
[1.091s] -- Up-to-date symlink: /home/mewert/Desktop/luna/install/realsense2_camera/share/realsense2_camera/environment/path.sh
[1.091s] -- Up-to-date symlink: /home/mewert/Desktop/luna/install/realsense2_camera/share/realsense2_camera/environment/path.dsv
[1.091s] -- Up-to-date symlink: /home/mewert/Desktop/luna/install/realsense2_camera/share/realsense2_camera/local_setup.bash
[1.091s] -- Up-to-date symlink: /home/mewert/Desktop/luna/install/realsense2_camera/share/realsense2_camera/local_setup.sh
[1.091s] -- Up-to-date symlink: /home/mewert/Desktop/luna/install/realsense2_camera/share/realsense2_camera/local_setup.zsh
[1.091s] -- Up-to-date symlink: /home/mewert/Desktop/luna/install/realsense2_camera/share/realsense2_camera/local_setup.dsv
[1.091s] -- Up-to-date symlink: /home/mewert/Desktop/luna/install/realsense2_camera/share/realsense2_camera/package.dsv
[1.091s] -- Up-to-date symlink: /home/mewert/Desktop/luna/install/realsense2_camera/share/ament_index/resource_index/packages/realsense2_camera
[1.091s] -- Up-to-date symlink: /home/mewert/Desktop/luna/install/realsense2_camera/share/ament_index/resource_index/rclcpp_components/realsense2_camera
[1.092s] -- Up-to-date symlink: /home/mewert/Desktop/luna/install/realsense2_camera/share/realsense2_camera/cmake/ament_cmake_export_include_directories-extras.cmake
[1.092s] -- Up-to-date symlink: /home/mewert/Desktop/luna/install/realsense2_camera/share/realsense2_camera/cmake/ament_cmake_export_libraries-extras.cmake
[1.092s] -- Up-to-date symlink: /home/mewert/Desktop/luna/install/realsense2_camera/share/realsense2_camera/cmake/ament_cmake_export_dependencies-extras.cmake
[1.095s] -- Up-to-date symlink: /home/mewert/Desktop/luna/install/realsense2_camera/share/realsense2_camera/cmake/realsense2_cameraConfig.cmake
[1.106s] -- Up-to-date symlink: /home/mewert/Desktop/luna/install/realsense2_camera/share/realsense2_camera/cmake/realsense2_cameraConfig-version.cmake
[1.106s] -- Up-to-date symlink: /home/mewert/Desktop/luna/install/realsense2_camera/share/realsense2_camera/package.xml
[1.183s] Invoked command in '/home/mewert/Desktop/luna/build/realsense2_camera' returned '0': CMAKE_PREFIX_PATH=/home/mewert/Desktop/luna/install/realsense2_camera_msgs:/home/mewert/Desktop/luna/install/diagnostic_updater:/home/mewert/Desktop/luna/install/my_octomap_pkg:/home/mewert/Desktop/luna/install/my_pointcloud_pkg:/home/mewert/Desktop/luna/install/diagnostics:/home/mewert/Desktop/luna/install/self_test:/home/mewert/Desktop/luna/install/realsense2_description:/home/mewert/Desktop/luna/install/realsense2_camera:/home/mewert/Desktop/luna/install/pointcloud_to_grid:/home/mewert/Desktop/luna/install/diagnostic_common_diagnostics:/home/mewert/Desktop/luna/install/diagnostic_aggregator:/home/mewert/Desktop/luna/install/open_cv_pkg:/opt/ros/humble LD_LIBRARY_PATH=/home/mewert/Desktop/luna/install/realsense2_camera_msgs/lib:/home/mewert/Desktop/luna/install/diagnostic_updater/lib:/home/mewert/Desktop/luna/install/realsense2_camera/lib:/home/mewert/Desktop/luna/install/diagnostic_aggregator/lib:/opt/ros/humble/opt/rviz_ogre_vendor/lib:/opt/ros/humble/lib/x86_64-linux-gnu:/opt/ros/humble/lib /usr/bin/cmake --install /home/mewert/Desktop/luna/build/realsense2_camera
