[0.031s] Invoking command in '/home/mewert/Desktop/luna/build/diagnostic_common_diagnostics': CMAKE_PREFIX_PATH=/home/mewert/Desktop/luna/install/diagnostic_updater:/home/mewert/Desktop/luna/install/diagnostics:/home/mewert/Desktop/luna/install/self_test:/home/mewert/Desktop/luna/install/realsense2_description:/home/mewert/Desktop/luna/install/realsense2_camera:/home/mewert/Desktop/luna/install/realsense2_camera_msgs:/home/mewert/Desktop/luna/install/diagnostic_common_diagnostics:/home/mewert/Desktop/luna/install/diagnostic_aggregator:/home/mewert/Desktop/luna/install/open_cv_pkg:/opt/ros/humble LD_LIBRARY_PATH=/home/mewert/Desktop/luna/install/diagnostic_updater/lib:/home/mewert/Desktop/luna/install/realsense2_camera/lib:/home/mewert/Desktop/luna/install/realsense2_camera_msgs/lib:/home/mewert/Desktop/luna/install/diagnostic_aggregator/lib:/opt/ros/humble/opt/rviz_ogre_vendor/lib:/opt/ros/humble/lib/x86_64-linux-gnu:/opt/ros/humble/lib /usr/bin/cmake --build /home/mewert/Desktop/luna/build/diagnostic_common_diagnostics -- -j6 -l6
[0.136s] Built target ament_cmake_python_symlink_diagnostic_common_diagnostics
[0.670s] running egg_info
[0.671s] writing diagnostic_common_diagnostics.egg-info/PKG-INFO
[0.698s] writing dependency_links to diagnostic_common_diagnostics.egg-info/dependency_links.txt
[0.699s] writing top-level names to diagnostic_common_diagnostics.egg-info/top_level.txt
[0.720s] reading manifest file 'diagnostic_common_diagnostics.egg-info/SOURCES.txt'
[0.846s] Built target ament_cmake_python_build_diagnostic_common_diagnostics_egg
[0.896s] Invoked command in '/home/mewert/Desktop/luna/build/diagnostic_common_diagnostics' returned '0': CMAKE_PREFIX_PATH=/home/mewert/Desktop/luna/install/diagnostic_updater:/home/mewert/Desktop/luna/install/diagnostics:/home/mewert/Desktop/luna/install/self_test:/home/mewert/Desktop/luna/install/realsense2_description:/home/mewert/Desktop/luna/install/realsense2_camera:/home/mewert/Desktop/luna/install/realsense2_camera_msgs:/home/mewert/Desktop/luna/install/diagnostic_common_diagnostics:/home/mewert/Desktop/luna/install/diagnostic_aggregator:/home/mewert/Desktop/luna/install/open_cv_pkg:/opt/ros/humble LD_LIBRARY_PATH=/home/mewert/Desktop/luna/install/diagnostic_updater/lib:/home/mewert/Desktop/luna/install/realsense2_camera/lib:/home/mewert/Desktop/luna/install/realsense2_camera_msgs/lib:/home/mewert/Desktop/luna/install/diagnostic_aggregator/lib:/opt/ros/humble/opt/rviz_ogre_vendor/lib:/opt/ros/humble/lib/x86_64-linux-gnu:/opt/ros/humble/lib /usr/bin/cmake --build /home/mewert/Desktop/luna/build/diagnostic_common_diagnostics -- -j6 -l6
[0.995s] Invoking command in '/home/mewert/Desktop/luna/build/diagnostic_common_diagnostics': CMAKE_PREFIX_PATH=/home/mewert/Desktop/luna/install/diagnostic_updater:/home/mewert/Desktop/luna/install/diagnostics:/home/mewert/Desktop/luna/install/self_test:/home/mewert/Desktop/luna/install/realsense2_description:/home/mewert/Desktop/luna/install/realsense2_camera:/home/mewert/Desktop/luna/install/realsense2_camera_msgs:/home/mewert/Desktop/luna/install/diagnostic_common_diagnostics:/home/mewert/Desktop/luna/install/diagnostic_aggregator:/home/mewert/Desktop/luna/install/open_cv_pkg:/opt/ros/humble LD_LIBRARY_PATH=/home/mewert/Desktop/luna/install/diagnostic_updater/lib:/home/mewert/Desktop/luna/install/realsense2_camera/lib:/home/mewert/Desktop/luna/install/realsense2_camera_msgs/lib:/home/mewert/Desktop/luna/install/diagnostic_aggregator/lib:/opt/ros/humble/opt/rviz_ogre_vendor/lib:/opt/ros/humble/lib/x86_64-linux-gnu:/opt/ros/humble/lib /usr/bin/cmake --install /home/mewert/Desktop/luna/build/diagnostic_common_diagnostics
[1.015s] -- Install configuration: ""
[1.015s] -- Execute custom install script
[1.019s] -- Up-to-date symlink: /home/mewert/Desktop/luna/install/diagnostic_common_diagnostics/share/diagnostic_common_diagnostics/environment/pythonpath.sh
[1.019s] -- Up-to-date symlink: /home/mewert/Desktop/luna/install/diagnostic_common_diagnostics/share/diagnostic_common_diagnostics/environment/pythonpath.dsv
[1.020s] -- Up-to-date symlink: /home/mewert/Desktop/luna/install/diagnostic_common_diagnostics/local/lib/python3.10/dist-packages/diagnostic_common_diagnostics-4.3.1-py3.10.egg-info/PKG-INFO
[1.020s] -- Up-to-date symlink: /home/mewert/Desktop/luna/install/diagnostic_common_diagnostics/local/lib/python3.10/dist-packages/diagnostic_common_diagnostics-4.3.1-py3.10.egg-info/SOURCES.txt
[1.020s] -- Up-to-date symlink: /home/mewert/Desktop/luna/install/diagnostic_common_diagnostics/local/lib/python3.10/dist-packages/diagnostic_common_diagnostics-4.3.1-py3.10.egg-info/dependency_links.txt
[1.020s] -- Up-to-date symlink: /home/mewert/Desktop/luna/install/diagnostic_common_diagnostics/local/lib/python3.10/dist-packages/diagnostic_common_diagnostics-4.3.1-py3.10.egg-info/top_level.txt
[1.021s] -- Up-to-date symlink: /home/mewert/Desktop/luna/install/diagnostic_common_diagnostics/local/lib/python3.10/dist-packages/diagnostic_common_diagnostics/__init__.py
[1.024s] -- Up-to-date symlink: /home/mewert/Desktop/luna/install/diagnostic_common_diagnostics/local/lib/python3.10/dist-packages/diagnostic_common_diagnostics/cpu_monitor.py
[1.024s] -- Up-to-date symlink: /home/mewert/Desktop/luna/install/diagnostic_common_diagnostics/local/lib/python3.10/dist-packages/diagnostic_common_diagnostics/hd_monitor.py
[1.025s] -- Up-to-date symlink: /home/mewert/Desktop/luna/install/diagnostic_common_diagnostics/local/lib/python3.10/dist-packages/diagnostic_common_diagnostics/ntp_monitor.py
[1.025s] -- Up-to-date symlink: /home/mewert/Desktop/luna/install/diagnostic_common_diagnostics/local/lib/python3.10/dist-packages/diagnostic_common_diagnostics/ram_monitor.py
[1.025s] -- Up-to-date symlink: /home/mewert/Desktop/luna/install/diagnostic_common_diagnostics/local/lib/python3.10/dist-packages/diagnostic_common_diagnostics/sensors_monitor.py
[1.025s] -- Up-to-date symlink: /home/mewert/Desktop/luna/install/diagnostic_common_diagnostics/lib/diagnostic_common_diagnostics/cpu_monitor.py
[1.025s] -- Up-to-date symlink: /home/mewert/Desktop/luna/install/diagnostic_common_diagnostics/lib/diagnostic_common_diagnostics/ntp_monitor.py
[1.025s] -- Up-to-date symlink: /home/mewert/Desktop/luna/install/diagnostic_common_diagnostics/lib/diagnostic_common_diagnostics/ram_monitor.py
[1.025s] -- Up-to-date symlink: /home/mewert/Desktop/luna/install/diagnostic_common_diagnostics/lib/diagnostic_common_diagnostics/sensors_monitor.py
[1.025s] -- Up-to-date symlink: /home/mewert/Desktop/luna/install/diagnostic_common_diagnostics/lib/diagnostic_common_diagnostics/hd_monitor.py
[1.025s] -- Up-to-date symlink: /home/mewert/Desktop/luna/install/diagnostic_common_diagnostics/share/ament_index/resource_index/package_run_dependencies/diagnostic_common_diagnostics
[1.026s] -- Up-to-date symlink: /home/mewert/Desktop/luna/install/diagnostic_common_diagnostics/share/ament_index/resource_index/parent_prefix_path/diagnostic_common_diagnostics
[1.026s] -- Up-to-date symlink: /home/mewert/Desktop/luna/install/diagnostic_common_diagnostics/share/diagnostic_common_diagnostics/environment/ament_prefix_path.sh
[1.026s] -- Up-to-date symlink: /home/mewert/Desktop/luna/install/diagnostic_common_diagnostics/share/diagnostic_common_diagnostics/environment/ament_prefix_path.dsv
[1.026s] -- Up-to-date symlink: /home/mewert/Desktop/luna/install/diagnostic_common_diagnostics/share/diagnostic_common_diagnostics/environment/path.sh
[1.026s] -- Up-to-date symlink: /home/mewert/Desktop/luna/install/diagnostic_common_diagnostics/share/diagnostic_common_diagnostics/environment/path.dsv
[1.026s] -- Up-to-date symlink: /home/mewert/Desktop/luna/install/diagnostic_common_diagnostics/share/diagnostic_common_diagnostics/local_setup.bash
[1.031s] -- Up-to-date symlink: /home/mewert/Desktop/luna/install/diagnostic_common_diagnostics/share/diagnostic_common_diagnostics/local_setup.sh
[1.031s] -- Up-to-date symlink: /home/mewert/Desktop/luna/install/diagnostic_common_diagnostics/share/diagnostic_common_diagnostics/local_setup.zsh
[1.031s] -- Up-to-date symlink: /home/mewert/Desktop/luna/install/diagnostic_common_diagnostics/share/diagnostic_common_diagnostics/local_setup.dsv
[1.031s] -- Symlinking: /home/mewert/Desktop/luna/install/diagnostic_common_diagnostics/share/diagnostic_common_diagnostics/package.dsv
[1.043s] -- Up-to-date symlink: /home/mewert/Desktop/luna/install/diagnostic_common_diagnostics/share/ament_index/resource_index/packages/diagnostic_common_diagnostics
[1.043s] -- Up-to-date symlink: /home/mewert/Desktop/luna/install/diagnostic_common_diagnostics/share/diagnostic_common_diagnostics/cmake/diagnostic_common_diagnosticsConfig.cmake
[1.043s] -- Up-to-date symlink: /home/mewert/Desktop/luna/install/diagnostic_common_diagnostics/share/diagnostic_common_diagnostics/cmake/diagnostic_common_diagnosticsConfig-version.cmake
[1.043s] -- Up-to-date symlink: /home/mewert/Desktop/luna/install/diagnostic_common_diagnostics/share/diagnostic_common_diagnostics/package.xml
[1.142s] Listing '/home/mewert/Desktop/luna/install/diagnostic_common_diagnostics/local/lib/python3.10/dist-packages/diagnostic_common_diagnostics'...
[1.150s] Invoked command in '/home/mewert/Desktop/luna/build/diagnostic_common_diagnostics' returned '0': CMAKE_PREFIX_PATH=/home/mewert/Desktop/luna/install/diagnostic_updater:/home/mewert/Desktop/luna/install/diagnostics:/home/mewert/Desktop/luna/install/self_test:/home/mewert/Desktop/luna/install/realsense2_description:/home/mewert/Desktop/luna/install/realsense2_camera:/home/mewert/Desktop/luna/install/realsense2_camera_msgs:/home/mewert/Desktop/luna/install/diagnostic_common_diagnostics:/home/mewert/Desktop/luna/install/diagnostic_aggregator:/home/mewert/Desktop/luna/install/open_cv_pkg:/opt/ros/humble LD_LIBRARY_PATH=/home/mewert/Desktop/luna/install/diagnostic_updater/lib:/home/mewert/Desktop/luna/install/realsense2_camera/lib:/home/mewert/Desktop/luna/install/realsense2_camera_msgs/lib:/home/mewert/Desktop/luna/install/diagnostic_aggregator/lib:/opt/ros/humble/opt/rviz_ogre_vendor/lib:/opt/ros/humble/lib/x86_64-linux-gnu:/opt/ros/humble/lib /usr/bin/cmake --install /home/mewert/Desktop/luna/build/diagnostic_common_diagnostics
