[0.034s] Invoking command in '/home/mewert/Desktop/luna/build/realsense2_camera_msgs': CMAKE_PREFIX_PATH=${CMAKE_PREFIX_PATH}:/home/mewert/Desktop/luna/install/open_cv_pkg:/opt/ros/humble /usr/bin/cmake /home/mewert/Desktop/luna/src/realsense-ros/realsense2_camera_msgs -DAMENT_CMAKE_SYMLINK_INSTALL=1 -DCMAKE_INSTALL_PREFIX=/home/mewert/Desktop/luna/install/realsense2_camera_msgs
[0.410s] -- Found ament_cmake: 1.3.10 (/opt/ros/humble/share/ament_cmake/cmake)
[0.410s] -- Override CMake install command with custom implementation using symlinks instead of copying resources
[0.410s] -- Found rosidl_default_generators: 1.2.0 (/opt/ros/humble/share/rosidl_default_generators/cmake)
[0.410s] -- Using all available rosidl_typesupport_c: rosidl_typesupport_fastrtps_c;rosidl_typesupport_introspection_c
[0.410s] -- Found rosidl_adapter: 3.1.5 (/opt/ros/humble/share/rosidl_adapter/cmake)
[0.410s] -- Using all available rosidl_typesupport_cpp: rosidl_typesupport_fastrtps_cpp;rosidl_typesupport_introspection_cpp
[0.410s] -- Found builtin_interfaces: 1.2.1 (/opt/ros/humble/share/builtin_interfaces/cmake)
[0.410s] -- Found std_msgs: 4.2.4 (/opt/ros/humble/share/std_msgs/cmake)
[0.411s] -- Found sensor_msgs: 4.2.4 (/opt/ros/humble/share/sensor_msgs/cmake)
[0.835s] -- Found ament_cmake_cppcheck: 0.12.11 (/opt/ros/humble/share/ament_cmake_cppcheck/cmake)
[0.835s] -- Found ament_cmake_cpplint: 0.12.11 (/opt/ros/humble/share/ament_cmake_cpplint/cmake)
[0.835s] -- Found ament_cmake_uncrustify: 0.12.11 (/opt/ros/humble/share/ament_cmake_uncrustify/cmake)
[0.835s] -- Found ament_cmake_ros: 0.10.0 (/opt/ros/humble/share/ament_cmake_ros/cmake)
[1.355s] -- Using all available rosidl_typesupport_c: rosidl_typesupport_fastrtps_c;rosidl_typesupport_introspection_c
[2.062s] -- Using all available rosidl_typesupport_cpp: rosidl_typesupport_fastrtps_cpp;rosidl_typesupport_introspection_cpp
[2.097s] -- Found python_cmake_module: 0.10.0 (/opt/ros/humble/share/python_cmake_module/cmake)
[2.132s] -- Using PYTHON_EXECUTABLE: /usr/bin/python3
[2.133s] -- Using PYTHON_INCLUDE_DIRS: /usr/include/python3.10
[2.133s] -- Using PYTHON_LIBRARIES: /usr/lib/x86_64-linux-gnu/libpython3.10.so
[2.232s] -- Found ament_cmake_flake8: 0.12.11 (/opt/ros/humble/share/ament_cmake_flake8/cmake)
[2.233s] -- Found ament_cmake_pep257: 0.12.11 (/opt/ros/humble/share/ament_cmake_pep257/cmake)
[2.249s] -- Configuring done
[2.329s] -- Generating done
[2.336s] -- Build files have been written to: /home/mewert/Desktop/luna/build/realsense2_camera_msgs
[2.358s] Invoked command in '/home/mewert/Desktop/luna/build/realsense2_camera_msgs' returned '0': CMAKE_PREFIX_PATH=${CMAKE_PREFIX_PATH}:/home/mewert/Desktop/luna/install/open_cv_pkg:/opt/ros/humble /usr/bin/cmake /home/mewert/Desktop/luna/src/realsense-ros/realsense2_camera_msgs -DAMENT_CMAKE_SYMLINK_INSTALL=1 -DCMAKE_INSTALL_PREFIX=/home/mewert/Desktop/luna/install/realsense2_camera_msgs
[2.358s] Invoking command in '/home/mewert/Desktop/luna/build/realsense2_camera_msgs': CMAKE_PREFIX_PATH=${CMAKE_PREFIX_PATH}:/home/mewert/Desktop/luna/install/open_cv_pkg:/opt/ros/humble /usr/bin/cmake --build /home/mewert/Desktop/luna/build/realsense2_camera_msgs -- -j6 -l6
[2.432s] [35m[1mConsolidate compiler generated dependencies of target realsense2_camera_msgs__rosidl_generator_c[0m
[2.447s] [ 11%] Built target realsense2_camera_msgs__rosidl_generator_c
[2.451s] [ 12%] Built target realsense2_camera_msgs__cpp
[2.474s] [35m[1mConsolidate compiler generated dependencies of target realsense2_camera_msgs__rosidl_typesupport_introspection_c[0m
[2.475s] [35m[1mConsolidate compiler generated dependencies of target realsense2_camera_msgs__rosidl_typesupport_c[0m
[2.479s] [35m[1mConsolidate compiler generated dependencies of target realsense2_camera_msgs__rosidl_typesupport_introspection_cpp[0m
[2.494s] [ 12%] Built target ament_cmake_python_symlink_realsense2_camera_msgs
[2.496s] [ 23%] Built target realsense2_camera_msgs__rosidl_typesupport_c
[2.498s] [35m[1mConsolidate compiler generated dependencies of target realsense2_camera_msgs__rosidl_typesupport_fastrtps_c[0m
[2.511s] [35m[1mConsolidate compiler generated dependencies of target realsense2_camera_msgs__rosidl_typesupport_fastrtps_cpp[0m
[2.528s] [ 34%] Built target realsense2_camera_msgs__rosidl_typesupport_introspection_cpp
[2.529s] [ 46%] Built target realsense2_camera_msgs__rosidl_typesupport_introspection_c
[2.529s] [35m[1mConsolidate compiler generated dependencies of target realsense2_camera_msgs__rosidl_typesupport_cpp[0m
[2.541s] [ 57%] Built target realsense2_camera_msgs__rosidl_typesupport_fastrtps_c
[2.545s] [ 68%] Built target realsense2_camera_msgs__rosidl_typesupport_fastrtps_cpp
[2.559s] [ 79%] Built target realsense2_camera_msgs__rosidl_typesupport_cpp
[2.586s] [ 79%] Built target realsense2_camera_msgs
[2.623s] [ 80%] Built target realsense2_camera_msgs__py
[2.644s] [35m[1mConsolidate compiler generated dependencies of target realsense2_camera_msgs__rosidl_generator_py[0m
[2.674s] [ 90%] Built target realsense2_camera_msgs__rosidl_generator_py
[2.693s] [35m[1mConsolidate compiler generated dependencies of target realsense2_camera_msgs__rosidl_typesupport_fastrtps_c__pyext[0m
[2.696s] [35m[1mConsolidate compiler generated dependencies of target realsense2_camera_msgs__rosidl_typesupport_introspection_c__pyext[0m
[2.698s] [35m[1mConsolidate compiler generated dependencies of target realsense2_camera_msgs__rosidl_typesupport_c__pyext[0m
[2.740s] [ 93%] Built target realsense2_camera_msgs__rosidl_typesupport_fastrtps_c__pyext
[2.740s] [ 96%] Built target realsense2_camera_msgs__rosidl_typesupport_introspection_c__pyext
[2.745s] [100%] Built target realsense2_camera_msgs__rosidl_typesupport_c__pyext
[2.980s] running egg_info
[2.982s] writing realsense2_camera_msgs.egg-info/PKG-INFO
[2.982s] writing dependency_links to realsense2_camera_msgs.egg-info/dependency_links.txt
[2.983s] writing top-level names to realsense2_camera_msgs.egg-info/top_level.txt
[2.990s] reading manifest file 'realsense2_camera_msgs.egg-info/SOURCES.txt'
[3.078s] [100%] Built target ament_cmake_python_build_realsense2_camera_msgs_egg
[3.105s] Invoked command in '/home/mewert/Desktop/luna/build/realsense2_camera_msgs' returned '0': CMAKE_PREFIX_PATH=${CMAKE_PREFIX_PATH}:/home/mewert/Desktop/luna/install/open_cv_pkg:/opt/ros/humble /usr/bin/cmake --build /home/mewert/Desktop/luna/build/realsense2_camera_msgs -- -j6 -l6
[3.360s] Invoking command in '/home/mewert/Desktop/luna/build/realsense2_camera_msgs': CMAKE_PREFIX_PATH=${CMAKE_PREFIX_PATH}:/home/mewert/Desktop/luna/install/open_cv_pkg:/opt/ros/humble /usr/bin/cmake --install /home/mewert/Desktop/luna/build/realsense2_camera_msgs
[3.368s] -- Install configuration: ""
[3.369s] -- Execute custom install script
[3.369s] -- Up-to-date symlink: /home/mewert/Desktop/luna/install/realsense2_camera_msgs/share/ament_index/resource_index/rosidl_interfaces/realsense2_camera_msgs
[3.370s] -- Up-to-date symlink: /home/mewert/Desktop/luna/install/realsense2_camera_msgs/include/realsense2_camera_msgs/realsense2_camera_msgs/msg/detail/extrinsics__functions.h
[3.370s] -- Up-to-date symlink: /home/mewert/Desktop/luna/install/realsense2_camera_msgs/include/realsense2_camera_msgs/realsense2_camera_msgs/msg/detail/extrinsics__struct.h
[3.370s] -- Up-to-date symlink: /home/mewert/Desktop/luna/install/realsense2_camera_msgs/include/realsense2_camera_msgs/realsense2_camera_msgs/msg/detail/extrinsics__type_support.h
[3.371s] -- Up-to-date symlink: /home/mewert/Desktop/luna/install/realsense2_camera_msgs/include/realsense2_camera_msgs/realsense2_camera_msgs/msg/detail/imu_info__functions.h
[3.371s] -- Up-to-date symlink: /home/mewert/Desktop/luna/install/realsense2_camera_msgs/include/realsense2_camera_msgs/realsense2_camera_msgs/msg/detail/imu_info__struct.h
[3.371s] -- Up-to-date symlink: /home/mewert/Desktop/luna/install/realsense2_camera_msgs/include/realsense2_camera_msgs/realsense2_camera_msgs/msg/detail/imu_info__type_support.h
[3.371s] -- Up-to-date symlink: /home/mewert/Desktop/luna/install/realsense2_camera_msgs/include/realsense2_camera_msgs/realsense2_camera_msgs/msg/detail/metadata__functions.h
[3.371s] -- Up-to-date symlink: /home/mewert/Desktop/luna/install/realsense2_camera_msgs/include/realsense2_camera_msgs/realsense2_camera_msgs/msg/detail/metadata__struct.h
[3.371s] -- Up-to-date symlink: /home/mewert/Desktop/luna/install/realsense2_camera_msgs/include/realsense2_camera_msgs/realsense2_camera_msgs/msg/detail/metadata__type_support.h
[3.372s] -- Up-to-date symlink: /home/mewert/Desktop/luna/install/realsense2_camera_msgs/include/realsense2_camera_msgs/realsense2_camera_msgs/msg/detail/rgbd__functions.h
[3.372s] -- Up-to-date symlink: /home/mewert/Desktop/luna/install/realsense2_camera_msgs/include/realsense2_camera_msgs/realsense2_camera_msgs/msg/detail/rgbd__struct.h
[3.372s] -- Up-to-date symlink: /home/mewert/Desktop/luna/install/realsense2_camera_msgs/include/realsense2_camera_msgs/realsense2_camera_msgs/msg/detail/rgbd__type_support.h
[3.372s] -- Up-to-date symlink: /home/mewert/Desktop/luna/install/realsense2_camera_msgs/include/realsense2_camera_msgs/realsense2_camera_msgs/msg/extrinsics.h
[3.372s] -- Up-to-date symlink: /home/mewert/Desktop/luna/install/realsense2_camera_msgs/include/realsense2_camera_msgs/realsense2_camera_msgs/msg/imu_info.h
[3.372s] -- Up-to-date symlink: /home/mewert/Desktop/luna/install/realsense2_camera_msgs/include/realsense2_camera_msgs/realsense2_camera_msgs/msg/metadata.h
[3.373s] -- Up-to-date symlink: /home/mewert/Desktop/luna/install/realsense2_camera_msgs/include/realsense2_camera_msgs/realsense2_camera_msgs/msg/rgbd.h
[3.373s] -- Up-to-date symlink: /home/mewert/Desktop/luna/install/realsense2_camera_msgs/include/realsense2_camera_msgs/realsense2_camera_msgs/msg/rosidl_generator_c__visibility_control.h
[3.373s] -- Up-to-date symlink: /home/mewert/Desktop/luna/install/realsense2_camera_msgs/include/realsense2_camera_msgs/realsense2_camera_msgs/srv/detail/device_info__functions.h
[3.373s] -- Up-to-date symlink: /home/mewert/Desktop/luna/install/realsense2_camera_msgs/include/realsense2_camera_msgs/realsense2_camera_msgs/srv/detail/device_info__struct.h
[3.373s] -- Up-to-date symlink: /home/mewert/Desktop/luna/install/realsense2_camera_msgs/include/realsense2_camera_msgs/realsense2_camera_msgs/srv/detail/device_info__type_support.h
[3.373s] -- Up-to-date symlink: /home/mewert/Desktop/luna/install/realsense2_camera_msgs/include/realsense2_camera_msgs/realsense2_camera_msgs/srv/device_info.h
[3.374s] -- Up-to-date symlink: /home/mewert/Desktop/luna/install/realsense2_camera_msgs/share/realsense2_camera_msgs/environment/library_path.sh
[3.374s] -- Up-to-date symlink: /home/mewert/Desktop/luna/install/realsense2_camera_msgs/share/realsense2_camera_msgs/environment/library_path.dsv
[3.375s] -- Up-to-date symlink: /home/mewert/Desktop/luna/install/realsense2_camera_msgs/include/realsense2_camera_msgs/realsense2_camera_msgs/msg/detail/extrinsics__rosidl_typesupport_fastrtps_c.h
[3.375s] -- Up-to-date symlink: /home/mewert/Desktop/luna/install/realsense2_camera_msgs/include/realsense2_camera_msgs/realsense2_camera_msgs/msg/detail/imu_info__rosidl_typesupport_fastrtps_c.h
[3.375s] -- Up-to-date symlink: /home/mewert/Desktop/luna/install/realsense2_camera_msgs/include/realsense2_camera_msgs/realsense2_camera_msgs/msg/detail/metadata__rosidl_typesupport_fastrtps_c.h
[3.375s] -- Up-to-date symlink: /home/mewert/Desktop/luna/install/realsense2_camera_msgs/include/realsense2_camera_msgs/realsense2_camera_msgs/msg/detail/rgbd__rosidl_typesupport_fastrtps_c.h
[3.375s] -- Up-to-date symlink: /home/mewert/Desktop/luna/install/realsense2_camera_msgs/include/realsense2_camera_msgs/realsense2_camera_msgs/msg/rosidl_typesupport_fastrtps_c__visibility_control.h
[3.375s] -- Up-to-date symlink: /home/mewert/Desktop/luna/install/realsense2_camera_msgs/include/realsense2_camera_msgs/realsense2_camera_msgs/srv/detail/device_info__rosidl_typesupport_fastrtps_c.h
[3.376s] -- Up-to-date symlink: /home/mewert/Desktop/luna/install/realsense2_camera_msgs/include/realsense2_camera_msgs/realsense2_camera_msgs/msg/detail/extrinsics__rosidl_typesupport_introspection_c.h
[3.376s] -- Up-to-date symlink: /home/mewert/Desktop/luna/install/realsense2_camera_msgs/include/realsense2_camera_msgs/realsense2_camera_msgs/msg/detail/imu_info__rosidl_typesupport_introspection_c.h
[3.376s] -- Up-to-date symlink: /home/mewert/Desktop/luna/install/realsense2_camera_msgs/include/realsense2_camera_msgs/realsense2_camera_msgs/msg/detail/metadata__rosidl_typesupport_introspection_c.h
[3.377s] -- Up-to-date symlink: /home/mewert/Desktop/luna/install/realsense2_camera_msgs/include/realsense2_camera_msgs/realsense2_camera_msgs/msg/detail/rgbd__rosidl_typesupport_introspection_c.h
[3.377s] -- Up-to-date symlink: /home/mewert/Desktop/luna/install/realsense2_camera_msgs/include/realsense2_camera_msgs/realsense2_camera_msgs/msg/rosidl_typesupport_introspection_c__visibility_control.h
[3.377s] -- Up-to-date symlink: /home/mewert/Desktop/luna/install/realsense2_camera_msgs/include/realsense2_camera_msgs/realsense2_camera_msgs/srv/detail/device_info__rosidl_typesupport_introspection_c.h
[3.378s] -- Up-to-date symlink: /home/mewert/Desktop/luna/install/realsense2_camera_msgs/include/realsense2_camera_msgs/realsense2_camera_msgs/msg/detail/extrinsics__builder.hpp
[3.378s] -- Up-to-date symlink: /home/mewert/Desktop/luna/install/realsense2_camera_msgs/include/realsense2_camera_msgs/realsense2_camera_msgs/msg/detail/extrinsics__struct.hpp
[3.378s] -- Up-to-date symlink: /home/mewert/Desktop/luna/install/realsense2_camera_msgs/include/realsense2_camera_msgs/realsense2_camera_msgs/msg/detail/extrinsics__traits.hpp
[3.379s] -- Up-to-date symlink: /home/mewert/Desktop/luna/install/realsense2_camera_msgs/include/realsense2_camera_msgs/realsense2_camera_msgs/msg/detail/imu_info__builder.hpp
[3.379s] -- Up-to-date symlink: /home/mewert/Desktop/luna/install/realsense2_camera_msgs/include/realsense2_camera_msgs/realsense2_camera_msgs/msg/detail/imu_info__struct.hpp
[3.379s] -- Up-to-date symlink: /home/mewert/Desktop/luna/install/realsense2_camera_msgs/include/realsense2_camera_msgs/realsense2_camera_msgs/msg/detail/imu_info__traits.hpp
[3.379s] -- Up-to-date symlink: /home/mewert/Desktop/luna/install/realsense2_camera_msgs/include/realsense2_camera_msgs/realsense2_camera_msgs/msg/detail/metadata__builder.hpp
[3.379s] -- Up-to-date symlink: /home/mewert/Desktop/luna/install/realsense2_camera_msgs/include/realsense2_camera_msgs/realsense2_camera_msgs/msg/detail/metadata__struct.hpp
[3.380s] -- Up-to-date symlink: /home/mewert/Desktop/luna/install/realsense2_camera_msgs/include/realsense2_camera_msgs/realsense2_camera_msgs/msg/detail/metadata__traits.hpp
[3.380s] -- Up-to-date symlink: /home/mewert/Desktop/luna/install/realsense2_camera_msgs/include/realsense2_camera_msgs/realsense2_camera_msgs/msg/detail/rgbd__builder.hpp
[3.380s] -- Up-to-date symlink: /home/mewert/Desktop/luna/install/realsense2_camera_msgs/include/realsense2_camera_msgs/realsense2_camera_msgs/msg/detail/rgbd__struct.hpp
[3.380s] -- Up-to-date symlink: /home/mewert/Desktop/luna/install/realsense2_camera_msgs/include/realsense2_camera_msgs/realsense2_camera_msgs/msg/detail/rgbd__traits.hpp
[3.380s] -- Up-to-date symlink: /home/mewert/Desktop/luna/install/realsense2_camera_msgs/include/realsense2_camera_msgs/realsense2_camera_msgs/msg/extrinsics.hpp
[3.380s] -- Up-to-date symlink: /home/mewert/Desktop/luna/install/realsense2_camera_msgs/include/realsense2_camera_msgs/realsense2_camera_msgs/msg/imu_info.hpp
[3.380s] -- Up-to-date symlink: /home/mewert/Desktop/luna/install/realsense2_camera_msgs/include/realsense2_camera_msgs/realsense2_camera_msgs/msg/metadata.hpp
[3.381s] -- Up-to-date symlink: /home/mewert/Desktop/luna/install/realsense2_camera_msgs/include/realsense2_camera_msgs/realsense2_camera_msgs/msg/rgbd.hpp
[3.381s] -- Up-to-date symlink: /home/mewert/Desktop/luna/install/realsense2_camera_msgs/include/realsense2_camera_msgs/realsense2_camera_msgs/srv/detail/device_info__builder.hpp
[3.381s] -- Up-to-date symlink: /home/mewert/Desktop/luna/install/realsense2_camera_msgs/include/realsense2_camera_msgs/realsense2_camera_msgs/srv/detail/device_info__struct.hpp
[3.382s] -- Up-to-date symlink: /home/mewert/Desktop/luna/install/realsense2_camera_msgs/include/realsense2_camera_msgs/realsense2_camera_msgs/srv/detail/device_info__traits.hpp
[3.382s] -- Up-to-date symlink: /home/mewert/Desktop/luna/install/realsense2_camera_msgs/include/realsense2_camera_msgs/realsense2_camera_msgs/srv/device_info.hpp
[3.383s] -- Up-to-date symlink: /home/mewert/Desktop/luna/install/realsense2_camera_msgs/include/realsense2_camera_msgs/realsense2_camera_msgs/msg/detail/extrinsics__rosidl_typesupport_fastrtps_cpp.hpp
[3.383s] -- Up-to-date symlink: /home/mewert/Desktop/luna/install/realsense2_camera_msgs/include/realsense2_camera_msgs/realsense2_camera_msgs/msg/detail/imu_info__rosidl_typesupport_fastrtps_cpp.hpp
[3.383s] -- Up-to-date symlink: /home/mewert/Desktop/luna/install/realsense2_camera_msgs/include/realsense2_camera_msgs/realsense2_camera_msgs/msg/detail/metadata__rosidl_typesupport_fastrtps_cpp.hpp
[3.383s] -- Up-to-date symlink: /home/mewert/Desktop/luna/install/realsense2_camera_msgs/include/realsense2_camera_msgs/realsense2_camera_msgs/msg/detail/rgbd__rosidl_typesupport_fastrtps_cpp.hpp
[3.384s] -- Up-to-date symlink: /home/mewert/Desktop/luna/install/realsense2_camera_msgs/include/realsense2_camera_msgs/realsense2_camera_msgs/msg/rosidl_typesupport_fastrtps_cpp__visibility_control.h
[3.384s] -- Up-to-date symlink: /home/mewert/Desktop/luna/install/realsense2_camera_msgs/include/realsense2_camera_msgs/realsense2_camera_msgs/srv/detail/device_info__rosidl_typesupport_fastrtps_cpp.hpp
[3.384s] -- Up-to-date symlink: /home/mewert/Desktop/luna/install/realsense2_camera_msgs/include/realsense2_camera_msgs/realsense2_camera_msgs/msg/detail/extrinsics__rosidl_typesupport_introspection_cpp.hpp
[3.384s] -- Up-to-date symlink: /home/mewert/Desktop/luna/install/realsense2_camera_msgs/include/realsense2_camera_msgs/realsense2_camera_msgs/msg/detail/imu_info__rosidl_typesupport_introspection_cpp.hpp
[3.384s] -- Up-to-date symlink: /home/mewert/Desktop/luna/install/realsense2_camera_msgs/include/realsense2_camera_msgs/realsense2_camera_msgs/msg/detail/metadata__rosidl_typesupport_introspection_cpp.hpp
[3.384s] -- Up-to-date symlink: /home/mewert/Desktop/luna/install/realsense2_camera_msgs/include/realsense2_camera_msgs/realsense2_camera_msgs/msg/detail/rgbd__rosidl_typesupport_introspection_cpp.hpp
[3.385s] -- Up-to-date symlink: /home/mewert/Desktop/luna/install/realsense2_camera_msgs/include/realsense2_camera_msgs/realsense2_camera_msgs/srv/detail/device_info__rosidl_typesupport_introspection_cpp.hpp
[3.385s] -- Up-to-date symlink: /home/mewert/Desktop/luna/install/realsense2_camera_msgs/share/realsense2_camera_msgs/environment/pythonpath.sh
[3.385s] -- Up-to-date symlink: /home/mewert/Desktop/luna/install/realsense2_camera_msgs/share/realsense2_camera_msgs/environment/pythonpath.dsv
[3.386s] -- Up-to-date symlink: /home/mewert/Desktop/luna/install/realsense2_camera_msgs/local/lib/python3.10/dist-packages/realsense2_camera_msgs-4.55.1-py3.10.egg-info/PKG-INFO
[3.386s] -- Up-to-date symlink: /home/mewert/Desktop/luna/install/realsense2_camera_msgs/local/lib/python3.10/dist-packages/realsense2_camera_msgs-4.55.1-py3.10.egg-info/SOURCES.txt
[3.386s] -- Up-to-date symlink: /home/mewert/Desktop/luna/install/realsense2_camera_msgs/local/lib/python3.10/dist-packages/realsense2_camera_msgs-4.55.1-py3.10.egg-info/dependency_links.txt
[3.387s] -- Up-to-date symlink: /home/mewert/Desktop/luna/install/realsense2_camera_msgs/local/lib/python3.10/dist-packages/realsense2_camera_msgs-4.55.1-py3.10.egg-info/top_level.txt
[3.388s] -- Up-to-date symlink: /home/mewert/Desktop/luna/install/realsense2_camera_msgs/local/lib/python3.10/dist-packages/realsense2_camera_msgs/__init__.py
[3.388s] -- Up-to-date symlink: /home/mewert/Desktop/luna/install/realsense2_camera_msgs/local/lib/python3.10/dist-packages/realsense2_camera_msgs/_realsense2_camera_msgs_s.ep.rosidl_typesupport_c.c
[3.388s] -- Up-to-date symlink: /home/mewert/Desktop/luna/install/realsense2_camera_msgs/local/lib/python3.10/dist-packages/realsense2_camera_msgs/_realsense2_camera_msgs_s.ep.rosidl_typesupport_fastrtps_c.c
[3.388s] -- Up-to-date symlink: /home/mewert/Desktop/luna/install/realsense2_camera_msgs/local/lib/python3.10/dist-packages/realsense2_camera_msgs/_realsense2_camera_msgs_s.ep.rosidl_typesupport_introspection_c.c
[3.388s] -- Up-to-date symlink: /home/mewert/Desktop/luna/install/realsense2_camera_msgs/local/lib/python3.10/dist-packages/realsense2_camera_msgs/librealsense2_camera_msgs__rosidl_generator_py.so
[3.389s] -- Up-to-date symlink: /home/mewert/Desktop/luna/install/realsense2_camera_msgs/local/lib/python3.10/dist-packages/realsense2_camera_msgs/msg/__init__.py
[3.389s] -- Up-to-date symlink: /home/mewert/Desktop/luna/install/realsense2_camera_msgs/local/lib/python3.10/dist-packages/realsense2_camera_msgs/msg/_extrinsics.py
[3.389s] -- Up-to-date symlink: /home/mewert/Desktop/luna/install/realsense2_camera_msgs/local/lib/python3.10/dist-packages/realsense2_camera_msgs/msg/_extrinsics_s.c
[3.389s] -- Up-to-date symlink: /home/mewert/Desktop/luna/install/realsense2_camera_msgs/local/lib/python3.10/dist-packages/realsense2_camera_msgs/msg/_imu_info.py
[3.389s] -- Up-to-date symlink: /home/mewert/Desktop/luna/install/realsense2_camera_msgs/local/lib/python3.10/dist-packages/realsense2_camera_msgs/msg/_imu_info_s.c
[3.390s] -- Up-to-date symlink: /home/mewert/Desktop/luna/install/realsense2_camera_msgs/local/lib/python3.10/dist-packages/realsense2_camera_msgs/msg/_metadata.py
[3.390s] -- Up-to-date symlink: /home/mewert/Desktop/luna/install/realsense2_camera_msgs/local/lib/python3.10/dist-packages/realsense2_camera_msgs/msg/_metadata_s.c
[3.390s] -- Up-to-date symlink: /home/mewert/Desktop/luna/install/realsense2_camera_msgs/local/lib/python3.10/dist-packages/realsense2_camera_msgs/msg/_rgbd.py
[3.390s] -- Up-to-date symlink: /home/mewert/Desktop/luna/install/realsense2_camera_msgs/local/lib/python3.10/dist-packages/realsense2_camera_msgs/msg/_rgbd_s.c
[3.391s] -- Up-to-date symlink: /home/mewert/Desktop/luna/install/realsense2_camera_msgs/local/lib/python3.10/dist-packages/realsense2_camera_msgs/realsense2_camera_msgs_s__rosidl_typesupport_c.cpython-310-x86_64-linux-gnu.so
[3.391s] -- Up-to-date symlink: /home/mewert/Desktop/luna/install/realsense2_camera_msgs/local/lib/python3.10/dist-packages/realsense2_camera_msgs/realsense2_camera_msgs_s__rosidl_typesupport_fastrtps_c.cpython-310-x86_64-linux-gnu.so
[3.391s] -- Up-to-date symlink: /home/mewert/Desktop/luna/install/realsense2_camera_msgs/local/lib/python3.10/dist-packages/realsense2_camera_msgs/realsense2_camera_msgs_s__rosidl_typesupport_introspection_c.cpython-310-x86_64-linux-gnu.so
[3.391s] -- Up-to-date symlink: /home/mewert/Desktop/luna/install/realsense2_camera_msgs/local/lib/python3.10/dist-packages/realsense2_camera_msgs/srv/__init__.py
[3.392s] -- Up-to-date symlink: /home/mewert/Desktop/luna/install/realsense2_camera_msgs/local/lib/python3.10/dist-packages/realsense2_camera_msgs/srv/_device_info.py
[3.392s] -- Up-to-date symlink: /home/mewert/Desktop/luna/install/realsense2_camera_msgs/local/lib/python3.10/dist-packages/realsense2_camera_msgs/srv/_device_info_s.c
[3.392s] -- Up-to-date symlink: /home/mewert/Desktop/luna/install/realsense2_camera_msgs/local/lib/python3.10/dist-packages/realsense2_camera_msgs/realsense2_camera_msgs_s__rosidl_typesupport_fastrtps_c.cpython-310-x86_64-linux-gnu.so
[3.392s] -- Up-to-date symlink: /home/mewert/Desktop/luna/install/realsense2_camera_msgs/local/lib/python3.10/dist-packages/realsense2_camera_msgs/realsense2_camera_msgs_s__rosidl_typesupport_introspection_c.cpython-310-x86_64-linux-gnu.so
[3.392s] -- Up-to-date symlink: /home/mewert/Desktop/luna/install/realsense2_camera_msgs/local/lib/python3.10/dist-packages/realsense2_camera_msgs/realsense2_camera_msgs_s__rosidl_typesupport_c.cpython-310-x86_64-linux-gnu.so
[3.392s] -- Up-to-date symlink: /home/mewert/Desktop/luna/install/realsense2_camera_msgs/share/realsense2_camera_msgs/msg/IMUInfo.idl
[3.393s] -- Up-to-date symlink: /home/mewert/Desktop/luna/install/realsense2_camera_msgs/share/realsense2_camera_msgs/msg/Extrinsics.idl
[3.393s] -- Up-to-date symlink: /home/mewert/Desktop/luna/install/realsense2_camera_msgs/share/realsense2_camera_msgs/msg/Metadata.idl
[3.394s] -- Up-to-date symlink: /home/mewert/Desktop/luna/install/realsense2_camera_msgs/share/realsense2_camera_msgs/msg/RGBD.idl
[3.395s] -- Up-to-date symlink: /home/mewert/Desktop/luna/install/realsense2_camera_msgs/share/realsense2_camera_msgs/srv/DeviceInfo.idl
[3.396s] -- Up-to-date symlink: /home/mewert/Desktop/luna/install/realsense2_camera_msgs/share/realsense2_camera_msgs/msg/IMUInfo.msg
[3.397s] -- Up-to-date symlink: /home/mewert/Desktop/luna/install/realsense2_camera_msgs/share/realsense2_camera_msgs/msg/Extrinsics.msg
[3.397s] -- Up-to-date symlink: /home/mewert/Desktop/luna/install/realsense2_camera_msgs/share/realsense2_camera_msgs/msg/Metadata.msg
[3.398s] -- Up-to-date symlink: /home/mewert/Desktop/luna/install/realsense2_camera_msgs/share/realsense2_camera_msgs/msg/RGBD.msg
[3.398s] -- Up-to-date symlink: /home/mewert/Desktop/luna/install/realsense2_camera_msgs/share/realsense2_camera_msgs/srv/DeviceInfo.srv
[3.398s] -- Up-to-date symlink: /home/mewert/Desktop/luna/install/realsense2_camera_msgs/share/realsense2_camera_msgs/srv/DeviceInfo_Request.msg
[3.398s] -- Up-to-date symlink: /home/mewert/Desktop/luna/install/realsense2_camera_msgs/share/realsense2_camera_msgs/srv/DeviceInfo_Response.msg
[3.398s] -- Up-to-date symlink: /home/mewert/Desktop/luna/install/realsense2_camera_msgs/share/ament_index/resource_index/package_run_dependencies/realsense2_camera_msgs
[3.399s] -- Up-to-date symlink: /home/mewert/Desktop/luna/install/realsense2_camera_msgs/share/ament_index/resource_index/parent_prefix_path/realsense2_camera_msgs
[3.399s] -- Up-to-date symlink: /home/mewert/Desktop/luna/install/realsense2_camera_msgs/share/realsense2_camera_msgs/environment/ament_prefix_path.sh
[3.399s] -- Up-to-date symlink: /home/mewert/Desktop/luna/install/realsense2_camera_msgs/share/realsense2_camera_msgs/environment/ament_prefix_path.dsv
[3.399s] -- Up-to-date symlink: /home/mewert/Desktop/luna/install/realsense2_camera_msgs/share/realsense2_camera_msgs/environment/path.sh
[3.399s] -- Up-to-date symlink: /home/mewert/Desktop/luna/install/realsense2_camera_msgs/share/realsense2_camera_msgs/environment/path.dsv
[3.399s] -- Up-to-date symlink: /home/mewert/Desktop/luna/install/realsense2_camera_msgs/share/realsense2_camera_msgs/local_setup.bash
[3.399s] -- Up-to-date symlink: /home/mewert/Desktop/luna/install/realsense2_camera_msgs/share/realsense2_camera_msgs/local_setup.sh
[3.400s] -- Up-to-date symlink: /home/mewert/Desktop/luna/install/realsense2_camera_msgs/share/realsense2_camera_msgs/local_setup.zsh
[3.400s] -- Up-to-date symlink: /home/mewert/Desktop/luna/install/realsense2_camera_msgs/share/realsense2_camera_msgs/local_setup.dsv
[3.400s] -- Symlinking: /home/mewert/Desktop/luna/install/realsense2_camera_msgs/share/realsense2_camera_msgs/package.dsv
[3.417s] -- Up-to-date symlink: /home/mewert/Desktop/luna/install/realsense2_camera_msgs/share/ament_index/resource_index/packages/realsense2_camera_msgs
[3.418s] -- Up-to-date symlink: /home/mewert/Desktop/luna/install/realsense2_camera_msgs/share/realsense2_camera_msgs/cmake/rosidl_cmake-extras.cmake
[3.418s] -- Up-to-date symlink: /home/mewert/Desktop/luna/install/realsense2_camera_msgs/share/realsense2_camera_msgs/cmake/ament_cmake_export_dependencies-extras.cmake
[3.418s] -- Up-to-date symlink: /home/mewert/Desktop/luna/install/realsense2_camera_msgs/share/realsense2_camera_msgs/cmake/ament_cmake_export_include_directories-extras.cmake
[3.418s] -- Up-to-date symlink: /home/mewert/Desktop/luna/install/realsense2_camera_msgs/share/realsense2_camera_msgs/cmake/ament_cmake_export_libraries-extras.cmake
[3.418s] -- Up-to-date symlink: /home/mewert/Desktop/luna/install/realsense2_camera_msgs/share/realsense2_camera_msgs/cmake/ament_cmake_export_targets-extras.cmake
[3.418s] -- Up-to-date symlink: /home/mewert/Desktop/luna/install/realsense2_camera_msgs/share/realsense2_camera_msgs/cmake/rosidl_cmake_export_typesupport_targets-extras.cmake
[3.418s] -- Up-to-date symlink: /home/mewert/Desktop/luna/install/realsense2_camera_msgs/share/realsense2_camera_msgs/cmake/rosidl_cmake_export_typesupport_libraries-extras.cmake
[3.419s] -- Up-to-date symlink: /home/mewert/Desktop/luna/install/realsense2_camera_msgs/share/realsense2_camera_msgs/cmake/realsense2_camera_msgsConfig.cmake
[3.419s] -- Up-to-date symlink: /home/mewert/Desktop/luna/install/realsense2_camera_msgs/share/realsense2_camera_msgs/cmake/realsense2_camera_msgsConfig-version.cmake
[3.419s] -- Up-to-date symlink: /home/mewert/Desktop/luna/install/realsense2_camera_msgs/share/realsense2_camera_msgs/package.xml
[3.419s] -- Up-to-date: /home/mewert/Desktop/luna/install/realsense2_camera_msgs/lib/librealsense2_camera_msgs__rosidl_generator_c.so
[3.419s] -- Up-to-date: /home/mewert/Desktop/luna/install/realsense2_camera_msgs/lib/librealsense2_camera_msgs__rosidl_typesupport_fastrtps_c.so
[3.419s] -- Up-to-date: /home/mewert/Desktop/luna/install/realsense2_camera_msgs/lib/librealsense2_camera_msgs__rosidl_typesupport_introspection_c.so
[3.419s] -- Up-to-date: /home/mewert/Desktop/luna/install/realsense2_camera_msgs/lib/librealsense2_camera_msgs__rosidl_typesupport_c.so
[3.419s] -- Up-to-date: /home/mewert/Desktop/luna/install/realsense2_camera_msgs/lib/librealsense2_camera_msgs__rosidl_typesupport_fastrtps_cpp.so
[3.420s] -- Up-to-date: /home/mewert/Desktop/luna/install/realsense2_camera_msgs/lib/librealsense2_camera_msgs__rosidl_typesupport_introspection_cpp.so
[3.420s] -- Up-to-date: /home/mewert/Desktop/luna/install/realsense2_camera_msgs/lib/librealsense2_camera_msgs__rosidl_typesupport_cpp.so
[3.469s] Listing '/home/mewert/Desktop/luna/install/realsense2_camera_msgs/local/lib/python3.10/dist-packages/realsense2_camera_msgs'...
[3.469s] Compiling '/home/mewert/Desktop/luna/install/realsense2_camera_msgs/local/lib/python3.10/dist-packages/realsense2_camera_msgs/__init__.py'...
[3.469s] Listing '/home/mewert/Desktop/luna/install/realsense2_camera_msgs/local/lib/python3.10/dist-packages/realsense2_camera_msgs/msg'...
[3.469s] Listing '/home/mewert/Desktop/luna/install/realsense2_camera_msgs/local/lib/python3.10/dist-packages/realsense2_camera_msgs/srv'...
[3.476s] -- Up-to-date: /home/mewert/Desktop/luna/install/realsense2_camera_msgs/lib/librealsense2_camera_msgs__rosidl_generator_py.so
[3.476s] -- Up-to-date: /home/mewert/Desktop/luna/install/realsense2_camera_msgs/share/realsense2_camera_msgs/cmake/export_realsense2_camera_msgs__rosidl_generator_cExport.cmake
[3.477s] -- Up-to-date: /home/mewert/Desktop/luna/install/realsense2_camera_msgs/share/realsense2_camera_msgs/cmake/export_realsense2_camera_msgs__rosidl_generator_cExport-noconfig.cmake
[3.477s] -- Up-to-date: /home/mewert/Desktop/luna/install/realsense2_camera_msgs/share/realsense2_camera_msgs/cmake/export_realsense2_camera_msgs__rosidl_typesupport_fastrtps_cExport.cmake
[3.477s] -- Up-to-date: /home/mewert/Desktop/luna/install/realsense2_camera_msgs/share/realsense2_camera_msgs/cmake/export_realsense2_camera_msgs__rosidl_typesupport_fastrtps_cExport-noconfig.cmake
[3.477s] -- Up-to-date: /home/mewert/Desktop/luna/install/realsense2_camera_msgs/share/realsense2_camera_msgs/cmake/realsense2_camera_msgs__rosidl_typesupport_introspection_cExport.cmake
[3.477s] -- Up-to-date: /home/mewert/Desktop/luna/install/realsense2_camera_msgs/share/realsense2_camera_msgs/cmake/realsense2_camera_msgs__rosidl_typesupport_introspection_cExport-noconfig.cmake
[3.477s] -- Up-to-date: /home/mewert/Desktop/luna/install/realsense2_camera_msgs/share/realsense2_camera_msgs/cmake/realsense2_camera_msgs__rosidl_typesupport_cExport.cmake
[3.477s] -- Up-to-date: /home/mewert/Desktop/luna/install/realsense2_camera_msgs/share/realsense2_camera_msgs/cmake/realsense2_camera_msgs__rosidl_typesupport_cExport-noconfig.cmake
[3.478s] -- Up-to-date: /home/mewert/Desktop/luna/install/realsense2_camera_msgs/share/realsense2_camera_msgs/cmake/export_realsense2_camera_msgs__rosidl_generator_cppExport.cmake
[3.478s] -- Up-to-date: /home/mewert/Desktop/luna/install/realsense2_camera_msgs/share/realsense2_camera_msgs/cmake/export_realsense2_camera_msgs__rosidl_typesupport_fastrtps_cppExport.cmake
[3.478s] -- Up-to-date: /home/mewert/Desktop/luna/install/realsense2_camera_msgs/share/realsense2_camera_msgs/cmake/export_realsense2_camera_msgs__rosidl_typesupport_fastrtps_cppExport-noconfig.cmake
[3.478s] -- Up-to-date: /home/mewert/Desktop/luna/install/realsense2_camera_msgs/share/realsense2_camera_msgs/cmake/realsense2_camera_msgs__rosidl_typesupport_introspection_cppExport.cmake
[3.478s] -- Up-to-date: /home/mewert/Desktop/luna/install/realsense2_camera_msgs/share/realsense2_camera_msgs/cmake/realsense2_camera_msgs__rosidl_typesupport_introspection_cppExport-noconfig.cmake
[3.478s] -- Up-to-date: /home/mewert/Desktop/luna/install/realsense2_camera_msgs/share/realsense2_camera_msgs/cmake/realsense2_camera_msgs__rosidl_typesupport_cppExport.cmake
[3.478s] -- Up-to-date: /home/mewert/Desktop/luna/install/realsense2_camera_msgs/share/realsense2_camera_msgs/cmake/realsense2_camera_msgs__rosidl_typesupport_cppExport-noconfig.cmake
[3.478s] -- Up-to-date: /home/mewert/Desktop/luna/install/realsense2_camera_msgs/share/realsense2_camera_msgs/cmake/export_realsense2_camera_msgs__rosidl_generator_pyExport.cmake
[3.478s] -- Up-to-date: /home/mewert/Desktop/luna/install/realsense2_camera_msgs/share/realsense2_camera_msgs/cmake/export_realsense2_camera_msgs__rosidl_generator_pyExport-noconfig.cmake
[3.483s] Invoked command in '/home/mewert/Desktop/luna/build/realsense2_camera_msgs' returned '0': CMAKE_PREFIX_PATH=${CMAKE_PREFIX_PATH}:/home/mewert/Desktop/luna/install/open_cv_pkg:/opt/ros/humble /usr/bin/cmake --install /home/mewert/Desktop/luna/build/realsense2_camera_msgs
