[01m[K/home/mewert/Desktop/luna/src/pointcloud_to_grid/src/pointcloud_to_grid_node.cpp:[m[K In constructor ‘[01m[KPointCloudToGrid::PointCloudToGrid()[m[K’:
[01m[K/home/mewert/Desktop/luna/src/pointcloud_to_grid/src/pointcloud_to_grid_node.cpp:98:60:[m[K [01;31m[Kerror: [m[Kexpected primary-expression before ‘[01m[K/[m[K’ token
   98 |     this->declare_parameter<std::string>("cloud_in_topic", [01;31m[K/[m[Kcamera/camera/depth/color/points);
      |                                                            [01;31m[K^[m[K
[01m[K/home/mewert/Desktop/luna/src/pointcloud_to_grid/src/pointcloud_to_grid_node.cpp:98:61:[m[K [01;31m[Kerror: [m[K‘[01m[Kcamera[m[K’ was not declared in this scope
   98 |     this->declare_parameter<std::string>("cloud_in_topic", /[01;31m[Kcamera[m[K/camera/depth/color/points);
      |                                                             [01;31m[K^~~~~~[m[K
[01m[K/home/mewert/Desktop/luna/src/pointcloud_to_grid/src/pointcloud_to_grid_node.cpp:98:75:[m[K [01;31m[Kerror: [m[K‘[01m[Kdepth[m[K’ was not declared in this scope
   98 | are_parameter<std::string>("cloud_in_topic", /camera/camera/[01;31m[Kdepth[m[K/color/points);
      |                                                             [01;31m[K^~~~~[m[K

[01m[K/home/mewert/Desktop/luna/src/pointcloud_to_grid/src/pointcloud_to_grid_node.cpp:98:81:[m[K [01;31m[Kerror: [m[K‘[01m[Kcolor[m[K’ was not declared in this scope
   98 | rameter<std::string>("cloud_in_topic", /camera/camera/depth/[01;31m[Kcolor[m[K/points);
      |                                                             [01;31m[K^~~~~[m[K

[01m[K/home/mewert/Desktop/luna/src/pointcloud_to_grid/src/pointcloud_to_grid_node.cpp:98:87:[m[K [01;31m[Kerror: [m[K‘[01m[Kpoints[m[K’ was not declared in this scope; did you mean ‘[01m[Kprintf[m[K’?
   98 | eter<std::string>("cloud_in_topic", /camera/camera/depth/color/[01;31m[Kpoints[m[K);
      |                                                                [01;31m[K^~~~~~[m[K
      |                                                                [32m[Kprintf[m[K
gmake[2]: *** [CMakeFiles/pointcloud_to_grid_node.dir/build.make:76: CMakeFiles/pointcloud_to_grid_node.dir/src/pointcloud_to_grid_node.cpp.o] Interrupt
gmake[2]: *** [CMakeFiles/grid_trajectory.dir/build.make:76: CMakeFiles/grid_trajectory.dir/src/grid_trajectory.cpp.o] Interrupt
gmake[1]: *** [CMakeFiles/Makefile2:139: CMakeFiles/pointcloud_to_grid_node.dir/all] Interrupt
gmake[1]: *** [CMakeFiles/Makefile2:165: CMakeFiles/grid_trajectory.dir/all] Interrupt
gmake: *** [Makefile:146: all] Interrupt
