[0.023s] Invoking command in '/home/mewert/Desktop/luna/build/realsense2_camera': CMAKE_PREFIX_PATH=/home/mewert/Desktop/luna/install/realsense2_camera_msgs:/home/mewert/Desktop/luna/install/diagnostic_updater:/home/mewert/Desktop/luna/install/diagnostics:/home/mewert/Desktop/luna/install/self_test:/home/mewert/Desktop/luna/install/realsense2_description:/home/mewert/Desktop/luna/install/realsense2_camera:/home/mewert/Desktop/luna/install/pointcloud_to_grid:/home/mewert/Desktop/luna/install/my_pointcloud_pkg:/home/mewert/Desktop/luna/install/my_octomap_pkg:/home/mewert/Desktop/luna/install/diagnostic_common_diagnostics:/home/mewert/Desktop/luna/install/diagnostic_aggregator:/home/mewert/Desktop/luna/install/open_cv_pkg:/opt/ros/humble LD_LIBRARY_PATH=/home/mewert/Desktop/luna/install/realsense2_camera_msgs/lib:/home/mewert/Desktop/luna/install/diagnostic_updater/lib:/home/mewert/Desktop/luna/install/realsense2_camera/lib:/home/mewert/Desktop/luna/install/diagnostic_aggregator/lib:/opt/ros/humble/opt/rviz_ogre_vendor/lib:/opt/ros/humble/lib/x86_64-linux-gnu:/opt/ros/humble/lib /usr/bin/cmake --build /home/mewert/Desktop/luna/build/realsense2_camera -- -j6 -l6
[0.135s] [  4%] [32mBuilding CXX object CMakeFiles/realsense2_camera.dir/src/realsense_node_factory.cpp.o[0m
[10.105s] [  9%] [32mBuilding CXX object CMakeFiles/realsense2_camera.dir/src/parameters.cpp.o[0m
[16.351s] [ 13%] [32mBuilding CXX object CMakeFiles/realsense2_camera.dir/src/rs_node_setup.cpp.o[0m
[28.260s] [ 18%] [32mBuilding CXX object CMakeFiles/realsense2_camera.dir/src/ros_sensor.cpp.o[0m
[34.541s] [ 22%] [32mBuilding CXX object CMakeFiles/realsense2_camera.dir/src/ros_utils.cpp.o[0m
[38.113s] [ 27%] [32mBuilding CXX object CMakeFiles/realsense2_camera.dir/src/dynamic_params.cpp.o[0m
[42.330s] [ 31%] [32mBuilding CXX object CMakeFiles/realsense2_camera.dir/src/sensor_params.cpp.o[0m
[43.343s] [ 36%] [32mBuilding CXX object CMakeFiles/realsense2_camera.dir/src/base_realsense_node.cpp.o[0m
[43.423s] [ 40%] [32mBuilding CXX object CMakeFiles/realsense2_camera.dir/src/named_filter.cpp.o[0m
[47.561s] [ 45%] [32mBuilding CXX object CMakeFiles/realsense2_camera.dir/src/profile_manager.cpp.o[0m
[51.085s] [ 50%] [32mBuilding CXX object CMakeFiles/realsense2_camera.dir/src/image_publisher.cpp.o[0m
[55.560s] [ 54%] [32mBuilding CXX object CMakeFiles/realsense2_camera.dir/src/tfs.cpp.o[0m
[56.355s] [ 59%] [32mBuilding CXX object CMakeFiles/realsense2_camera.dir/src/ros_param_backend.cpp.o[0m
[63.953s] [ 63%] [32m[1mLinking CXX shared library librealsense2_camera.so[0m
[64.567s] [ 63%] Built target realsense2_camera
[64.594s] [ 72%] [32mBuilding CXX object gtest/CMakeFiles/gtest_main.dir/src/gtest_main.cc.o[0m
[64.594s] [ 72%] [32mBuilding CXX object gtest/CMakeFiles/gtest.dir/src/gtest-all.cc.o[0m
[64.596s] [ 77%] [32mBuilding CXX object CMakeFiles/realsense2_camera_node.dir/rclcpp_components/node_main_realsense2_camera_node.cpp.o[0m
[65.256s] [ 81%] [32m[1mLinking CXX static library libgtest_main.a[0m
[65.307s] [ 81%] Built target gtest_main
[68.326s] [ 86%] [32m[1mLinking CXX executable realsense2_camera_node[0m
[68.512s] [ 86%] Built target realsense2_camera_node
[71.074s] [ 90%] [32m[1mLinking CXX static library libgtest.a[0m
[71.135s] [ 90%] Built target gtest
[71.168s] [ 95%] [32mBuilding CXX object CMakeFiles/gtest_template.dir/test/gtest_template.cpp.o[0m
[71.938s] [100%] [32m[1mLinking CXX executable gtest_template[0m
[72.093s] [100%] Built target gtest_template
[72.106s] Invoked command in '/home/mewert/Desktop/luna/build/realsense2_camera' returned '0': CMAKE_PREFIX_PATH=/home/mewert/Desktop/luna/install/realsense2_camera_msgs:/home/mewert/Desktop/luna/install/diagnostic_updater:/home/mewert/Desktop/luna/install/diagnostics:/home/mewert/Desktop/luna/install/self_test:/home/mewert/Desktop/luna/install/realsense2_description:/home/mewert/Desktop/luna/install/realsense2_camera:/home/mewert/Desktop/luna/install/pointcloud_to_grid:/home/mewert/Desktop/luna/install/my_pointcloud_pkg:/home/mewert/Desktop/luna/install/my_octomap_pkg:/home/mewert/Desktop/luna/install/diagnostic_common_diagnostics:/home/mewert/Desktop/luna/install/diagnostic_aggregator:/home/mewert/Desktop/luna/install/open_cv_pkg:/opt/ros/humble LD_LIBRARY_PATH=/home/mewert/Desktop/luna/install/realsense2_camera_msgs/lib:/home/mewert/Desktop/luna/install/diagnostic_updater/lib:/home/mewert/Desktop/luna/install/realsense2_camera/lib:/home/mewert/Desktop/luna/install/diagnostic_aggregator/lib:/opt/ros/humble/opt/rviz_ogre_vendor/lib:/opt/ros/humble/lib/x86_64-linux-gnu:/opt/ros/humble/lib /usr/bin/cmake --build /home/mewert/Desktop/luna/build/realsense2_camera -- -j6 -l6
[72.180s] Invoking command in '/home/mewert/Desktop/luna/build/realsense2_camera': CMAKE_PREFIX_PATH=/home/mewert/Desktop/luna/install/realsense2_camera_msgs:/home/mewert/Desktop/luna/install/diagnostic_updater:/home/mewert/Desktop/luna/install/diagnostics:/home/mewert/Desktop/luna/install/self_test:/home/mewert/Desktop/luna/install/realsense2_description:/home/mewert/Desktop/luna/install/realsense2_camera:/home/mewert/Desktop/luna/install/pointcloud_to_grid:/home/mewert/Desktop/luna/install/my_pointcloud_pkg:/home/mewert/Desktop/luna/install/my_octomap_pkg:/home/mewert/Desktop/luna/install/diagnostic_common_diagnostics:/home/mewert/Desktop/luna/install/diagnostic_aggregator:/home/mewert/Desktop/luna/install/open_cv_pkg:/opt/ros/humble LD_LIBRARY_PATH=/home/mewert/Desktop/luna/install/realsense2_camera_msgs/lib:/home/mewert/Desktop/luna/install/diagnostic_updater/lib:/home/mewert/Desktop/luna/install/realsense2_camera/lib:/home/mewert/Desktop/luna/install/diagnostic_aggregator/lib:/opt/ros/humble/opt/rviz_ogre_vendor/lib:/opt/ros/humble/lib/x86_64-linux-gnu:/opt/ros/humble/lib /usr/bin/cmake --install /home/mewert/Desktop/luna/build/realsense2_camera
[72.188s] -- Install configuration: "Release"
[72.189s] -- Execute custom install script
[72.190s] -- Up-to-date symlink: /home/mewert/Desktop/luna/install/realsense2_camera/lib/realsense2_camera/realsense2_camera_node
[72.191s] -- Up-to-date symlink: /home/mewert/Desktop/luna/install/realsense2_camera/lib/librealsense2_camera.so
[72.191s] -- Up-to-date symlink: /home/mewert/Desktop/luna/install/realsense2_camera/include/base_realsense_node.h
[72.191s] -- Up-to-date symlink: /home/mewert/Desktop/luna/install/realsense2_camera/include/constants.h
[72.191s] -- Up-to-date symlink: /home/mewert/Desktop/luna/install/realsense2_camera/include/dynamic_params.h
[72.192s] -- Up-to-date symlink: /home/mewert/Desktop/luna/install/realsense2_camera/include/gl_window.h
[72.192s] -- Up-to-date symlink: /home/mewert/Desktop/luna/install/realsense2_camera/include/image_publisher.h
[72.192s] -- Up-to-date symlink: /home/mewert/Desktop/luna/install/realsense2_camera/include/named_filter.h
[72.192s] -- Up-to-date symlink: /home/mewert/Desktop/luna/install/realsense2_camera/include/profile_manager.h
[72.192s] -- Up-to-date symlink: /home/mewert/Desktop/luna/install/realsense2_camera/include/realsense_node_factory.h
[72.192s] -- Up-to-date symlink: /home/mewert/Desktop/luna/install/realsense2_camera/include/ros_param_backend.h
[72.192s] -- Up-to-date symlink: /home/mewert/Desktop/luna/install/realsense2_camera/include/ros_sensor.h
[72.193s] -- Up-to-date symlink: /home/mewert/Desktop/luna/install/realsense2_camera/include/ros_utils.h
[72.193s] -- Up-to-date symlink: /home/mewert/Desktop/luna/install/realsense2_camera/include/sensor_params.h
[72.193s] -- Up-to-date symlink: /home/mewert/Desktop/luna/install/realsense2_camera/share/realsense2_camera/launch/default.rviz
[72.193s] -- Up-to-date symlink: /home/mewert/Desktop/luna/install/realsense2_camera/share/realsense2_camera/launch/rs_intra_process_demo_launch.py
[72.193s] -- Up-to-date symlink: /home/mewert/Desktop/luna/install/realsense2_camera/share/realsense2_camera/launch/rs_launch.py
[72.194s] -- Up-to-date symlink: /home/mewert/Desktop/luna/install/realsense2_camera/share/realsense2_camera/launch/rs_multi_camera_launch.py
[72.196s] -- Up-to-date symlink: /home/mewert/Desktop/luna/install/realsense2_camera/share/realsense2_camera/examples/align_depth/README.md
[72.196s] -- Up-to-date symlink: /home/mewert/Desktop/luna/install/realsense2_camera/share/realsense2_camera/examples/align_depth/rs_align_depth_launch.py
[72.196s] -- Up-to-date symlink: /home/mewert/Desktop/luna/install/realsense2_camera/share/realsense2_camera/examples/dual_camera/README.md
[72.197s] -- Up-to-date symlink: /home/mewert/Desktop/luna/install/realsense2_camera/share/realsense2_camera/examples/dual_camera/rs_dual_camera_launch.py
[72.197s] -- Up-to-date symlink: /home/mewert/Desktop/luna/install/realsense2_camera/share/realsense2_camera/examples/dual_camera/rviz/dual_camera_pointcloud.rviz
[72.197s] -- Up-to-date symlink: /home/mewert/Desktop/luna/install/realsense2_camera/share/realsense2_camera/examples/launch_from_rosbag/README.md
[72.197s] -- Up-to-date symlink: /home/mewert/Desktop/luna/install/realsense2_camera/share/realsense2_camera/examples/launch_from_rosbag/rs_launch_from_rosbag.py
[72.197s] -- Up-to-date symlink: /home/mewert/Desktop/luna/install/realsense2_camera/share/realsense2_camera/examples/launch_params_from_file/README.md
[72.197s] -- Up-to-date symlink: /home/mewert/Desktop/luna/install/realsense2_camera/share/realsense2_camera/examples/launch_params_from_file/config/config.yaml
[72.197s] -- Up-to-date symlink: /home/mewert/Desktop/luna/install/realsense2_camera/share/realsense2_camera/examples/launch_params_from_file/rs_launch_get_params_from_yaml.py
[72.198s] -- Up-to-date symlink: /home/mewert/Desktop/luna/install/realsense2_camera/share/realsense2_camera/examples/pointcloud/README.md
[72.198s] -- Up-to-date symlink: /home/mewert/Desktop/luna/install/realsense2_camera/share/realsense2_camera/examples/pointcloud/rs_d405_pointcloud_launch.py
[72.198s] -- Up-to-date symlink: /home/mewert/Desktop/luna/install/realsense2_camera/share/realsense2_camera/examples/pointcloud/rs_d455_pointcloud_launch.py
[72.199s] -- Up-to-date symlink: /home/mewert/Desktop/luna/install/realsense2_camera/share/realsense2_camera/examples/pointcloud/rs_pointcloud_launch.py
[72.199s] -- Up-to-date symlink: /home/mewert/Desktop/luna/install/realsense2_camera/share/realsense2_camera/examples/pointcloud/rviz/pointcloud.rviz
[72.199s] -- Up-to-date symlink: /home/mewert/Desktop/luna/install/realsense2_camera/share/realsense2_camera/examples/pointcloud/rviz/urdf_pointcloud.rviz
[72.199s] -- Up-to-date symlink: /home/mewert/Desktop/luna/install/realsense2_camera/share/realsense2_camera/environment/library_path.sh
[72.199s] -- Up-to-date symlink: /home/mewert/Desktop/luna/install/realsense2_camera/share/realsense2_camera/environment/library_path.dsv
[72.199s] -- Up-to-date symlink: /home/mewert/Desktop/luna/install/realsense2_camera/share/ament_index/resource_index/package_run_dependencies/realsense2_camera
[72.199s] -- Up-to-date symlink: /home/mewert/Desktop/luna/install/realsense2_camera/share/ament_index/resource_index/parent_prefix_path/realsense2_camera
[72.199s] -- Up-to-date symlink: /home/mewert/Desktop/luna/install/realsense2_camera/share/realsense2_camera/environment/ament_prefix_path.sh
[72.200s] -- Up-to-date symlink: /home/mewert/Desktop/luna/install/realsense2_camera/share/realsense2_camera/environment/ament_prefix_path.dsv
[72.200s] -- Up-to-date symlink: /home/mewert/Desktop/luna/install/realsense2_camera/share/realsense2_camera/environment/path.sh
[72.200s] -- Up-to-date symlink: /home/mewert/Desktop/luna/install/realsense2_camera/share/realsense2_camera/environment/path.dsv
[72.200s] -- Up-to-date symlink: /home/mewert/Desktop/luna/install/realsense2_camera/share/realsense2_camera/local_setup.bash
[72.200s] -- Up-to-date symlink: /home/mewert/Desktop/luna/install/realsense2_camera/share/realsense2_camera/local_setup.sh
[72.200s] -- Up-to-date symlink: /home/mewert/Desktop/luna/install/realsense2_camera/share/realsense2_camera/local_setup.zsh
[72.201s] -- Up-to-date symlink: /home/mewert/Desktop/luna/install/realsense2_camera/share/realsense2_camera/local_setup.dsv
[72.201s] -- Symlinking: /home/mewert/Desktop/luna/install/realsense2_camera/share/realsense2_camera/package.dsv
[72.212s] -- Up-to-date symlink: /home/mewert/Desktop/luna/install/realsense2_camera/share/ament_index/resource_index/packages/realsense2_camera
[72.212s] -- Up-to-date symlink: /home/mewert/Desktop/luna/install/realsense2_camera/share/ament_index/resource_index/rclcpp_components/realsense2_camera
[72.213s] -- Up-to-date symlink: /home/mewert/Desktop/luna/install/realsense2_camera/share/realsense2_camera/cmake/ament_cmake_export_include_directories-extras.cmake
[72.213s] -- Up-to-date symlink: /home/mewert/Desktop/luna/install/realsense2_camera/share/realsense2_camera/cmake/ament_cmake_export_libraries-extras.cmake
[72.213s] -- Up-to-date symlink: /home/mewert/Desktop/luna/install/realsense2_camera/share/realsense2_camera/cmake/ament_cmake_export_dependencies-extras.cmake
[72.213s] -- Up-to-date symlink: /home/mewert/Desktop/luna/install/realsense2_camera/share/realsense2_camera/cmake/realsense2_cameraConfig.cmake
[72.213s] -- Up-to-date symlink: /home/mewert/Desktop/luna/install/realsense2_camera/share/realsense2_camera/cmake/realsense2_cameraConfig-version.cmake
[72.213s] -- Up-to-date symlink: /home/mewert/Desktop/luna/install/realsense2_camera/share/realsense2_camera/package.xml
[72.214s] -- Up-to-date symlink: /home/mewert/Desktop/luna/install/realsense2_camera/share/realsense2_camera/environment/library_path.sh
[72.214s] -- Up-to-date symlink: /home/mewert/Desktop/luna/install/realsense2_camera/share/realsense2_camera/environment/library_path.dsv
[72.214s] -- Up-to-date symlink: /home/mewert/Desktop/luna/install/realsense2_camera/share/ament_index/resource_index/package_run_dependencies/realsense2_camera
[72.214s] -- Up-to-date symlink: /home/mewert/Desktop/luna/install/realsense2_camera/share/ament_index/resource_index/parent_prefix_path/realsense2_camera
[72.214s] -- Up-to-date symlink: /home/mewert/Desktop/luna/install/realsense2_camera/share/realsense2_camera/environment/ament_prefix_path.sh
[72.215s] -- Up-to-date symlink: /home/mewert/Desktop/luna/install/realsense2_camera/share/realsense2_camera/environment/ament_prefix_path.dsv
[72.215s] -- Up-to-date symlink: /home/mewert/Desktop/luna/install/realsense2_camera/share/realsense2_camera/environment/path.sh
[72.215s] -- Up-to-date symlink: /home/mewert/Desktop/luna/install/realsense2_camera/share/realsense2_camera/environment/path.dsv
[72.215s] -- Up-to-date symlink: /home/mewert/Desktop/luna/install/realsense2_camera/share/realsense2_camera/local_setup.bash
[72.215s] -- Up-to-date symlink: /home/mewert/Desktop/luna/install/realsense2_camera/share/realsense2_camera/local_setup.sh
[72.215s] -- Up-to-date symlink: /home/mewert/Desktop/luna/install/realsense2_camera/share/realsense2_camera/local_setup.zsh
[72.216s] -- Up-to-date symlink: /home/mewert/Desktop/luna/install/realsense2_camera/share/realsense2_camera/local_setup.dsv
[72.216s] -- Up-to-date symlink: /home/mewert/Desktop/luna/install/realsense2_camera/share/realsense2_camera/package.dsv
[72.216s] -- Up-to-date symlink: /home/mewert/Desktop/luna/install/realsense2_camera/share/ament_index/resource_index/packages/realsense2_camera
[72.216s] -- Up-to-date symlink: /home/mewert/Desktop/luna/install/realsense2_camera/share/ament_index/resource_index/rclcpp_components/realsense2_camera
[72.216s] -- Up-to-date symlink: /home/mewert/Desktop/luna/install/realsense2_camera/share/realsense2_camera/cmake/ament_cmake_export_include_directories-extras.cmake
[72.217s] -- Up-to-date symlink: /home/mewert/Desktop/luna/install/realsense2_camera/share/realsense2_camera/cmake/ament_cmake_export_libraries-extras.cmake
[72.217s] -- Up-to-date symlink: /home/mewert/Desktop/luna/install/realsense2_camera/share/realsense2_camera/cmake/ament_cmake_export_dependencies-extras.cmake
[72.217s] -- Up-to-date symlink: /home/mewert/Desktop/luna/install/realsense2_camera/share/realsense2_camera/cmake/realsense2_cameraConfig.cmake
[72.217s] -- Up-to-date symlink: /home/mewert/Desktop/luna/install/realsense2_camera/share/realsense2_camera/cmake/realsense2_cameraConfig-version.cmake
[72.217s] -- Up-to-date symlink: /home/mewert/Desktop/luna/install/realsense2_camera/share/realsense2_camera/package.xml
[72.221s] Invoked command in '/home/mewert/Desktop/luna/build/realsense2_camera' returned '0': CMAKE_PREFIX_PATH=/home/mewert/Desktop/luna/install/realsense2_camera_msgs:/home/mewert/Desktop/luna/install/diagnostic_updater:/home/mewert/Desktop/luna/install/diagnostics:/home/mewert/Desktop/luna/install/self_test:/home/mewert/Desktop/luna/install/realsense2_description:/home/mewert/Desktop/luna/install/realsense2_camera:/home/mewert/Desktop/luna/install/pointcloud_to_grid:/home/mewert/Desktop/luna/install/my_pointcloud_pkg:/home/mewert/Desktop/luna/install/my_octomap_pkg:/home/mewert/Desktop/luna/install/diagnostic_common_diagnostics:/home/mewert/Desktop/luna/install/diagnostic_aggregator:/home/mewert/Desktop/luna/install/open_cv_pkg:/opt/ros/humble LD_LIBRARY_PATH=/home/mewert/Desktop/luna/install/realsense2_camera_msgs/lib:/home/mewert/Desktop/luna/install/diagnostic_updater/lib:/home/mewert/Desktop/luna/install/realsense2_camera/lib:/home/mewert/Desktop/luna/install/diagnostic_aggregator/lib:/opt/ros/humble/opt/rviz_ogre_vendor/lib:/opt/ros/humble/lib/x86_64-linux-gnu:/opt/ros/humble/lib /usr/bin/cmake --install /home/mewert/Desktop/luna/build/realsense2_camera
