[0.030s] Invoking command in '/home/mewert/Desktop/luna/build/realsense2_description': CMAKE_PREFIX_PATH=/home/mewert/Desktop/luna/install/realsense2_camera_msgs:/home/mewert/Desktop/luna/install/diagnostics:/home/mewert/Desktop/luna/install/self_test:/home/mewert/Desktop/luna/install/realsense2_description:/home/mewert/Desktop/luna/install/realsense2_camera:/home/mewert/Desktop/luna/install/diagnostic_common_diagnostics:/home/mewert/Desktop/luna/install/diagnostic_updater:/home/mewert/Desktop/luna/install/diagnostic_aggregator:/home/mewert/Desktop/luna/install/open_cv_pkg:/opt/ros/humble LD_LIBRARY_PATH=/home/mewert/Desktop/luna/install/realsense2_camera_msgs/lib:/home/mewert/Desktop/luna/install/realsense2_camera/lib:/home/mewert/Desktop/luna/install/diagnostic_updater/lib:/home/mewert/Desktop/luna/install/diagnostic_aggregator/lib:/opt/ros/humble/opt/rviz_ogre_vendor/lib:/opt/ros/humble/lib/x86_64-linux-gnu:/opt/ros/humble/lib /usr/bin/cmake /home/mewert/Desktop/luna/src/realsense-ros/realsense2_description -DAMENT_CMAKE_SYMLINK_INSTALL=1 -DCMAKE_INSTALL_PREFIX=/home/mewert/Desktop/luna/install/realsense2_description
[0.047s] -- Found ament_cmake: 1.3.10 (/opt/ros/humble/share/ament_cmake/cmake)
[0.195s] -- Override CMake install command with custom implementation using symlinks instead of copying resources
[0.295s] -- Configuring done
[0.302s] -- Generating done
[0.303s] -- Build files have been written to: /home/mewert/Desktop/luna/build/realsense2_description
[0.306s] Invoked command in '/home/mewert/Desktop/luna/build/realsense2_description' returned '0': CMAKE_PREFIX_PATH=/home/mewert/Desktop/luna/install/realsense2_camera_msgs:/home/mewert/Desktop/luna/install/diagnostics:/home/mewert/Desktop/luna/install/self_test:/home/mewert/Desktop/luna/install/realsense2_description:/home/mewert/Desktop/luna/install/realsense2_camera:/home/mewert/Desktop/luna/install/diagnostic_common_diagnostics:/home/mewert/Desktop/luna/install/diagnostic_updater:/home/mewert/Desktop/luna/install/diagnostic_aggregator:/home/mewert/Desktop/luna/install/open_cv_pkg:/opt/ros/humble LD_LIBRARY_PATH=/home/mewert/Desktop/luna/install/realsense2_camera_msgs/lib:/home/mewert/Desktop/luna/install/realsense2_camera/lib:/home/mewert/Desktop/luna/install/diagnostic_updater/lib:/home/mewert/Desktop/luna/install/diagnostic_aggregator/lib:/opt/ros/humble/opt/rviz_ogre_vendor/lib:/opt/ros/humble/lib/x86_64-linux-gnu:/opt/ros/humble/lib /usr/bin/cmake /home/mewert/Desktop/luna/src/realsense-ros/realsense2_description -DAMENT_CMAKE_SYMLINK_INSTALL=1 -DCMAKE_INSTALL_PREFIX=/home/mewert/Desktop/luna/install/realsense2_description
[0.308s] Invoking command in '/home/mewert/Desktop/luna/build/realsense2_description': CMAKE_PREFIX_PATH=/home/mewert/Desktop/luna/install/realsense2_camera_msgs:/home/mewert/Desktop/luna/install/diagnostics:/home/mewert/Desktop/luna/install/self_test:/home/mewert/Desktop/luna/install/realsense2_description:/home/mewert/Desktop/luna/install/realsense2_camera:/home/mewert/Desktop/luna/install/diagnostic_common_diagnostics:/home/mewert/Desktop/luna/install/diagnostic_updater:/home/mewert/Desktop/luna/install/diagnostic_aggregator:/home/mewert/Desktop/luna/install/open_cv_pkg:/opt/ros/humble LD_LIBRARY_PATH=/home/mewert/Desktop/luna/install/realsense2_camera_msgs/lib:/home/mewert/Desktop/luna/install/realsense2_camera/lib:/home/mewert/Desktop/luna/install/diagnostic_updater/lib:/home/mewert/Desktop/luna/install/diagnostic_aggregator/lib:/opt/ros/humble/opt/rviz_ogre_vendor/lib:/opt/ros/humble/lib/x86_64-linux-gnu:/opt/ros/humble/lib /usr/bin/cmake --build /home/mewert/Desktop/luna/build/realsense2_description -- -j6 -l6
[0.357s] Invoked command in '/home/mewert/Desktop/luna/build/realsense2_description' returned '0': CMAKE_PREFIX_PATH=/home/mewert/Desktop/luna/install/realsense2_camera_msgs:/home/mewert/Desktop/luna/install/diagnostics:/home/mewert/Desktop/luna/install/self_test:/home/mewert/Desktop/luna/install/realsense2_description:/home/mewert/Desktop/luna/install/realsense2_camera:/home/mewert/Desktop/luna/install/diagnostic_common_diagnostics:/home/mewert/Desktop/luna/install/diagnostic_updater:/home/mewert/Desktop/luna/install/diagnostic_aggregator:/home/mewert/Desktop/luna/install/open_cv_pkg:/opt/ros/humble LD_LIBRARY_PATH=/home/mewert/Desktop/luna/install/realsense2_camera_msgs/lib:/home/mewert/Desktop/luna/install/realsense2_camera/lib:/home/mewert/Desktop/luna/install/diagnostic_updater/lib:/home/mewert/Desktop/luna/install/diagnostic_aggregator/lib:/opt/ros/humble/opt/rviz_ogre_vendor/lib:/opt/ros/humble/lib/x86_64-linux-gnu:/opt/ros/humble/lib /usr/bin/cmake --build /home/mewert/Desktop/luna/build/realsense2_description -- -j6 -l6
[0.385s] Invoking command in '/home/mewert/Desktop/luna/build/realsense2_description': CMAKE_PREFIX_PATH=/home/mewert/Desktop/luna/install/realsense2_camera_msgs:/home/mewert/Desktop/luna/install/diagnostics:/home/mewert/Desktop/luna/install/self_test:/home/mewert/Desktop/luna/install/realsense2_description:/home/mewert/Desktop/luna/install/realsense2_camera:/home/mewert/Desktop/luna/install/diagnostic_common_diagnostics:/home/mewert/Desktop/luna/install/diagnostic_updater:/home/mewert/Desktop/luna/install/diagnostic_aggregator:/home/mewert/Desktop/luna/install/open_cv_pkg:/opt/ros/humble LD_LIBRARY_PATH=/home/mewert/Desktop/luna/install/realsense2_camera_msgs/lib:/home/mewert/Desktop/luna/install/realsense2_camera/lib:/home/mewert/Desktop/luna/install/diagnostic_updater/lib:/home/mewert/Desktop/luna/install/diagnostic_aggregator/lib:/opt/ros/humble/opt/rviz_ogre_vendor/lib:/opt/ros/humble/lib/x86_64-linux-gnu:/opt/ros/humble/lib /usr/bin/cmake --install /home/mewert/Desktop/luna/build/realsense2_description
[0.392s] -- Install configuration: ""
[0.393s] -- Execute custom install script
[0.394s] -- Up-to-date symlink: /home/mewert/Desktop/luna/install/realsense2_description/share/realsense2_description/launch/launch_utils.py
[0.394s] -- Up-to-date symlink: /home/mewert/Desktop/luna/install/realsense2_description/share/realsense2_description/launch/view_model.launch.py
[0.395s] -- Up-to-date symlink: /home/mewert/Desktop/luna/install/realsense2_description/share/realsense2_description/meshes/d405.stl
[0.398s] -- Up-to-date symlink: /home/mewert/Desktop/luna/install/realsense2_description/share/realsense2_description/meshes/d415.stl
[0.398s] -- Up-to-date symlink: /home/mewert/Desktop/luna/install/realsense2_description/share/realsense2_description/meshes/d435.dae
[0.398s] -- Up-to-date symlink: /home/mewert/Desktop/luna/install/realsense2_description/share/realsense2_description/meshes/d455.stl
[0.398s] -- Up-to-date symlink: /home/mewert/Desktop/luna/install/realsense2_description/share/realsense2_description/meshes/l515.dae
[0.398s] -- Up-to-date symlink: /home/mewert/Desktop/luna/install/realsense2_description/share/realsense2_description/meshes/plug.stl
[0.399s] -- Up-to-date symlink: /home/mewert/Desktop/luna/install/realsense2_description/share/realsense2_description/meshes/plug_collision.stl
[0.399s] -- Up-to-date symlink: /home/mewert/Desktop/luna/install/realsense2_description/share/realsense2_description/rviz/urdf.rviz
[0.399s] -- Up-to-date symlink: /home/mewert/Desktop/luna/install/realsense2_description/share/realsense2_description/urdf/_d405.urdf.xacro
[0.399s] -- Up-to-date symlink: /home/mewert/Desktop/luna/install/realsense2_description/share/realsense2_description/urdf/_d415.urdf.xacro
[0.399s] -- Up-to-date symlink: /home/mewert/Desktop/luna/install/realsense2_description/share/realsense2_description/urdf/_d435.urdf.xacro
[0.399s] -- Up-to-date symlink: /home/mewert/Desktop/luna/install/realsense2_description/share/realsense2_description/urdf/_d435i.urdf.xacro
[0.400s] -- Up-to-date symlink: /home/mewert/Desktop/luna/install/realsense2_description/share/realsense2_description/urdf/_d435i_imu_modules.urdf.xacro
[0.400s] -- Up-to-date symlink: /home/mewert/Desktop/luna/install/realsense2_description/share/realsense2_description/urdf/_d455.urdf.xacro
[0.400s] -- Up-to-date symlink: /home/mewert/Desktop/luna/install/realsense2_description/share/realsense2_description/urdf/_materials.urdf.xacro
[0.401s] -- Up-to-date symlink: /home/mewert/Desktop/luna/install/realsense2_description/share/realsense2_description/urdf/_r410.urdf.xacro
[0.401s] -- Up-to-date symlink: /home/mewert/Desktop/luna/install/realsense2_description/share/realsense2_description/urdf/_r430.urdf.xacro
[0.402s] -- Up-to-date symlink: /home/mewert/Desktop/luna/install/realsense2_description/share/realsense2_description/urdf/_usb_plug.urdf.xacro
[0.402s] -- Up-to-date symlink: /home/mewert/Desktop/luna/install/realsense2_description/share/realsense2_description/urdf/test_d405_camera.urdf.xacro
[0.402s] -- Up-to-date symlink: /home/mewert/Desktop/luna/install/realsense2_description/share/realsense2_description/urdf/test_d415_camera.urdf.xacro
[0.402s] -- Up-to-date symlink: /home/mewert/Desktop/luna/install/realsense2_description/share/realsense2_description/urdf/test_d435_camera.urdf.xacro
[0.404s] -- Up-to-date symlink: /home/mewert/Desktop/luna/install/realsense2_description/share/realsense2_description/urdf/test_d435_multiple_cameras.urdf.xacro
[0.404s] -- Up-to-date symlink: /home/mewert/Desktop/luna/install/realsense2_description/share/realsense2_description/urdf/test_d435i_camera.urdf.xacro
[0.404s] -- Up-to-date symlink: /home/mewert/Desktop/luna/install/realsense2_description/share/realsense2_description/urdf/test_d455_camera.urdf.xacro
[0.405s] -- Up-to-date symlink: /home/mewert/Desktop/luna/install/realsense2_description/share/realsense2_description/urdf/test_r410_camera.urdf.xacro
[0.405s] -- Up-to-date symlink: /home/mewert/Desktop/luna/install/realsense2_description/share/realsense2_description/urdf/test_r430_camera.urdf.xacro
[0.405s] -- Up-to-date symlink: /home/mewert/Desktop/luna/install/realsense2_description/share/ament_index/resource_index/package_run_dependencies/realsense2_description
[0.406s] -- Up-to-date symlink: /home/mewert/Desktop/luna/install/realsense2_description/share/ament_index/resource_index/parent_prefix_path/realsense2_description
[0.406s] -- Up-to-date symlink: /home/mewert/Desktop/luna/install/realsense2_description/share/realsense2_description/environment/ament_prefix_path.sh
[0.406s] -- Up-to-date symlink: /home/mewert/Desktop/luna/install/realsense2_description/share/realsense2_description/environment/ament_prefix_path.dsv
[0.407s] -- Up-to-date symlink: /home/mewert/Desktop/luna/install/realsense2_description/share/realsense2_description/environment/path.sh
[0.407s] -- Up-to-date symlink: /home/mewert/Desktop/luna/install/realsense2_description/share/realsense2_description/environment/path.dsv
[0.408s] -- Up-to-date symlink: /home/mewert/Desktop/luna/install/realsense2_description/share/realsense2_description/local_setup.bash
[0.408s] -- Up-to-date symlink: /home/mewert/Desktop/luna/install/realsense2_description/share/realsense2_description/local_setup.sh
[0.409s] -- Up-to-date symlink: /home/mewert/Desktop/luna/install/realsense2_description/share/realsense2_description/local_setup.zsh
[0.409s] -- Up-to-date symlink: /home/mewert/Desktop/luna/install/realsense2_description/share/realsense2_description/local_setup.dsv
[0.409s] -- Symlinking: /home/mewert/Desktop/luna/install/realsense2_description/share/realsense2_description/package.dsv
[0.422s] -- Up-to-date symlink: /home/mewert/Desktop/luna/install/realsense2_description/share/ament_index/resource_index/packages/realsense2_description
[0.423s] -- Up-to-date symlink: /home/mewert/Desktop/luna/install/realsense2_description/share/realsense2_description/cmake/realsense2_descriptionConfig.cmake
[0.423s] -- Up-to-date symlink: /home/mewert/Desktop/luna/install/realsense2_description/share/realsense2_description/cmake/realsense2_descriptionConfig-version.cmake
[0.425s] -- Up-to-date symlink: /home/mewert/Desktop/luna/install/realsense2_description/share/realsense2_description/package.xml
[0.430s] Invoked command in '/home/mewert/Desktop/luna/build/realsense2_description' returned '0': CMAKE_PREFIX_PATH=/home/mewert/Desktop/luna/install/realsense2_camera_msgs:/home/mewert/Desktop/luna/install/diagnostics:/home/mewert/Desktop/luna/install/self_test:/home/mewert/Desktop/luna/install/realsense2_description:/home/mewert/Desktop/luna/install/realsense2_camera:/home/mewert/Desktop/luna/install/diagnostic_common_diagnostics:/home/mewert/Desktop/luna/install/diagnostic_updater:/home/mewert/Desktop/luna/install/diagnostic_aggregator:/home/mewert/Desktop/luna/install/open_cv_pkg:/opt/ros/humble LD_LIBRARY_PATH=/home/mewert/Desktop/luna/install/realsense2_camera_msgs/lib:/home/mewert/Desktop/luna/install/realsense2_camera/lib:/home/mewert/Desktop/luna/install/diagnostic_updater/lib:/home/mewert/Desktop/luna/install/diagnostic_aggregator/lib:/opt/ros/humble/opt/rviz_ogre_vendor/lib:/opt/ros/humble/lib/x86_64-linux-gnu:/opt/ros/humble/lib /usr/bin/cmake --install /home/mewert/Desktop/luna/build/realsense2_description
