[0.042s] Invoking command in '/home/mewert/Desktop/luna/build/my_octomap_pkg': CMAKE_PREFIX_PATH=${CMAKE_PREFIX_PATH}:/home/mewert/Desktop/luna/install/open_cv_pkg:/opt/ros/humble /usr/bin/cmake --build /home/mewert/Desktop/luna/build/my_octomap_pkg -- -j6 -l6
[0.858s] -- Found ament_cmake: 1.3.10 (/opt/ros/humble/share/ament_cmake/cmake)
[0.859s] -- Override CMake install command with custom implementation using symlinks instead of copying resources
[0.859s] -- Found rclcpp: 16.0.10 (/opt/ros/humble/share/rclcpp/cmake)
[0.859s] -- Found rosidl_generator_c: 3.1.5 (/opt/ros/humble/share/rosidl_generator_c/cmake)
[0.859s] -- Found rosidl_adapter: 3.1.5 (/opt/ros/humble/share/rosidl_adapter/cmake)
[0.859s] -- Found rosidl_generator_cpp: 3.1.5 (/opt/ros/humble/share/rosidl_generator_cpp/cmake)
[0.859s] -- Using all available rosidl_typesupport_c: rosidl_typesupport_fastrtps_c;rosidl_typesupport_introspection_c
[0.859s] -- Using all available rosidl_typesupport_cpp: rosidl_typesupport_fastrtps_cpp;rosidl_typesupport_introspection_cpp
[0.859s] -- Found rmw_implementation_cmake: 6.1.2 (/opt/ros/humble/share/rmw_implementation_cmake/cmake)
[0.859s] -- Found rmw_fastrtps_cpp: 6.2.7 (/opt/ros/humble/share/rmw_fastrtps_cpp/cmake)
[1.016s] -- Found OpenSSL: /usr/lib/x86_64-linux-gnu/libcrypto.so (found version "3.0.2")  
[1.057s] -- Found FastRTPS: /opt/ros/humble/include  
[1.166s] -- Using RMW implementation 'rmw_fastrtps_cpp' as default
[1.182s] -- Looking for pthread.h
[1.385s] -- Looking for pthread.h - found
[1.397s] -- Performing Test CMAKE_HAVE_LIBC_PTHREAD
[1.552s] -- Performing Test CMAKE_HAVE_LIBC_PTHREAD - Success
[1.576s] -- Found Threads: TRUE  
[1.722s] -- Configuring incomplete, errors occurred!
[1.722s] See also "/home/mewert/Desktop/luna/build/my_octomap_pkg/CMakeFiles/CMakeOutput.log".
[1.724s] [31mCMake Error at CMakeLists.txt:12 (find_package):
[1.724s]   By not providing "Findoctomap_server.cmake" in CMAKE_MODULE_PATH this
[1.724s]   project has asked CMake to find a package configuration file provided by
[1.724s]   "octomap_server", but CMake did not find one.
[1.724s] 
[1.724s]   Could not find a package configuration file provided by "octomap_server"
[1.725s]   with any of the following names:
[1.725s] 
[1.725s]     octomap_serverConfig.cmake
[1.725s]     octomap_server-config.cmake
[1.725s] 
[1.725s]   Add the installation prefix of "octomap_server" to CMAKE_PREFIX_PATH or set
[1.725s]   "octomap_server_DIR" to a directory containing one of the above files.  If
[1.730s]   "octomap_server" provides a separate development package or SDK, be sure it
[1.730s]   has been installed.
[1.730s] 
[1.730s] [0m
[1.738s] gmake: *** [Makefile:267: cmake_check_build_system] Error 1
[1.748s] Invoked command in '/home/mewert/Desktop/luna/build/my_octomap_pkg' returned '2': CMAKE_PREFIX_PATH=${CMAKE_PREFIX_PATH}:/home/mewert/Desktop/luna/install/open_cv_pkg:/opt/ros/humble /usr/bin/cmake --build /home/mewert/Desktop/luna/build/my_octomap_pkg -- -j6 -l6
