[0.155s] Invoking command in '/home/mewert/Desktop/luna/build/diagnostic_aggregator': CMAKE_PREFIX_PATH=${CMAKE_PREFIX_PATH}:/home/mewert/Desktop/luna/install/open_cv_pkg:/opt/ros/humble /usr/bin/cmake --build /home/mewert/Desktop/luna/build/diagnostic_aggregator -- -j6 -l6
[4.668s] [  8%] [32mBuilding CXX object CMakeFiles/add_analyzer.dir/src/add_analyzer.cpp.o[0m
[4.668s] [ 16%] [32mBuilding CXX object CMakeFiles/diagnostic_aggregator.dir/src/status_item.cpp.o[0m
[4.668s] [ 25%] [32mBuilding CXX object CMakeFiles/diagnostic_aggregator.dir/src/aggregator.cpp.o[0m
[4.668s] [ 33%] [32mBuilding CXX object CMakeFiles/diagnostic_aggregator.dir/src/analyzer_group.cpp.o[0m
[4.668s] [ 33%] Built target ament_cmake_python_symlink_diagnostic_aggregator
[4.668s] running egg_info
[4.668s] writing diagnostic_aggregator.egg-info/PKG-INFO
[4.668s] writing dependency_links to diagnostic_aggregator.egg-info/dependency_links.txt
[4.668s] writing top-level names to diagnostic_aggregator.egg-info/top_level.txt
[4.669s] reading manifest file 'diagnostic_aggregator.egg-info/SOURCES.txt'
[4.669s] [  0%] Built target ament_cmake_python_build_diagnostic_aggregator_egg
[24.496s] [ 41%] [32m[1mLinking CXX executable add_analyzer[0m
[25.556s] [ 41%] Built target add_analyzer
[45.554s] [ 50%] [32m[1mLinking CXX shared library libdiagnostic_aggregator.so[0m
[46.963s] [ 50%] Built target diagnostic_aggregator
[47.091s] [ 58%] [32mBuilding CXX object CMakeFiles/diagnostic_aggregator_analyzers.dir/src/generic_analyzer.cpp.o[0m
[51.668s] gmake[2]: *** [CMakeFiles/diagnostic_aggregator_analyzers.dir/build.make:76: CMakeFiles/diagnostic_aggregator_analyzers.dir/src/generic_analyzer.cpp.o] Interrupt
[51.669s] gmake[1]: *** [CMakeFiles/Makefile2:172: CMakeFiles/diagnostic_aggregator_analyzers.dir/all] Interrupt
[51.699s] gmake: *** [Makefile:146: all] Interrupt
[51.717s] Invoked command in '/home/mewert/Desktop/luna/build/diagnostic_aggregator' returned '-2': CMAKE_PREFIX_PATH=${CMAKE_PREFIX_PATH}:/home/mewert/Desktop/luna/install/open_cv_pkg:/opt/ros/humble /usr/bin/cmake --build /home/mewert/Desktop/luna/build/diagnostic_aggregator -- -j6 -l6
