[0.048s] Invoking command in '/home/mewert/Desktop/luna/build/my_octomap_pkg': CMAKE_PREFIX_PATH=${CMAKE_PREFIX_PATH}:/home/mewert/Desktop/luna/install/open_cv_pkg:/opt/ros/humble /usr/bin/cmake --build /home/mewert/Desktop/luna/build/my_octomap_pkg -- -j6 -l6
[0.962s] [35m[1mConsolidate compiler generated dependencies of target octomap_launch[0m
[0.962s] [100%] Built target octomap_launch
[0.984s] Invoked command in '/home/mewert/Desktop/luna/build/my_octomap_pkg' returned '0': CMAKE_PREFIX_PATH=${CMAKE_PREFIX_PATH}:/home/mewert/Desktop/luna/install/open_cv_pkg:/opt/ros/humble /usr/bin/cmake --build /home/mewert/Desktop/luna/build/my_octomap_pkg -- -j6 -l6
[1.065s] Invoking command in '/home/mewert/Desktop/luna/build/my_octomap_pkg': CMAKE_PREFIX_PATH=${CMAKE_PREFIX_PATH}:/home/mewert/Desktop/luna/install/open_cv_pkg:/opt/ros/humble /usr/bin/cmake --install /home/mewert/Desktop/luna/build/my_octomap_pkg
[1.076s] -- Install configuration: ""
[1.077s] -- Execute custom install script
[1.077s] -- Up-to-date symlink: /home/mewert/Desktop/luna/install/my_octomap_pkg/lib/my_octomap_pkg/octomap_launch
[1.078s] -- Up-to-date symlink: /home/mewert/Desktop/luna/install/my_octomap_pkg/share/ament_index/resource_index/package_run_dependencies/my_octomap_pkg
[1.079s] -- Up-to-date symlink: /home/mewert/Desktop/luna/install/my_octomap_pkg/share/ament_index/resource_index/parent_prefix_path/my_octomap_pkg
[1.079s] -- Up-to-date symlink: /home/mewert/Desktop/luna/install/my_octomap_pkg/share/my_octomap_pkg/environment/ament_prefix_path.sh
[1.080s] -- Up-to-date symlink: /home/mewert/Desktop/luna/install/my_octomap_pkg/share/my_octomap_pkg/environment/ament_prefix_path.dsv
[1.081s] -- Up-to-date symlink: /home/mewert/Desktop/luna/install/my_octomap_pkg/share/my_octomap_pkg/environment/path.sh
[1.082s] -- Up-to-date symlink: /home/mewert/Desktop/luna/install/my_octomap_pkg/share/my_octomap_pkg/environment/path.dsv
[1.082s] -- Up-to-date symlink: /home/mewert/Desktop/luna/install/my_octomap_pkg/share/my_octomap_pkg/local_setup.bash
[1.083s] -- Up-to-date symlink: /home/mewert/Desktop/luna/install/my_octomap_pkg/share/my_octomap_pkg/local_setup.sh
[1.096s] -- Up-to-date symlink: /home/mewert/Desktop/luna/install/my_octomap_pkg/share/my_octomap_pkg/local_setup.zsh
[1.096s] -- Up-to-date symlink: /home/mewert/Desktop/luna/install/my_octomap_pkg/share/my_octomap_pkg/local_setup.dsv
[1.096s] -- Symlinking: /home/mewert/Desktop/luna/install/my_octomap_pkg/share/my_octomap_pkg/package.dsv
[1.101s] -- Up-to-date symlink: /home/mewert/Desktop/luna/install/my_octomap_pkg/share/ament_index/resource_index/packages/my_octomap_pkg
[1.103s] -- Up-to-date symlink: /home/mewert/Desktop/luna/install/my_octomap_pkg/share/my_octomap_pkg/cmake/my_octomap_pkgConfig.cmake
[1.103s] -- Up-to-date symlink: /home/mewert/Desktop/luna/install/my_octomap_pkg/share/my_octomap_pkg/cmake/my_octomap_pkgConfig-version.cmake
[1.109s] -- Up-to-date symlink: /home/mewert/Desktop/luna/install/my_octomap_pkg/share/my_octomap_pkg/package.xml
[1.121s] Invoked command in '/home/mewert/Desktop/luna/build/my_octomap_pkg' returned '0': CMAKE_PREFIX_PATH=${CMAKE_PREFIX_PATH}:/home/mewert/Desktop/luna/install/open_cv_pkg:/opt/ros/humble /usr/bin/cmake --install /home/mewert/Desktop/luna/build/my_octomap_pkg
