[0.846s] Invoking command in '/home/mewert/Desktop/luna/build/open_cv_pkg': PYTHONPATH=/home/mewert/Desktop/luna/build/open_cv_pkg/prefix_override:/usr/lib/python3/dist-packages/colcon_core/task/python/colcon_distutils_commands:/home/mewert/Desktop/luna/install/open_cv_pkg/lib/python3.10/site-packages:${PYTHONPATH} /usr/bin/python3 -W ignore:setup.py install is deprecated setup.py develop --uninstall --editable --build-directory /home/mewert/Desktop/luna/build/open_cv_pkg/build
[1.192s] running develop
[1.192s] /home/mewert/.local/lib/python3.10/site-packages/setuptools/command/easy_install.py:157: EasyInstallDeprecationWarning: easy_install command is deprecated. Use build and pip and other standards-based tools.
[1.192s]   warnings.warn(
[1.409s] Removing /home/mewert/Desktop/luna/install/open_cv_pkg/lib/python3.10/site-packages/open-cv-pkg.egg-link (link to .)
[1.483s] Invoked command in '/home/mewert/Desktop/luna/build/open_cv_pkg' returned '0': PYTHONPATH=/home/mewert/Desktop/luna/build/open_cv_pkg/prefix_override:/usr/lib/python3/dist-packages/colcon_core/task/python/colcon_distutils_commands:/home/mewert/Desktop/luna/install/open_cv_pkg/lib/python3.10/site-packages:${PYTHONPATH} /usr/bin/python3 -W ignore:setup.py install is deprecated setup.py develop --uninstall --editable --build-directory /home/mewert/Desktop/luna/build/open_cv_pkg/build
[1.484s] Invoking command in '/home/mewert/Desktop/luna/src/open_cv_pkg': PYTHONPATH=/home/mewert/Desktop/luna/build/open_cv_pkg/prefix_override:/usr/lib/python3/dist-packages/colcon_core/task/python/colcon_distutils_commands:/home/mewert/Desktop/luna/install/open_cv_pkg/lib/python3.10/site-packages:${PYTHONPATH} /usr/bin/python3 -W ignore:setup.py install is deprecated setup.py egg_info --egg-base ../../build/open_cv_pkg build --build-base /home/mewert/Desktop/luna/build/open_cv_pkg/build install --record /home/mewert/Desktop/luna/build/open_cv_pkg/install.log --single-version-externally-managed install_data --force
[1.804s] running egg_info
[1.804s] writing ../../build/open_cv_pkg/open_cv_pkg.egg-info/PKG-INFO
[1.804s] writing dependency_links to ../../build/open_cv_pkg/open_cv_pkg.egg-info/dependency_links.txt
[1.805s] writing entry points to ../../build/open_cv_pkg/open_cv_pkg.egg-info/entry_points.txt
[1.805s] writing requirements to ../../build/open_cv_pkg/open_cv_pkg.egg-info/requires.txt
[1.805s] writing top-level names to ../../build/open_cv_pkg/open_cv_pkg.egg-info/top_level.txt
[1.811s] reading manifest file '../../build/open_cv_pkg/open_cv_pkg.egg-info/SOURCES.txt'
[1.811s] running build
[1.811s] running build_py
[1.811s] running install
[1.818s] running install_lib
[1.820s] running install_data
[1.821s] running install_egg_info
[1.824s] running install_scripts
[1.851s] Installing object_detection script to /home/mewert/Desktop/luna/install/open_cv_pkg/lib/open_cv_pkg
[1.911s] Invoked command in '/home/mewert/Desktop/luna/src/open_cv_pkg' returned '0': PYTHONPATH=/home/mewert/Desktop/luna/build/open_cv_pkg/prefix_override:/usr/lib/python3/dist-packages/colcon_core/task/python/colcon_distutils_commands:/home/mewert/Desktop/luna/install/open_cv_pkg/lib/python3.10/site-packages:${PYTHONPATH} /usr/bin/python3 -W ignore:setup.py install is deprecated setup.py egg_info --egg-base ../../build/open_cv_pkg build --build-base /home/mewert/Desktop/luna/build/open_cv_pkg/build install --record /home/mewert/Desktop/luna/build/open_cv_pkg/install.log --single-version-externally-managed install_data --force
