running develop
/home/mewert/.local/lib/python3.10/site-packages/setuptools/command/easy_install.py:157: EasyInstallDeprecationWarning: easy_install command is deprecated. Use build and pip and other standards-based tools.
  warnings.warn(
Removing /home/mewert/Desktop/luna/install/open_cv_pkg/lib/python3.10/site-packages/open-cv-pkg.egg-link (link to .)
running egg_info
writing ../../build/open_cv_pkg/open_cv_pkg.egg-info/PKG-INFO
writing dependency_links to ../../build/open_cv_pkg/open_cv_pkg.egg-info/dependency_links.txt
writing entry points to ../../build/open_cv_pkg/open_cv_pkg.egg-info/entry_points.txt
writing requirements to ../../build/open_cv_pkg/open_cv_pkg.egg-info/requires.txt
writing top-level names to ../../build/open_cv_pkg/open_cv_pkg.egg-info/top_level.txt
reading manifest file '../../build/open_cv_pkg/open_cv_pkg.egg-info/SOURCES.txt'
running build
running build_py
running install
running install_lib
Sorry: IndentationError: unexpected indent (object_detection.py, line 46)
running install_data
running install_egg_info
running install_scripts
Installing object_detection_node script to /home/mewert/Desktop/luna/install/open_cv_pkg/lib/open_cv_pkg
Installing og_from_pointcloud script to /home/mewert/Desktop/luna/install/open_cv_pkg/lib/open_cv_pkg
