[0.873s] Invoking command in '/home/mewert/Desktop/luna/build/open_cv_pkg': PYTHONPATH=/home/mewert/Desktop/luna/build/open_cv_pkg/prefix_override:/usr/lib/python3/dist-packages/colcon_core/task/python/colcon_distutils_commands:/home/mewert/Desktop/luna/install/open_cv_pkg/lib/python3.10/site-packages:${PYTHONPATH} /usr/bin/python3 -W ignore:setup.py install is deprecated setup.py develop --uninstall --editable --build-directory /home/mewert/Desktop/luna/build/open_cv_pkg/build
[1.231s] running develop
[1.231s] /home/mewert/.local/lib/python3.10/site-packages/setuptools/command/easy_install.py:157: EasyInstallDeprecationWarning: easy_install command is deprecated. Use build and pip and other standards-based tools.
[1.232s]   warnings.warn(
[1.438s] Removing /home/mewert/Desktop/luna/install/open_cv_pkg/lib/python3.10/site-packages/open-cv-pkg.egg-link (link to .)
[1.485s] Invoked command in '/home/mewert/Desktop/luna/build/open_cv_pkg' returned '0': PYTHONPATH=/home/mewert/Desktop/luna/build/open_cv_pkg/prefix_override:/usr/lib/python3/dist-packages/colcon_core/task/python/colcon_distutils_commands:/home/mewert/Desktop/luna/install/open_cv_pkg/lib/python3.10/site-packages:${PYTHONPATH} /usr/bin/python3 -W ignore:setup.py install is deprecated setup.py develop --uninstall --editable --build-directory /home/mewert/Desktop/luna/build/open_cv_pkg/build
[1.487s] Invoking command in '/home/mewert/Desktop/luna/src/open_cv_pkg': PYTHONPATH=/home/mewert/Desktop/luna/build/open_cv_pkg/prefix_override:/usr/lib/python3/dist-packages/colcon_core/task/python/colcon_distutils_commands:/home/mewert/Desktop/luna/install/open_cv_pkg/lib/python3.10/site-packages:${PYTHONPATH} /usr/bin/python3 -W ignore:setup.py install is deprecated setup.py egg_info --egg-base ../../build/open_cv_pkg build --build-base /home/mewert/Desktop/luna/build/open_cv_pkg/build install --record /home/mewert/Desktop/luna/build/open_cv_pkg/install.log --single-version-externally-managed install_data --force
[1.792s] running egg_info
[1.793s] writing ../../build/open_cv_pkg/open_cv_pkg.egg-info/PKG-INFO
[1.793s] writing dependency_links to ../../build/open_cv_pkg/open_cv_pkg.egg-info/dependency_links.txt
[1.793s] writing entry points to ../../build/open_cv_pkg/open_cv_pkg.egg-info/entry_points.txt
[1.793s] writing requirements to ../../build/open_cv_pkg/open_cv_pkg.egg-info/requires.txt
[1.793s] writing top-level names to ../../build/open_cv_pkg/open_cv_pkg.egg-info/top_level.txt
[1.795s] reading manifest file '../../build/open_cv_pkg/open_cv_pkg.egg-info/SOURCES.txt'
[1.797s] running build
[1.797s] running build_py
[1.797s] running install
[1.806s] running install_lib
[1.811s] Sorry: IndentationError: unexpected indent (object_detection.py, line 46)
[1.811s] running install_data
[1.811s] running install_egg_info
[1.814s] running install_scripts
[1.836s] Installing object_detection_node script to /home/mewert/Desktop/luna/install/open_cv_pkg/lib/open_cv_pkg
[1.836s] Installing og_from_pointcloud script to /home/mewert/Desktop/luna/install/open_cv_pkg/lib/open_cv_pkg
[1.876s] Invoked command in '/home/mewert/Desktop/luna/src/open_cv_pkg' returned '0': PYTHONPATH=/home/mewert/Desktop/luna/build/open_cv_pkg/prefix_override:/usr/lib/python3/dist-packages/colcon_core/task/python/colcon_distutils_commands:/home/mewert/Desktop/luna/install/open_cv_pkg/lib/python3.10/site-packages:${PYTHONPATH} /usr/bin/python3 -W ignore:setup.py install is deprecated setup.py egg_info --egg-base ../../build/open_cv_pkg build --build-base /home/mewert/Desktop/luna/build/open_cv_pkg/build install --record /home/mewert/Desktop/luna/build/open_cv_pkg/install.log --single-version-externally-managed install_data --force
