[  1%] Built target realsense2_camera_msgs__cpp
[ 12%] Built target realsense2_camera_msgs__rosidl_generator_c
[ 12%] Built target ament_cmake_python_symlink_realsense2_camera_msgs
[ 23%] Built target realsense2_camera_msgs__rosidl_typesupport_fastrtps_cpp
[ 34%] Built target realsense2_camera_msgs__rosidl_typesupport_cpp
[ 46%] Built target realsense2_camera_msgs__rosidl_typesupport_fastrtps_c
[ 57%] Built target realsense2_camera_msgs__rosidl_typesupport_introspection_cpp
[ 68%] Built target realsense2_camera_msgs__rosidl_typesupport_c
[ 79%] Built target realsense2_camera_msgs__rosidl_typesupport_introspection_c
[ 79%] Built target realsense2_camera_msgs
[ 80%] Built target realsense2_camera_msgs__py
[ 90%] Built target realsense2_camera_msgs__rosidl_generator_py
[ 93%] Built target realsense2_camera_msgs__rosidl_typesupport_fastrtps_c__pyext
[ 96%] Built target realsense2_camera_msgs__rosidl_typesupport_c__pyext
[100%] Built target realsense2_camera_msgs__rosidl_typesupport_introspection_c__pyext
running egg_info
writing realsense2_camera_msgs.egg-info/PKG-INFO
writing dependency_links to realsense2_camera_msgs.egg-info/dependency_links.txt
writing top-level names to realsense2_camera_msgs.egg-info/top_level.txt
reading manifest file 'realsense2_camera_msgs.egg-info/SOURCES.txt'
