[0.032s] Invoking command in '/home/mewert/Desktop/luna/build/realsense2_camera_msgs': CMAKE_PREFIX_PATH=${CMAKE_PREFIX_PATH}:/home/mewert/Desktop/luna/install/open_cv_pkg:/opt/ros/humble /usr/bin/cmake --build /home/mewert/Desktop/luna/build/realsense2_camera_msgs -- -j6 -l6
[0.133s] [  1%] Built target realsense2_camera_msgs__cpp
[0.138s] [ 12%] Built target realsense2_camera_msgs__rosidl_generator_c
[0.173s] [ 12%] Built target ament_cmake_python_symlink_realsense2_camera_msgs
[0.238s] [ 23%] Built target realsense2_camera_msgs__rosidl_typesupport_fastrtps_cpp
[0.253s] [ 34%] Built target realsense2_camera_msgs__rosidl_typesupport_cpp
[0.253s] [ 46%] Built target realsense2_camera_msgs__rosidl_typesupport_fastrtps_c
[0.253s] [ 57%] Built target realsense2_camera_msgs__rosidl_typesupport_introspection_cpp
[0.253s] [ 68%] Built target realsense2_camera_msgs__rosidl_typesupport_c
[0.253s] [ 79%] Built target realsense2_camera_msgs__rosidl_typesupport_introspection_c
[0.301s] [ 79%] Built target realsense2_camera_msgs
[0.329s] [ 80%] Built target realsense2_camera_msgs__py
[0.371s] [ 90%] Built target realsense2_camera_msgs__rosidl_generator_py
[0.443s] [ 93%] Built target realsense2_camera_msgs__rosidl_typesupport_fastrtps_c__pyext
[0.450s] [ 96%] Built target realsense2_camera_msgs__rosidl_typesupport_c__pyext
[0.455s] [100%] Built target realsense2_camera_msgs__rosidl_typesupport_introspection_c__pyext
[0.559s] running egg_info
[0.596s] writing realsense2_camera_msgs.egg-info/PKG-INFO
[0.598s] writing dependency_links to realsense2_camera_msgs.egg-info/dependency_links.txt
[0.598s] writing top-level names to realsense2_camera_msgs.egg-info/top_level.txt
[0.671s] reading manifest file 'realsense2_camera_msgs.egg-info/SOURCES.txt'
[0.705s] Traceback (most recent call last):
[0.705s]   File "/home/mewert/Desktop/luna/build/realsense2_camera_msgs/ament_cmake_python/realsense2_camera_msgs/setup.py", line 4, in <module>
[0.706s]     setup(
[0.706s]   File "/home/mewert/.local/lib/python3.10/site-packages/setuptools/__init__.py", line 117, in setup
[0.706s]     return distutils.core.setup(**attrs)
[0.706s]   File "/home/mewert/.local/lib/python3.10/site-packages/setuptools/_distutils/core.py", line 183, in setup
[0.706s]     return run_commands(dist)
[0.706s]   File "/home/mewert/.local/lib/python3.10/site-packages/setuptools/_distutils/core.py", line 199, in run_commands
[0.706s]     dist.run_commands()
[0.706s]   File "/home/mewert/.local/lib/python3.10/site-packages/setuptools/_distutils/dist.py", line 954, in run_commands
[0.707s]     self.run_command(cmd)
[0.707s]   File "/home/mewert/.local/lib/python3.10/site-packages/setuptools/dist.py", line 999, in run_command
[0.707s]     super().run_command(command)
[0.707s]   File "/home/mewert/.local/lib/python3.10/site-packages/setuptools/_distutils/dist.py", line 973, in run_command
[0.707s]     cmd_obj.run()
[0.708s]   File "/home/mewert/.local/lib/python3.10/site-packages/setuptools/command/egg_info.py", line 312, in run
[0.708s]     self.find_sources()
[0.708s]   File "/home/mewert/.local/lib/python3.10/site-packages/setuptools/command/egg_info.py", line 320, in find_sources
[0.709s]     mm.run()
[0.709s]   File "/home/mewert/.local/lib/python3.10/site-packages/setuptools/command/egg_info.py", line 546, in run
[0.709s]     self.prune_file_list()
[0.709s]   File "/home/mewert/.local/lib/python3.10/site-packages/setuptools/command/sdist.py", line 162, in prune_file_list
[0.709s]     super().prune_file_list()
[0.709s]   File "/home/mewert/.local/lib/python3.10/site-packages/setuptools/_distutils/command/sdist.py", line 380, in prune_file_list
[0.709s]     base_dir = self.distribution.get_fullname()
[0.709s]   File "/home/mewert/.local/lib/python3.10/site-packages/setuptools/_core_metadata.py", line 267, in get_fullname
[0.709s]     return _distribution_fullname(self.get_name(), self.get_version())
[0.709s]   File "/home/mewert/.local/lib/python3.10/site-packages/setuptools/_core_metadata.py", line 285, in _distribution_fullname
[0.710s]     canonicalize_version(version, strip_trailing_zero=False),
[0.710s] TypeError: canonicalize_version() got an unexpected keyword argument 'strip_trailing_zero'
[0.835s] gmake[2]: *** [CMakeFiles/ament_cmake_python_build_realsense2_camera_msgs_egg.dir/build.make:70: CMakeFiles/ament_cmake_python_build_realsense2_camera_msgs_egg] Error 1
[0.835s] gmake[1]: *** [CMakeFiles/Makefile2:447: CMakeFiles/ament_cmake_python_build_realsense2_camera_msgs_egg.dir/all] Error 2
[0.837s] gmake: *** [Makefile:146: all] Error 2
[0.847s] Invoked command in '/home/mewert/Desktop/luna/build/realsense2_camera_msgs' returned '2': CMAKE_PREFIX_PATH=${CMAKE_PREFIX_PATH}:/home/mewert/Desktop/luna/install/open_cv_pkg:/opt/ros/humble /usr/bin/cmake --build /home/mewert/Desktop/luna/build/realsense2_camera_msgs -- -j6 -l6
