[0.281s] DEBUG:colcon:Command line arguments: ['/usr/bin/colcon', 'build', '--symlink-install']
[0.282s] DEBUG:colcon:Parsed command line arguments: Namespace(log_base=None, log_level=None, verb_name='build', build_base='build', install_base='install', merge_install=False, symlink_install=True, test_result_base=None, continue_on_error=False, executor='parallel', parallel_workers=6, event_handlers=None, ignore_user_meta=False, metas=['./colcon.meta'], base_paths=['.'], packages_ignore=None, packages_ignore_regex=None, paths=None, packages_up_to=None, packages_up_to_regex=None, packages_above=None, packages_above_and_dependencies=None, packages_above_depth=None, packages_select_by_dep=None, packages_skip_by_dep=None, packages_skip_up_to=None, packages_select_build_failed=False, packages_skip_build_finished=False, packages_select_test_failures=False, packages_skip_test_passed=False, packages_select=None, packages_skip=None, packages_select_regex=None, packages_skip_regex=None, packages_start=None, packages_end=None, allow_overriding=[], cmake_args=None, cmake_target=None, cmake_target_skip_unavailable=False, cmake_clean_cache=False, cmake_clean_first=False, cmake_force_configure=False, ament_cmake_args=None, catkin_cmake_args=None, catkin_skip_building_tests=False, verb_parser=<colcon_defaults.argument_parser.defaults.DefaultArgumentsDecorator object at 0x7cb4b9df4ca0>, verb_extension=<colcon_core.verb.build.BuildVerb object at 0x7cb4b9df4790>, main=<bound method BuildVerb.main of <colcon_core.verb.build.BuildVerb object at 0x7cb4b9df4790>>)
[0.823s] Level 1:colcon.colcon_core.package_discovery:discover_packages(colcon_meta) check parameters
[0.824s] Level 1:colcon.colcon_core.package_discovery:discover_packages(recursive) check parameters
[0.824s] Level 1:colcon.colcon_core.package_discovery:discover_packages(ignore) check parameters
[0.824s] Level 1:colcon.colcon_core.package_discovery:discover_packages(path) check parameters
[0.824s] Level 1:colcon.colcon_core.package_discovery:discover_packages(colcon_meta) discover
[0.824s] Level 1:colcon.colcon_core.package_discovery:discover_packages(recursive) discover
[0.824s] INFO:colcon.colcon_core.package_discovery:Crawling recursively for packages in '/home/mewert/Desktop/luna'
[0.824s] Level 1:colcon.colcon_core.package_identification:_identify(.) by extensions ['ignore', 'ignore_ament_install']
[0.824s] Level 1:colcon.colcon_core.package_identification:_identify(.) by extension 'ignore'
[0.824s] Level 1:colcon.colcon_core.package_identification:_identify(.) by extension 'ignore_ament_install'
[0.824s] Level 1:colcon.colcon_core.package_identification:_identify(.) by extensions ['colcon_pkg']
[0.824s] Level 1:colcon.colcon_core.package_identification:_identify(.) by extension 'colcon_pkg'
[0.824s] Level 1:colcon.colcon_core.package_identification:_identify(.) by extensions ['colcon_meta']
[0.824s] Level 1:colcon.colcon_core.package_identification:_identify(.) by extension 'colcon_meta'
[0.824s] Level 1:colcon.colcon_core.package_identification:_identify(.) by extensions ['ros']
[0.824s] Level 1:colcon.colcon_core.package_identification:_identify(.) by extension 'ros'
[0.839s] Level 1:colcon.colcon_core.package_identification:_identify(.) by extensions ['cmake', 'python']
[0.839s] Level 1:colcon.colcon_core.package_identification:_identify(.) by extension 'cmake'
[0.840s] Level 1:colcon.colcon_core.package_identification:_identify(.) by extension 'python'
[0.840s] Level 1:colcon.colcon_core.package_identification:_identify(.) by extensions ['python_setup_py']
[0.840s] Level 1:colcon.colcon_core.package_identification:_identify(.) by extension 'python_setup_py'
[0.864s] Level 1:colcon.colcon_core.package_identification:_identify(build) by extensions ['ignore', 'ignore_ament_install']
[0.864s] Level 1:colcon.colcon_core.package_identification:_identify(build) by extension 'ignore'
[0.864s] Level 1:colcon.colcon_core.package_identification:_identify(build) ignored
[0.875s] Level 1:colcon.colcon_core.package_identification:_identify(diagnostics) by extensions ['ignore', 'ignore_ament_install']
[0.876s] Level 1:colcon.colcon_core.package_identification:_identify(diagnostics) by extension 'ignore'
[0.876s] Level 1:colcon.colcon_core.package_identification:_identify(diagnostics) by extension 'ignore_ament_install'
[0.876s] Level 1:colcon.colcon_core.package_identification:_identify(diagnostics) by extensions ['colcon_pkg']
[0.876s] Level 1:colcon.colcon_core.package_identification:_identify(diagnostics) by extension 'colcon_pkg'
[0.876s] Level 1:colcon.colcon_core.package_identification:_identify(diagnostics) by extensions ['colcon_meta']
[0.876s] Level 1:colcon.colcon_core.package_identification:_identify(diagnostics) by extension 'colcon_meta'
[0.876s] Level 1:colcon.colcon_core.package_identification:_identify(diagnostics) by extensions ['ros']
[0.876s] Level 1:colcon.colcon_core.package_identification:_identify(diagnostics) by extension 'ros'
[0.876s] Level 1:colcon.colcon_core.package_identification:_identify(diagnostics) by extensions ['cmake', 'python']
[0.876s] Level 1:colcon.colcon_core.package_identification:_identify(diagnostics) by extension 'cmake'
[0.876s] Level 1:colcon.colcon_core.package_identification:_identify(diagnostics) by extension 'python'
[0.876s] Level 1:colcon.colcon_core.package_identification:_identify(diagnostics) by extensions ['python_setup_py']
[0.876s] Level 1:colcon.colcon_core.package_identification:_identify(diagnostics) by extension 'python_setup_py'
[0.877s] Level 1:colcon.colcon_core.package_identification:_identify(diagnostics/diagnostic_aggregator) by extensions ['ignore', 'ignore_ament_install']
[0.877s] Level 1:colcon.colcon_core.package_identification:_identify(diagnostics/diagnostic_aggregator) by extension 'ignore'
[0.877s] Level 1:colcon.colcon_core.package_identification:_identify(diagnostics/diagnostic_aggregator) by extension 'ignore_ament_install'
[0.877s] Level 1:colcon.colcon_core.package_identification:_identify(diagnostics/diagnostic_aggregator) by extensions ['colcon_pkg']
[0.877s] Level 1:colcon.colcon_core.package_identification:_identify(diagnostics/diagnostic_aggregator) by extension 'colcon_pkg'
[0.877s] Level 1:colcon.colcon_core.package_identification:_identify(diagnostics/diagnostic_aggregator) by extensions ['colcon_meta']
[0.877s] Level 1:colcon.colcon_core.package_identification:_identify(diagnostics/diagnostic_aggregator) by extension 'colcon_meta'
[0.877s] Level 1:colcon.colcon_core.package_identification:_identify(diagnostics/diagnostic_aggregator) by extensions ['ros']
[0.877s] Level 1:colcon.colcon_core.package_identification:_identify(diagnostics/diagnostic_aggregator) by extension 'ros'
[0.881s] DEBUG:colcon.colcon_core.package_identification:Package 'diagnostics/diagnostic_aggregator' with type 'ros.ament_cmake' and name 'diagnostic_aggregator'
[0.882s] Level 1:colcon.colcon_core.package_identification:_identify(diagnostics/diagnostic_common_diagnostics) by extensions ['ignore', 'ignore_ament_install']
[0.882s] Level 1:colcon.colcon_core.package_identification:_identify(diagnostics/diagnostic_common_diagnostics) by extension 'ignore'
[0.882s] Level 1:colcon.colcon_core.package_identification:_identify(diagnostics/diagnostic_common_diagnostics) by extension 'ignore_ament_install'
[0.883s] Level 1:colcon.colcon_core.package_identification:_identify(diagnostics/diagnostic_common_diagnostics) by extensions ['colcon_pkg']
[0.883s] Level 1:colcon.colcon_core.package_identification:_identify(diagnostics/diagnostic_common_diagnostics) by extension 'colcon_pkg'
[0.883s] Level 1:colcon.colcon_core.package_identification:_identify(diagnostics/diagnostic_common_diagnostics) by extensions ['colcon_meta']
[0.883s] Level 1:colcon.colcon_core.package_identification:_identify(diagnostics/diagnostic_common_diagnostics) by extension 'colcon_meta'
[0.883s] Level 1:colcon.colcon_core.package_identification:_identify(diagnostics/diagnostic_common_diagnostics) by extensions ['ros']
[0.883s] Level 1:colcon.colcon_core.package_identification:_identify(diagnostics/diagnostic_common_diagnostics) by extension 'ros'
[0.884s] DEBUG:colcon.colcon_core.package_identification:Package 'diagnostics/diagnostic_common_diagnostics' with type 'ros.ament_cmake' and name 'diagnostic_common_diagnostics'
[0.885s] Level 1:colcon.colcon_core.package_identification:_identify(diagnostics/diagnostic_updater) by extensions ['ignore', 'ignore_ament_install']
[0.885s] Level 1:colcon.colcon_core.package_identification:_identify(diagnostics/diagnostic_updater) by extension 'ignore'
[0.885s] Level 1:colcon.colcon_core.package_identification:_identify(diagnostics/diagnostic_updater) by extension 'ignore_ament_install'
[0.885s] Level 1:colcon.colcon_core.package_identification:_identify(diagnostics/diagnostic_updater) by extensions ['colcon_pkg']
[0.885s] Level 1:colcon.colcon_core.package_identification:_identify(diagnostics/diagnostic_updater) by extension 'colcon_pkg'
[0.885s] Level 1:colcon.colcon_core.package_identification:_identify(diagnostics/diagnostic_updater) by extensions ['colcon_meta']
[0.885s] Level 1:colcon.colcon_core.package_identification:_identify(diagnostics/diagnostic_updater) by extension 'colcon_meta'
[0.885s] Level 1:colcon.colcon_core.package_identification:_identify(diagnostics/diagnostic_updater) by extensions ['ros']
[0.885s] Level 1:colcon.colcon_core.package_identification:_identify(diagnostics/diagnostic_updater) by extension 'ros'
[0.888s] DEBUG:colcon.colcon_core.package_identification:Package 'diagnostics/diagnostic_updater' with type 'ros.ament_cmake' and name 'diagnostic_updater'
[0.891s] Level 1:colcon.colcon_core.package_identification:_identify(diagnostics/diagnostics) by extensions ['ignore', 'ignore_ament_install']
[0.891s] Level 1:colcon.colcon_core.package_identification:_identify(diagnostics/diagnostics) by extension 'ignore'
[0.891s] Level 1:colcon.colcon_core.package_identification:_identify(diagnostics/diagnostics) by extension 'ignore_ament_install'
[0.891s] Level 1:colcon.colcon_core.package_identification:_identify(diagnostics/diagnostics) by extensions ['colcon_pkg']
[0.892s] Level 1:colcon.colcon_core.package_identification:_identify(diagnostics/diagnostics) by extension 'colcon_pkg'
[0.892s] Level 1:colcon.colcon_core.package_identification:_identify(diagnostics/diagnostics) by extensions ['colcon_meta']
[0.892s] Level 1:colcon.colcon_core.package_identification:_identify(diagnostics/diagnostics) by extension 'colcon_meta'
[0.892s] Level 1:colcon.colcon_core.package_identification:_identify(diagnostics/diagnostics) by extensions ['ros']
[0.892s] Level 1:colcon.colcon_core.package_identification:_identify(diagnostics/diagnostics) by extension 'ros'
[0.893s] DEBUG:colcon.colcon_core.package_identification:Package 'diagnostics/diagnostics' with type 'ros.ament_cmake' and name 'diagnostics'
[0.920s] Level 1:colcon.colcon_core.package_identification:_identify(diagnostics/self_test) by extensions ['ignore', 'ignore_ament_install']
[0.920s] Level 1:colcon.colcon_core.package_identification:_identify(diagnostics/self_test) by extension 'ignore'
[0.920s] Level 1:colcon.colcon_core.package_identification:_identify(diagnostics/self_test) by extension 'ignore_ament_install'
[0.920s] Level 1:colcon.colcon_core.package_identification:_identify(diagnostics/self_test) by extensions ['colcon_pkg']
[0.920s] Level 1:colcon.colcon_core.package_identification:_identify(diagnostics/self_test) by extension 'colcon_pkg'
[0.920s] Level 1:colcon.colcon_core.package_identification:_identify(diagnostics/self_test) by extensions ['colcon_meta']
[0.920s] Level 1:colcon.colcon_core.package_identification:_identify(diagnostics/self_test) by extension 'colcon_meta'
[0.920s] Level 1:colcon.colcon_core.package_identification:_identify(diagnostics/self_test) by extensions ['ros']
[0.920s] Level 1:colcon.colcon_core.package_identification:_identify(diagnostics/self_test) by extension 'ros'
[0.922s] DEBUG:colcon.colcon_core.package_identification:Package 'diagnostics/self_test' with type 'ros.ament_cmake' and name 'self_test'
[0.923s] Level 1:colcon.colcon_core.package_identification:_identify(install) by extensions ['ignore', 'ignore_ament_install']
[0.923s] Level 1:colcon.colcon_core.package_identification:_identify(install) by extension 'ignore'
[0.923s] Level 1:colcon.colcon_core.package_identification:_identify(install) ignored
[0.924s] Level 1:colcon.colcon_core.package_identification:_identify(log) by extensions ['ignore', 'ignore_ament_install']
[0.924s] Level 1:colcon.colcon_core.package_identification:_identify(log) by extension 'ignore'
[0.924s] Level 1:colcon.colcon_core.package_identification:_identify(log) ignored
[0.925s] Level 1:colcon.colcon_core.package_identification:_identify(src) by extensions ['ignore', 'ignore_ament_install']
[0.925s] Level 1:colcon.colcon_core.package_identification:_identify(src) by extension 'ignore'
[0.925s] Level 1:colcon.colcon_core.package_identification:_identify(src) by extension 'ignore_ament_install'
[0.925s] Level 1:colcon.colcon_core.package_identification:_identify(src) by extensions ['colcon_pkg']
[0.925s] Level 1:colcon.colcon_core.package_identification:_identify(src) by extension 'colcon_pkg'
[0.925s] Level 1:colcon.colcon_core.package_identification:_identify(src) by extensions ['colcon_meta']
[0.925s] Level 1:colcon.colcon_core.package_identification:_identify(src) by extension 'colcon_meta'
[0.925s] Level 1:colcon.colcon_core.package_identification:_identify(src) by extensions ['ros']
[0.925s] Level 1:colcon.colcon_core.package_identification:_identify(src) by extension 'ros'
[0.925s] Level 1:colcon.colcon_core.package_identification:_identify(src) by extensions ['cmake', 'python']
[0.925s] Level 1:colcon.colcon_core.package_identification:_identify(src) by extension 'cmake'
[0.925s] Level 1:colcon.colcon_core.package_identification:_identify(src) by extension 'python'
[0.925s] Level 1:colcon.colcon_core.package_identification:_identify(src) by extensions ['python_setup_py']
[0.925s] Level 1:colcon.colcon_core.package_identification:_identify(src) by extension 'python_setup_py'
[0.925s] Level 1:colcon.colcon_core.package_identification:_identify(src/open_cv_pkg) by extensions ['ignore', 'ignore_ament_install']
[0.925s] Level 1:colcon.colcon_core.package_identification:_identify(src/open_cv_pkg) by extension 'ignore'
[0.926s] Level 1:colcon.colcon_core.package_identification:_identify(src/open_cv_pkg) by extension 'ignore_ament_install'
[0.926s] Level 1:colcon.colcon_core.package_identification:_identify(src/open_cv_pkg) by extensions ['colcon_pkg']
[0.926s] Level 1:colcon.colcon_core.package_identification:_identify(src/open_cv_pkg) by extension 'colcon_pkg'
[0.926s] Level 1:colcon.colcon_core.package_identification:_identify(src/open_cv_pkg) by extensions ['colcon_meta']
[0.926s] Level 1:colcon.colcon_core.package_identification:_identify(src/open_cv_pkg) by extension 'colcon_meta'
[0.926s] Level 1:colcon.colcon_core.package_identification:_identify(src/open_cv_pkg) by extensions ['ros']
[0.926s] Level 1:colcon.colcon_core.package_identification:_identify(src/open_cv_pkg) by extension 'ros'
[0.927s] DEBUG:colcon.colcon_core.package_identification:Package 'src/open_cv_pkg' with type 'ros.ament_python' and name 'open_cv_pkg'
[0.928s] Level 1:colcon.colcon_core.package_identification:_identify(src/pointcloud_to_grid) by extensions ['ignore', 'ignore_ament_install']
[0.928s] Level 1:colcon.colcon_core.package_identification:_identify(src/pointcloud_to_grid) by extension 'ignore'
[0.928s] Level 1:colcon.colcon_core.package_identification:_identify(src/pointcloud_to_grid) by extension 'ignore_ament_install'
[0.928s] Level 1:colcon.colcon_core.package_identification:_identify(src/pointcloud_to_grid) by extensions ['colcon_pkg']
[0.928s] Level 1:colcon.colcon_core.package_identification:_identify(src/pointcloud_to_grid) by extension 'colcon_pkg'
[0.928s] Level 1:colcon.colcon_core.package_identification:_identify(src/pointcloud_to_grid) by extensions ['colcon_meta']
[0.928s] Level 1:colcon.colcon_core.package_identification:_identify(src/pointcloud_to_grid) by extension 'colcon_meta'
[0.928s] Level 1:colcon.colcon_core.package_identification:_identify(src/pointcloud_to_grid) by extensions ['ros']
[0.928s] Level 1:colcon.colcon_core.package_identification:_identify(src/pointcloud_to_grid) by extension 'ros'
[0.930s] DEBUG:colcon.colcon_core.package_identification:Package 'src/pointcloud_to_grid' with type 'ros.ament_cmake' and name 'pointcloud_to_grid'
[0.944s] Level 1:colcon.colcon_core.package_identification:_identify(src/realsense-ros) by extensions ['ignore', 'ignore_ament_install']
[0.944s] Level 1:colcon.colcon_core.package_identification:_identify(src/realsense-ros) by extension 'ignore'
[0.944s] Level 1:colcon.colcon_core.package_identification:_identify(src/realsense-ros) by extension 'ignore_ament_install'
[0.945s] Level 1:colcon.colcon_core.package_identification:_identify(src/realsense-ros) by extensions ['colcon_pkg']
[0.945s] Level 1:colcon.colcon_core.package_identification:_identify(src/realsense-ros) by extension 'colcon_pkg'
[0.945s] Level 1:colcon.colcon_core.package_identification:_identify(src/realsense-ros) by extensions ['colcon_meta']
[0.945s] Level 1:colcon.colcon_core.package_identification:_identify(src/realsense-ros) by extension 'colcon_meta'
[0.945s] Level 1:colcon.colcon_core.package_identification:_identify(src/realsense-ros) by extensions ['ros']
[0.945s] Level 1:colcon.colcon_core.package_identification:_identify(src/realsense-ros) by extension 'ros'
[0.945s] Level 1:colcon.colcon_core.package_identification:_identify(src/realsense-ros) by extensions ['cmake', 'python']
[0.945s] Level 1:colcon.colcon_core.package_identification:_identify(src/realsense-ros) by extension 'cmake'
[0.945s] Level 1:colcon.colcon_core.package_identification:_identify(src/realsense-ros) by extension 'python'
[0.945s] Level 1:colcon.colcon_core.package_identification:_identify(src/realsense-ros) by extensions ['python_setup_py']
[0.945s] Level 1:colcon.colcon_core.package_identification:_identify(src/realsense-ros) by extension 'python_setup_py'
[0.946s] Level 1:colcon.colcon_core.package_identification:_identify(src/realsense-ros/realsense2_camera) by extensions ['ignore', 'ignore_ament_install']
[0.946s] Level 1:colcon.colcon_core.package_identification:_identify(src/realsense-ros/realsense2_camera) by extension 'ignore'
[0.946s] Level 1:colcon.colcon_core.package_identification:_identify(src/realsense-ros/realsense2_camera) by extension 'ignore_ament_install'
[0.946s] Level 1:colcon.colcon_core.package_identification:_identify(src/realsense-ros/realsense2_camera) by extensions ['colcon_pkg']
[0.946s] Level 1:colcon.colcon_core.package_identification:_identify(src/realsense-ros/realsense2_camera) by extension 'colcon_pkg'
[0.946s] Level 1:colcon.colcon_core.package_identification:_identify(src/realsense-ros/realsense2_camera) by extensions ['colcon_meta']
[0.946s] Level 1:colcon.colcon_core.package_identification:_identify(src/realsense-ros/realsense2_camera) by extension 'colcon_meta'
[0.946s] Level 1:colcon.colcon_core.package_identification:_identify(src/realsense-ros/realsense2_camera) by extensions ['ros']
[0.946s] Level 1:colcon.colcon_core.package_identification:_identify(src/realsense-ros/realsense2_camera) by extension 'ros'
[0.954s] DEBUG:colcon.colcon_core.package_identification:Package 'src/realsense-ros/realsense2_camera' with type 'ros.ament_cmake' and name 'realsense2_camera'
[0.957s] Level 1:colcon.colcon_core.package_identification:_identify(src/realsense-ros/realsense2_camera_msgs) by extensions ['ignore', 'ignore_ament_install']
[0.958s] Level 1:colcon.colcon_core.package_identification:_identify(src/realsense-ros/realsense2_camera_msgs) by extension 'ignore'
[0.958s] Level 1:colcon.colcon_core.package_identification:_identify(src/realsense-ros/realsense2_camera_msgs) by extension 'ignore_ament_install'
[0.958s] Level 1:colcon.colcon_core.package_identification:_identify(src/realsense-ros/realsense2_camera_msgs) by extensions ['colcon_pkg']
[0.958s] Level 1:colcon.colcon_core.package_identification:_identify(src/realsense-ros/realsense2_camera_msgs) by extension 'colcon_pkg'
[0.958s] Level 1:colcon.colcon_core.package_identification:_identify(src/realsense-ros/realsense2_camera_msgs) by extensions ['colcon_meta']
[0.958s] Level 1:colcon.colcon_core.package_identification:_identify(src/realsense-ros/realsense2_camera_msgs) by extension 'colcon_meta'
[0.958s] Level 1:colcon.colcon_core.package_identification:_identify(src/realsense-ros/realsense2_camera_msgs) by extensions ['ros']
[0.958s] Level 1:colcon.colcon_core.package_identification:_identify(src/realsense-ros/realsense2_camera_msgs) by extension 'ros'
[0.960s] DEBUG:colcon.colcon_core.package_identification:Package 'src/realsense-ros/realsense2_camera_msgs' with type 'ros.ament_cmake' and name 'realsense2_camera_msgs'
[0.961s] Level 1:colcon.colcon_core.package_identification:_identify(src/realsense-ros/realsense2_description) by extensions ['ignore', 'ignore_ament_install']
[0.961s] Level 1:colcon.colcon_core.package_identification:_identify(src/realsense-ros/realsense2_description) by extension 'ignore'
[0.961s] Level 1:colcon.colcon_core.package_identification:_identify(src/realsense-ros/realsense2_description) by extension 'ignore_ament_install'
[0.961s] Level 1:colcon.colcon_core.package_identification:_identify(src/realsense-ros/realsense2_description) by extensions ['colcon_pkg']
[0.961s] Level 1:colcon.colcon_core.package_identification:_identify(src/realsense-ros/realsense2_description) by extension 'colcon_pkg'
[0.961s] Level 1:colcon.colcon_core.package_identification:_identify(src/realsense-ros/realsense2_description) by extensions ['colcon_meta']
[0.961s] Level 1:colcon.colcon_core.package_identification:_identify(src/realsense-ros/realsense2_description) by extension 'colcon_meta'
[0.961s] Level 1:colcon.colcon_core.package_identification:_identify(src/realsense-ros/realsense2_description) by extensions ['ros']
[0.962s] Level 1:colcon.colcon_core.package_identification:_identify(src/realsense-ros/realsense2_description) by extension 'ros'
[0.963s] DEBUG:colcon.colcon_core.package_identification:Package 'src/realsense-ros/realsense2_description' with type 'ros.ament_cmake' and name 'realsense2_description'
[0.963s] Level 1:colcon.colcon_core.package_identification:_identify(src/realsense-ros/scripts) by extensions ['ignore', 'ignore_ament_install']
[0.964s] Level 1:colcon.colcon_core.package_identification:_identify(src/realsense-ros/scripts) by extension 'ignore'
[0.964s] Level 1:colcon.colcon_core.package_identification:_identify(src/realsense-ros/scripts) by extension 'ignore_ament_install'
[0.964s] Level 1:colcon.colcon_core.package_identification:_identify(src/realsense-ros/scripts) by extensions ['colcon_pkg']
[0.964s] Level 1:colcon.colcon_core.package_identification:_identify(src/realsense-ros/scripts) by extension 'colcon_pkg'
[0.964s] Level 1:colcon.colcon_core.package_identification:_identify(src/realsense-ros/scripts) by extensions ['colcon_meta']
[0.964s] Level 1:colcon.colcon_core.package_identification:_identify(src/realsense-ros/scripts) by extension 'colcon_meta'
[0.964s] Level 1:colcon.colcon_core.package_identification:_identify(src/realsense-ros/scripts) by extensions ['ros']
[0.964s] Level 1:colcon.colcon_core.package_identification:_identify(src/realsense-ros/scripts) by extension 'ros'
[0.964s] Level 1:colcon.colcon_core.package_identification:_identify(src/realsense-ros/scripts) by extensions ['cmake', 'python']
[0.964s] Level 1:colcon.colcon_core.package_identification:_identify(src/realsense-ros/scripts) by extension 'cmake'
[0.964s] Level 1:colcon.colcon_core.package_identification:_identify(src/realsense-ros/scripts) by extension 'python'
[0.964s] Level 1:colcon.colcon_core.package_identification:_identify(src/realsense-ros/scripts) by extensions ['python_setup_py']
[0.964s] Level 1:colcon.colcon_core.package_identification:_identify(src/realsense-ros/scripts) by extension 'python_setup_py'
[0.964s] Level 1:colcon.colcon_core.package_discovery:discover_packages(recursive) using defaults
[0.964s] Level 1:colcon.colcon_core.package_discovery:discover_packages(ignore) discover
[0.964s] Level 1:colcon.colcon_core.package_discovery:discover_packages(ignore) using defaults
[0.964s] Level 1:colcon.colcon_core.package_discovery:discover_packages(path) discover
[0.964s] Level 1:colcon.colcon_core.package_discovery:discover_packages(path) using defaults
[1.011s] Level 1:colcon.colcon_core.package_discovery:discover_packages(prefix_path) check parameters
[1.011s] Level 1:colcon.colcon_core.package_discovery:discover_packages(prefix_path) discover
[1.024s] DEBUG:colcon.colcon_installed_package_information.package_discovery:Found 12 installed packages in /home/mewert/Desktop/luna/install
[1.027s] DEBUG:colcon.colcon_installed_package_information.package_discovery:Found 278 installed packages in /opt/ros/humble
[1.029s] Level 1:colcon.colcon_core.package_discovery:discover_packages(prefix_path) using defaults
[1.100s] Level 5:colcon.colcon_core.verb:set package 'diagnostic_aggregator' build argument 'cmake_args' from command line to 'None'
[1.100s] Level 5:colcon.colcon_core.verb:set package 'diagnostic_aggregator' build argument 'cmake_target' from command line to 'None'
[1.100s] Level 5:colcon.colcon_core.verb:set package 'diagnostic_aggregator' build argument 'cmake_target_skip_unavailable' from command line to 'False'
[1.100s] Level 5:colcon.colcon_core.verb:set package 'diagnostic_aggregator' build argument 'cmake_clean_cache' from command line to 'False'
[1.100s] Level 5:colcon.colcon_core.verb:set package 'diagnostic_aggregator' build argument 'cmake_clean_first' from command line to 'False'
[1.100s] Level 5:colcon.colcon_core.verb:set package 'diagnostic_aggregator' build argument 'cmake_force_configure' from command line to 'False'
[1.100s] Level 5:colcon.colcon_core.verb:set package 'diagnostic_aggregator' build argument 'ament_cmake_args' from command line to 'None'
[1.100s] Level 5:colcon.colcon_core.verb:set package 'diagnostic_aggregator' build argument 'catkin_cmake_args' from command line to 'None'
[1.100s] Level 5:colcon.colcon_core.verb:set package 'diagnostic_aggregator' build argument 'catkin_skip_building_tests' from command line to 'False'
[1.100s] DEBUG:colcon.colcon_core.verb:Building package 'diagnostic_aggregator' with the following arguments: {'ament_cmake_args': None, 'build_base': '/home/mewert/Desktop/luna/build/diagnostic_aggregator', 'catkin_cmake_args': None, 'catkin_skip_building_tests': False, 'cmake_args': None, 'cmake_clean_cache': False, 'cmake_clean_first': False, 'cmake_force_configure': False, 'cmake_target': None, 'cmake_target_skip_unavailable': False, 'install_base': '/home/mewert/Desktop/luna/install/diagnostic_aggregator', 'merge_install': False, 'path': '/home/mewert/Desktop/luna/diagnostics/diagnostic_aggregator', 'symlink_install': True, 'test_result_base': None}
[1.101s] Level 5:colcon.colcon_core.verb:set package 'diagnostic_updater' build argument 'cmake_args' from command line to 'None'
[1.101s] Level 5:colcon.colcon_core.verb:set package 'diagnostic_updater' build argument 'cmake_target' from command line to 'None'
[1.101s] Level 5:colcon.colcon_core.verb:set package 'diagnostic_updater' build argument 'cmake_target_skip_unavailable' from command line to 'False'
[1.101s] Level 5:colcon.colcon_core.verb:set package 'diagnostic_updater' build argument 'cmake_clean_cache' from command line to 'False'
[1.101s] Level 5:colcon.colcon_core.verb:set package 'diagnostic_updater' build argument 'cmake_clean_first' from command line to 'False'
[1.101s] Level 5:colcon.colcon_core.verb:set package 'diagnostic_updater' build argument 'cmake_force_configure' from command line to 'False'
[1.101s] Level 5:colcon.colcon_core.verb:set package 'diagnostic_updater' build argument 'ament_cmake_args' from command line to 'None'
[1.101s] Level 5:colcon.colcon_core.verb:set package 'diagnostic_updater' build argument 'catkin_cmake_args' from command line to 'None'
[1.101s] Level 5:colcon.colcon_core.verb:set package 'diagnostic_updater' build argument 'catkin_skip_building_tests' from command line to 'False'
[1.101s] DEBUG:colcon.colcon_core.verb:Building package 'diagnostic_updater' with the following arguments: {'ament_cmake_args': None, 'build_base': '/home/mewert/Desktop/luna/build/diagnostic_updater', 'catkin_cmake_args': None, 'catkin_skip_building_tests': False, 'cmake_args': None, 'cmake_clean_cache': False, 'cmake_clean_first': False, 'cmake_force_configure': False, 'cmake_target': None, 'cmake_target_skip_unavailable': False, 'install_base': '/home/mewert/Desktop/luna/install/diagnostic_updater', 'merge_install': False, 'path': '/home/mewert/Desktop/luna/diagnostics/diagnostic_updater', 'symlink_install': True, 'test_result_base': None}
[1.102s] Level 5:colcon.colcon_core.verb:set package 'open_cv_pkg' build argument 'cmake_args' from command line to 'None'
[1.102s] Level 5:colcon.colcon_core.verb:set package 'open_cv_pkg' build argument 'cmake_target' from command line to 'None'
[1.103s] Level 5:colcon.colcon_core.verb:set package 'open_cv_pkg' build argument 'cmake_target_skip_unavailable' from command line to 'False'
[1.103s] Level 5:colcon.colcon_core.verb:set package 'open_cv_pkg' build argument 'cmake_clean_cache' from command line to 'False'
[1.103s] Level 5:colcon.colcon_core.verb:set package 'open_cv_pkg' build argument 'cmake_clean_first' from command line to 'False'
[1.103s] Level 5:colcon.colcon_core.verb:set package 'open_cv_pkg' build argument 'cmake_force_configure' from command line to 'False'
[1.103s] Level 5:colcon.colcon_core.verb:set package 'open_cv_pkg' build argument 'ament_cmake_args' from command line to 'None'
[1.103s] Level 5:colcon.colcon_core.verb:set package 'open_cv_pkg' build argument 'catkin_cmake_args' from command line to 'None'
[1.103s] Level 5:colcon.colcon_core.verb:set package 'open_cv_pkg' build argument 'catkin_skip_building_tests' from command line to 'False'
[1.103s] DEBUG:colcon.colcon_core.verb:Building package 'open_cv_pkg' with the following arguments: {'ament_cmake_args': None, 'build_base': '/home/mewert/Desktop/luna/build/open_cv_pkg', 'catkin_cmake_args': None, 'catkin_skip_building_tests': False, 'cmake_args': None, 'cmake_clean_cache': False, 'cmake_clean_first': False, 'cmake_force_configure': False, 'cmake_target': None, 'cmake_target_skip_unavailable': False, 'install_base': '/home/mewert/Desktop/luna/install/open_cv_pkg', 'merge_install': False, 'path': '/home/mewert/Desktop/luna/src/open_cv_pkg', 'symlink_install': True, 'test_result_base': None}
[1.103s] Level 5:colcon.colcon_core.verb:set package 'pointcloud_to_grid' build argument 'cmake_args' from command line to 'None'
[1.103s] Level 5:colcon.colcon_core.verb:set package 'pointcloud_to_grid' build argument 'cmake_target' from command line to 'None'
[1.103s] Level 5:colcon.colcon_core.verb:set package 'pointcloud_to_grid' build argument 'cmake_target_skip_unavailable' from command line to 'False'
[1.103s] Level 5:colcon.colcon_core.verb:set package 'pointcloud_to_grid' build argument 'cmake_clean_cache' from command line to 'False'
[1.103s] Level 5:colcon.colcon_core.verb:set package 'pointcloud_to_grid' build argument 'cmake_clean_first' from command line to 'False'
[1.103s] Level 5:colcon.colcon_core.verb:set package 'pointcloud_to_grid' build argument 'cmake_force_configure' from command line to 'False'
[1.103s] Level 5:colcon.colcon_core.verb:set package 'pointcloud_to_grid' build argument 'ament_cmake_args' from command line to 'None'
[1.103s] Level 5:colcon.colcon_core.verb:set package 'pointcloud_to_grid' build argument 'catkin_cmake_args' from command line to 'None'
[1.103s] Level 5:colcon.colcon_core.verb:set package 'pointcloud_to_grid' build argument 'catkin_skip_building_tests' from command line to 'False'
[1.104s] DEBUG:colcon.colcon_core.verb:Building package 'pointcloud_to_grid' with the following arguments: {'ament_cmake_args': None, 'build_base': '/home/mewert/Desktop/luna/build/pointcloud_to_grid', 'catkin_cmake_args': None, 'catkin_skip_building_tests': False, 'cmake_args': None, 'cmake_clean_cache': False, 'cmake_clean_first': False, 'cmake_force_configure': False, 'cmake_target': None, 'cmake_target_skip_unavailable': False, 'install_base': '/home/mewert/Desktop/luna/install/pointcloud_to_grid', 'merge_install': False, 'path': '/home/mewert/Desktop/luna/src/pointcloud_to_grid', 'symlink_install': True, 'test_result_base': None}
[1.104s] Level 5:colcon.colcon_core.verb:set package 'realsense2_camera_msgs' build argument 'cmake_args' from command line to 'None'
[1.104s] Level 5:colcon.colcon_core.verb:set package 'realsense2_camera_msgs' build argument 'cmake_target' from command line to 'None'
[1.104s] Level 5:colcon.colcon_core.verb:set package 'realsense2_camera_msgs' build argument 'cmake_target_skip_unavailable' from command line to 'False'
[1.104s] Level 5:colcon.colcon_core.verb:set package 'realsense2_camera_msgs' build argument 'cmake_clean_cache' from command line to 'False'
[1.104s] Level 5:colcon.colcon_core.verb:set package 'realsense2_camera_msgs' build argument 'cmake_clean_first' from command line to 'False'
[1.104s] Level 5:colcon.colcon_core.verb:set package 'realsense2_camera_msgs' build argument 'cmake_force_configure' from command line to 'False'
[1.104s] Level 5:colcon.colcon_core.verb:set package 'realsense2_camera_msgs' build argument 'ament_cmake_args' from command line to 'None'
[1.104s] Level 5:colcon.colcon_core.verb:set package 'realsense2_camera_msgs' build argument 'catkin_cmake_args' from command line to 'None'
[1.104s] Level 5:colcon.colcon_core.verb:set package 'realsense2_camera_msgs' build argument 'catkin_skip_building_tests' from command line to 'False'
[1.104s] DEBUG:colcon.colcon_core.verb:Building package 'realsense2_camera_msgs' with the following arguments: {'ament_cmake_args': None, 'build_base': '/home/mewert/Desktop/luna/build/realsense2_camera_msgs', 'catkin_cmake_args': None, 'catkin_skip_building_tests': False, 'cmake_args': None, 'cmake_clean_cache': False, 'cmake_clean_first': False, 'cmake_force_configure': False, 'cmake_target': None, 'cmake_target_skip_unavailable': False, 'install_base': '/home/mewert/Desktop/luna/install/realsense2_camera_msgs', 'merge_install': False, 'path': '/home/mewert/Desktop/luna/src/realsense-ros/realsense2_camera_msgs', 'symlink_install': True, 'test_result_base': None}
[1.105s] Level 5:colcon.colcon_core.verb:set package 'diagnostic_common_diagnostics' build argument 'cmake_args' from command line to 'None'
[1.105s] Level 5:colcon.colcon_core.verb:set package 'diagnostic_common_diagnostics' build argument 'cmake_target' from command line to 'None'
[1.105s] Level 5:colcon.colcon_core.verb:set package 'diagnostic_common_diagnostics' build argument 'cmake_target_skip_unavailable' from command line to 'False'
[1.105s] Level 5:colcon.colcon_core.verb:set package 'diagnostic_common_diagnostics' build argument 'cmake_clean_cache' from command line to 'False'
[1.105s] Level 5:colcon.colcon_core.verb:set package 'diagnostic_common_diagnostics' build argument 'cmake_clean_first' from command line to 'False'
[1.105s] Level 5:colcon.colcon_core.verb:set package 'diagnostic_common_diagnostics' build argument 'cmake_force_configure' from command line to 'False'
[1.105s] Level 5:colcon.colcon_core.verb:set package 'diagnostic_common_diagnostics' build argument 'ament_cmake_args' from command line to 'None'
[1.105s] Level 5:colcon.colcon_core.verb:set package 'diagnostic_common_diagnostics' build argument 'catkin_cmake_args' from command line to 'None'
[1.105s] Level 5:colcon.colcon_core.verb:set package 'diagnostic_common_diagnostics' build argument 'catkin_skip_building_tests' from command line to 'False'
[1.105s] DEBUG:colcon.colcon_core.verb:Building package 'diagnostic_common_diagnostics' with the following arguments: {'ament_cmake_args': None, 'build_base': '/home/mewert/Desktop/luna/build/diagnostic_common_diagnostics', 'catkin_cmake_args': None, 'catkin_skip_building_tests': False, 'cmake_args': None, 'cmake_clean_cache': False, 'cmake_clean_first': False, 'cmake_force_configure': False, 'cmake_target': None, 'cmake_target_skip_unavailable': False, 'install_base': '/home/mewert/Desktop/luna/install/diagnostic_common_diagnostics', 'merge_install': False, 'path': '/home/mewert/Desktop/luna/diagnostics/diagnostic_common_diagnostics', 'symlink_install': True, 'test_result_base': None}
[1.106s] Level 5:colcon.colcon_core.verb:set package 'realsense2_camera' build argument 'cmake_args' from command line to 'None'
[1.106s] Level 5:colcon.colcon_core.verb:set package 'realsense2_camera' build argument 'cmake_target' from command line to 'None'
[1.106s] Level 5:colcon.colcon_core.verb:set package 'realsense2_camera' build argument 'cmake_target_skip_unavailable' from command line to 'False'
[1.106s] Level 5:colcon.colcon_core.verb:set package 'realsense2_camera' build argument 'cmake_clean_cache' from command line to 'False'
[1.106s] Level 5:colcon.colcon_core.verb:set package 'realsense2_camera' build argument 'cmake_clean_first' from command line to 'False'
[1.106s] Level 5:colcon.colcon_core.verb:set package 'realsense2_camera' build argument 'cmake_force_configure' from command line to 'False'
[1.106s] Level 5:colcon.colcon_core.verb:set package 'realsense2_camera' build argument 'ament_cmake_args' from command line to 'None'
[1.106s] Level 5:colcon.colcon_core.verb:set package 'realsense2_camera' build argument 'catkin_cmake_args' from command line to 'None'
[1.106s] Level 5:colcon.colcon_core.verb:set package 'realsense2_camera' build argument 'catkin_skip_building_tests' from command line to 'False'
[1.106s] DEBUG:colcon.colcon_core.verb:Building package 'realsense2_camera' with the following arguments: {'ament_cmake_args': None, 'build_base': '/home/mewert/Desktop/luna/build/realsense2_camera', 'catkin_cmake_args': None, 'catkin_skip_building_tests': False, 'cmake_args': None, 'cmake_clean_cache': False, 'cmake_clean_first': False, 'cmake_force_configure': False, 'cmake_target': None, 'cmake_target_skip_unavailable': False, 'install_base': '/home/mewert/Desktop/luna/install/realsense2_camera', 'merge_install': False, 'path': '/home/mewert/Desktop/luna/src/realsense-ros/realsense2_camera', 'symlink_install': True, 'test_result_base': None}
[1.106s] Level 5:colcon.colcon_core.verb:set package 'realsense2_description' build argument 'cmake_args' from command line to 'None'
[1.106s] Level 5:colcon.colcon_core.verb:set package 'realsense2_description' build argument 'cmake_target' from command line to 'None'
[1.106s] Level 5:colcon.colcon_core.verb:set package 'realsense2_description' build argument 'cmake_target_skip_unavailable' from command line to 'False'
[1.106s] Level 5:colcon.colcon_core.verb:set package 'realsense2_description' build argument 'cmake_clean_cache' from command line to 'False'
[1.106s] Level 5:colcon.colcon_core.verb:set package 'realsense2_description' build argument 'cmake_clean_first' from command line to 'False'
[1.106s] Level 5:colcon.colcon_core.verb:set package 'realsense2_description' build argument 'cmake_force_configure' from command line to 'False'
[1.106s] Level 5:colcon.colcon_core.verb:set package 'realsense2_description' build argument 'ament_cmake_args' from command line to 'None'
[1.106s] Level 5:colcon.colcon_core.verb:set package 'realsense2_description' build argument 'catkin_cmake_args' from command line to 'None'
[1.106s] Level 5:colcon.colcon_core.verb:set package 'realsense2_description' build argument 'catkin_skip_building_tests' from command line to 'False'
[1.106s] DEBUG:colcon.colcon_core.verb:Building package 'realsense2_description' with the following arguments: {'ament_cmake_args': None, 'build_base': '/home/mewert/Desktop/luna/build/realsense2_description', 'catkin_cmake_args': None, 'catkin_skip_building_tests': False, 'cmake_args': None, 'cmake_clean_cache': False, 'cmake_clean_first': False, 'cmake_force_configure': False, 'cmake_target': None, 'cmake_target_skip_unavailable': False, 'install_base': '/home/mewert/Desktop/luna/install/realsense2_description', 'merge_install': False, 'path': '/home/mewert/Desktop/luna/src/realsense-ros/realsense2_description', 'symlink_install': True, 'test_result_base': None}
[1.107s] Level 5:colcon.colcon_core.verb:set package 'self_test' build argument 'cmake_args' from command line to 'None'
[1.107s] Level 5:colcon.colcon_core.verb:set package 'self_test' build argument 'cmake_target' from command line to 'None'
[1.107s] Level 5:colcon.colcon_core.verb:set package 'self_test' build argument 'cmake_target_skip_unavailable' from command line to 'False'
[1.107s] Level 5:colcon.colcon_core.verb:set package 'self_test' build argument 'cmake_clean_cache' from command line to 'False'
[1.107s] Level 5:colcon.colcon_core.verb:set package 'self_test' build argument 'cmake_clean_first' from command line to 'False'
[1.107s] Level 5:colcon.colcon_core.verb:set package 'self_test' build argument 'cmake_force_configure' from command line to 'False'
[1.107s] Level 5:colcon.colcon_core.verb:set package 'self_test' build argument 'ament_cmake_args' from command line to 'None'
[1.107s] Level 5:colcon.colcon_core.verb:set package 'self_test' build argument 'catkin_cmake_args' from command line to 'None'
[1.107s] Level 5:colcon.colcon_core.verb:set package 'self_test' build argument 'catkin_skip_building_tests' from command line to 'False'
[1.107s] DEBUG:colcon.colcon_core.verb:Building package 'self_test' with the following arguments: {'ament_cmake_args': None, 'build_base': '/home/mewert/Desktop/luna/build/self_test', 'catkin_cmake_args': None, 'catkin_skip_building_tests': False, 'cmake_args': None, 'cmake_clean_cache': False, 'cmake_clean_first': False, 'cmake_force_configure': False, 'cmake_target': None, 'cmake_target_skip_unavailable': False, 'install_base': '/home/mewert/Desktop/luna/install/self_test', 'merge_install': False, 'path': '/home/mewert/Desktop/luna/diagnostics/self_test', 'symlink_install': True, 'test_result_base': None}
[1.108s] Level 5:colcon.colcon_core.verb:set package 'diagnostics' build argument 'cmake_args' from command line to 'None'
[1.108s] Level 5:colcon.colcon_core.verb:set package 'diagnostics' build argument 'cmake_target' from command line to 'None'
[1.108s] Level 5:colcon.colcon_core.verb:set package 'diagnostics' build argument 'cmake_target_skip_unavailable' from command line to 'False'
[1.108s] Level 5:colcon.colcon_core.verb:set package 'diagnostics' build argument 'cmake_clean_cache' from command line to 'False'
[1.108s] Level 5:colcon.colcon_core.verb:set package 'diagnostics' build argument 'cmake_clean_first' from command line to 'False'
[1.108s] Level 5:colcon.colcon_core.verb:set package 'diagnostics' build argument 'cmake_force_configure' from command line to 'False'
[1.108s] Level 5:colcon.colcon_core.verb:set package 'diagnostics' build argument 'ament_cmake_args' from command line to 'None'
[1.108s] Level 5:colcon.colcon_core.verb:set package 'diagnostics' build argument 'catkin_cmake_args' from command line to 'None'
[1.108s] Level 5:colcon.colcon_core.verb:set package 'diagnostics' build argument 'catkin_skip_building_tests' from command line to 'False'
[1.109s] DEBUG:colcon.colcon_core.verb:Building package 'diagnostics' with the following arguments: {'ament_cmake_args': None, 'build_base': '/home/mewert/Desktop/luna/build/diagnostics', 'catkin_cmake_args': None, 'catkin_skip_building_tests': False, 'cmake_args': None, 'cmake_clean_cache': False, 'cmake_clean_first': False, 'cmake_force_configure': False, 'cmake_target': None, 'cmake_target_skip_unavailable': False, 'install_base': '/home/mewert/Desktop/luna/install/diagnostics', 'merge_install': False, 'path': '/home/mewert/Desktop/luna/diagnostics/diagnostics', 'symlink_install': True, 'test_result_base': None}
[1.109s] INFO:colcon.colcon_core.executor:Executing jobs using 'parallel' executor
[1.111s] DEBUG:colcon.colcon_parallel_executor.executor.parallel:run_until_complete
[1.112s] INFO:colcon.colcon_ros.task.ament_cmake.build:Building ROS package in '/home/mewert/Desktop/luna/diagnostics/diagnostic_updater' with build type 'ament_cmake'
[1.112s] INFO:colcon.colcon_cmake.task.cmake.build:Building CMake package in '/home/mewert/Desktop/luna/diagnostics/diagnostic_updater'
[1.115s] INFO:colcon.colcon_core.plugin_system:Skipping extension 'colcon_core.shell.bat': Not used on non-Windows systems
[1.116s] INFO:colcon.colcon_core.shell:Skip shell extension 'powershell' for command environment: Not usable outside of PowerShell
[1.116s] DEBUG:colcon.colcon_core.shell:Skip shell extension 'dsv' for command environment
[1.161s] INFO:colcon.colcon_ros.task.ament_cmake.build:Building ROS package in '/home/mewert/Desktop/luna/src/realsense-ros/realsense2_camera_msgs' with build type 'ament_cmake'
[1.161s] INFO:colcon.colcon_cmake.task.cmake.build:Building CMake package in '/home/mewert/Desktop/luna/src/realsense-ros/realsense2_camera_msgs'
[1.162s] INFO:colcon.colcon_core.shell:Skip shell extension 'powershell' for command environment: Not usable outside of PowerShell
[1.162s] DEBUG:colcon.colcon_core.shell:Skip shell extension 'dsv' for command environment
[1.169s] INFO:colcon.colcon_ros.task.ament_cmake.build:Building ROS package in '/home/mewert/Desktop/luna/diagnostics/diagnostic_aggregator' with build type 'ament_cmake'
[1.172s] INFO:colcon.colcon_cmake.task.cmake.build:Building CMake package in '/home/mewert/Desktop/luna/diagnostics/diagnostic_aggregator'
[1.173s] INFO:colcon.colcon_core.shell:Skip shell extension 'powershell' for command environment: Not usable outside of PowerShell
[1.173s] DEBUG:colcon.colcon_core.shell:Skip shell extension 'dsv' for command environment
[1.179s] INFO:colcon.colcon_ros.task.ament_python.build:Building ROS package in '/home/mewert/Desktop/luna/src/open_cv_pkg' with build type 'ament_python'
[1.179s] Level 1:colcon.colcon_core.shell:create_environment_hook('open_cv_pkg', 'ament_prefix_path')
[1.180s] INFO:colcon.colcon_core.shell:Creating environment hook '/home/mewert/Desktop/luna/install/open_cv_pkg/share/open_cv_pkg/hook/ament_prefix_path.ps1'
[1.185s] INFO:colcon.colcon_core.shell:Creating environment descriptor '/home/mewert/Desktop/luna/install/open_cv_pkg/share/open_cv_pkg/hook/ament_prefix_path.dsv'
[1.185s] INFO:colcon.colcon_core.shell:Creating environment hook '/home/mewert/Desktop/luna/install/open_cv_pkg/share/open_cv_pkg/hook/ament_prefix_path.sh'
[1.187s] INFO:colcon.colcon_core.shell:Skip shell extension 'powershell' for command environment: Not usable outside of PowerShell
[1.187s] DEBUG:colcon.colcon_core.shell:Skip shell extension 'dsv' for command environment
[1.202s] INFO:colcon.colcon_ros.task.ament_cmake.build:Building ROS package in '/home/mewert/Desktop/luna/src/pointcloud_to_grid' with build type 'ament_cmake'
[1.203s] INFO:colcon.colcon_cmake.task.cmake.build:Building CMake package in '/home/mewert/Desktop/luna/src/pointcloud_to_grid'
[1.204s] INFO:colcon.colcon_core.shell:Skip shell extension 'powershell' for command environment: Not usable outside of PowerShell
[1.204s] DEBUG:colcon.colcon_core.shell:Skip shell extension 'dsv' for command environment
[1.249s] DEBUG:colcon.colcon_core.event_handler.log_command:Invoking command in '/home/mewert/Desktop/luna/build/diagnostic_updater': CMAKE_PREFIX_PATH=${CMAKE_PREFIX_PATH}:/home/mewert/Desktop/luna/install/open_cv_pkg:/opt/ros/humble /usr/bin/cmake --build /home/mewert/Desktop/luna/build/diagnostic_updater -- -j6 -l6
[1.306s] DEBUG:colcon.colcon_core.event_handler.log_command:Invoking command in '/home/mewert/Desktop/luna/build/realsense2_camera_msgs': CMAKE_PREFIX_PATH=${CMAKE_PREFIX_PATH}:/home/mewert/Desktop/luna/install/open_cv_pkg:/opt/ros/humble /usr/bin/cmake --build /home/mewert/Desktop/luna/build/realsense2_camera_msgs -- -j6 -l6
[1.352s] DEBUG:colcon.colcon_core.event_handler.log_command:Invoking command in '/home/mewert/Desktop/luna/build/diagnostic_aggregator': CMAKE_PREFIX_PATH=${CMAKE_PREFIX_PATH}:/home/mewert/Desktop/luna/install/open_cv_pkg:/opt/ros/humble /usr/bin/cmake --build /home/mewert/Desktop/luna/build/diagnostic_aggregator -- -j6 -l6
[5.561s] INFO:colcon.colcon_core.task.python.build:Building Python package in '/home/mewert/Desktop/luna/src/open_cv_pkg'
[5.562s] INFO:colcon.colcon_core.shell:Skip shell extension 'powershell' for command environment: Not usable outside of PowerShell
[5.562s] DEBUG:colcon.colcon_core.shell:Skip shell extension 'dsv' for command environment
[6.132s] DEBUG:colcon.colcon_core.event_handler.log_command:Invoking command in '/home/mewert/Desktop/luna/build/pointcloud_to_grid': CMAKE_PREFIX_PATH=${CMAKE_PREFIX_PATH}:/home/mewert/Desktop/luna/install/open_cv_pkg:/opt/ros/humble /usr/bin/cmake --build /home/mewert/Desktop/luna/build/pointcloud_to_grid -- -j6 -l6
[9.451s] DEBUG:colcon.colcon_core.event_handler.log_command:Invoking command in '/home/mewert/Desktop/luna/build/open_cv_pkg': PYTHONPATH=/home/mewert/Desktop/luna/build/open_cv_pkg/prefix_override:/usr/lib/python3/dist-packages/colcon_core/task/python/colcon_distutils_commands:/home/mewert/Desktop/luna/install/open_cv_pkg/lib/python3.10/site-packages:${PYTHONPATH} /usr/bin/python3 -W ignore:setup.py install is deprecated setup.py develop --editable --build-directory /home/mewert/Desktop/luna/build/open_cv_pkg/build --no-deps symlink_data
[12.997s] Level 1:colcon.colcon_core.shell:create_environment_hook('open_cv_pkg', 'pythonpath_develop')
[12.998s] INFO:colcon.colcon_core.shell:Creating environment hook '/home/mewert/Desktop/luna/build/open_cv_pkg/share/open_cv_pkg/hook/pythonpath_develop.ps1'
[12.999s] INFO:colcon.colcon_core.shell:Creating environment descriptor '/home/mewert/Desktop/luna/build/open_cv_pkg/share/open_cv_pkg/hook/pythonpath_develop.dsv'
[12.999s] INFO:colcon.colcon_core.shell:Creating environment hook '/home/mewert/Desktop/luna/build/open_cv_pkg/share/open_cv_pkg/hook/pythonpath_develop.sh'
[13.003s] Level 1:colcon.colcon_core.environment:checking '/home/mewert/Desktop/luna/install/open_cv_pkg' for CMake module files
[13.004s] Level 1:colcon.colcon_core.environment:checking '/home/mewert/Desktop/luna/install/open_cv_pkg' for CMake config files
[13.004s] Level 1:colcon.colcon_core.environment:checking '/home/mewert/Desktop/luna/install/open_cv_pkg/lib'
[13.005s] Level 1:colcon.colcon_core.environment:checking '/home/mewert/Desktop/luna/install/open_cv_pkg/bin'
[13.005s] Level 1:colcon.colcon_core.environment:checking '/home/mewert/Desktop/luna/install/open_cv_pkg/lib/pkgconfig/open_cv_pkg.pc'
[13.005s] Level 1:colcon.colcon_core.environment:checking '/home/mewert/Desktop/luna/install/open_cv_pkg/lib/python3.10/site-packages'
[13.005s] Level 1:colcon.colcon_core.shell:create_environment_hook('open_cv_pkg', 'pythonpath')
[13.005s] INFO:colcon.colcon_core.shell:Creating environment hook '/home/mewert/Desktop/luna/install/open_cv_pkg/share/open_cv_pkg/hook/pythonpath.ps1'
[13.006s] INFO:colcon.colcon_core.shell:Creating environment descriptor '/home/mewert/Desktop/luna/install/open_cv_pkg/share/open_cv_pkg/hook/pythonpath.dsv'
[13.006s] INFO:colcon.colcon_core.shell:Creating environment hook '/home/mewert/Desktop/luna/install/open_cv_pkg/share/open_cv_pkg/hook/pythonpath.sh'
[13.007s] Level 1:colcon.colcon_core.environment:checking '/home/mewert/Desktop/luna/install/open_cv_pkg/bin'
[13.007s] Level 1:colcon.colcon_core.environment:create_environment_scripts_only(open_cv_pkg)
[13.008s] INFO:colcon.colcon_core.shell:Creating package script '/home/mewert/Desktop/luna/install/open_cv_pkg/share/open_cv_pkg/package.ps1'
[13.009s] INFO:colcon.colcon_core.shell:Creating package descriptor '/home/mewert/Desktop/luna/install/open_cv_pkg/share/open_cv_pkg/package.dsv'
[13.010s] INFO:colcon.colcon_core.shell:Creating package script '/home/mewert/Desktop/luna/install/open_cv_pkg/share/open_cv_pkg/package.sh'
[13.011s] INFO:colcon.colcon_core.shell:Creating package script '/home/mewert/Desktop/luna/install/open_cv_pkg/share/open_cv_pkg/package.bash'
[13.012s] INFO:colcon.colcon_core.shell:Creating package script '/home/mewert/Desktop/luna/install/open_cv_pkg/share/open_cv_pkg/package.zsh'
[13.112s] DEBUG:colcon.colcon_core.event_handler.log_command:Invoked command in '/home/mewert/Desktop/luna/build/open_cv_pkg' returned '0': PYTHONPATH=/home/mewert/Desktop/luna/build/open_cv_pkg/prefix_override:/usr/lib/python3/dist-packages/colcon_core/task/python/colcon_distutils_commands:/home/mewert/Desktop/luna/install/open_cv_pkg/lib/python3.10/site-packages:${PYTHONPATH} /usr/bin/python3 -W ignore:setup.py install is deprecated setup.py develop --editable --build-directory /home/mewert/Desktop/luna/build/open_cv_pkg/build --no-deps symlink_data
[13.128s] Level 1:colcon.colcon_core.environment:create_file_with_runtime_dependencies(/home/mewert/Desktop/luna/install/open_cv_pkg/share/colcon-core/packages/open_cv_pkg)
[16.690s] DEBUG:colcon.colcon_core.event_handler.log_command:Invoked command in '/home/mewert/Desktop/luna/build/realsense2_camera_msgs' returned '0': CMAKE_PREFIX_PATH=${CMAKE_PREFIX_PATH}:/home/mewert/Desktop/luna/install/open_cv_pkg:/opt/ros/humble /usr/bin/cmake --build /home/mewert/Desktop/luna/build/realsense2_camera_msgs -- -j6 -l6
[19.839s] DEBUG:colcon.colcon_core.event_handler.log_command:Invoking command in '/home/mewert/Desktop/luna/build/realsense2_camera_msgs': CMAKE_PREFIX_PATH=${CMAKE_PREFIX_PATH}:/home/mewert/Desktop/luna/install/open_cv_pkg:/opt/ros/humble /usr/bin/cmake --install /home/mewert/Desktop/luna/build/realsense2_camera_msgs
[20.671s] Level 1:colcon.colcon_core.environment:create_environment_scripts_only(realsense2_camera_msgs)
[20.672s] DEBUG:colcon.colcon_core.event_handler.log_command:Invoked command in '/home/mewert/Desktop/luna/build/realsense2_camera_msgs' returned '0': CMAKE_PREFIX_PATH=${CMAKE_PREFIX_PATH}:/home/mewert/Desktop/luna/install/open_cv_pkg:/opt/ros/humble /usr/bin/cmake --install /home/mewert/Desktop/luna/build/realsense2_camera_msgs
[20.673s] Level 1:colcon.colcon_core.environment:checking '/home/mewert/Desktop/luna/install/realsense2_camera_msgs' for CMake module files
[20.674s] Level 1:colcon.colcon_core.environment:checking '/home/mewert/Desktop/luna/install/realsense2_camera_msgs' for CMake config files
[20.680s] Level 1:colcon.colcon_core.shell:create_environment_hook('realsense2_camera_msgs', 'cmake_prefix_path')
[20.681s] INFO:colcon.colcon_core.shell:Creating environment hook '/home/mewert/Desktop/luna/install/realsense2_camera_msgs/share/realsense2_camera_msgs/hook/cmake_prefix_path.ps1'
[20.682s] INFO:colcon.colcon_core.shell:Creating environment descriptor '/home/mewert/Desktop/luna/install/realsense2_camera_msgs/share/realsense2_camera_msgs/hook/cmake_prefix_path.dsv'
[20.701s] INFO:colcon.colcon_core.shell:Creating environment hook '/home/mewert/Desktop/luna/install/realsense2_camera_msgs/share/realsense2_camera_msgs/hook/cmake_prefix_path.sh'
[20.703s] Level 1:colcon.colcon_core.environment:checking '/home/mewert/Desktop/luna/install/realsense2_camera_msgs/lib'
[20.703s] Level 1:colcon.colcon_core.shell:create_environment_hook('realsense2_camera_msgs', 'ld_library_path_lib')
[20.703s] INFO:colcon.colcon_core.shell:Creating environment hook '/home/mewert/Desktop/luna/install/realsense2_camera_msgs/share/realsense2_camera_msgs/hook/ld_library_path_lib.ps1'
[20.704s] INFO:colcon.colcon_core.shell:Creating environment descriptor '/home/mewert/Desktop/luna/install/realsense2_camera_msgs/share/realsense2_camera_msgs/hook/ld_library_path_lib.dsv'
[20.705s] INFO:colcon.colcon_core.shell:Creating environment hook '/home/mewert/Desktop/luna/install/realsense2_camera_msgs/share/realsense2_camera_msgs/hook/ld_library_path_lib.sh'
[20.705s] Level 1:colcon.colcon_core.environment:checking '/home/mewert/Desktop/luna/install/realsense2_camera_msgs/bin'
[20.705s] Level 1:colcon.colcon_core.environment:checking '/home/mewert/Desktop/luna/install/realsense2_camera_msgs/lib/pkgconfig/realsense2_camera_msgs.pc'
[20.706s] Level 1:colcon.colcon_core.environment:checking '/home/mewert/Desktop/luna/install/realsense2_camera_msgs/lib/python3.10/site-packages'
[20.706s] Level 1:colcon.colcon_core.environment:checking '/home/mewert/Desktop/luna/install/realsense2_camera_msgs/bin'
[20.706s] INFO:colcon.colcon_core.shell:Creating package script '/home/mewert/Desktop/luna/install/realsense2_camera_msgs/share/realsense2_camera_msgs/package.ps1'
[20.707s] INFO:colcon.colcon_core.shell:Creating package descriptor '/home/mewert/Desktop/luna/install/realsense2_camera_msgs/share/realsense2_camera_msgs/package.dsv'
[20.707s] INFO:colcon.colcon_core.shell:Creating package script '/home/mewert/Desktop/luna/install/realsense2_camera_msgs/share/realsense2_camera_msgs/package.sh'
[20.708s] INFO:colcon.colcon_core.shell:Creating package script '/home/mewert/Desktop/luna/install/realsense2_camera_msgs/share/realsense2_camera_msgs/package.bash'
[20.709s] INFO:colcon.colcon_core.shell:Creating package script '/home/mewert/Desktop/luna/install/realsense2_camera_msgs/share/realsense2_camera_msgs/package.zsh'
[20.709s] Level 1:colcon.colcon_core.environment:create_file_with_runtime_dependencies(/home/mewert/Desktop/luna/install/realsense2_camera_msgs/share/colcon-core/packages/realsense2_camera_msgs)
[23.413s] Level 1:colcon.colcon_core.environment:create_environment_scripts_only(realsense2_camera_msgs)
[23.413s] Level 1:colcon.colcon_core.environment:checking '/home/mewert/Desktop/luna/install/realsense2_camera_msgs' for CMake module files
[23.414s] Level 1:colcon.colcon_core.environment:checking '/home/mewert/Desktop/luna/install/realsense2_camera_msgs' for CMake config files
[23.421s] Level 1:colcon.colcon_core.shell:create_environment_hook('realsense2_camera_msgs', 'cmake_prefix_path')
[23.421s] INFO:colcon.colcon_core.shell:Creating environment hook '/home/mewert/Desktop/luna/install/realsense2_camera_msgs/share/realsense2_camera_msgs/hook/cmake_prefix_path.ps1'
[23.423s] INFO:colcon.colcon_core.shell:Creating environment descriptor '/home/mewert/Desktop/luna/install/realsense2_camera_msgs/share/realsense2_camera_msgs/hook/cmake_prefix_path.dsv'
[23.424s] INFO:colcon.colcon_core.shell:Creating environment hook '/home/mewert/Desktop/luna/install/realsense2_camera_msgs/share/realsense2_camera_msgs/hook/cmake_prefix_path.sh'
[23.425s] Level 1:colcon.colcon_core.environment:checking '/home/mewert/Desktop/luna/install/realsense2_camera_msgs/lib'
[23.425s] Level 1:colcon.colcon_core.shell:create_environment_hook('realsense2_camera_msgs', 'ld_library_path_lib')
[23.426s] INFO:colcon.colcon_core.shell:Creating environment hook '/home/mewert/Desktop/luna/install/realsense2_camera_msgs/share/realsense2_camera_msgs/hook/ld_library_path_lib.ps1'
[23.445s] INFO:colcon.colcon_core.shell:Creating environment descriptor '/home/mewert/Desktop/luna/install/realsense2_camera_msgs/share/realsense2_camera_msgs/hook/ld_library_path_lib.dsv'
[23.445s] INFO:colcon.colcon_core.shell:Creating environment hook '/home/mewert/Desktop/luna/install/realsense2_camera_msgs/share/realsense2_camera_msgs/hook/ld_library_path_lib.sh'
[23.446s] Level 1:colcon.colcon_core.environment:checking '/home/mewert/Desktop/luna/install/realsense2_camera_msgs/bin'
[23.446s] Level 1:colcon.colcon_core.environment:checking '/home/mewert/Desktop/luna/install/realsense2_camera_msgs/lib/pkgconfig/realsense2_camera_msgs.pc'
[23.446s] Level 1:colcon.colcon_core.environment:checking '/home/mewert/Desktop/luna/install/realsense2_camera_msgs/lib/python3.10/site-packages'
[23.447s] Level 1:colcon.colcon_core.environment:checking '/home/mewert/Desktop/luna/install/realsense2_camera_msgs/bin'
[23.455s] INFO:colcon.colcon_core.shell:Creating package script '/home/mewert/Desktop/luna/install/realsense2_camera_msgs/share/realsense2_camera_msgs/package.ps1'
[23.456s] INFO:colcon.colcon_core.shell:Creating package descriptor '/home/mewert/Desktop/luna/install/realsense2_camera_msgs/share/realsense2_camera_msgs/package.dsv'
[23.457s] INFO:colcon.colcon_core.shell:Creating package script '/home/mewert/Desktop/luna/install/realsense2_camera_msgs/share/realsense2_camera_msgs/package.sh'
[23.458s] INFO:colcon.colcon_core.shell:Creating package script '/home/mewert/Desktop/luna/install/realsense2_camera_msgs/share/realsense2_camera_msgs/package.bash'
[23.470s] INFO:colcon.colcon_core.shell:Creating package script '/home/mewert/Desktop/luna/install/realsense2_camera_msgs/share/realsense2_camera_msgs/package.zsh'
[23.471s] Level 1:colcon.colcon_core.environment:create_file_with_runtime_dependencies(/home/mewert/Desktop/luna/install/realsense2_camera_msgs/share/colcon-core/packages/realsense2_camera_msgs)
[23.474s] INFO:colcon.colcon_ros.task.ament_cmake.build:Building ROS package in '/home/mewert/Desktop/luna/src/realsense-ros/realsense2_description' with build type 'ament_cmake'
[23.474s] INFO:colcon.colcon_cmake.task.cmake.build:Building CMake package in '/home/mewert/Desktop/luna/src/realsense-ros/realsense2_description'
[23.475s] INFO:colcon.colcon_core.shell:Skip shell extension 'powershell' for command environment: Not usable outside of PowerShell
[23.475s] DEBUG:colcon.colcon_core.shell:Skip shell extension 'dsv' for command environment
[23.549s] DEBUG:colcon.colcon_core.event_handler.log_command:Invoking command in '/home/mewert/Desktop/luna/build/realsense2_description': CMAKE_PREFIX_PATH=/home/mewert/Desktop/luna/install/realsense2_camera_msgs:/home/mewert/Desktop/luna/install/diagnostics:/home/mewert/Desktop/luna/install/self_test:/home/mewert/Desktop/luna/install/realsense2_description:/home/mewert/Desktop/luna/install/realsense2_camera:/home/mewert/Desktop/luna/install/pointcloud_to_grid:/home/mewert/Desktop/luna/install/my_pointcloud_pkg:/home/mewert/Desktop/luna/install/my_octomap_pkg:/home/mewert/Desktop/luna/install/diagnostic_common_diagnostics:/home/mewert/Desktop/luna/install/diagnostic_updater:/home/mewert/Desktop/luna/install/diagnostic_aggregator:/home/mewert/Desktop/luna/install/open_cv_pkg:/opt/ros/humble LD_LIBRARY_PATH=/home/mewert/Desktop/luna/install/realsense2_camera_msgs/lib:/home/mewert/Desktop/luna/install/realsense2_camera/lib:/home/mewert/Desktop/luna/install/diagnostic_updater/lib:/home/mewert/Desktop/luna/install/diagnostic_aggregator/lib:/opt/ros/humble/opt/rviz_ogre_vendor/lib:/opt/ros/humble/lib/x86_64-linux-gnu:/opt/ros/humble/lib /usr/bin/cmake --build /home/mewert/Desktop/luna/build/realsense2_description -- -j6 -l6
[23.803s] DEBUG:colcon.colcon_core.event_handler.log_command:Invoked command in '/home/mewert/Desktop/luna/build/realsense2_description' returned '0': CMAKE_PREFIX_PATH=/home/mewert/Desktop/luna/install/realsense2_camera_msgs:/home/mewert/Desktop/luna/install/diagnostics:/home/mewert/Desktop/luna/install/self_test:/home/mewert/Desktop/luna/install/realsense2_description:/home/mewert/Desktop/luna/install/realsense2_camera:/home/mewert/Desktop/luna/install/pointcloud_to_grid:/home/mewert/Desktop/luna/install/my_pointcloud_pkg:/home/mewert/Desktop/luna/install/my_octomap_pkg:/home/mewert/Desktop/luna/install/diagnostic_common_diagnostics:/home/mewert/Desktop/luna/install/diagnostic_updater:/home/mewert/Desktop/luna/install/diagnostic_aggregator:/home/mewert/Desktop/luna/install/open_cv_pkg:/opt/ros/humble LD_LIBRARY_PATH=/home/mewert/Desktop/luna/install/realsense2_camera_msgs/lib:/home/mewert/Desktop/luna/install/realsense2_camera/lib:/home/mewert/Desktop/luna/install/diagnostic_updater/lib:/home/mewert/Desktop/luna/install/diagnostic_aggregator/lib:/opt/ros/humble/opt/rviz_ogre_vendor/lib:/opt/ros/humble/lib/x86_64-linux-gnu:/opt/ros/humble/lib /usr/bin/cmake --build /home/mewert/Desktop/luna/build/realsense2_description -- -j6 -l6
[23.982s] DEBUG:colcon.colcon_core.event_handler.log_command:Invoking command in '/home/mewert/Desktop/luna/build/realsense2_description': CMAKE_PREFIX_PATH=/home/mewert/Desktop/luna/install/realsense2_camera_msgs:/home/mewert/Desktop/luna/install/diagnostics:/home/mewert/Desktop/luna/install/self_test:/home/mewert/Desktop/luna/install/realsense2_description:/home/mewert/Desktop/luna/install/realsense2_camera:/home/mewert/Desktop/luna/install/pointcloud_to_grid:/home/mewert/Desktop/luna/install/my_pointcloud_pkg:/home/mewert/Desktop/luna/install/my_octomap_pkg:/home/mewert/Desktop/luna/install/diagnostic_common_diagnostics:/home/mewert/Desktop/luna/install/diagnostic_updater:/home/mewert/Desktop/luna/install/diagnostic_aggregator:/home/mewert/Desktop/luna/install/open_cv_pkg:/opt/ros/humble LD_LIBRARY_PATH=/home/mewert/Desktop/luna/install/realsense2_camera_msgs/lib:/home/mewert/Desktop/luna/install/realsense2_camera/lib:/home/mewert/Desktop/luna/install/diagnostic_updater/lib:/home/mewert/Desktop/luna/install/diagnostic_aggregator/lib:/opt/ros/humble/opt/rviz_ogre_vendor/lib:/opt/ros/humble/lib/x86_64-linux-gnu:/opt/ros/humble/lib /usr/bin/cmake --install /home/mewert/Desktop/luna/build/realsense2_description
[24.135s] Level 1:colcon.colcon_core.environment:create_environment_scripts_only(realsense2_description)
[24.136s] Level 1:colcon.colcon_core.environment:checking '/home/mewert/Desktop/luna/install/realsense2_description' for CMake module files
[24.137s] DEBUG:colcon.colcon_core.event_handler.log_command:Invoked command in '/home/mewert/Desktop/luna/build/realsense2_description' returned '0': CMAKE_PREFIX_PATH=/home/mewert/Desktop/luna/install/realsense2_camera_msgs:/home/mewert/Desktop/luna/install/diagnostics:/home/mewert/Desktop/luna/install/self_test:/home/mewert/Desktop/luna/install/realsense2_description:/home/mewert/Desktop/luna/install/realsense2_camera:/home/mewert/Desktop/luna/install/pointcloud_to_grid:/home/mewert/Desktop/luna/install/my_pointcloud_pkg:/home/mewert/Desktop/luna/install/my_octomap_pkg:/home/mewert/Desktop/luna/install/diagnostic_common_diagnostics:/home/mewert/Desktop/luna/install/diagnostic_updater:/home/mewert/Desktop/luna/install/diagnostic_aggregator:/home/mewert/Desktop/luna/install/open_cv_pkg:/opt/ros/humble LD_LIBRARY_PATH=/home/mewert/Desktop/luna/install/realsense2_camera_msgs/lib:/home/mewert/Desktop/luna/install/realsense2_camera/lib:/home/mewert/Desktop/luna/install/diagnostic_updater/lib:/home/mewert/Desktop/luna/install/diagnostic_aggregator/lib:/opt/ros/humble/opt/rviz_ogre_vendor/lib:/opt/ros/humble/lib/x86_64-linux-gnu:/opt/ros/humble/lib /usr/bin/cmake --install /home/mewert/Desktop/luna/build/realsense2_description
[24.141s] Level 1:colcon.colcon_core.environment:checking '/home/mewert/Desktop/luna/install/realsense2_description' for CMake config files
[24.142s] Level 1:colcon.colcon_core.shell:create_environment_hook('realsense2_description', 'cmake_prefix_path')
[24.142s] INFO:colcon.colcon_core.shell:Creating environment hook '/home/mewert/Desktop/luna/install/realsense2_description/share/realsense2_description/hook/cmake_prefix_path.ps1'
[24.162s] INFO:colcon.colcon_core.shell:Creating environment descriptor '/home/mewert/Desktop/luna/install/realsense2_description/share/realsense2_description/hook/cmake_prefix_path.dsv'
[24.163s] INFO:colcon.colcon_core.shell:Creating environment hook '/home/mewert/Desktop/luna/install/realsense2_description/share/realsense2_description/hook/cmake_prefix_path.sh'
[24.164s] Level 1:colcon.colcon_core.environment:checking '/home/mewert/Desktop/luna/install/realsense2_description/bin'
[24.164s] Level 1:colcon.colcon_core.environment:checking '/home/mewert/Desktop/luna/install/realsense2_description/lib/pkgconfig/realsense2_description.pc'
[24.175s] Level 1:colcon.colcon_core.environment:checking '/home/mewert/Desktop/luna/install/realsense2_description/lib/python3.10/site-packages'
[24.175s] Level 1:colcon.colcon_core.environment:checking '/home/mewert/Desktop/luna/install/realsense2_description/bin'
[24.176s] INFO:colcon.colcon_core.shell:Creating package script '/home/mewert/Desktop/luna/install/realsense2_description/share/realsense2_description/package.ps1'
[24.185s] INFO:colcon.colcon_core.shell:Creating package descriptor '/home/mewert/Desktop/luna/install/realsense2_description/share/realsense2_description/package.dsv'
[24.186s] INFO:colcon.colcon_core.shell:Creating package script '/home/mewert/Desktop/luna/install/realsense2_description/share/realsense2_description/package.sh'
[24.191s] INFO:colcon.colcon_core.shell:Creating package script '/home/mewert/Desktop/luna/install/realsense2_description/share/realsense2_description/package.bash'
[24.194s] INFO:colcon.colcon_core.shell:Creating package script '/home/mewert/Desktop/luna/install/realsense2_description/share/realsense2_description/package.zsh'
[24.194s] Level 1:colcon.colcon_core.environment:create_file_with_runtime_dependencies(/home/mewert/Desktop/luna/install/realsense2_description/share/colcon-core/packages/realsense2_description)
[24.526s] Level 1:colcon.colcon_core.environment:create_environment_scripts_only(realsense2_description)
[24.527s] Level 1:colcon.colcon_core.environment:checking '/home/mewert/Desktop/luna/install/realsense2_description' for CMake module files
[24.527s] Level 1:colcon.colcon_core.environment:checking '/home/mewert/Desktop/luna/install/realsense2_description' for CMake config files
[24.528s] Level 1:colcon.colcon_core.shell:create_environment_hook('realsense2_description', 'cmake_prefix_path')
[24.528s] INFO:colcon.colcon_core.shell:Creating environment hook '/home/mewert/Desktop/luna/install/realsense2_description/share/realsense2_description/hook/cmake_prefix_path.ps1'
[24.547s] INFO:colcon.colcon_core.shell:Creating environment descriptor '/home/mewert/Desktop/luna/install/realsense2_description/share/realsense2_description/hook/cmake_prefix_path.dsv'
[24.548s] INFO:colcon.colcon_core.shell:Creating environment hook '/home/mewert/Desktop/luna/install/realsense2_description/share/realsense2_description/hook/cmake_prefix_path.sh'
[24.549s] Level 1:colcon.colcon_core.environment:checking '/home/mewert/Desktop/luna/install/realsense2_description/bin'
[24.549s] Level 1:colcon.colcon_core.environment:checking '/home/mewert/Desktop/luna/install/realsense2_description/lib/pkgconfig/realsense2_description.pc'
[24.549s] Level 1:colcon.colcon_core.environment:checking '/home/mewert/Desktop/luna/install/realsense2_description/lib/python3.10/site-packages'
[24.549s] Level 1:colcon.colcon_core.environment:checking '/home/mewert/Desktop/luna/install/realsense2_description/bin'
[24.550s] INFO:colcon.colcon_core.shell:Creating package script '/home/mewert/Desktop/luna/install/realsense2_description/share/realsense2_description/package.ps1'
[24.551s] INFO:colcon.colcon_core.shell:Creating package descriptor '/home/mewert/Desktop/luna/install/realsense2_description/share/realsense2_description/package.dsv'
[24.552s] INFO:colcon.colcon_core.shell:Creating package script '/home/mewert/Desktop/luna/install/realsense2_description/share/realsense2_description/package.sh'
[24.553s] INFO:colcon.colcon_core.shell:Creating package script '/home/mewert/Desktop/luna/install/realsense2_description/share/realsense2_description/package.bash'
[24.554s] INFO:colcon.colcon_core.shell:Creating package script '/home/mewert/Desktop/luna/install/realsense2_description/share/realsense2_description/package.zsh'
[24.554s] Level 1:colcon.colcon_core.environment:create_file_with_runtime_dependencies(/home/mewert/Desktop/luna/install/realsense2_description/share/colcon-core/packages/realsense2_description)
[48.061s] DEBUG:colcon.colcon_parallel_executor.executor.parallel:run_until_complete was interrupted
[48.067s] DEBUG:colcon.colcon_parallel_executor.executor.parallel:run_until_complete again
[48.185s] DEBUG:colcon.colcon_core.event_handler.log_command:Invoked command in '/home/mewert/Desktop/luna/build/diagnostic_aggregator' returned '-2': CMAKE_PREFIX_PATH=${CMAKE_PREFIX_PATH}:/home/mewert/Desktop/luna/install/open_cv_pkg:/opt/ros/humble /usr/bin/cmake --build /home/mewert/Desktop/luna/build/diagnostic_aggregator -- -j6 -l6
[48.255s] DEBUG:colcon.colcon_core.event_handler.log_command:Invoked command in '/home/mewert/Desktop/luna/build/diagnostic_updater' returned '-2': CMAKE_PREFIX_PATH=${CMAKE_PREFIX_PATH}:/home/mewert/Desktop/luna/install/open_cv_pkg:/opt/ros/humble /usr/bin/cmake --build /home/mewert/Desktop/luna/build/diagnostic_updater -- -j6 -l6
[48.301s] Level 1:colcon.colcon_core.environment:create_environment_scripts_only(diagnostic_aggregator)
[48.309s] Level 1:colcon.colcon_core.environment:checking '/home/mewert/Desktop/luna/install/diagnostic_aggregator' for CMake module files
[48.310s] DEBUG:colcon.colcon_core.event_handler.log_command:Invoked command in '/home/mewert/Desktop/luna/build/pointcloud_to_grid' returned '-2': CMAKE_PREFIX_PATH=${CMAKE_PREFIX_PATH}:/home/mewert/Desktop/luna/install/open_cv_pkg:/opt/ros/humble /usr/bin/cmake --build /home/mewert/Desktop/luna/build/pointcloud_to_grid -- -j6 -l6
[48.323s] Level 1:colcon.colcon_core.environment:checking '/home/mewert/Desktop/luna/install/diagnostic_aggregator' for CMake config files
[48.361s] Level 1:colcon.colcon_core.shell:create_environment_hook('diagnostic_aggregator', 'cmake_prefix_path')
[48.362s] INFO:colcon.colcon_core.shell:Creating environment hook '/home/mewert/Desktop/luna/install/diagnostic_aggregator/share/diagnostic_aggregator/hook/cmake_prefix_path.ps1'
[48.414s] INFO:colcon.colcon_core.shell:Creating environment descriptor '/home/mewert/Desktop/luna/install/diagnostic_aggregator/share/diagnostic_aggregator/hook/cmake_prefix_path.dsv'
[48.415s] INFO:colcon.colcon_core.shell:Creating environment hook '/home/mewert/Desktop/luna/install/diagnostic_aggregator/share/diagnostic_aggregator/hook/cmake_prefix_path.sh'
[48.417s] Level 1:colcon.colcon_core.environment:checking '/home/mewert/Desktop/luna/install/diagnostic_aggregator/lib'
[48.417s] Level 1:colcon.colcon_core.shell:create_environment_hook('diagnostic_aggregator', 'ld_library_path_lib')
[48.417s] INFO:colcon.colcon_core.shell:Creating environment hook '/home/mewert/Desktop/luna/install/diagnostic_aggregator/share/diagnostic_aggregator/hook/ld_library_path_lib.ps1'
[48.418s] INFO:colcon.colcon_core.shell:Creating environment descriptor '/home/mewert/Desktop/luna/install/diagnostic_aggregator/share/diagnostic_aggregator/hook/ld_library_path_lib.dsv'
[48.418s] INFO:colcon.colcon_core.shell:Creating environment hook '/home/mewert/Desktop/luna/install/diagnostic_aggregator/share/diagnostic_aggregator/hook/ld_library_path_lib.sh'
[48.419s] Level 1:colcon.colcon_core.environment:checking '/home/mewert/Desktop/luna/install/diagnostic_aggregator/bin'
[48.419s] Level 1:colcon.colcon_core.environment:checking '/home/mewert/Desktop/luna/install/diagnostic_aggregator/lib/pkgconfig/diagnostic_aggregator.pc'
[48.430s] Level 1:colcon.colcon_core.environment:checking '/home/mewert/Desktop/luna/install/diagnostic_aggregator/lib/python3.10/site-packages'
[48.431s] Level 1:colcon.colcon_core.environment:checking '/home/mewert/Desktop/luna/install/diagnostic_aggregator/bin'
[48.431s] INFO:colcon.colcon_core.shell:Creating package script '/home/mewert/Desktop/luna/install/diagnostic_aggregator/share/diagnostic_aggregator/package.ps1'
[48.433s] INFO:colcon.colcon_core.shell:Creating package descriptor '/home/mewert/Desktop/luna/install/diagnostic_aggregator/share/diagnostic_aggregator/package.dsv'
[48.436s] INFO:colcon.colcon_core.shell:Creating package script '/home/mewert/Desktop/luna/install/diagnostic_aggregator/share/diagnostic_aggregator/package.sh'
[48.444s] INFO:colcon.colcon_core.shell:Creating package script '/home/mewert/Desktop/luna/install/diagnostic_aggregator/share/diagnostic_aggregator/package.bash'
[48.446s] INFO:colcon.colcon_core.shell:Creating package script '/home/mewert/Desktop/luna/install/diagnostic_aggregator/share/diagnostic_aggregator/package.zsh'
[48.452s] Level 1:colcon.colcon_core.environment:create_file_with_runtime_dependencies(/home/mewert/Desktop/luna/install/diagnostic_aggregator/share/colcon-core/packages/diagnostic_aggregator)
[48.488s] DEBUG:colcon.colcon_parallel_executor.executor.parallel:run_until_complete finished
[48.488s] DEBUG:colcon.colcon_parallel_executor.executor.parallel:closing loop
[48.493s] DEBUG:colcon.colcon_parallel_executor.executor.parallel:loop closed
[48.494s] DEBUG:colcon.colcon_core.event_reactor:joining thread
[48.600s] INFO:colcon.colcon_core.plugin_system:Skipping extension 'colcon_notification.desktop_notification.terminal_notifier': Not used on non-Darwin systems
[48.600s] INFO:colcon.colcon_core.plugin_system:Skipping extension 'colcon_notification.desktop_notification.win32': Not used on non-Windows systems
[48.600s] INFO:colcon.colcon_notification.desktop_notification:Sending desktop notification using 'notify2'
[48.887s] DEBUG:colcon.colcon_core.event_reactor:joined thread
[48.890s] INFO:colcon.colcon_core.shell:Creating prefix script '/home/mewert/Desktop/luna/install/local_setup.ps1'
[48.893s] INFO:colcon.colcon_core.shell:Creating prefix util module '/home/mewert/Desktop/luna/install/_local_setup_util_ps1.py'
[48.896s] INFO:colcon.colcon_core.shell:Creating prefix chain script '/home/mewert/Desktop/luna/install/setup.ps1'
[48.905s] INFO:colcon.colcon_core.shell:Creating prefix script '/home/mewert/Desktop/luna/install/local_setup.sh'
[48.909s] INFO:colcon.colcon_core.shell:Creating prefix util module '/home/mewert/Desktop/luna/install/_local_setup_util_sh.py'
[48.917s] INFO:colcon.colcon_core.shell:Creating prefix chain script '/home/mewert/Desktop/luna/install/setup.sh'
[48.924s] INFO:colcon.colcon_core.shell:Creating prefix script '/home/mewert/Desktop/luna/install/local_setup.bash'
[48.926s] INFO:colcon.colcon_core.shell:Creating prefix chain script '/home/mewert/Desktop/luna/install/setup.bash'
[48.932s] INFO:colcon.colcon_core.shell:Creating prefix script '/home/mewert/Desktop/luna/install/local_setup.zsh'
[48.935s] INFO:colcon.colcon_core.shell:Creating prefix chain script '/home/mewert/Desktop/luna/install/setup.zsh'
